#
# There is insufficient memory for the Java Runtime Environment to continue.
# Native memory allocation (malloc) failed to allocate 340176 bytes. Error detail: Chunk::new
# Possible reasons:
#   The system is out of physical RAM or swap space
#   This process is running with CompressedOops enabled, and the Java Heap may be blocking the growth of the native heap
# Possible solutions:
#   Reduce memory load on the system
#   Increase physical memory or swap space
#   Check if swap backing store is full
#   Decrease Java heap size (-Xmx/-Xms)
#   Decrease number of Java threads
#   Decrease Java thread stack sizes (-Xss)
#   Set larger code cache with -XX:ReservedCodeCacheSize=
#   JVM is running with Unscaled Compressed Oops mode in which the Java heap is
#     placed in the first 4GB address space. The Java Heap base address is the
#     maximum limit for the native heap growth. Please use -XX:HeapBaseMinAddress
#     to set the Java Heap base and to place the Java Heap above 4GB virtual address.
# This output file may be truncated or incomplete.
#
#  Out of Memory Error (arena.cpp:150), pid=15288, tid=17904
#
# JRE version: Java(TM) SE Runtime Environment (22.0.2+9) (build 22.0.2+9-70)
# Java VM: Java HotSpot(TM) 64-Bit Server VM (22.0.2+9-70, mixed mode, sharing, tiered, compressed oops, compressed class ptrs, parallel gc, windows-amd64)
# No core dump will be written. Minidumps are not enabled by default on client versions of Windows
#

---------------  S U M M A R Y ------------

Command Line: --add-modules=ALL-SYSTEM --add-opens=java.base/java.util=ALL-UNNAMED --add-opens=java.base/java.lang=ALL-UNNAMED --add-opens=java.base/sun.nio.fs=ALL-UNNAMED -Declipse.application=org.eclipse.jdt.ls.core.id1 -Dosgi.bundles.defaultStartLevel=4 -Declipse.product=org.eclipse.jdt.ls.core.product -Djava.import.generatesMetadataFilesAtProjectRoot=false -DDetectVMInstallationsJob.disabled=true -Dfile.encoding=utf8 -XX:+UseParallelGC -XX:GCTimeRatio=4 -XX:AdaptiveSizePolicyWeight=90 -Dsun.zip.disableMemoryMapping=true -Xmx2G -Xms100m -Xlog:disable -javaagent:c:\Users\shrav\.vscode\extensions\redhat.java-1.54.0-win32-x64\lombok\lombok-1.18.39-4050.jar -XX:+HeapDumpOnOutOfMemoryError -XX:HeapDumpPath=c:\Users\shrav\AppData\Roaming\Code\User\workspaceStorage\f26851c91f78c1dfcaf8f91dc4e94a91\redhat.java -Daether.dependencyCollector.impl=bf c:\Users\shrav\.vscode\extensions\redhat.java-1.54.0-win32-x64\server\plugins\org.eclipse.equinox.launcher_1.7.100.v20251111-0406.jar -configuration c:\Users\shrav\AppData\Roaming\Code\User\globalStorage\redhat.java\1.54.0\config_win -data c:\Users\shrav\AppData\Roaming\Code\User\workspaceStorage\f26851c91f78c1dfcaf8f91dc4e94a91\redhat.java\jdt_ws --pipe=\\.\pipe\lsp-d6d7921761b6ff3b43802864c21d0d85-sock

Host: AMD Ryzen 5 5600H with Radeon Graphics         , 12 cores, 7G,  Windows 11 , 64 bit Build 26100 (10.0.26100.8328)
Time: Thu May 28 13:44:49 2026 India Standard Time elapsed time: 5.844642 seconds (0d 0h 0m 5s)

---------------  T H R E A D  ---------------

Current thread (0x000001386fff0d80):  JavaThread "C2 CompilerThread1" daemon [_thread_in_native, id=17904, stack(0x00000014beb00000,0x00000014bec00000) (1024K)]


Current CompileTask:
C2:5844 1269       4       java.io.DataInputStream::readUTF (501 bytes)

Stack: [0x00000014beb00000,0x00000014bec00000]
Native frames: (J=compiled Java code, j=interpreted, Vv=VM code, C=native code)
V  [jvm.dll+0x6e26e9]  (no source info available)
V  [jvm.dll+0x875753]  (no source info available)
V  [jvm.dll+0x877b7e]  (no source info available)
V  [jvm.dll+0x878253]  (no source info available)
V  [jvm.dll+0x27fc86]  (no source info available)
V  [jvm.dll+0xc3d0f]  (no source info available)
V  [jvm.dll+0xc3f6b]  (no source info available)
V  [jvm.dll+0x3bb442]  (no source info available)
V  [jvm.dll+0x1df6ae]  (no source info available)
V  [jvm.dll+0x24793c]  (no source info available)
V  [jvm.dll+0x246e9f]  (no source info available)
V  [jvm.dll+0x1c4e80]  (no source info available)
V  [jvm.dll+0x2568f3]  (no source info available)
V  [jvm.dll+0x254baa]  (no source info available)
V  [jvm.dll+0x3f57a6]  (no source info available)
V  [jvm.dll+0x81dc0b]  (no source info available)
V  [jvm.dll+0x6e0d85]  (no source info available)
C  [ucrtbase.dll+0x37b0]  (no source info available)
C  [KERNEL32.DLL+0x2e957]  (no source info available)
C  [ntdll.dll+0x427c]  (no source info available)


---------------  P R O C E S S  ---------------

Threads class SMR info:
_java_thread_list=0x000001387010ba60, length=13, elements={
0x0000013811f10b80, 0x0000013811ebd070, 0x0000013811ebe8f0, 0x0000013811fc20f0,
0x0000013811fc6b70, 0x0000013811fcdbf0, 0x000001386fdf2ec0, 0x000001386fdf3d80,
0x000001386fe0a890, 0x000001386fefcd40, 0x000001386fff0d80, 0x000001386fefc020,
0x00000138700f1810
}

Java Threads: ( => current thread )
  0x0000013811f10b80 JavaThread "main"                              [_thread_in_native, id=25228, stack(0x00000014bde00000,0x00000014bdf00000) (1024K)]
  0x0000013811ebd070 JavaThread "Reference Handler"          daemon [_thread_blocked, id=22616, stack(0x00000014be200000,0x00000014be300000) (1024K)]
  0x0000013811ebe8f0 JavaThread "Finalizer"                  daemon [_thread_blocked, id=26016, stack(0x00000014be300000,0x00000014be400000) (1024K)]
  0x0000013811fc20f0 JavaThread "Signal Dispatcher"          daemon [_thread_blocked, id=12432, stack(0x00000014be400000,0x00000014be500000) (1024K)]
  0x0000013811fc6b70 JavaThread "Attach Listener"            daemon [_thread_blocked, id=11388, stack(0x00000014be500000,0x00000014be600000) (1024K)]
  0x0000013811fcdbf0 JavaThread "Service Thread"             daemon [_thread_blocked, id=22108, stack(0x00000014be600000,0x00000014be700000) (1024K)]
  0x000001386fdf2ec0 JavaThread "Monitor Deflation Thread"   daemon [_thread_blocked, id=24788, stack(0x00000014be700000,0x00000014be800000) (1024K)]
  0x000001386fdf3d80 JavaThread "C2 CompilerThread0"         daemon [_thread_blocked, id=18768, stack(0x00000014be800000,0x00000014be900000) (1024K)]
  0x000001386fe0a890 JavaThread "C1 CompilerThread0"         daemon [_thread_blocked, id=26496, stack(0x00000014be900000,0x00000014bea00000) (1024K)]
  0x000001386fefcd40 JavaThread "Common-Cleaner"             daemon [_thread_blocked, id=15752, stack(0x00000014bea00000,0x00000014beb00000) (1024K)]
=>0x000001386fff0d80 JavaThread "C2 CompilerThread1"         daemon [_thread_in_native, id=17904, stack(0x00000014beb00000,0x00000014bec00000) (1024K)]
  0x000001386fefc020 JavaThread "Notification Thread"        daemon [_thread_blocked, id=14880, stack(0x00000014bec00000,0x00000014bed00000) (1024K)]
  0x00000138700f1810 JavaThread "C2 CompilerThread2"         daemon [_thread_blocked, id=26616, stack(0x00000014bed00000,0x00000014bee00000) (1024K)]
Total: 13

Other Threads:
  0x0000013811ea2cb0 VMThread "VM Thread"                           [id=22240, stack(0x00000014be100000,0x00000014be200000) (1024K)]
  0x0000013811d9ca10 WatcherThread "VM Periodic Task Thread"        [id=3668, stack(0x00000014be000000,0x00000014be100000) (1024K)]
  0x0000013811f2ec00 WorkerThread "GC Thread#0"                     [id=25876, stack(0x00000014bdf00000,0x00000014be000000) (1024K)]
  0x000001387545fa90 WorkerThread "GC Thread#1"                     [id=12376, stack(0x00000014bee00000,0x00000014bef00000) (1024K)]
  0x00000138753b6d70 WorkerThread "GC Thread#2"                     [id=25680, stack(0x00000014bef00000,0x00000014bf000000) (1024K)]
  0x00000138753b7120 WorkerThread "GC Thread#3"                     [id=10112, stack(0x00000014bf000000,0x00000014bf100000) (1024K)]
  0x00000138753b74d0 WorkerThread "GC Thread#4"                     [id=10956, stack(0x00000014bf100000,0x00000014bf200000) (1024K)]
  0x00000138753b7880 WorkerThread "GC Thread#5"                     [id=25928, stack(0x00000014bf200000,0x00000014bf300000) (1024K)]
  0x00000138754865a0 WorkerThread "GC Thread#6"                     [id=24248, stack(0x00000014bf300000,0x00000014bf400000) (1024K)]
Total: 9

Threads with active compile tasks:
C2 CompilerThread1  6944 1269       4       java.io.DataInputStream::readUTF (501 bytes)
Total: 1

VM state: not at safepoint (normal execution)

VM Mutex/Monitor currently owned by a thread: None

Heap address: 0x0000000080000000, size: 2048 MB, Compressed Oops mode: 32-bit

CDS archive(s) mapped at: [0x000001382e000000-0x000001382ec60000-0x000001382ec60000), size 12976128, SharedBaseAddress: 0x000001382e000000, ArchiveRelocationMode: 1.
Compressed class space mapped at: 0x000001382f000000-0x000001386f000000, reserved size: 1073741824
Narrow klass base: 0x000001382e000000, Narrow klass shift: 0, Narrow klass range: 0x41000000

GC Precious Log:
 CardTable entry size: 512
 CPUs: 12 total, 12 available
 Memory: 7518M
 Large Page Support: Disabled
 NUMA Support: Disabled
 Compressed Oops: Enabled (32-bit)
 Alignments: Space 512K, Generation 512K, Heap 2M
 Heap Min Capacity: 100M
 Heap Initial Capacity: 100M
 Heap Max Capacity: 2G
 Pre-touch: Disabled
 Parallel Workers: 10

Heap:
 PSYoungGen      total 29696K, used 19516K [0x00000000d5580000, 0x00000000d7680000, 0x0000000100000000)
  eden space 25600K, 63% used [0x00000000d5580000,0x00000000d6555360,0x00000000d6e80000)
  from space 4096K, 80% used [0x00000000d6e80000,0x00000000d71b9e98,0x00000000d7280000)
  to   space 4096K, 0% used [0x00000000d7280000,0x00000000d7280000,0x00000000d7680000)
 ParOldGen       total 68608K, used 16K [0x0000000080000000, 0x0000000084300000, 0x00000000d5580000)
  object space 68608K, 0% used [0x0000000080000000,0x0000000080004000,0x0000000084300000)
 Metaspace       used 6517K, committed 6848K, reserved 1114112K
  class space    used 646K, committed 832K, reserved 1048576K

Card table byte_map: [0x00000138118b0000,0x0000013811cc0000] _byte_map_base: 0x00000138114b0000

Marking Bits: (ParMarkBitMap*) 0x00007ffb87291a90
 Begin Bits: [0x0000013829510000, 0x000001382b510000)
 End Bits:   [0x000001382b510000, 0x000001382d510000)

Polling page: 0x000001380fbf0000

Metaspace:

Usage:
  Non-class:      5.73 MB used.
      Class:    646.84 KB used.
       Both:      6.36 MB used.

Virtual space:
  Non-class space:       64.00 MB reserved,       5.88 MB (  9%) committed,  1 nodes.
      Class space:        1.00 GB reserved,     832.00 KB ( <1%) committed,  1 nodes.
             Both:        1.06 GB reserved,       6.69 MB ( <1%) committed. 

Chunk freelists:
   Non-Class:  9.77 MB
       Class:  15.04 MB
        Both:  24.81 MB

MaxMetaspaceSize: unlimited
CompressedClassSpaceSize: 1.00 GB
Initial GC threshold: 21.00 MB
Current GC threshold: 21.00 MB
CDS: on
 - commit_granule_bytes: 65536.
 - commit_granule_words: 8192.
 - virtual_space_node_default_size: 8388608.
 - enlarge_chunks_in_place: 1.
 - use_allocation_guard: 0.


Internal statistics:

num_allocs_failed_limit: 0.
num_arena_births: 198.
num_arena_deaths: 0.
num_vsnodes_births: 2.
num_vsnodes_deaths: 0.
num_space_committed: 107.
num_space_uncommitted: 0.
num_chunks_returned_to_freelist: 0.
num_chunks_taken_from_freelist: 331.
num_chunk_merges: 0.
num_chunk_splits: 219.
num_chunks_enlarged: 139.
num_inconsistent_stats: 0.

CodeHeap 'non-profiled nmethods': size=120000Kb used=638Kb max_used=638Kb free=119361Kb
 bounds [0x0000013821d30000, 0x0000013821fa0000, 0x0000013829260000]
CodeHeap 'profiled nmethods': size=120000Kb used=2589Kb max_used=2589Kb free=117411Kb
 bounds [0x000001381a260000, 0x000001381a4f0000, 0x0000013821790000]
CodeHeap 'non-nmethods': size=5760Kb used=1213Kb max_used=1243Kb free=4546Kb
 bounds [0x0000013821790000, 0x0000013821a00000, 0x0000013821d30000]
 total_blobs=1995 nmethods=1519 adapters=383
 compilation: enabled
              stopped_count=0, restarted_count=0
 full_count=0

Compilation events (20 events):
Event: 3.821 Thread 0x000001386fe0a890 1313       3       sun.net.util.IPAddressUtil::checkHostString (65 bytes)
Event: 3.821 Thread 0x000001386fe0a890 nmethod 1313 0x000001381a483090 code [0x000001381a483240, 0x000001381a483448]
Event: 3.822 Thread 0x000001386fe0a890 1315       3       java.io.File::<init> (47 bytes)
Event: 3.822 Thread 0x000001386fe0a890 nmethod 1315 0x000001381a483510 code [0x000001381a4836e0, 0x000001381a483a10]
Event: 3.822 Thread 0x00000138700f1810 nmethod 1279 0x0000013821db2090 code [0x0000013821db2240, 0x0000013821db2530]
Event: 3.822 Thread 0x00000138700f1810 1296       4       java.util.ArrayList::get (15 bytes)
Event: 3.822 Thread 0x000001386fdf3d80 nmethod 1297 0x0000013821db2790 code [0x0000013821db29a0, 0x0000013821db2f58]
Event: 3.822 Thread 0x000001386fdf3d80 1298       4       org.eclipse.osgi.container.ModuleDatabase$Persistence::readString0 (98 bytes)
Event: 3.822 Thread 0x000001386fe0a890 1316       3       java.lang.ClassLoader::defineClass (43 bytes)
Event: 3.823 Thread 0x00000138700f1810 nmethod 1296 0x0000013821db3510 code [0x0000013821db36a0, 0x0000013821db37b8]
Event: 3.823 Thread 0x00000138700f1810 1311       4       java.lang.String::checkBoundsOffCount (10 bytes)
Event: 3.823 Thread 0x000001386fe0a890 nmethod 1316 0x000001381a483b90 code [0x000001381a483da0, 0x000001381a4842b0]
Event: 3.823 Thread 0x000001386fe0a890 1317       3       java.lang.ClassLoader::preDefineClass (118 bytes)
Event: 3.823 Thread 0x00000138700f1810 nmethod 1311 0x0000013821db3910 code [0x0000013821db3a80, 0x0000013821db3b40]
Event: 3.823 Thread 0x00000138700f1810 1318 %     4       lombok.launch.PackageShader::apply @ 154 (252 bytes)
Event: 3.823 Thread 0x000001386fe0a890 nmethod 1317 0x000001381a484510 code [0x000001381a484880, 0x000001381a485ae0]
Event: 3.823 Thread 0x000001386fe0a890 1319   !   3       java.lang.ClassLoader::addClass (27 bytes)
Event: 3.824 Thread 0x000001386fe0a890 nmethod 1319 0x000001381a486210 code [0x000001381a4863e0, 0x000001381a486948]
Event: 3.824 Thread 0x000001386fe0a890 1320       3       java.lang.ClassLoader::getNamedPackage (73 bytes)
Event: 3.824 Thread 0x000001386fe0a890 nmethod 1320 0x000001381a486c90 code [0x000001381a486e80, 0x000001381a4873a8]

GC Heap History (2 events):
Event: 3.705 GC heap before
{Heap before GC invocations=1 (full 0):
 PSYoungGen      total 29696K, used 25600K [0x00000000d5580000, 0x00000000d7680000, 0x0000000100000000)
  eden space 25600K, 100% used [0x00000000d5580000,0x00000000d6e80000,0x00000000d6e80000)
  from space 4096K, 0% used [0x00000000d7280000,0x00000000d7280000,0x00000000d7680000)
  to   space 4096K, 0% used [0x00000000d6e80000,0x00000000d6e80000,0x00000000d7280000)
 ParOldGen       total 68608K, used 0K [0x0000000080000000, 0x0000000084300000, 0x00000000d5580000)
  object space 68608K, 0% used [0x0000000080000000,0x0000000080000000,0x0000000084300000)
 Metaspace       used 4290K, committed 4544K, reserved 1114112K
  class space    used 452K, committed 576K, reserved 1048576K
}
Event: 3.709 GC heap after
{Heap after GC invocations=1 (full 0):
 PSYoungGen      total 29696K, used 3303K [0x00000000d5580000, 0x00000000d7680000, 0x0000000100000000)
  eden space 25600K, 0% used [0x00000000d5580000,0x00000000d5580000,0x00000000d6e80000)
  from space 4096K, 80% used [0x00000000d6e80000,0x00000000d71b9e98,0x00000000d7280000)
  to   space 4096K, 0% used [0x00000000d7280000,0x00000000d7280000,0x00000000d7680000)
 ParOldGen       total 68608K, used 16K [0x0000000080000000, 0x0000000084300000, 0x00000000d5580000)
  object space 68608K, 0% used [0x0000000080000000,0x0000000080004000,0x0000000084300000)
 Metaspace       used 4290K, committed 4544K, reserved 1114112K
  class space    used 452K, committed 576K, reserved 1048576K
}

Dll operation events (9 events):
Event: 0.011 Loaded shared library C:\Program Files\Java\jdk-22\bin\java.dll
Event: 0.031 Loaded shared library C:\Program Files\Java\jdk-22\bin\jsvml.dll
Event: 0.071 Loaded shared library C:\Program Files\Java\jdk-22\bin\zip.dll
Event: 0.074 Loaded shared library C:\Program Files\Java\jdk-22\bin\instrument.dll
Event: 0.078 Loaded shared library C:\Program Files\Java\jdk-22\bin\net.dll
Event: 0.080 Loaded shared library C:\Program Files\Java\jdk-22\bin\nio.dll
Event: 0.083 Loaded shared library C:\Program Files\Java\jdk-22\bin\zip.dll
Event: 0.094 Loaded shared library C:\Program Files\Java\jdk-22\bin\jimage.dll
Event: 2.175 Loaded shared library C:\Program Files\Java\jdk-22\bin\verify.dll

Deoptimization events (20 events):
Event: 3.738 Thread 0x0000013811f10b80 Uncommon trap: trap_request=0xffffff45 fr.pc=0x0000013821d38d4c relative=0x00000000000000ac
Event: 3.738 Thread 0x0000013811f10b80 Uncommon trap: reason=unstable_if action=reinterpret pc=0x0000013821d38d4c method=java.util.HashMap.hash(Ljava/lang/Object;)I @ 1 c2
Event: 3.738 Thread 0x0000013811f10b80 DEOPT PACKING pc=0x0000013821d38d4c sp=0x00000014bdefe660
Event: 3.738 Thread 0x0000013811f10b80 DEOPT UNPACKING pc=0x00000138217e3aa2 sp=0x00000014bdefe5f8 mode 2
Event: 3.738 Thread 0x0000013811f10b80 Uncommon trap: trap_request=0xffffffde fr.pc=0x0000013821d719bc relative=0x000000000000053c
Event: 3.738 Thread 0x0000013811f10b80 Uncommon trap: reason=class_check action=maybe_recompile pc=0x0000013821d719bc method=java.util.Collections$UnmodifiableCollection$1.<init>(Ljava/util/Collections$UnmodifiableCollection;)V @ 17 c2
Event: 3.738 Thread 0x0000013811f10b80 DEOPT PACKING pc=0x0000013821d719bc sp=0x00000014bdefe690
Event: 3.738 Thread 0x0000013811f10b80 DEOPT UNPACKING pc=0x00000138217e3aa2 sp=0x00000014bdefe5d8 mode 2
Event: 3.770 Thread 0x0000013811f10b80 Uncommon trap: trap_request=0xffffff45 fr.pc=0x0000013821d735d8 relative=0x0000000000000198
Event: 3.770 Thread 0x0000013811f10b80 Uncommon trap: reason=unstable_if action=reinterpret pc=0x0000013821d735d8 method=java.lang.invoke.VarHandle.checkAccessModeThenIsDirect(Ljava/lang/invoke/VarHandle$AccessDescriptor;)Z @ 4 c2
Event: 3.770 Thread 0x0000013811f10b80 DEOPT PACKING pc=0x0000013821d735d8 sp=0x00000014bdefe640
Event: 3.770 Thread 0x0000013811f10b80 DEOPT UNPACKING pc=0x00000138217e3aa2 sp=0x00000014bdefe578 mode 2
Event: 3.815 Thread 0x0000013811f10b80 Uncommon trap: trap_request=0xffffff45 fr.pc=0x0000013821d815e4 relative=0x0000000000000f64
Event: 3.815 Thread 0x0000013811f10b80 Uncommon trap: reason=unstable_if action=reinterpret pc=0x0000013821d815e4 method=lombok.patcher.PatchScript.classMatches(Ljava/lang/String;Ljava/util/Collection;)Z @ 25 c2
Event: 3.815 Thread 0x0000013811f10b80 DEOPT PACKING pc=0x0000013821d815e4 sp=0x00000014bdef8880
Event: 3.815 Thread 0x0000013811f10b80 DEOPT UNPACKING pc=0x00000138217e3aa2 sp=0x00000014bdef87e8 mode 2
Event: 3.817 Thread 0x0000013811f10b80 DEOPT PACKING pc=0x000001381a2f416d sp=0x00000014bdef7d50
Event: 3.817 Thread 0x0000013811f10b80 DEOPT UNPACKING pc=0x00000138217e4242 sp=0x00000014bdef7200 mode 0
Event: 3.825 Thread 0x0000013811f10b80 DEOPT PACKING pc=0x000001381a2f416d sp=0x00000014bdef41f0
Event: 3.825 Thread 0x0000013811f10b80 DEOPT UNPACKING pc=0x00000138217e4242 sp=0x00000014bdef36a0 mode 0

Classes loaded (20 events):
Event: 3.791 Loading class java/util/concurrent/SynchronousQueue$Transferer
Event: 3.791 Loading class java/util/concurrent/LinkedTransferQueue
Event: 3.791 Loading class java/util/concurrent/TransferQueue
Event: 3.792 Loading class java/util/concurrent/TransferQueue done
Event: 3.792 Loading class java/util/concurrent/LinkedTransferQueue done
Event: 3.792 Loading class java/util/concurrent/SynchronousQueue$Transferer done
Event: 3.792 Loading class java/util/concurrent/LinkedTransferQueue$DualNode
Event: 3.792 Loading class java/util/concurrent/LinkedTransferQueue$DualNode done
Event: 3.792 Loading class java/util/concurrent/RejectedExecutionHandler
Event: 3.792 Loading class java/util/concurrent/RejectedExecutionHandler done
Event: 3.792 Loading class java/util/concurrent/LinkedBlockingQueue
Event: 3.792 Loading class java/util/concurrent/LinkedBlockingQueue done
Event: 3.792 Loading class java/util/concurrent/LinkedBlockingQueue$Node
Event: 3.792 Loading class java/util/concurrent/LinkedBlockingQueue$Node done
Event: 3.798 Loading class java/util/concurrent/Semaphore$NonfairSync
Event: 3.798 Loading class java/util/concurrent/Semaphore$Sync
Event: 3.798 Loading class java/util/concurrent/Semaphore$Sync done
Event: 3.798 Loading class java/util/concurrent/Semaphore$NonfairSync done
Event: 3.820 Loading class java/lang/TypeNotPresentException
Event: 3.820 Loading class java/lang/TypeNotPresentException done

Classes unloaded (0 events):
No events

Classes redefined (0 events):
No events

Internal exceptions (20 events):
Event: 3.415 Thread 0x0000013811f10b80 Exception <a 'java/io/FileNotFoundException'{0x00000000d64cb938}> (0x00000000d64cb938) 
thrown [s\open\src\hotspot\share\prims\jni.cpp, line 520]
Event: 3.415 Thread 0x0000013811f10b80 Exception <a 'java/io/FileNotFoundException'{0x00000000d64cc468}> (0x00000000d64cc468) 
thrown [s\open\src\hotspot\share\prims\jni.cpp, line 520]
Event: 3.423 Thread 0x0000013811f10b80 Implicit null exception at 0x0000013821d5eea4 to 0x0000013821d5f428
Event: 3.423 Thread 0x0000013811f10b80 Implicit null exception at 0x0000013821d619a0 to 0x0000013821d61f18
Event: 3.425 Thread 0x0000013811f10b80 Exception <a 'java/io/FileNotFoundException'{0x00000000d65018c8}> (0x00000000d65018c8) 
thrown [s\open\src\hotspot\share\prims\jni.cpp, line 520]
Event: 3.444 Thread 0x0000013811f10b80 Exception <a 'java/lang/NoSuchMethodError'{0x00000000d6540288}: 'java.lang.Object java.lang.invoke.DirectMethodHandle$Holder.invokeInterface(java.lang.Object, java.lang.Object)'> (0x00000000d6540288) 
thrown [s\open\src\hotspot\share\interpreter\linkResolver.cpp, line 774]
Event: 3.445 Thread 0x0000013811f10b80 Exception <a 'java/lang/NoSuchMethodError'{0x00000000d6553840}: 'java.lang.Object java.lang.invoke.Invokers$Holder.invokeExact_MT(java.lang.Object, java.lang.Object, java.lang.Object, java.lang.Object, java.lang.Object, java.lang.Object)'> (0x00000000d6553840) 
thrown [s\open\src\hotspot\share\interpreter\linkResolver.cpp, line 774]
Event: 3.447 Thread 0x0000013811f10b80 Exception <a 'java/lang/NoSuchMethodError'{0x00000000d656aa18}: 'int java.lang.invoke.DirectMethodHandle$Holder.invokeStatic(java.lang.Object, java.lang.Object, java.lang.Object, java.lang.Object, java.lang.Object)'> (0x00000000d656aa18) 
thrown [s\open\src\hotspot\share\interpreter\linkResolver.cpp, line 774]
Event: 3.471 Thread 0x0000013811f10b80 Exception <a 'java/lang/NoSuchMethodError'{0x00000000d6605f18}: 'java.lang.Object java.lang.invoke.DirectMethodHandle$Holder.invokeInterface(java.lang.Object, java.lang.Object, int)'> (0x00000000d6605f18) 
thrown [s\open\src\hotspot\share\interpreter\linkResolver.cpp, line 774]
Event: 3.659 Thread 0x0000013811f10b80 Exception <a 'java/lang/NoSuchMethodError'{0x00000000d6a78fc0}: 'java.lang.ClassLoader java.lang.ClassLoader.getPlatformClassLoader(java.lang.Class)'> (0x00000000d6a78fc0) 
thrown [s\open\src\hotspot\share\interpreter\linkResolver.cpp, line 774]
Event: 3.713 Thread 0x0000013811f10b80 Exception <a 'java/lang/ClassNotFoundException'{0x00000000d55b5298}: sun/net/www/protocol/c/Handler> (0x00000000d55b5298) 
thrown [s\open\src\hotspot\share\classfile\systemDictionary.cpp, line 313]
Event: 3.713 Thread 0x0000013811f10b80 Exception <a 'java/lang/ClassNotFoundException'{0x00000000d55b6638}: sun/net/www/protocol/c/Handler> (0x00000000d55b6638) 
thrown [s\open\src\hotspot\share\classfile\systemDictionary.cpp, line 313]
Event: 3.713 Thread 0x0000013811f10b80 Exception <a 'java/lang/ClassNotFoundException'{0x00000000d55b7820}: sun/net/www/protocol/c/Handler> (0x00000000d55b7820) 
thrown [s\open\src\hotspot\share\classfile\systemDictionary.cpp, line 313]
Event: 3.719 Thread 0x0000013811f10b80 Exception <a 'java/io/FileNotFoundException'{0x00000000d55e9348}> (0x00000000d55e9348) 
thrown [s\open\src\hotspot\share\prims\jni.cpp, line 520]
Event: 3.737 Thread 0x0000013811f10b80 Implicit null exception at 0x0000013821d8a489 to 0x0000013821d8acfc
Event: 3.737 Thread 0x0000013811f10b80 Implicit null exception at 0x0000013821d8d81a to 0x0000013821d8da20
Event: 3.737 Thread 0x0000013811f10b80 Exception <a 'java/lang/NoSuchMethodError'{0x00000000d579a1e8}: 'void java.lang.invoke.DirectMethodHandle$Holder.invokeStatic(java.lang.Object, java.lang.Object, java.lang.Object, java.lang.Object)'> (0x00000000d579a1e8) 
thrown [s\open\src\hotspot\share\interpreter\linkResolver.cpp, line 774]
Event: 3.738 Thread 0x0000013811f10b80 Implicit null exception at 0x0000013821d89c3c to 0x0000013821d89ec8
Event: 3.738 Thread 0x0000013811f10b80 Implicit null exception at 0x0000013821d38cbd to 0x0000013821d38d3d
Event: 3.779 Thread 0x0000013811f10b80 Exception <a 'java/lang/NoSuchMethodError'{0x00000000d5a7b130}: 'void java.lang.invoke.DirectMethodHandle$Holder.invokeSpecial(java.lang.Object, java.lang.Object, java.lang.Object)'> (0x00000000d5a7b130) 
thrown [s\open\src\hotspot\share\interpreter\linkResolver.cpp, line 774]

ZGC Phase Switch (0 events):
No events

VM Operations (18 events):
Event: 0.056 Executing VM operation: HandshakeAllThreads (Deoptimize)
Event: 0.056 Executing VM operation: HandshakeAllThreads (Deoptimize) done
Event: 0.103 Executing VM operation: HandshakeAllThreads (Deoptimize)
Event: 0.103 Executing VM operation: HandshakeAllThreads (Deoptimize) done
Event: 1.115 Executing VM operation: Cleanup
Event: 1.115 Executing VM operation: Cleanup done
Event: 3.135 Executing VM operation: Cleanup
Event: 3.135 Executing VM operation: Cleanup done
Event: 3.370 Executing VM operation: HandshakeAllThreads (Deoptimize)
Event: 3.370 Executing VM operation: HandshakeAllThreads (Deoptimize) done
Event: 3.387 Executing VM operation: HandshakeAllThreads (Deoptimize)
Event: 3.387 Executing VM operation: HandshakeAllThreads (Deoptimize) done
Event: 3.696 Executing VM operation: HandshakeAllThreads (Deoptimize)
Event: 3.696 Executing VM operation: HandshakeAllThreads (Deoptimize) done
Event: 3.705 Executing VM operation: ParallelGCFailedAllocation (Allocation Failure)
Event: 3.709 Executing VM operation: ParallelGCFailedAllocation (Allocation Failure) done
Event: 4.722 Executing VM operation: Cleanup
Event: 4.722 Executing VM operation: Cleanup done

Memory protections (0 events):
No events

Nmethod flushes (0 events):
No events

Events (13 events):
Event: 0.020 Thread 0x0000013811f10b80 Thread added: 0x0000013811f10b80
Event: 0.030 Thread 0x0000013811f10b80 Thread added: 0x0000013811ebd070
Event: 0.030 Thread 0x0000013811f10b80 Thread added: 0x0000013811ebe8f0
Event: 0.030 Thread 0x0000013811f10b80 Thread added: 0x0000013811fc20f0
Event: 0.030 Thread 0x0000013811f10b80 Thread added: 0x0000013811fc6b70
Event: 0.030 Thread 0x0000013811f10b80 Thread added: 0x0000013811fcdbf0
Event: 0.030 Thread 0x0000013811f10b80 Thread added: 0x000001386fdf2ec0
Event: 0.030 Thread 0x0000013811f10b80 Thread added: 0x000001386fdf3d80
Event: 0.030 Thread 0x0000013811f10b80 Thread added: 0x000001386fe0a890
Event: 0.048 Thread 0x0000013811f10b80 Thread added: 0x000001386fefcd40
Event: 0.065 Thread 0x000001386fe0a890 Thread added: 0x000001386fff0d80
Event: 3.232 Thread 0x0000013811f10b80 Thread added: 0x000001386fefc020
Event: 3.297 Thread 0x000001386fe0a890 Thread added: 0x00000138700f1810


Dynamic libraries:
0x00007ff747d60000 - 0x00007ff747d70000 	C:\Program Files\Java\jdk-22\bin\java.exe
0x00007ffc7b5e0000 - 0x00007ffc7b847000 	C:\WINDOWS\SYSTEM32\ntdll.dll
0x00007ffc7afc0000 - 0x00007ffc7b089000 	C:\WINDOWS\System32\KERNEL32.DLL
0x00007ffc78140000 - 0x00007ffc78537000 	C:\WINDOWS\System32\KERNELBASE.dll
0x00007ffc789a0000 - 0x00007ffc78aeb000 	C:\WINDOWS\System32\ucrtbase.dll
0x00007ffc69e10000 - 0x00007ffc69e27000 	C:\Program Files\Java\jdk-22\bin\jli.dll
0x00007ffc5d6d0000 - 0x00007ffc5d6eb000 	C:\Program Files\Java\jdk-22\bin\VCRUNTIME140.dll
0x00007ffc7a150000 - 0x00007ffc7a316000 	C:\WINDOWS\System32\USER32.dll
0x00007ffc54210000 - 0x00007ffc544a2000 	C:\WINDOWS\WinSxS\amd64_microsoft.windows.common-controls_6595b64144ccf1df_6.0.26100.8457_none_3e0b2faee331e92d\COMCTL32.dll
0x00007ffc78800000 - 0x00007ffc78827000 	C:\WINDOWS\System32\win32u.dll
0x00007ffc79750000 - 0x00007ffc797f9000 	C:\WINDOWS\System32\msvcrt.dll
0x00007ffc7b410000 - 0x00007ffc7b43b000 	C:\WINDOWS\System32\GDI32.dll
0x00007ffc78010000 - 0x00007ffc7813c000 	C:\WINDOWS\System32\gdi32full.dll
0x00007ffc78750000 - 0x00007ffc787f3000 	C:\WINDOWS\System32\msvcp_win.dll
0x00007ffc79370000 - 0x00007ffc793a2000 	C:\WINDOWS\System32\IMM32.DLL
0x00007ffc73750000 - 0x00007ffc7375c000 	C:\Program Files\Java\jdk-22\bin\vcruntime140_1.dll
0x00007ffc3b770000 - 0x00007ffc3b7fe000 	C:\Program Files\Java\jdk-22\bin\msvcp140.dll
0x00007ffb86620000 - 0x00007ffb87369000 	C:\Program Files\Java\jdk-22\bin\server\jvm.dll
0x00007ffc79590000 - 0x00007ffc79646000 	C:\WINDOWS\System32\ADVAPI32.dll
0x00007ffc79890000 - 0x00007ffc79937000 	C:\WINDOWS\System32\sechost.dll
0x00007ffc7b170000 - 0x00007ffc7b288000 	C:\WINDOWS\System32\RPCRT4.dll
0x00007ffc79800000 - 0x00007ffc79880000 	C:\WINDOWS\System32\WS2_32.dll
0x00007ffc77e70000 - 0x00007ffc77ece000 	C:\WINDOWS\SYSTEM32\POWRPROF.dll
0x00007ffc714d0000 - 0x00007ffc71506000 	C:\WINDOWS\SYSTEM32\WINMM.dll
0x00007ffc71510000 - 0x00007ffc7151b000 	C:\WINDOWS\SYSTEM32\VERSION.dll
0x00007ffc77e50000 - 0x00007ffc77e64000 	C:\WINDOWS\SYSTEM32\UMPDC.dll
0x00007ffc76da0000 - 0x00007ffc76dbb000 	C:\WINDOWS\SYSTEM32\kernel.appcore.dll
0x00007ffc6d570000 - 0x00007ffc6d57a000 	C:\Program Files\Java\jdk-22\bin\jimage.dll
0x00007ffc6acb0000 - 0x00007ffc6aef2000 	C:\WINDOWS\SYSTEM32\DBGHELP.DLL
0x00007ffc7ab20000 - 0x00007ffc7aea3000 	C:\WINDOWS\System32\combase.dll
0x00007ffc7a070000 - 0x00007ffc7a149000 	C:\WINDOWS\System32\OLEAUT32.dll
0x00007ffc52aa0000 - 0x00007ffc52adb000 	C:\WINDOWS\SYSTEM32\dbgcore.DLL
0x00007ffc78830000 - 0x00007ffc788d8000 	C:\WINDOWS\System32\bcryptPrimitives.dll
0x00007ffc5f490000 - 0x00007ffc5f49f000 	C:\Program Files\Java\jdk-22\bin\instrument.dll
0x00007ffc50bc0000 - 0x00007ffc50bde000 	C:\Program Files\Java\jdk-22\bin\java.dll
0x00007ffc7a3a0000 - 0x00007ffc7ab0e000 	C:\WINDOWS\System32\SHELL32.dll
0x00007ffc799c0000 - 0x00007ffc79b57000 	C:\WINDOWS\System32\ole32.dll
0x00007ffc78af0000 - 0x00007ffc7935c000 	C:\WINDOWS\System32\windows.storage.dll
0x00007ffc7b300000 - 0x00007ffc7b3f6000 	C:\WINDOWS\System32\SHCORE.dll
0x00007ffc7a330000 - 0x00007ffc7a396000 	C:\WINDOWS\System32\shlwapi.dll
0x00007ffc77f30000 - 0x00007ffc77f59000 	C:\WINDOWS\SYSTEM32\profapi.dll
0x00007ffc1f800000 - 0x00007ffc1f8d7000 	C:\Program Files\Java\jdk-22\bin\jsvml.dll
0x00007ffc50ba0000 - 0x00007ffc50bb7000 	C:\Program Files\Java\jdk-22\bin\zip.dll
0x00007ffc5d5a0000 - 0x00007ffc5d5b0000 	C:\Program Files\Java\jdk-22\bin\net.dll
0x00007ffc77310000 - 0x00007ffc7737c000 	C:\WINDOWS\system32\mswsock.dll
0x00007ffc4d360000 - 0x00007ffc4d376000 	C:\Program Files\Java\jdk-22\bin\nio.dll
0x00007ffc5d560000 - 0x00007ffc5d570000 	C:\Program Files\Java\jdk-22\bin\verify.dll

dbghelp: loaded successfully - version: 4.0.5 - missing functions: none
symbol engine: initialized successfully - sym options: 0x614 - pdb path: .;C:\Program Files\Java\jdk-22\bin;C:\WINDOWS\SYSTEM32;C:\WINDOWS\WinSxS\amd64_microsoft.windows.common-controls_6595b64144ccf1df_6.0.26100.8457_none_3e0b2faee331e92d;C:\Program Files\Java\jdk-22\bin\server

VM Arguments:
jvm_args: --add-modules=ALL-SYSTEM --add-opens=java.base/java.util=ALL-UNNAMED --add-opens=java.base/java.lang=ALL-UNNAMED --add-opens=java.base/sun.nio.fs=ALL-UNNAMED -Declipse.application=org.eclipse.jdt.ls.core.id1 -Dosgi.bundles.defaultStartLevel=4 -Declipse.product=org.eclipse.jdt.ls.core.product -Djava.import.generatesMetadataFilesAtProjectRoot=false -DDetectVMInstallationsJob.disabled=true -Dfile.encoding=utf8 -XX:+UseParallelGC -XX:GCTimeRatio=4 -XX:AdaptiveSizePolicyWeight=90 -Dsun.zip.disableMemoryMapping=true -Xmx2G -Xms100m -Xlog:disable -javaagent:c:\Users\shrav\.vscode\extensions\redhat.java-1.54.0-win32-x64\lombok\lombok-1.18.39-4050.jar -XX:+HeapDumpOnOutOfMemoryError -XX:HeapDumpPath=c:\Users\shrav\AppData\Roaming\Code\User\workspaceStorage\f26851c91f78c1dfcaf8f91dc4e94a91\redhat.java -Daether.dependencyCollector.impl=bf 
java_command: c:\Users\shrav\.vscode\extensions\redhat.java-1.54.0-win32-x64\server\plugins\org.eclipse.equinox.launcher_1.7.100.v20251111-0406.jar -configuration c:\Users\shrav\AppData\Roaming\Code\User\globalStorage\redhat.java\1.54.0\config_win -data c:\Users\shrav\AppData\Roaming\Code\User\workspaceStorage\f26851c91f78c1dfcaf8f91dc4e94a91\redhat.java\jdt_ws --pipe=\\.\pipe\lsp-d6d7921761b6ff3b43802864c21d0d85-sock
java_class_path (initial): c:\Users\shrav\.vscode\extensions\redhat.java-1.54.0-win32-x64\server\plugins\org.eclipse.equinox.launcher_1.7.100.v20251111-0406.jar
Launcher Type: SUN_STANDARD

[Global flags]
     uint AdaptiveSizePolicyWeight                 = 90                                        {product} {command line}
     intx CICompilerCount                          = 4                                         {product} {ergonomic}
     uint GCTimeRatio                              = 4                                         {product} {command line}
     bool HeapDumpOnOutOfMemoryError               = true                                   {manageable} {command line}
    ccstr HeapDumpPath                             = c:\Users\shrav\AppData\Roaming\Code\User\workspaceStorage\f26851c91f78c1dfcaf8f91dc4e94a91\redhat.java         {manageable} {command line}
   size_t InitialHeapSize                          = 104857600                                 {product} {command line}
   size_t MaxHeapSize                              = 2147483648                                {product} {command line}
   size_t MaxNewSize                               = 715653120                                 {product} {ergonomic}
   size_t MinHeapDeltaBytes                        = 524288                                    {product} {ergonomic}
   size_t MinHeapSize                              = 104857600                                 {product} {command line}
   size_t NewSize                                  = 34603008                                  {product} {ergonomic}
    uintx NonNMethodCodeHeapSize                   = 5839372                                {pd product} {ergonomic}
    uintx NonProfiledCodeHeapSize                  = 122909434                              {pd product} {ergonomic}
   size_t OldSize                                  = 70254592                                  {product} {ergonomic}
    uintx ProfiledCodeHeapSize                     = 122909434                              {pd product} {ergonomic}
    uintx ReservedCodeCacheSize                    = 251658240                              {pd product} {ergonomic}
     bool SegmentedCodeCache                       = true                                      {product} {ergonomic}
   size_t SoftMaxHeapSize                          = 2147483648                             {manageable} {ergonomic}
     bool UseCompressedOops                        = true                           {product lp64_product} {ergonomic}
     bool UseLargePagesIndividualAllocation        = false                                  {pd product} {ergonomic}
     bool UseParallelGC                            = true                                      {product} {command line}

Logging:
Log output configuration:
 #0: stdout all=off uptime,level,tags foldmultilines=false
 #1: stderr all=off uptime,level,tags foldmultilines=false

Environment Variables:
PATH=C:\oracle\product\21c\db_home1\bin;C:\Program Files\Common Files\Oracle\Java\javapath;C:\WINDOWS\system32;C:\WINDOWS;C:\WINDOWS\System32\Wbem;C:\WINDOWS\System32\WindowsPowerShell\v1.0\;C:\WINDOWS\System32\OpenSSH\;C:\MinGW\bin;C:\Program Files\Git\cmd;C:\Program Files\Git\mingw64\bin;C:\Program Files\Git\usr\bin;C:\Program Files\nodejs\;C:\Users\shrav\Downloads\mongodb-windows-x86_64-8.2.4-signed.msi;C:\Program Files\MongoDB\Server\8.2\bin;;C:\Program Files\Docker\Docker\resources\bin;C:\Program Files\MySQL\MySQL Shell 8.0\bin\;C:\Users\shrav\AppData\Local\Programs\Python\Python310\Scripts\;C:\Users\shrav\AppData\Local\Programs\Python\Python310\;C:\Users\shrav\.local\bin;C:\Users\shrav\AppData\Local\Microsoft\WindowsApps;C:\Users\shrav\AppData\Local\Programs\Microsoft VS Code\bin;C:\Users\shrav\AppData\Local\GitHubDesktop\bin;C:\Users\shrav\AppData\Roaming\npm;C:\Program Files\mongosh\;C:\Users\shrav\AppData\Local\Python\bin;C:\Users\shrav\Downloads\python-3.10.8-amd64.exe
USERNAME=shrav
OS=Windows_NT
PROCESSOR_IDENTIFIER=AMD64 Family 25 Model 80 Stepping 0, AuthenticAMD
TMP=C:\Users\shrav\AppData\Local\Temp
TEMP=C:\Users\shrav\AppData\Local\Temp




Periodic native trim disabled

---------------  S Y S T E M  ---------------

OS:
 Windows 11 , 64 bit Build 26100 (10.0.26100.8328)
OS uptime: 0 days 1:48 hours
Hyper-V role detected

CPU: total 12 (initial active 12) (12 cores per cpu, 2 threads per core) family 25 model 80 stepping 0 microcode 0xa50000f, cx8, cmov, fxsr, ht, mmx, 3dnowpref, sse, sse2, sse3, ssse3, sse4a, sse4.1, sse4.2, popcnt, lzcnt, tsc, tscinvbit, avx, avx2, aes, erms, clmul, bmi1, bmi2, adx, sha, fma, vzeroupper, clflush, clflushopt, hv, rdtscp, rdpid, fsrm, f16c, cet_ss
Processor Information for processor 0
  Max Mhz: 3301, Current Mhz: 2630, Mhz Limit: 3301
Processor Information for processor 1
  Max Mhz: 3301, Current Mhz: 2630, Mhz Limit: 3301
Processor Information for processor 2
  Max Mhz: 3301, Current Mhz: 2630, Mhz Limit: 3301
Processor Information for processor 3
  Max Mhz: 3301, Current Mhz: 2630, Mhz Limit: 3301
Processor Information for processor 4
  Max Mhz: 3301, Current Mhz: 2630, Mhz Limit: 3301
Processor Information for processor 5
  Max Mhz: 3301, Current Mhz: 2630, Mhz Limit: 3301
Processor Information for processor 6
  Max Mhz: 3301, Current Mhz: 2630, Mhz Limit: 3301
Processor Information for processor 7
  Max Mhz: 3301, Current Mhz: 2630, Mhz Limit: 3301
Processor Information for processor 8
  Max Mhz: 3301, Current Mhz: 2630, Mhz Limit: 3301
Processor Information for processor 9
  Max Mhz: 3301, Current Mhz: 2630, Mhz Limit: 3301
Processor Information for processor 10
  Max Mhz: 3301, Current Mhz: 2630, Mhz Limit: 3301
Processor Information for processor 11
  Max Mhz: 3301, Current Mhz: 3301, Mhz Limit: 3301

Memory: 4k page, system-wide physical 7518M (515M free)
TotalPageFile size 31070M (AvailPageFile size 7M)
current process WorkingSet (physical memory assigned to process): 88M, peak: 89M
current process commit charge ("private bytes"): 248M, peak: 249M

vm_info: Java HotSpot(TM) 64-Bit Server VM (22.0.2+9-70) for windows-amd64 JRE (22.0.2+9-70), built on 2024-06-04T16:52:23Z by "mach5one" with MS VC++ 17.6 (VS2022)

END.
