#
# There is insufficient memory for the Java Runtime Environment to continue.
# Native memory allocation (malloc) failed to allocate 1701936 bytes. Error detail: Chunk::new
# Possible reasons:
#   The system is out of physical RAM or swap space
#   This process is running with CompressedOops enabled, and the Java Heap may be blocking the growth of the native heap
# Possible solutions:
#   Reduce memory load on the system
#   Increase physical memory or swap space
#   Check if swap backing store is full
#   Decrease Java heap size (-Xmx/-Xms)
#   Decrease number of Java threads
#   Decrease Java thread stack sizes (-Xss)
#   Set larger code cache with -XX:ReservedCodeCacheSize=
#   JVM is running with Unscaled Compressed Oops mode in which the Java heap is
#     placed in the first 4GB address space. The Java Heap base address is the
#     maximum limit for the native heap growth. Please use -XX:HeapBaseMinAddress
#     to set the Java Heap base and to place the Java Heap above 4GB virtual address.
# This output file may be truncated or incomplete.
#
#  Out of Memory Error (arena.cpp:150), pid=22416, tid=30716
#
# JRE version: Java(TM) SE Runtime Environment (22.0.2+9) (build 22.0.2+9-70)
# Java VM: Java HotSpot(TM) 64-Bit Server VM (22.0.2+9-70, mixed mode, sharing, tiered, compressed oops, compressed class ptrs, parallel gc, windows-amd64)
# No core dump will be written. Minidumps are not enabled by default on client versions of Windows
#

---------------  S U M M A R Y ------------

Command Line: --add-modules=ALL-SYSTEM --add-opens=java.base/java.util=ALL-UNNAMED --add-opens=java.base/java.lang=ALL-UNNAMED --add-opens=java.base/sun.nio.fs=ALL-UNNAMED -Declipse.application=org.eclipse.jdt.ls.core.id1 -Dosgi.bundles.defaultStartLevel=4 -Declipse.product=org.eclipse.jdt.ls.core.product -Djava.import.generatesMetadataFilesAtProjectRoot=false -DDetectVMInstallationsJob.disabled=true -Dfile.encoding=utf8 -XX:+UseParallelGC -XX:GCTimeRatio=4 -XX:AdaptiveSizePolicyWeight=90 -Dsun.zip.disableMemoryMapping=true -Xmx2G -Xms100m -Xlog:disable -javaagent:c:\Users\shrav\.vscode\extensions\redhat.java-1.54.0-win32-x64\lombok\lombok-1.18.39-4050.jar -XX:+HeapDumpOnOutOfMemoryError -XX:HeapDumpPath=c:\Users\shrav\AppData\Roaming\Code\User\workspaceStorage\8c146ec206b80605d5f3eaebc9643368\redhat.java -Daether.dependencyCollector.impl=bf c:\Users\shrav\.vscode\extensions\redhat.java-1.54.0-win32-x64\server\plugins\org.eclipse.equinox.launcher_1.7.100.v20251111-0406.jar -configuration c:\Users\shrav\AppData\Roaming\Code\User\globalStorage\redhat.java\1.54.0\config_win -data c:\Users\shrav\AppData\Roaming\Code\User\workspaceStorage\8c146ec206b80605d5f3eaebc9643368\redhat.java\jdt_ws --pipe=\\.\pipe\lsp-7f622b0ee92c4044858590eac9f1ee79-sock

Host: AMD Ryzen 5 5600H with Radeon Graphics         , 12 cores, 7G,  Windows 11 , 64 bit Build 26100 (10.0.26100.8328)
Time: Tue May 26 23:55:46 2026 India Standard Time elapsed time: 49.950520 seconds (0d 0h 0m 49s)

---------------  T H R E A D  ---------------

Current thread (0x000001da42665360):  JavaThread "C2 CompilerThread0" daemon [_thread_in_native, id=30716, stack(0x0000006daad00000,0x0000006daae00000) (1024K)]


Current CompileTask:
C2:49950 11447   !   4       org.eclipse.osgi.internal.loader.classpath.ClasspathManager::defineClass (636 bytes)

Stack: [0x0000006daad00000,0x0000006daae00000]
Native frames: (J=compiled Java code, j=interpreted, Vv=VM code, C=native code)
V  [jvm.dll+0x6e26e9]  (no source info available)
V  [jvm.dll+0x875753]  (no source info available)
V  [jvm.dll+0x877b7e]  (no source info available)
V  [jvm.dll+0x878253]  (no source info available)
V  [jvm.dll+0x27fc86]  (no source info available)
V  [jvm.dll+0xc3d0f]  (no source info available)
V  [jvm.dll+0xc3f6b]  (no source info available)
V  [jvm.dll+0x3bb442]  (no source info available)
V  [jvm.dll+0x387d4b]  (no source info available)
V  [jvm.dll+0x3871ba]  (no source info available)
V  [jvm.dll+0x2477f8]  (no source info available)
V  [jvm.dll+0x246e9f]  (no source info available)
V  [jvm.dll+0x1c4e80]  (no source info available)
V  [jvm.dll+0x2568f3]  (no source info available)
V  [jvm.dll+0x254baa]  (no source info available)
V  [jvm.dll+0x3f57a6]  (no source info available)
V  [jvm.dll+0x81dc0b]  (no source info available)
V  [jvm.dll+0x6e0d85]  (no source info available)
C  [ucrtbase.dll+0x37b0]  (no source info available)
C  [KERNEL32.DLL+0x2e957]  (no source info available)
C  [ntdll.dll+0x427c]  (no source info available)


---------------  P R O C E S S  ---------------

Threads class SMR info:
_java_thread_list=0x000001da69cf2de0, length=61, elements={
0x000001da433407f0, 0x000001da411fd430, 0x000001da411fe250, 0x000001da433ed6f0,
0x000001da433f2600, 0x000001da433f55d0, 0x000001da433f95a0, 0x000001da42665360,
0x000001da42665ec0, 0x000001da4273e960, 0x000001da429d6ac0, 0x000001da6636e0b0,
0x000001da663053e0, 0x000001da6629fbb0, 0x000001da662f1130, 0x000001da66924350,
0x000001da66982cc0, 0x000001da66981280, 0x000001da66981910, 0x000001da66982630,
0x000001da66981fa0, 0x000001da669839e0, 0x000001da66984700, 0x000001da6662f9d0,
0x000001da6662d900, 0x000001da6662cbe0, 0x000001da66630060, 0x000001da6662df90,
0x000001da666306f0, 0x000001da6662d270, 0x000001da6662ecb0, 0x000001da66630d80,
0x000001da66631aa0, 0x000001da66631410, 0x000001da6662e620, 0x000001da66632130,
0x000001da666327c0, 0x000001da6662f340, 0x000001da66632e50, 0x000001da66634200,
0x000001da666334e0, 0x000001da66633b70, 0x000001da698e3350, 0x000001da698e2630,
0x000001da698e4070, 0x000001da698e0bf0, 0x000001da698e4700, 0x000001da698e1280,
0x000001da68a90d80, 0x000001da698e39e0, 0x000001da698e1910, 0x000001da698e1fa0,
0x000001da698e0560, 0x000001da698e4d90, 0x000001da698e5ab0, 0x000001da6915fb50,
0x000001da698e67d0, 0x000001da698e6e60, 0x000001da698e74f0, 0x000001da698e6140,
0x000001da69d6b7a0
}

Java Threads: ( => current thread )
  0x000001da433407f0 JavaThread "main"                              [_thread_blocked, id=23800, stack(0x0000006daa300000,0x0000006daa400000) (1024K)]
  0x000001da411fd430 JavaThread "Reference Handler"          daemon [_thread_blocked, id=2316, stack(0x0000006daa700000,0x0000006daa800000) (1024K)]
  0x000001da411fe250 JavaThread "Finalizer"                  daemon [_thread_blocked, id=28104, stack(0x0000006daa800000,0x0000006daa900000) (1024K)]
  0x000001da433ed6f0 JavaThread "Signal Dispatcher"          daemon [_thread_blocked, id=33568, stack(0x0000006daa900000,0x0000006daaa00000) (1024K)]
  0x000001da433f2600 JavaThread "Attach Listener"            daemon [_thread_blocked, id=29548, stack(0x0000006daaa00000,0x0000006daab00000) (1024K)]
  0x000001da433f55d0 JavaThread "Service Thread"             daemon [_thread_blocked, id=33176, stack(0x0000006daab00000,0x0000006daac00000) (1024K)]
  0x000001da433f95a0 JavaThread "Monitor Deflation Thread"   daemon [_thread_blocked, id=6120, stack(0x0000006daac00000,0x0000006daad00000) (1024K)]
=>0x000001da42665360 JavaThread "C2 CompilerThread0"         daemon [_thread_in_native, id=30716, stack(0x0000006daad00000,0x0000006daae00000) (1024K)]
  0x000001da42665ec0 JavaThread "C1 CompilerThread0"         daemon [_thread_blocked, id=15616, stack(0x0000006daae00000,0x0000006daaf00000) (1024K)]
  0x000001da4273e960 JavaThread "Common-Cleaner"             daemon [_thread_blocked, id=29428, stack(0x0000006daaf00000,0x0000006dab000000) (1024K)]
  0x000001da429d6ac0 JavaThread "Notification Thread"        daemon [_thread_blocked, id=15768, stack(0x0000006dab100000,0x0000006dab200000) (1024K)]
  0x000001da6636e0b0 JavaThread "Active Thread: Equinox Container: 45ef4f78-dc7d-46a6-9f83-3645fe266166"        [_thread_blocked, id=23420, stack(0x0000006dab900000,0x0000006daba00000) (1024K)]
  0x000001da663053e0 JavaThread "Refresh Thread: Equinox Container: 45ef4f78-dc7d-46a6-9f83-3645fe266166" daemon [_thread_blocked, id=18580, stack(0x0000006dab200000,0x0000006dab300000) (1024K)]
  0x000001da6629fbb0 JavaThread "Framework Event Dispatcher: Equinox Container: 45ef4f78-dc7d-46a6-9f83-3645fe266166" daemon [_thread_blocked, id=28312, stack(0x0000006dabb00000,0x0000006dabc00000) (1024K)]
  0x000001da662f1130 JavaThread "Start Level: Equinox Container: 45ef4f78-dc7d-46a6-9f83-3645fe266166" daemon [_thread_blocked, id=15272, stack(0x0000006dabc00000,0x0000006dabd00000) (1024K)]
  0x000001da66924350 JavaThread "Bundle File Closer"         daemon [_thread_blocked, id=18084, stack(0x0000006dac000000,0x0000006dac100000) (1024K)]
  0x000001da66982cc0 JavaThread "SCR Component Actor"        daemon [_thread_blocked, id=17156, stack(0x0000006dab000000,0x0000006dab100000) (1024K)]
  0x000001da66981280 JavaThread "Worker-JM"                         [_thread_blocked, id=19420, stack(0x0000006dac200000,0x0000006dac300000) (1024K)]
  0x000001da66981910 JavaThread "JNA Cleaner"                daemon [_thread_blocked, id=25504, stack(0x0000006dac100000,0x0000006dac200000) (1024K)]
  0x000001da66982630 JavaThread "Worker-0"                          [_thread_blocked, id=13952, stack(0x0000006dac300000,0x0000006dac400000) (1024K)]
  0x000001da66981fa0 JavaThread "Worker-1"                          [_thread_blocked, id=17260, stack(0x0000006dac400000,0x0000006dac500000) (1024K)]
  0x000001da669839e0 JavaThread "Worker-2"                          [_thread_blocked, id=13580, stack(0x0000006dac500000,0x0000006dac600000) (1024K)]
  0x000001da66984700 JavaThread "Java indexing"              daemon [_thread_blocked, id=28336, stack(0x0000006dac700000,0x0000006dac800000) (1024K)]
  0x000001da6662f9d0 JavaThread "Worker-3"                          [_thread_blocked, id=28288, stack(0x0000006dac800000,0x0000006dac900000) (1024K)]
  0x000001da6662d900 JavaThread "Worker-4"                          [_thread_blocked, id=25464, stack(0x0000006dac900000,0x0000006daca00000) (1024K)]
  0x000001da6662cbe0 JavaThread "Worker-5: Initialize workspace"        [_thread_in_native, id=20732, stack(0x0000006dacc00000,0x0000006dacd00000) (1024K)]
  0x000001da66630060 JavaThread "Thread-1"                   daemon [_thread_in_native, id=17660, stack(0x0000006dacd00000,0x0000006dace00000) (1024K)]
  0x000001da6662df90 JavaThread "Thread-2"                   daemon [_thread_in_native, id=16332, stack(0x0000006dace00000,0x0000006dacf00000) (1024K)]
  0x000001da666306f0 JavaThread "Thread-3"                   daemon [_thread_in_native, id=17228, stack(0x0000006dacf00000,0x0000006dad000000) (1024K)]
  0x000001da6662d270 JavaThread "Thread-4"                   daemon [_thread_in_native, id=30784, stack(0x0000006dad000000,0x0000006dad100000) (1024K)]
  0x000001da6662ecb0 JavaThread "Thread-5"                   daemon [_thread_in_native, id=26836, stack(0x0000006dad100000,0x0000006dad200000) (1024K)]
  0x000001da66630d80 JavaThread "Thread-6"                   daemon [_thread_in_native, id=32764, stack(0x0000006dad200000,0x0000006dad300000) (1024K)]
  0x000001da66631aa0 JavaThread "Thread-7"                   daemon [_thread_in_native, id=3016, stack(0x0000006dad300000,0x0000006dad400000) (1024K)]
  0x000001da66631410 JavaThread "Thread-8"                   daemon [_thread_in_native, id=11408, stack(0x0000006dad400000,0x0000006dad500000) (1024K)]
  0x000001da6662e620 JavaThread "Thread-9"                   daemon [_thread_in_native, id=28092, stack(0x0000006dad500000,0x0000006dad600000) (1024K)]
  0x000001da66632130 JavaThread "Thread-10"                  daemon [_thread_in_native, id=2208, stack(0x0000006dad600000,0x0000006dad700000) (1024K)]
  0x000001da666327c0 JavaThread "Thread-11"                  daemon [_thread_in_native, id=29052, stack(0x0000006dad700000,0x0000006dad800000) (1024K)]
  0x000001da6662f340 JavaThread "Thread-12"                  daemon [_thread_in_native, id=29964, stack(0x0000006dad800000,0x0000006dad900000) (1024K)]
  0x000001da66632e50 JavaThread "Thread-13"                  daemon [_thread_in_native, id=12724, stack(0x0000006dad900000,0x0000006dada00000) (1024K)]
  0x000001da66634200 JavaThread "pool-2-thread-1"                   [_thread_blocked, id=20096, stack(0x0000006dada00000,0x0000006dadb00000) (1024K)]
  0x000001da666334e0 JavaThread "Worker-6: Publish Diagnostics"        [_thread_in_Java, id=33292, stack(0x0000006dadb00000,0x0000006dadc00000) (1024K)]
  0x000001da66633b70 JavaThread "WorkspaceEventsHandler"            [_thread_blocked, id=13876, stack(0x0000006dadc00000,0x0000006dadd00000) (1024K)]
  0x000001da698e3350 JavaThread "pool-1-thread-1"                   [_thread_blocked, id=3916, stack(0x0000006dadd00000,0x0000006dade00000) (1024K)]
  0x000001da698e2630 JavaThread "Compiler Source File Reader" daemon [_thread_blocked, id=26680, stack(0x0000006dae100000,0x0000006dae200000) (1024K)]
  0x000001da698e4070 JavaThread "Compiler Processing Task"   daemon [_thread_blocked, id=11024, stack(0x0000006dae200000,0x0000006dae300000) (1024K)]
  0x000001da698e0bf0 JavaThread "Compiler Class File Writer" daemon [_thread_blocked, id=27248, stack(0x0000006dae300000,0x0000006dae400000) (1024K)]
  0x000001da698e4700 JavaThread "Compiler Source File Reader" daemon [_thread_blocked, id=13680, stack(0x0000006dae400000,0x0000006dae500000) (1024K)]
  0x000001da698e1280 JavaThread "Compiler Class File Writer" daemon [_thread_blocked, id=32996, stack(0x0000006dae500000,0x0000006dae600000) (1024K)]
  0x000001da68a90d80 JavaThread "C2 CompilerThread1"         daemon [_thread_in_native, id=21084, stack(0x0000006daa000000,0x0000006daa100000) (1024K)]
  0x000001da698e39e0 JavaThread "ForkJoinPool.commonPool-worker-1" daemon [_thread_blocked, id=12324, stack(0x0000006daa100000,0x0000006daa200000) (1024K)]
  0x000001da698e1910 JavaThread "ForkJoinPool.commonPool-worker-2" daemon [_thread_in_vm, id=5240, stack(0x0000006dabd00000,0x0000006dabe00000) (1024K)]
  0x000001da698e1fa0 JavaThread "ForkJoinPool.commonPool-worker-3" daemon [_thread_in_native, id=15252, stack(0x0000006dac600000,0x0000006dac700000) (1024K)]
  0x000001da698e0560 JavaThread "ForkJoinPool.commonPool-worker-4" daemon [_thread_blocked, id=30020, stack(0x0000006dade00000,0x0000006dadf00000) (1024K)]
  0x000001da698e4d90 JavaThread "ForkJoinPool.commonPool-worker-5" daemon [_thread_blocked, id=26744, stack(0x0000006dadf00000,0x0000006dae000000) (1024K)]
  0x000001da698e5ab0 JavaThread "ForkJoinPool.commonPool-worker-6" daemon [_thread_blocked, id=15400, stack(0x0000006dae000000,0x0000006dae100000) (1024K)]
  0x000001da6915fb50 JavaThread "C2 CompilerThread2"         daemon [_thread_in_native, id=11792, stack(0x0000006dae600000,0x0000006dae700000) (1024K)]
  0x000001da698e67d0 JavaThread "ForkJoinPool.commonPool-worker-7" daemon [_thread_blocked, id=5760, stack(0x0000006dae700000,0x0000006dae800000) (1024K)]
  0x000001da698e6e60 JavaThread "ForkJoinPool.commonPool-worker-8" daemon [_thread_blocked, id=17892, stack(0x0000006dae800000,0x0000006dae900000) (1024K)]
  0x000001da698e74f0 JavaThread "ForkJoinPool.commonPool-worker-9" daemon [_thread_blocked, id=13964, stack(0x0000006dae900000,0x0000006daea00000) (1024K)]
  0x000001da698e6140 JavaThread "ForkJoinPool.commonPool-worker-10" daemon [_thread_blocked, id=19008, stack(0x0000006daea00000,0x0000006daeb00000) (1024K)]
  0x000001da69d6b7a0 JavaThread "ForkJoinPool.commonPool-worker-11" daemon [_thread_blocked, id=17980, stack(0x0000006daeb00000,0x0000006daec00000) (1024K)]
Total: 61

Other Threads:
  0x000001da433e0b10 VMThread "VM Thread"                           [id=33160, stack(0x0000006daa600000,0x0000006daa700000) (1024K)]
  0x000001da410dba00 WatcherThread "VM Periodic Task Thread"        [id=3584, stack(0x0000006daa500000,0x0000006daa600000) (1024K)]
  0x000001da4335db90 WorkerThread "GC Thread#0"                     [id=21604, stack(0x0000006daa400000,0x0000006daa500000) (1024K)]
  0x000001da61a8b320 WorkerThread "GC Thread#1"                     [id=13164, stack(0x0000006dab300000,0x0000006dab400000) (1024K)]
  0x000001da61823de0 WorkerThread "GC Thread#2"                     [id=6696, stack(0x0000006dab400000,0x0000006dab500000) (1024K)]
  0x000001da6165adf0 WorkerThread "GC Thread#3"                     [id=29336, stack(0x0000006dab500000,0x0000006dab600000) (1024K)]
  0x000001da618d6f90 WorkerThread "GC Thread#4"                     [id=10400, stack(0x0000006dab600000,0x0000006dab700000) (1024K)]
  0x000001da6165b1a0 WorkerThread "GC Thread#5"                     [id=33688, stack(0x0000006dab700000,0x0000006dab800000) (1024K)]
  0x000001da6165b550 WorkerThread "GC Thread#6"                     [id=9424, stack(0x0000006dab800000,0x0000006dab900000) (1024K)]
  0x000001da6634c5c0 WorkerThread "GC Thread#7"                     [id=15204, stack(0x0000006daba00000,0x0000006dabb00000) (1024K)]
  0x000001da6654cb70 WorkerThread "GC Thread#8"                     [id=18656, stack(0x0000006dabe00000,0x0000006dabf00000) (1024K)]
  0x000001da6654cf20 WorkerThread "GC Thread#9"                     [id=10936, stack(0x0000006dabf00000,0x0000006dac000000) (1024K)]
Total: 12

Threads with active compile tasks:
C2 CompilerThread0  51121 11447   !   4       org.eclipse.osgi.internal.loader.classpath.ClasspathManager::defineClass (636 bytes)
C2 CompilerThread1  51121 11582       4       org.eclipse.jdt.internal.core.JarPackageFragmentRoot::initRawPackageInfo (292 bytes)
C2 CompilerThread2  51121 11493       4       java.lang.invoke.MethodType::makeImpl (109 bytes)
Total: 3

VM state: not at safepoint (normal execution)

VM Mutex/Monitor currently owned by a thread: None

Heap address: 0x0000000080000000, size: 2048 MB, Compressed Oops mode: 32-bit

CDS archive(s) mapped at: [0x000001da00000000-0x000001da00c60000-0x000001da00c60000), size 12976128, SharedBaseAddress: 0x000001da00000000, ArchiveRelocationMode: 1.
Compressed class space mapped at: 0x000001da01000000-0x000001da41000000, reserved size: 1073741824
Narrow klass base: 0x000001da00000000, Narrow klass shift: 0, Narrow klass range: 0x41000000

GC Precious Log:
 CardTable entry size: 512
 CPUs: 12 total, 12 available
 Memory: 7518M
 Large Page Support: Disabled
 NUMA Support: Disabled
 Compressed Oops: Enabled (32-bit)
 Alignments: Space 512K, Generation 512K, Heap 2M
 Heap Min Capacity: 100M
 Heap Initial Capacity: 100M
 Heap Max Capacity: 2G
 Pre-touch: Disabled
 Parallel Workers: 10

Heap:
 PSYoungGen      total 5632K, used 5184K [0x00000000d5580000, 0x00000000d5d80000, 0x0000000100000000)
  eden space 4096K, 100% used [0x00000000d5580000,0x00000000d5980000,0x00000000d5980000)
  from space 1536K, 70% used [0x00000000d5980000,0x00000000d5a90000,0x00000000d5b00000)
  to   space 1536K, 0% used [0x00000000d5c00000,0x00000000d5c00000,0x00000000d5d80000)
 ParOldGen       total 630272K, used 345594K [0x0000000080000000, 0x00000000a6780000, 0x00000000d5580000)
  object space 630272K, 54% used [0x0000000080000000,0x000000009517e860,0x00000000a6780000)
 Metaspace       used 62172K, committed 63680K, reserved 1114112K
  class space    used 6643K, committed 7296K, reserved 1048576K

Card table byte_map: [0x000001da5be70000,0x000001da5c280000] _byte_map_base: 0x000001da5ba70000

Marking Bits: (ParMarkBitMap*) 0x00007ffe97be1a90
 Begin Bits: [0x000001da5c530000, 0x000001da5e530000)
 End Bits:   [0x000001da5e530000, 0x000001da60530000)

Polling page: 0x000001da43060000

Metaspace:

Usage:
  Non-class:     54.23 MB used.
      Class:      6.49 MB used.
       Both:     60.71 MB used.

Virtual space:
  Non-class space:       64.00 MB reserved,      55.06 MB ( 86%) committed,  1 nodes.
      Class space:        1.00 GB reserved,       7.12 MB ( <1%) committed,  1 nodes.
             Both:        1.06 GB reserved,      62.19 MB (  6%) committed. 

Chunk freelists:
   Non-Class:  8.64 MB
       Class:  8.75 MB
        Both:  17.39 MB

MaxMetaspaceSize: unlimited
CompressedClassSpaceSize: 1.00 GB
Initial GC threshold: 21.00 MB
Current GC threshold: 97.31 MB
CDS: on
 - commit_granule_bytes: 65536.
 - commit_granule_words: 8192.
 - virtual_space_node_default_size: 8388608.
 - enlarge_chunks_in_place: 1.
 - use_allocation_guard: 0.


Internal statistics:

num_allocs_failed_limit: 11.
num_arena_births: 1180.
num_arena_deaths: 16.
num_vsnodes_births: 2.
num_vsnodes_deaths: 0.
num_space_committed: 995.
num_space_uncommitted: 0.
num_chunks_returned_to_freelist: 27.
num_chunks_taken_from_freelist: 4168.
num_chunk_merges: 11.
num_chunk_splits: 2530.
num_chunks_enlarged: 1319.
num_inconsistent_stats: 0.

CodeHeap 'non-profiled nmethods': size=120000Kb used=8641Kb max_used=8641Kb free=111358Kb
 bounds [0x000001da54760000, 0x000001da54fe0000, 0x000001da5bc90000]
CodeHeap 'profiled nmethods': size=120000Kb used=24270Kb max_used=24270Kb free=95729Kb
 bounds [0x000001da4cc90000, 0x000001da4e450000, 0x000001da541c0000]
CodeHeap 'non-nmethods': size=5760Kb used=1451Kb max_used=1528Kb free=4309Kb
 bounds [0x000001da541c0000, 0x000001da54430000, 0x000001da54760000]
 total_blobs=11745 nmethods=10979 adapters=672
 compilation: enabled
              stopped_count=0, restarted_count=0
 full_count=0

Compilation events (20 events):
Event: 48.925 Thread 0x000001da42665ec0 nmethod 11706 0x000001da4e41bc10 code [0x000001da4e41bdc0, 0x000001da4e41bfa0]
Event: 48.926 Thread 0x000001da42665ec0 11707       2       org.eclipse.sisu.plexus.DefaultPlexusBeans$Itr::<init> (26 bytes)
Event: 48.927 Thread 0x000001da42665ec0 nmethod 11707 0x000001da4e41c090 code [0x000001da4e41c240, 0x000001da4e41c3c0]
Event: 48.927 Thread 0x000001da42665ec0 11708       2       org.eclipse.sisu.plexus.RealmFilteredBeans::iterator (45 bytes)
Event: 48.929 Thread 0x000001da42665ec0 nmethod 11708 0x000001da4e41c490 code [0x000001da4e41c6a0, 0x000001da4e41cad0]
Event: 48.930 Thread 0x000001da42665ec0 11710       2       org.eclipse.sisu.plexus.RealmManager::visibleRealmNames (51 bytes)
Event: 48.931 Thread 0x000001da42665ec0 nmethod 11710 0x000001da4e41cd10 code [0x000001da4e41cee0, 0x000001da4e41d148]
Event: 48.932 Thread 0x000001da42665ec0 11712       2       org.eclipse.jdt.internal.compiler.parser.Scanner::resetLookBack (17 bytes)
Event: 48.932 Thread 0x000001da42665ec0 nmethod 11712 0x000001da4e41d290 code [0x000001da4e41d440, 0x000001da4e41d690]
Event: 48.935 Thread 0x000001da68a90d80 nmethod 11559 0x000001da54fc9a10 code [0x000001da54fc9bc0, 0x000001da54fca270]
Event: 48.935 Thread 0x000001da68a90d80 11569       4       org.eclipse.jdt.internal.core.util.WeakHashSet::add (105 bytes)
Event: 48.935 Thread 0x000001da42665ec0 11713       2       org.eclipse.jdt.internal.compiler.parser.Scanner::scanIdentifierOrKeyword (277 bytes)
Event: 48.937 Thread 0x000001da42665ec0 nmethod 11713 0x000001da4e41d810 code [0x000001da4e41da40, 0x000001da4e41e058]
Event: 48.937 Thread 0x000001da42665ec0 11714       2       org.eclipse.jdt.internal.core.OverflowingLRUCache::updateTimestamp (43 bytes)
Event: 48.937 Thread 0x000001da42665ec0 nmethod 11714 0x000001da4e41e390 code [0x000001da4e41e540, 0x000001da4e41e6f0]
Event: 48.937 Thread 0x000001da42665ec0 11716       1       com.google.gson.stream.JsonWriter::isHtmlSafe (5 bytes)
Event: 48.937 Thread 0x000001da42665ec0 nmethod 11716 0x000001da54fca490 code [0x000001da54fca620, 0x000001da54fca6f0]
Event: 48.937 Thread 0x000001da42665ec0 11717       1       com.google.gson.stream.JsonWriter::getSerializeNulls (5 bytes)
Event: 48.938 Thread 0x000001da42665ec0 nmethod 11717 0x000001da54fca790 code [0x000001da54fca920, 0x000001da54fca9f0]
Event: 48.940 Thread 0x000001da42665ec0 11718 %     3       java.text.MessageFormat::applyPatternImpl @ 34 (422 bytes)

GC Heap History (20 events):
Event: 48.761 GC heap before
{Heap before GC invocations=1713 (full 3):
 PSYoungGen      total 3072K, used 2752K [0x00000000d5580000, 0x00000000d5a00000, 0x0000000100000000)
  eden space 2048K, 100% used [0x00000000d5580000,0x00000000d5780000,0x00000000d5780000)
  from space 1024K, 68% used [0x00000000d5780000,0x00000000d5830000,0x00000000d5880000)
  to   space 1024K, 0% used [0x00000000d5900000,0x00000000d5900000,0x00000000d5a00000)
 ParOldGen       total 630272K, used 330896K [0x0000000080000000, 0x00000000a6780000, 0x00000000d5580000)
  object space 630272K, 52% used [0x0000000080000000,0x00000000943240a8,0x00000000a6780000)
 Metaspace       used 60855K, committed 62400K, reserved 1114112K
  class space    used 6544K, committed 7168K, reserved 1048576K
}
Event: 48.763 GC heap after
{Heap after GC invocations=1713 (full 3):
 PSYoungGen      total 3584K, used 704K [0x00000000d5580000, 0x00000000d5a00000, 0x0000000100000000)
  eden space 2560K, 0% used [0x00000000d5580000,0x00000000d5580000,0x00000000d5800000)
  from space 1024K, 68% used [0x00000000d5900000,0x00000000d59b0000,0x00000000d5a00000)
  to   space 1024K, 0% used [0x00000000d5800000,0x00000000d5800000,0x00000000d5900000)
 ParOldGen       total 630272K, used 331488K [0x0000000080000000, 0x00000000a6780000, 0x00000000d5580000)
  object space 630272K, 52% used [0x0000000080000000,0x00000000943b80a8,0x00000000a6780000)
 Metaspace       used 60855K, committed 62400K, reserved 1114112K
  class space    used 6544K, committed 7168K, reserved 1048576K
}
Event: 48.772 GC heap before
{Heap before GC invocations=1714 (full 3):
 PSYoungGen      total 3584K, used 3264K [0x00000000d5580000, 0x00000000d5a00000, 0x0000000100000000)
  eden space 2560K, 100% used [0x00000000d5580000,0x00000000d5800000,0x00000000d5800000)
  from space 1024K, 68% used [0x00000000d5900000,0x00000000d59b0000,0x00000000d5a00000)
  to   space 1024K, 0% used [0x00000000d5800000,0x00000000d5800000,0x00000000d5900000)
 ParOldGen       total 630272K, used 331488K [0x0000000080000000, 0x00000000a6780000, 0x00000000d5580000)
  object space 630272K, 52% used [0x0000000080000000,0x00000000943b80a8,0x00000000a6780000)
 Metaspace       used 60892K, committed 62464K, reserved 1114112K
  class space    used 6544K, committed 7168K, reserved 1048576K
}
Event: 48.775 GC heap after
{Heap after GC invocations=1714 (full 3):
 PSYoungGen      total 3584K, used 1000K [0x00000000d5580000, 0x00000000d5d80000, 0x0000000100000000)
  eden space 2560K, 0% used [0x00000000d5580000,0x00000000d5580000,0x00000000d5800000)
  from space 1024K, 97% used [0x00000000d5800000,0x00000000d58fa000,0x00000000d5900000)
  to   space 2560K, 0% used [0x00000000d5b00000,0x00000000d5b00000,0x00000000d5d80000)
 ParOldGen       total 630272K, used 332618K [0x0000000080000000, 0x00000000a6780000, 0x00000000d5580000)
  object space 630272K, 52% used [0x0000000080000000,0x00000000944d2938,0x00000000a6780000)
 Metaspace       used 60892K, committed 62464K, reserved 1114112K
  class space    used 6544K, committed 7168K, reserved 1048576K
}
Event: 48.784 GC heap before
{Heap before GC invocations=1715 (full 3):
 PSYoungGen      total 3584K, used 3560K [0x00000000d5580000, 0x00000000d5d80000, 0x0000000100000000)
  eden space 2560K, 100% used [0x00000000d5580000,0x00000000d5800000,0x00000000d5800000)
  from space 1024K, 97% used [0x00000000d5800000,0x00000000d58fa000,0x00000000d5900000)
  to   space 2560K, 0% used [0x00000000d5b00000,0x00000000d5b00000,0x00000000d5d80000)
 ParOldGen       total 630272K, used 332618K [0x0000000080000000, 0x00000000a6780000, 0x00000000d5580000)
  object space 630272K, 52% used [0x0000000080000000,0x00000000944d2938,0x00000000a6780000)
 Metaspace       used 60942K, committed 62528K, reserved 1114112K
  class space    used 6551K, committed 7168K, reserved 1048576K
}
Event: 48.787 GC heap after
{Heap after GC invocations=1715 (full 3):
 PSYoungGen      total 4608K, used 1145K [0x00000000d5580000, 0x00000000d5c80000, 0x0000000100000000)
  eden space 3072K, 0% used [0x00000000d5580000,0x00000000d5580000,0x00000000d5880000)
  from space 1536K, 74% used [0x00000000d5b00000,0x00000000d5c1e4c8,0x00000000d5c80000)
  to   space 1536K, 0% used [0x00000000d5980000,0x00000000d5980000,0x00000000d5b00000)
 ParOldGen       total 630272K, used 333618K [0x0000000080000000, 0x00000000a6780000, 0x00000000d5580000)
  object space 630272K, 52% used [0x0000000080000000,0x00000000945cc938,0x00000000a6780000)
 Metaspace       used 60942K, committed 62528K, reserved 1114112K
  class space    used 6551K, committed 7168K, reserved 1048576K
}
Event: 48.798 GC heap before
{Heap before GC invocations=1716 (full 3):
 PSYoungGen      total 4608K, used 4217K [0x00000000d5580000, 0x00000000d5c80000, 0x0000000100000000)
  eden space 3072K, 100% used [0x00000000d5580000,0x00000000d5880000,0x00000000d5880000)
  from space 1536K, 74% used [0x00000000d5b00000,0x00000000d5c1e4c8,0x00000000d5c80000)
  to   space 1536K, 0% used [0x00000000d5980000,0x00000000d5980000,0x00000000d5b00000)
 ParOldGen       total 630272K, used 333618K [0x0000000080000000, 0x00000000a6780000, 0x00000000d5580000)
  object space 630272K, 52% used [0x0000000080000000,0x00000000945cc938,0x00000000a6780000)
 Metaspace       used 60974K, committed 62528K, reserved 1114112K
  class space    used 6552K, committed 7168K, reserved 1048576K
}
Event: 48.801 GC heap after
{Heap after GC invocations=1716 (full 3):
 PSYoungGen      total 5632K, used 1512K [0x00000000d5580000, 0x00000000d6080000, 0x0000000100000000)
  eden space 4096K, 0% used [0x00000000d5580000,0x00000000d5580000,0x00000000d5980000)
  from space 1536K, 98% used [0x00000000d5980000,0x00000000d5afa220,0x00000000d5b00000)
  to   space 3584K, 0% used [0x00000000d5d00000,0x00000000d5d00000,0x00000000d6080000)
 ParOldGen       total 630272K, used 335074K [0x0000000080000000, 0x00000000a6780000, 0x00000000d5580000)
  object space 630272K, 53% used [0x0000000080000000,0x0000000094738af8,0x00000000a6780000)
 Metaspace       used 60974K, committed 62528K, reserved 1114112K
  class space    used 6552K, committed 7168K, reserved 1048576K
}
Event: 48.829 GC heap before
{Heap before GC invocations=1717 (full 3):
 PSYoungGen      total 5632K, used 5608K [0x00000000d5580000, 0x00000000d6080000, 0x0000000100000000)
  eden space 4096K, 100% used [0x00000000d5580000,0x00000000d5980000,0x00000000d5980000)
  from space 1536K, 98% used [0x00000000d5980000,0x00000000d5afa220,0x00000000d5b00000)
  to   space 3584K, 0% used [0x00000000d5d00000,0x00000000d5d00000,0x00000000d6080000)
 ParOldGen       total 630272K, used 335074K [0x0000000080000000, 0x00000000a6780000, 0x00000000d5580000)
  object space 630272K, 53% used [0x0000000080000000,0x0000000094738af8,0x00000000a6780000)
 Metaspace       used 61044K, committed 62592K, reserved 1114112K
  class space    used 6557K, committed 7168K, reserved 1048576K
}
Event: 48.831 GC heap after
{Heap after GC invocations=1717 (full 3):
 PSYoungGen      total 5120K, used 944K [0x00000000d5580000, 0x00000000d5e00000, 0x0000000100000000)
  eden space 4096K, 0% used [0x00000000d5580000,0x00000000d5580000,0x00000000d5980000)
  from space 1024K, 92% used [0x00000000d5d00000,0x00000000d5dec1a8,0x00000000d5e00000)
  to   space 2048K, 0% used [0x00000000d5a00000,0x00000000d5a00000,0x00000000d5c00000)
 ParOldGen       total 630272K, used 336611K [0x0000000080000000, 0x00000000a6780000, 0x00000000d5580000)
  object space 630272K, 53% used [0x0000000080000000,0x00000000948b8d18,0x00000000a6780000)
 Metaspace       used 61044K, committed 62592K, reserved 1114112K
  class space    used 6557K, committed 7168K, reserved 1048576K
}
Event: 48.860 GC heap before
{Heap before GC invocations=1718 (full 3):
 PSYoungGen      total 5120K, used 5040K [0x00000000d5580000, 0x00000000d5e00000, 0x0000000100000000)
  eden space 4096K, 100% used [0x00000000d5580000,0x00000000d5980000,0x00000000d5980000)
  from space 1024K, 92% used [0x00000000d5d00000,0x00000000d5dec1a8,0x00000000d5e00000)
  to   space 2048K, 0% used [0x00000000d5a00000,0x00000000d5a00000,0x00000000d5c00000)
 ParOldGen       total 630272K, used 336611K [0x0000000080000000, 0x00000000a6780000, 0x00000000d5580000)
  object space 630272K, 53% used [0x0000000080000000,0x00000000948b8d18,0x00000000a6780000)
 Metaspace       used 61076K, committed 62592K, reserved 1114112K
  class space    used 6558K, committed 7168K, reserved 1048576K
}
Event: 48.862 GC heap after
{Heap after GC invocations=1718 (full 3):
 PSYoungGen      total 5632K, used 1472K [0x00000000d5580000, 0x00000000d5d80000, 0x0000000100000000)
  eden space 4096K, 0% used [0x00000000d5580000,0x00000000d5580000,0x00000000d5980000)
  from space 1536K, 95% used [0x00000000d5a00000,0x00000000d5b70000,0x00000000d5b80000)
  to   space 2048K, 0% used [0x00000000d5b80000,0x00000000d5b80000,0x00000000d5d80000)
 ParOldGen       total 630272K, used 337349K [0x0000000080000000, 0x00000000a6780000, 0x00000000d5580000)
  object space 630272K, 53% used [0x0000000080000000,0x0000000094971450,0x00000000a6780000)
 Metaspace       used 61076K, committed 62592K, reserved 1114112K
  class space    used 6558K, committed 7168K, reserved 1048576K
}
Event: 48.875 GC heap before
{Heap before GC invocations=1719 (full 3):
 PSYoungGen      total 5632K, used 5568K [0x00000000d5580000, 0x00000000d5d80000, 0x0000000100000000)
  eden space 4096K, 100% used [0x00000000d5580000,0x00000000d5980000,0x00000000d5980000)
  from space 1536K, 95% used [0x00000000d5a00000,0x00000000d5b70000,0x00000000d5b80000)
  to   space 2048K, 0% used [0x00000000d5b80000,0x00000000d5b80000,0x00000000d5d80000)
 ParOldGen       total 630272K, used 337349K [0x0000000080000000, 0x00000000a6780000, 0x00000000d5580000)
  object space 630272K, 53% used [0x0000000080000000,0x0000000094971450,0x00000000a6780000)
 Metaspace       used 61132K, committed 62656K, reserved 1114112K
  class space    used 6571K, committed 7168K, reserved 1048576K
}
Event: 48.878 GC heap after
{Heap after GC invocations=1719 (full 3):
 PSYoungGen      total 6144K, used 1536K [0x00000000d5580000, 0x00000000d5d80000, 0x0000000100000000)
  eden space 4096K, 0% used [0x00000000d5580000,0x00000000d5580000,0x00000000d5980000)
  from space 2048K, 75% used [0x00000000d5b80000,0x00000000d5d00000,0x00000000d5d80000)
  to   space 2048K, 0% used [0x00000000d5980000,0x00000000d5980000,0x00000000d5b80000)
 ParOldGen       total 630272K, used 338603K [0x0000000080000000, 0x00000000a6780000, 0x00000000d5580000)
  object space 630272K, 53% used [0x0000000080000000,0x0000000094aaaf70,0x00000000a6780000)
 Metaspace       used 61132K, committed 62656K, reserved 1114112K
  class space    used 6571K, committed 7168K, reserved 1048576K
}
Event: 48.898 GC heap before
{Heap before GC invocations=1720 (full 3):
 PSYoungGen      total 6144K, used 5632K [0x00000000d5580000, 0x00000000d5d80000, 0x0000000100000000)
  eden space 4096K, 100% used [0x00000000d5580000,0x00000000d5980000,0x00000000d5980000)
  from space 2048K, 75% used [0x00000000d5b80000,0x00000000d5d00000,0x00000000d5d80000)
  to   space 2048K, 0% used [0x00000000d5980000,0x00000000d5980000,0x00000000d5b80000)
 ParOldGen       total 630272K, used 338603K [0x0000000080000000, 0x00000000a6780000, 0x00000000d5580000)
  object space 630272K, 53% used [0x0000000080000000,0x0000000094aaaf70,0x00000000a6780000)
 Metaspace       used 61328K, committed 62848K, reserved 1114112K
  class space    used 6586K, committed 7168K, reserved 1048576K
}
Event: 48.900 GC heap after
{Heap after GC invocations=1720 (full 3):
 PSYoungGen      total 5120K, used 563K [0x00000000d5580000, 0x00000000d5c00000, 0x0000000100000000)
  eden space 4096K, 0% used [0x00000000d5580000,0x00000000d5580000,0x00000000d5980000)
  from space 1024K, 55% used [0x00000000d5980000,0x00000000d5a0cea0,0x00000000d5a80000)
  to   space 1024K, 0% used [0x00000000d5b00000,0x00000000d5b00000,0x00000000d5c00000)
 ParOldGen       total 630272K, used 340060K [0x0000000080000000, 0x00000000a6780000, 0x00000000d5580000)
  object space 630272K, 53% used [0x0000000080000000,0x0000000094c17348,0x00000000a6780000)
 Metaspace       used 61328K, committed 62848K, reserved 1114112K
  class space    used 6586K, committed 7168K, reserved 1048576K
}
Event: 48.918 GC heap before
{Heap before GC invocations=1721 (full 3):
 PSYoungGen      total 5120K, used 4659K [0x00000000d5580000, 0x00000000d5c00000, 0x0000000100000000)
  eden space 4096K, 100% used [0x00000000d5580000,0x00000000d5980000,0x00000000d5980000)
  from space 1024K, 55% used [0x00000000d5980000,0x00000000d5a0cea0,0x00000000d5a80000)
  to   space 1024K, 0% used [0x00000000d5b00000,0x00000000d5b00000,0x00000000d5c00000)
 ParOldGen       total 630272K, used 340060K [0x0000000080000000, 0x00000000a6780000, 0x00000000d5580000)
  object space 630272K, 53% used [0x0000000080000000,0x0000000094c17348,0x00000000a6780000)
 Metaspace       used 61480K, committed 63040K, reserved 1114112K
  class space    used 6596K, committed 7232K, reserved 1048576K
}
Event: 48.920 GC heap after
{Heap after GC invocations=1721 (full 3):
 PSYoungGen      total 4608K, used 455K [0x00000000d5580000, 0x00000000d5b80000, 0x0000000100000000)
  eden space 4096K, 0% used [0x00000000d5580000,0x00000000d5580000,0x00000000d5980000)
  from space 512K, 89% used [0x00000000d5b00000,0x00000000d5b71f98,0x00000000d5b80000)
  to   space 1024K, 0% used [0x00000000d5980000,0x00000000d5980000,0x00000000d5a80000)
 ParOldGen       total 630272K, used 340244K [0x0000000080000000, 0x00000000a6780000, 0x00000000d5580000)
  object space 630272K, 53% used [0x0000000080000000,0x0000000094c45348,0x00000000a6780000)
 Metaspace       used 61480K, committed 63040K, reserved 1114112K
  class space    used 6596K, committed 7232K, reserved 1048576K
}
Event: 48.933 GC heap before
{Heap before GC invocations=1722 (full 3):
 PSYoungGen      total 4608K, used 4551K [0x00000000d5580000, 0x00000000d5b80000, 0x0000000100000000)
  eden space 4096K, 99% used [0x00000000d5580000,0x00000000d597fff0,0x00000000d5980000)
  from space 512K, 89% used [0x00000000d5b00000,0x00000000d5b71f98,0x00000000d5b80000)
  to   space 1024K, 0% used [0x00000000d5980000,0x00000000d5980000,0x00000000d5a80000)
 ParOldGen       total 630272K, used 340244K [0x0000000080000000, 0x00000000a6780000, 0x00000000d5580000)
  object space 630272K, 53% used [0x0000000080000000,0x0000000094c45348,0x00000000a6780000)
 Metaspace       used 61604K, committed 63104K, reserved 1114112K
  class space    used 6603K, committed 7232K, reserved 1048576K
}
Event: 48.934 GC heap after
{Heap after GC invocations=1722 (full 3):
 PSYoungGen      total 5120K, used 384K [0x00000000d5580000, 0x00000000d5b80000, 0x0000000100000000)
  eden space 4096K, 0% used [0x00000000d5580000,0x00000000d5580000,0x00000000d5980000)
  from space 1024K, 37% used [0x00000000d5980000,0x00000000d59e0020,0x00000000d5a80000)
  to   space 512K, 0% used [0x00000000d5b00000,0x00000000d5b00000,0x00000000d5b80000)
 ParOldGen       total 630272K, used 340487K [0x0000000080000000, 0x00000000a6780000, 0x00000000d5580000)
  object space 630272K, 54% used [0x0000000080000000,0x0000000094c81e38,0x00000000a6780000)
 Metaspace       used 61604K, committed 63104K, reserved 1114112K
  class space    used 6603K, committed 7232K, reserved 1048576K
}

Dll operation events (13 events):
Event: 0.017 Loaded shared library C:\Program Files\Java\jdk-22\bin\java.dll
Event: 0.065 Loaded shared library C:\Program Files\Java\jdk-22\bin\jsvml.dll
Event: 0.140 Loaded shared library C:\Program Files\Java\jdk-22\bin\zip.dll
Event: 0.147 Loaded shared library C:\Program Files\Java\jdk-22\bin\instrument.dll
Event: 0.154 Loaded shared library C:\Program Files\Java\jdk-22\bin\net.dll
Event: 0.159 Loaded shared library C:\Program Files\Java\jdk-22\bin\nio.dll
Event: 0.165 Loaded shared library C:\Program Files\Java\jdk-22\bin\zip.dll
Event: 0.192 Loaded shared library C:\Program Files\Java\jdk-22\bin\jimage.dll
Event: 0.309 Loaded shared library C:\Program Files\Java\jdk-22\bin\verify.dll
Event: 2.031 Loaded shared library C:\Users\shrav\AppData\Roaming\Code\User\globalStorage\redhat.java\1.54.0\config_win\org.eclipse.equinox.launcher\org.eclipse.equinox.launcher.win32.win32.x86_64_1.3.0.v20260203-2149\eclipse_11919.dll
Event: 5.647 Loaded shared library C:\Users\shrav\AppData\Local\Temp\jna-109415858\jna1883718896423805165.dll
Event: 7.559 Loaded shared library C:\Program Files\Java\jdk-22\bin\management.dll
Event: 7.565 Loaded shared library C:\Program Files\Java\jdk-22\bin\management_ext.dll

Deoptimization events (20 events):
Event: 48.886 Thread 0x000001da698e74f0 DEOPT PACKING pc=0x000001da54d760e4 sp=0x0000006dae9fe630
Event: 48.886 Thread 0x000001da698e74f0 DEOPT UNPACKING pc=0x000001da54213aa2 sp=0x0000006dae9fe5b0 mode 2
Event: 48.886 Thread 0x000001da698e74f0 Uncommon trap: trap_request=0xffffff45 fr.pc=0x000001da54a5fb04 relative=0x00000000000001e4
Event: 48.886 Thread 0x000001da698e74f0 Uncommon trap: reason=unstable_if action=reinterpret pc=0x000001da54a5fb04 method=org.eclipse.core.runtime.Path.computeLength()I @ 92 c2
Event: 48.887 Thread 0x000001da698e74f0 DEOPT PACKING pc=0x000001da54a5fb04 sp=0x0000006dae9fe7c0
Event: 48.887 Thread 0x000001da698e74f0 DEOPT UNPACKING pc=0x000001da54213aa2 sp=0x0000006dae9fe748 mode 2
Event: 48.893 Thread 0x000001da698e6140 Uncommon trap: trap_request=0xffffff45 fr.pc=0x000001da54dfcbe0 relative=0x00000000000003a0
Event: 48.893 Thread 0x000001da698e6140 Uncommon trap: reason=unstable_if action=reinterpret pc=0x000001da54dfcbe0 method=org.eclipse.core.runtime.Path.equals(Ljava/lang/Object;)Z @ 120 c2
Event: 48.893 Thread 0x000001da698e6140 DEOPT PACKING pc=0x000001da54dfcbe0 sp=0x0000006daeafe800
Event: 48.893 Thread 0x000001da698e6140 DEOPT UNPACKING pc=0x000001da54213aa2 sp=0x0000006daeafe790 mode 2
Event: 48.901 Thread 0x000001da6662cbe0 Uncommon trap: trap_request=0xffffffde fr.pc=0x000001da54aae134 relative=0x0000000000000274
Event: 48.901 Thread 0x000001da6662cbe0 Uncommon trap: reason=class_check action=maybe_recompile pc=0x000001da54aae134 method=java.util.Comparator.lambda$comparing$77a9974f$1(Ljava/util/function/Function;Ljava/lang/Object;Ljava/lang/Object;)I @ 7 c2
Event: 48.902 Thread 0x000001da6662cbe0 DEOPT PACKING pc=0x000001da54aae134 sp=0x0000006daccfdeb0
Event: 48.902 Thread 0x000001da6662cbe0 DEOPT UNPACKING pc=0x000001da54213aa2 sp=0x0000006daccfdde0 mode 2
Event: 48.920 Thread 0x000001da698e39e0 DEOPT PACKING pc=0x000001da4d570948 sp=0x0000006daa1fd230
Event: 48.921 Thread 0x000001da698e39e0 DEOPT UNPACKING pc=0x000001da54214242 sp=0x0000006daa1fc6e8 mode 0
Event: 48.926 Thread 0x000001da698e0560 Uncommon trap: trap_request=0xffffff45 fr.pc=0x000001da54ae4ec0 relative=0x0000000000000700
Event: 48.926 Thread 0x000001da698e0560 Uncommon trap: reason=unstable_if action=reinterpret pc=0x000001da54ae4ec0 method=java.lang.CharacterDataLatin1.digit(II)I @ 12 c2
Event: 48.926 Thread 0x000001da698e0560 DEOPT PACKING pc=0x000001da54ae4ec0 sp=0x0000006dadefee80
Event: 48.926 Thread 0x000001da698e0560 DEOPT UNPACKING pc=0x000001da54213aa2 sp=0x0000006dadefecb0 mode 2

Classes loaded (20 events):
Event: 31.857 Loading class sun/nio/cs/ISO_8859_1$Encoder
Event: 31.859 Loading class sun/nio/cs/ISO_8859_1$Encoder done
Event: 31.859 Loading class sun/nio/cs/Surrogate$Parser
Event: 31.861 Loading class sun/nio/cs/Surrogate$Parser done
Event: 31.861 Loading class sun/nio/cs/Surrogate
Event: 31.861 Loading class sun/nio/cs/Surrogate done
Event: 32.506 Loading class sun/nio/fs/WindowsFileCopy
Event: 32.508 Loading class sun/nio/fs/WindowsFileCopy done
Event: 48.154 Loading class java/util/concurrent/CompletableFuture$UniApply
Event: 48.155 Loading class java/util/concurrent/CompletableFuture$UniApply done
Event: 48.157 Loading class java/util/concurrent/CompletableFuture$UniExceptionally
Event: 48.158 Loading class java/util/concurrent/CompletableFuture$UniExceptionally done
Event: 48.513 Loading class java/lang/Throwable$WrappedPrintWriter
Event: 48.513 Loading class java/lang/Throwable$PrintStreamOrWriter
Event: 48.514 Loading class java/lang/Throwable$PrintStreamOrWriter done
Event: 48.514 Loading class java/lang/Throwable$WrappedPrintWriter done
Event: 48.544 Loading class javax/xml/transform/TransformerConfigurationException
Event: 48.545 Loading class javax/xml/transform/TransformerConfigurationException done
Event: 48.759 Loading class java/util/Hashtable$KeySet
Event: 48.760 Loading class java/util/Hashtable$KeySet done

Classes unloaded (8 events):
Event: 6.502 Thread 0x000001da433e0b10 Unloading class 0x000001da011a9400 'java/lang/invoke/LambdaForm$MH+0x000001da011a9400'
Event: 6.502 Thread 0x000001da433e0b10 Unloading class 0x000001da011a9000 'java/lang/invoke/LambdaForm$MH+0x000001da011a9000'
Event: 6.503 Thread 0x000001da433e0b10 Unloading class 0x000001da011a8c00 'java/lang/invoke/LambdaForm$MH+0x000001da011a8c00'
Event: 6.503 Thread 0x000001da433e0b10 Unloading class 0x000001da011a8800 'java/lang/invoke/LambdaForm$MH+0x000001da011a8800'
Event: 6.503 Thread 0x000001da433e0b10 Unloading class 0x000001da011a8400 'java/lang/invoke/LambdaForm$BMH+0x000001da011a8400'
Event: 6.503 Thread 0x000001da433e0b10 Unloading class 0x000001da011a8000 'java/lang/invoke/LambdaForm$DMH+0x000001da011a8000'
Event: 6.503 Thread 0x000001da433e0b10 Unloading class 0x000001da011a6c00 'java/lang/invoke/LambdaForm$DMH+0x000001da011a6c00'
Event: 41.295 Thread 0x000001da433e0b10 Unloading class 0x000001da01690c00 'java/lang/invoke/LambdaForm$DMH+0x000001da01690c00'

Classes redefined (0 events):
No events

Internal exceptions (20 events):
Event: 48.490 Thread 0x000001da698e3350 Exception <a 'sun/nio/fs/WindowsException'{0x00000000d562fa18}> (0x00000000d562fa18) 
thrown [s\open\src\hotspot\share\prims\jni.cpp, line 520]
Event: 48.494 Thread 0x000001da698e3350 Exception <a 'java/lang/IncompatibleClassChangeError'{0x00000000d56679c8}: Found class java.lang.Object, but interface was expected> (0x00000000d56679c8) 
thrown [s\open\src\hotspot\share\interpreter\linkResolver.cpp, line 841]
Event: 48.501 Thread 0x000001da698e3350 Exception <a 'java/lang/IncompatibleClassChangeError'{0x00000000d559c128}: Found class java.lang.Object, but interface was expected> (0x00000000d559c128) 
thrown [s\open\src\hotspot\share\interpreter\linkResolver.cpp, line 841]
Event: 48.513 Thread 0x000001da698e3350 Exception <a 'java/lang/IncompatibleClassChangeError'{0x00000000d55bc2c0}: Found class java.lang.Object, but interface was expected> (0x00000000d55bc2c0) 
thrown [s\open\src\hotspot\share\interpreter\linkResolver.cpp, line 841]
Event: 48.532 Thread 0x000001da698e3350 Exception <a 'java/lang/IncompatibleClassChangeError'{0x00000000d55cf790}: Found class java.lang.Object, but interface was expected> (0x00000000d55cf790) 
thrown [s\open\src\hotspot\share\interpreter\linkResolver.cpp, line 841]
Event: 48.663 Thread 0x000001da698e3350 Exception <a 'java/lang/IncompatibleClassChangeError'{0x00000000d55809e8}: Found class java.lang.Object, but interface was expected> (0x00000000d55809e8) 
thrown [s\open\src\hotspot\share\interpreter\linkResolver.cpp, line 841]
Event: 48.807 Thread 0x000001da698e6e60 Implicit null exception at 0x000001da54fc0b63 to 0x000001da54fc186c
Event: 48.813 Thread 0x000001da6662cbe0 Exception <a 'sun/nio/fs/WindowsException'{0x00000000d57e7fc0}> (0x00000000d57e7fc0) 
thrown [s\open\src\hotspot\share\prims\jni.cpp, line 520]
Event: 48.814 Thread 0x000001da6662cbe0 Exception <a 'sun/nio/fs/WindowsException'{0x00000000d57e8868}> (0x00000000d57e8868) 
thrown [s\open\src\hotspot\share\prims\jni.cpp, line 520]
Event: 48.815 Thread 0x000001da6662cbe0 Exception <a 'sun/nio/fs/WindowsException'{0x00000000d582eb30}> (0x00000000d582eb30) 
thrown [s\open\src\hotspot\share\prims\jni.cpp, line 520]
Event: 48.815 Thread 0x000001da6662cbe0 Exception <a 'sun/nio/fs/WindowsException'{0x00000000d582f3d8}> (0x00000000d582f3d8) 
thrown [s\open\src\hotspot\share\prims\jni.cpp, line 520]
Event: 48.836 Thread 0x000001da6662cbe0 Exception <a 'java/io/FileNotFoundException'{0x00000000d5636f70}> (0x00000000d5636f70) 
thrown [s\open\src\hotspot\share\prims\jni.cpp, line 520]
Event: 48.836 Thread 0x000001da6662cbe0 Exception <a 'java/io/FileNotFoundException'{0x00000000d567a648}> (0x00000000d567a648) 
thrown [s\open\src\hotspot\share\prims\jni.cpp, line 520]
Event: 48.869 Thread 0x000001da6662cbe0 Exception <a 'sun/nio/fs/WindowsException'{0x00000000d56e73f8}> (0x00000000d56e73f8) 
thrown [s\open\src\hotspot\share\prims\jni.cpp, line 520]
Event: 48.870 Thread 0x000001da6662cbe0 Exception <a 'sun/nio/fs/WindowsException'{0x00000000d56e7bb0}> (0x00000000d56e7bb0) 
thrown [s\open\src\hotspot\share\prims\jni.cpp, line 520]
Event: 48.875 Thread 0x000001da666334e0 Exception <a 'java/lang/NoSuchMethodError'{0x00000000d5945f00}: 'java.lang.Object java.lang.invoke.DirectMethodHandle$Holder.invokeSpecial(java.lang.Object, java.lang.Object, int, long)'> (0x00000000d5945f00) 
thrown [s\open\src\hotspot\share\interpreter\linkResolver.cpp, line 774]
Event: 48.878 Thread 0x000001da666334e0 Implicit null exception at 0x000001da549015e2 to 0x000001da549016dc
Event: 48.902 Thread 0x000001da698e39e0 Exception <a 'java/lang/NoSuchMethodError'{0x00000000d55ea968}: 'java.lang.Object java.lang.invoke.DirectMethodHandle$Holder.invokeSpecial(java.lang.Object, java.lang.Object, java.lang.Object, java.lang.Object, int, java.lang.Object, java.lang.Object)'> (0x00000000d55ea968) 
thrown [s\open\src\hotspot\share\interpreter\linkResolver.cpp, line 774]
Event: 48.924 Thread 0x000001da6662cbe0 Exception <a 'sun/nio/fs/WindowsException'{0x00000000d56a21c0}> (0x00000000d56a21c0) 
thrown [s\open\src\hotspot\share\prims\jni.cpp, line 520]
Event: 48.924 Thread 0x000001da6662cbe0 Exception <a 'sun/nio/fs/WindowsException'{0x00000000d56e7010}> (0x00000000d56e7010) 
thrown [s\open\src\hotspot\share\prims\jni.cpp, line 520]

ZGC Phase Switch (0 events):
No events

VM Operations (20 events):
Event: 48.763 Executing VM operation: ParallelGCFailedAllocation (Allocation Failure) done
Event: 48.772 Executing VM operation: ParallelGCFailedAllocation (Allocation Failure)
Event: 48.775 Executing VM operation: ParallelGCFailedAllocation (Allocation Failure) done
Event: 48.784 Executing VM operation: ParallelGCFailedAllocation (Allocation Failure)
Event: 48.787 Executing VM operation: ParallelGCFailedAllocation (Allocation Failure) done
Event: 48.798 Executing VM operation: ParallelGCFailedAllocation (Allocation Failure)
Event: 48.801 Executing VM operation: ParallelGCFailedAllocation (Allocation Failure) done
Event: 48.819 Executing VM operation: ParallelGCFailedAllocation (Allocation Failure)
Event: 48.831 Executing VM operation: ParallelGCFailedAllocation (Allocation Failure) done
Event: 48.845 Executing VM operation: ParallelGCFailedAllocation (Allocation Failure)
Event: 48.862 Executing VM operation: ParallelGCFailedAllocation (Allocation Failure) done
Event: 48.875 Executing VM operation: ParallelGCFailedAllocation (Allocation Failure)
Event: 48.878 Executing VM operation: ParallelGCFailedAllocation (Allocation Failure) done
Event: 48.898 Executing VM operation: ParallelGCFailedAllocation (Allocation Failure)
Event: 48.900 Executing VM operation: ParallelGCFailedAllocation (Allocation Failure) done
Event: 48.917 Executing VM operation: ParallelGCFailedAllocation (Allocation Failure)
Event: 48.920 Executing VM operation: ParallelGCFailedAllocation (Allocation Failure) done
Event: 48.932 Executing VM operation: ParallelGCFailedAllocation (Allocation Failure)
Event: 48.934 Executing VM operation: ParallelGCFailedAllocation (Allocation Failure) done
Event: 49.944 Executing VM operation: Cleanup

Memory protections (0 events):
No events

Nmethod flushes (20 events):
Event: 41.376 Thread 0x000001da433e0b10 flushing  nmethod 0x000001da4d451f90
Event: 41.376 Thread 0x000001da433e0b10 flushing  nmethod 0x000001da4d452f90
Event: 41.376 Thread 0x000001da433e0b10 flushing  nmethod 0x000001da4d459e90
Event: 41.376 Thread 0x000001da433e0b10 flushing  nmethod 0x000001da4d47d310
Event: 41.376 Thread 0x000001da433e0b10 flushing  nmethod 0x000001da4d482610
Event: 41.376 Thread 0x000001da433e0b10 flushing osr nmethod 0x000001da4d4cff90
Event: 41.376 Thread 0x000001da433e0b10 flushing  nmethod 0x000001da4d4f4790
Event: 41.376 Thread 0x000001da433e0b10 flushing  nmethod 0x000001da4d4fe890
Event: 41.376 Thread 0x000001da433e0b10 flushing  nmethod 0x000001da4d509510
Event: 41.376 Thread 0x000001da433e0b10 flushing osr nmethod 0x000001da4d517f90
Event: 41.376 Thread 0x000001da433e0b10 flushing  nmethod 0x000001da4d521e90
Event: 41.376 Thread 0x000001da433e0b10 flushing  nmethod 0x000001da4d524510
Event: 41.376 Thread 0x000001da433e0b10 flushing  nmethod 0x000001da4d528a10
Event: 41.376 Thread 0x000001da433e0b10 flushing osr nmethod 0x000001da4d557c10
Event: 41.376 Thread 0x000001da433e0b10 flushing  nmethod 0x000001da4d564090
Event: 41.376 Thread 0x000001da433e0b10 flushing  nmethod 0x000001da4d572c90
Event: 41.376 Thread 0x000001da433e0b10 flushing  nmethod 0x000001da4d579e90
Event: 41.376 Thread 0x000001da433e0b10 flushing  nmethod 0x000001da4d57b690
Event: 41.376 Thread 0x000001da433e0b10 flushing  nmethod 0x000001da4d583f90
Event: 41.376 Thread 0x000001da433e0b10 flushing  nmethod 0x000001da4d5b6e90

Events (20 events):
Event: 34.613 Thread 0x000001da42665ec0 Thread added: 0x000001da67b78970
Event: 37.036 Thread 0x000001da67b78970 Thread exited: 0x000001da67b78970
Event: 37.235 Thread 0x000001da6919b030 Thread exited: 0x000001da6919b030
Event: 39.677 Thread 0x000001da42665360 Thread added: 0x000001da73027030
Event: 40.760 Thread 0x000001da73027030 Thread exited: 0x000001da73027030
Event: 46.936 Thread 0x000001da42665360 Thread added: 0x000001da68a90d80
Event: 48.157 Thread 0x000001da698e3350 Thread added: 0x000001da698e39e0
Event: 48.235 Thread 0x000001da42665ec0 Thread added: 0x000001da6915fb50
Event: 48.393 Thread 0x000001da6915fb50 Thread exited: 0x000001da6915fb50
Event: 48.502 Thread 0x000001da698e3350 Thread added: 0x000001da698e1910
Event: 48.505 Thread 0x000001da698e3350 Thread added: 0x000001da698e1fa0
Event: 48.506 Thread 0x000001da698e3350 Thread added: 0x000001da698e0560
Event: 48.507 Thread 0x000001da698e0560 Thread added: 0x000001da698e4d90
Event: 48.507 Thread 0x000001da698e4d90 Thread added: 0x000001da698e5ab0
Event: 48.512 Thread 0x000001da42665ec0 Thread added: 0x000001da6915fb50
Event: 48.516 Thread 0x000001da698e3350 Thread added: 0x000001da698e67d0
Event: 48.703 Thread 0x000001da698e4d90 Thread added: 0x000001da698e6e60
Event: 48.703 Thread 0x000001da6662d900 Thread added: 0x000001da698e74f0
Event: 48.706 Thread 0x000001da698e6e60 Thread added: 0x000001da698e6140
Event: 48.706 Thread 0x000001da698e74f0 Thread added: 0x000001da69d6b7a0


Dynamic libraries:
0x00007ff736810000 - 0x00007ff736820000 	C:\Program Files\Java\jdk-22\bin\java.exe
0x00007fff88fe0000 - 0x00007fff89247000 	C:\WINDOWS\SYSTEM32\ntdll.dll
0x00007fff875b0000 - 0x00007fff87679000 	C:\WINDOWS\System32\KERNEL32.DLL
0x00007fff86510000 - 0x00007fff86907000 	C:\WINDOWS\System32\KERNELBASE.dll
0x00007fff86280000 - 0x00007fff863cb000 	C:\WINDOWS\System32\ucrtbase.dll
0x00007fff78040000 - 0x00007fff78057000 	C:\Program Files\Java\jdk-22\bin\jli.dll
0x00007fff78170000 - 0x00007fff7818b000 	C:\Program Files\Java\jdk-22\bin\VCRUNTIME140.dll
0x00007fff88000000 - 0x00007fff881c6000 	C:\WINDOWS\System32\USER32.dll
0x00007fff6a770000 - 0x00007fff6aa02000 	C:\WINDOWS\WinSxS\amd64_microsoft.windows.common-controls_6595b64144ccf1df_6.0.26100.8457_none_3e0b2faee331e92d\COMCTL32.dll
0x00007fff86d30000 - 0x00007fff86d57000 	C:\WINDOWS\System32\win32u.dll
0x00007fff879e0000 - 0x00007fff87a89000 	C:\WINDOWS\System32\msvcrt.dll
0x00007fff879b0000 - 0x00007fff879db000 	C:\WINDOWS\System32\GDI32.dll
0x00007fff86b40000 - 0x00007fff86c6c000 	C:\WINDOWS\System32\gdi32full.dll
0x00007fff863d0000 - 0x00007fff86473000 	C:\WINDOWS\System32\msvcp_win.dll
0x00007fff87500000 - 0x00007fff87532000 	C:\WINDOWS\System32\IMM32.DLL
0x00007fff81220000 - 0x00007fff8122c000 	C:\Program Files\Java\jdk-22\bin\vcruntime140_1.dll
0x00007fff3ccf0000 - 0x00007fff3cd7e000 	C:\Program Files\Java\jdk-22\bin\msvcp140.dll
0x00007ffe96f70000 - 0x00007ffe97cb9000 	C:\Program Files\Java\jdk-22\bin\server\jvm.dll
0x00007fff88ee0000 - 0x00007fff88f96000 	C:\WINDOWS\System32\ADVAPI32.dll
0x00007fff88240000 - 0x00007fff882e7000 	C:\WINDOWS\System32\sechost.dll
0x00007fff88b90000 - 0x00007fff88ca8000 	C:\WINDOWS\System32\RPCRT4.dll
0x00007fff87680000 - 0x00007fff87700000 	C:\WINDOWS\System32\WS2_32.dll
0x00007fff85890000 - 0x00007fff858ee000 	C:\WINDOWS\SYSTEM32\POWRPROF.dll
0x00007fff7e700000 - 0x00007fff7e736000 	C:\WINDOWS\SYSTEM32\WINMM.dll
0x00007fff7e740000 - 0x00007fff7e74b000 	C:\WINDOWS\SYSTEM32\VERSION.dll
0x00007fff85850000 - 0x00007fff85864000 	C:\WINDOWS\SYSTEM32\UMPDC.dll
0x00007fff847a0000 - 0x00007fff847bb000 	C:\WINDOWS\SYSTEM32\kernel.appcore.dll
0x00007fff7e9d0000 - 0x00007fff7e9da000 	C:\Program Files\Java\jdk-22\bin\jimage.dll
0x00007fff79f60000 - 0x00007fff7a1a2000 	C:\WINDOWS\SYSTEM32\DBGHELP.DLL
0x00007fff87b70000 - 0x00007fff87ef3000 	C:\WINDOWS\System32\combase.dll
0x00007fff88aa0000 - 0x00007fff88b79000 	C:\WINDOWS\System32\OLEAUT32.dll
0x00007fff697f0000 - 0x00007fff6982b000 	C:\WINDOWS\SYSTEM32\dbgcore.DLL
0x00007fff86910000 - 0x00007fff869b8000 	C:\WINDOWS\System32\bcryptPrimitives.dll
0x00007fff79a10000 - 0x00007fff79a1f000 	C:\Program Files\Java\jdk-22\bin\instrument.dll
0x00007fff75380000 - 0x00007fff7539e000 	C:\Program Files\Java\jdk-22\bin\java.dll
0x00007fff88320000 - 0x00007fff88a8e000 	C:\WINDOWS\System32\SHELL32.dll
0x00007fff87710000 - 0x00007fff878a7000 	C:\WINDOWS\System32\ole32.dll
0x00007fff85a10000 - 0x00007fff8627c000 	C:\WINDOWS\System32\windows.storage.dll
0x00007fff87f00000 - 0x00007fff87ff6000 	C:\WINDOWS\System32\SHCORE.dll
0x00007fff87540000 - 0x00007fff875a6000 	C:\WINDOWS\System32\shlwapi.dll
0x00007fff85930000 - 0x00007fff85959000 	C:\WINDOWS\SYSTEM32\profapi.dll
0x00007fff33d00000 - 0x00007fff33dd7000 	C:\Program Files\Java\jdk-22\bin\jsvml.dll
0x00007fff752e0000 - 0x00007fff752f7000 	C:\Program Files\Java\jdk-22\bin\zip.dll
0x00007fff78140000 - 0x00007fff78150000 	C:\Program Files\Java\jdk-22\bin\net.dll
0x00007fff84d10000 - 0x00007fff84d7c000 	C:\WINDOWS\system32\mswsock.dll
0x00007fff6f0f0000 - 0x00007fff6f106000 	C:\Program Files\Java\jdk-22\bin\nio.dll
0x00007fff76d50000 - 0x00007fff76d60000 	C:\Program Files\Java\jdk-22\bin\verify.dll
0x00007fff54730000 - 0x00007fff54775000 	C:\Users\shrav\AppData\Roaming\Code\User\globalStorage\redhat.java\1.54.0\config_win\org.eclipse.equinox.launcher\org.eclipse.equinox.launcher.win32.win32.x86_64_1.3.0.v20260203-2149\eclipse_11919.dll
0x00007fff84ff0000 - 0x00007fff8500b000 	C:\WINDOWS\SYSTEM32\CRYPTSP.dll
0x00007fff84700000 - 0x00007fff84739000 	C:\WINDOWS\system32\rsaenh.dll
0x00007fff84dc0000 - 0x00007fff84df3000 	C:\WINDOWS\SYSTEM32\USERENV.dll
0x00007fff85900000 - 0x00007fff8592a000 	C:\WINDOWS\SYSTEM32\bcrypt.dll
0x00007fff85010000 - 0x00007fff8501c000 	C:\WINDOWS\SYSTEM32\CRYPTBASE.dll
0x00007fff841c0000 - 0x00007fff841f2000 	C:\WINDOWS\SYSTEM32\IPHLPAPI.DLL
0x00007fff88b80000 - 0x00007fff88b8a000 	C:\WINDOWS\System32\NSI.dll
0x00007fff0e520000 - 0x00007fff0e569000 	C:\Users\shrav\AppData\Local\Temp\jna-109415858\jna1883718896423805165.dll
0x00007fff882f0000 - 0x00007fff882f8000 	C:\WINDOWS\System32\PSAPI.DLL
0x00007fff5d470000 - 0x00007fff5d47a000 	C:\Program Files\Java\jdk-22\bin\management.dll
0x00007fff5caa0000 - 0x00007fff5caab000 	C:\Program Files\Java\jdk-22\bin\management_ext.dll
0x00007fff7ffc0000 - 0x00007fff800e9000 	C:\WINDOWS\SYSTEM32\winhttp.dll
0x00007fff80680000 - 0x00007fff8069d000 	C:\WINDOWS\SYSTEM32\dhcpcsvc6.DLL
0x00007fff80370000 - 0x00007fff80395000 	C:\WINDOWS\SYSTEM32\dhcpcsvc.DLL

dbghelp: loaded successfully - version: 4.0.5 - missing functions: none
symbol engine: initialized successfully - sym options: 0x614 - pdb path: .;C:\Program Files\Java\jdk-22\bin;C:\WINDOWS\SYSTEM32;C:\WINDOWS\WinSxS\amd64_microsoft.windows.common-controls_6595b64144ccf1df_6.0.26100.8457_none_3e0b2faee331e92d;C:\Program Files\Java\jdk-22\bin\server;C:\Users\shrav\AppData\Roaming\Code\User\globalStorage\redhat.java\1.54.0\config_win\org.eclipse.equinox.launcher\org.eclipse.equinox.launcher.win32.win32.x86_64_1.3.0.v20260203-2149;C:\Users\shrav\AppData\Local\Temp\jna-109415858

VM Arguments:
jvm_args: --add-modules=ALL-SYSTEM --add-opens=java.base/java.util=ALL-UNNAMED --add-opens=java.base/java.lang=ALL-UNNAMED --add-opens=java.base/sun.nio.fs=ALL-UNNAMED -Declipse.application=org.eclipse.jdt.ls.core.id1 -Dosgi.bundles.defaultStartLevel=4 -Declipse.product=org.eclipse.jdt.ls.core.product -Djava.import.generatesMetadataFilesAtProjectRoot=false -DDetectVMInstallationsJob.disabled=true -Dfile.encoding=utf8 -XX:+UseParallelGC -XX:GCTimeRatio=4 -XX:AdaptiveSizePolicyWeight=90 -Dsun.zip.disableMemoryMapping=true -Xmx2G -Xms100m -Xlog:disable -javaagent:c:\Users\shrav\.vscode\extensions\redhat.java-1.54.0-win32-x64\lombok\lombok-1.18.39-4050.jar -XX:+HeapDumpOnOutOfMemoryError -XX:HeapDumpPath=c:\Users\shrav\AppData\Roaming\Code\User\workspaceStorage\8c146ec206b80605d5f3eaebc9643368\redhat.java -Daether.dependencyCollector.impl=bf 
java_command: c:\Users\shrav\.vscode\extensions\redhat.java-1.54.0-win32-x64\server\plugins\org.eclipse.equinox.launcher_1.7.100.v20251111-0406.jar -configuration c:\Users\shrav\AppData\Roaming\Code\User\globalStorage\redhat.java\1.54.0\config_win -data c:\Users\shrav\AppData\Roaming\Code\User\workspaceStorage\8c146ec206b80605d5f3eaebc9643368\redhat.java\jdt_ws --pipe=\\.\pipe\lsp-7f622b0ee92c4044858590eac9f1ee79-sock
java_class_path (initial): c:\Users\shrav\.vscode\extensions\redhat.java-1.54.0-win32-x64\server\plugins\org.eclipse.equinox.launcher_1.7.100.v20251111-0406.jar
Launcher Type: SUN_STANDARD

[Global flags]
     uint AdaptiveSizePolicyWeight                 = 90                                        {product} {command line}
     intx CICompilerCount                          = 4                                         {product} {ergonomic}
     uint GCTimeRatio                              = 4                                         {product} {command line}
     bool HeapDumpOnOutOfMemoryError               = true                                   {manageable} {command line}
    ccstr HeapDumpPath                             = c:\Users\shrav\AppData\Roaming\Code\User\workspaceStorage\8c146ec206b80605d5f3eaebc9643368\redhat.java         {manageable} {command line}
   size_t InitialHeapSize                          = 104857600                                 {product} {command line}
   size_t MaxHeapSize                              = 2147483648                                {product} {command line}
   size_t MaxNewSize                               = 715653120                                 {product} {ergonomic}
   size_t MinHeapDeltaBytes                        = 524288                                    {product} {ergonomic}
   size_t MinHeapSize                              = 104857600                                 {product} {command line}
   size_t NewSize                                  = 34603008                                  {product} {ergonomic}
    uintx NonNMethodCodeHeapSize                   = 5839372                                {pd product} {ergonomic}
    uintx NonProfiledCodeHeapSize                  = 122909434                              {pd product} {ergonomic}
   size_t OldSize                                  = 70254592                                  {product} {ergonomic}
    uintx ProfiledCodeHeapSize                     = 122909434                              {pd product} {ergonomic}
    uintx ReservedCodeCacheSize                    = 251658240                              {pd product} {ergonomic}
     bool SegmentedCodeCache                       = true                                      {product} {ergonomic}
   size_t SoftMaxHeapSize                          = 2147483648                             {manageable} {ergonomic}
     bool UseCompressedOops                        = true                           {product lp64_product} {ergonomic}
     bool UseLargePagesIndividualAllocation        = false                                  {pd product} {ergonomic}
     bool UseParallelGC                            = true                                      {product} {command line}

Logging:
Log output configuration:
 #0: stdout all=off uptime,level,tags foldmultilines=false
 #1: stderr all=off uptime,level,tags foldmultilines=false

Environment Variables:
PATH=C:\oracle\product\21c\db_home1\bin;C:\Program Files\Common Files\Oracle\Java\javapath;C:\WINDOWS\system32;C:\WINDOWS;C:\WINDOWS\System32\Wbem;C:\WINDOWS\System32\WindowsPowerShell\v1.0\;C:\WINDOWS\System32\OpenSSH\;C:\MinGW\bin;C:\Program Files\Git\cmd;C:\Program Files\Git\mingw64\bin;C:\Program Files\Git\usr\bin;C:\Program Files\nodejs\;C:\Users\shrav\Downloads\mongodb-windows-x86_64-8.2.4-signed.msi;C:\Program Files\MongoDB\Server\8.2\bin;C:\Program Files\MySQL\MySQL Shell 8.0\bin\;C:\Users\shrav\AppData\Local\Programs\Python\Python310\Scripts\;C:\Users\shrav\AppData\Local\Programs\Python\Python310\;C:\Users\shrav\.local\bin;C:\Users\shrav\AppData\Local\Microsoft\WindowsApps;C:\Users\shrav\AppData\Local\Programs\Microsoft VS Code\bin;C:\Users\shrav\AppData\Local\GitHubDesktop\bin;C:\Users\shrav\AppData\Roaming\npm;C:\Program Files\mongosh\;C:\Users\shrav\AppData\Local\Python\bin;C:\Users\shrav\Downloads\python-3.10.8-amd64.exe
USERNAME=shrav
OS=Windows_NT
PROCESSOR_IDENTIFIER=AMD64 Family 25 Model 80 Stepping 0, AuthenticAMD
TMP=C:\Users\shrav\AppData\Local\Temp
TEMP=C:\Users\shrav\AppData\Local\Temp




Periodic native trim disabled

---------------  S Y S T E M  ---------------

OS:
 Windows 11 , 64 bit Build 26100 (10.0.26100.8328)
OS uptime: 0 days 12:30 hours
Hyper-V role detected

CPU: total 12 (initial active 12) (12 cores per cpu, 2 threads per core) family 25 model 80 stepping 0 microcode 0xa50000f, cx8, cmov, fxsr, ht, mmx, 3dnowpref, sse, sse2, sse3, ssse3, sse4a, sse4.1, sse4.2, popcnt, lzcnt, tsc, tscinvbit, avx, avx2, aes, erms, clmul, bmi1, bmi2, adx, sha, fma, vzeroupper, clflush, clflushopt, hv, rdtscp, rdpid, fsrm, f16c, cet_ss
Processor Information for processor 0
  Max Mhz: 3301, Current Mhz: 1908, Mhz Limit: 3301
Processor Information for processor 1
  Max Mhz: 3301, Current Mhz: 1908, Mhz Limit: 3301
Processor Information for processor 2
  Max Mhz: 3301, Current Mhz: 1908, Mhz Limit: 3301
Processor Information for processor 3
  Max Mhz: 3301, Current Mhz: 1908, Mhz Limit: 3301
Processor Information for processor 4
  Max Mhz: 3301, Current Mhz: 1908, Mhz Limit: 3301
Processor Information for processor 5
  Max Mhz: 3301, Current Mhz: 1805, Mhz Limit: 3301
Processor Information for processor 6
  Max Mhz: 3301, Current Mhz: 1908, Mhz Limit: 3301
Processor Information for processor 7
  Max Mhz: 3301, Current Mhz: 1908, Mhz Limit: 3301
Processor Information for processor 8
  Max Mhz: 3301, Current Mhz: 1908, Mhz Limit: 3301
Processor Information for processor 9
  Max Mhz: 3301, Current Mhz: 1805, Mhz Limit: 3301
Processor Information for processor 10
  Max Mhz: 3301, Current Mhz: 1908, Mhz Limit: 3301
Processor Information for processor 11
  Max Mhz: 3301, Current Mhz: 1908, Mhz Limit: 3301

Memory: 4k page, system-wide physical 7518M (583M free)
TotalPageFile size 31070M (AvailPageFile size 8M)
current process WorkingSet (physical memory assigned to process): 893M, peak: 893M
current process commit charge ("private bytes"): 938M, peak: 940M

vm_info: Java HotSpot(TM) 64-Bit Server VM (22.0.2+9-70) for windows-amd64 JRE (22.0.2+9-70), built on 2024-06-04T16:52:23Z by "mach5one" with MS VC++ 17.6 (VS2022)

END.
