#
# There is insufficient memory for the Java Runtime Environment to continue.
# Native memory allocation (malloc) failed to allocate 1290576 bytes. Error detail: Chunk::new
# Possible reasons:
#   The system is out of physical RAM or swap space
#   This process is running with CompressedOops enabled, and the Java Heap may be blocking the growth of the native heap
# Possible solutions:
#   Reduce memory load on the system
#   Increase physical memory or swap space
#   Check if swap backing store is full
#   Decrease Java heap size (-Xmx/-Xms)
#   Decrease number of Java threads
#   Decrease Java thread stack sizes (-Xss)
#   Set larger code cache with -XX:ReservedCodeCacheSize=
#   JVM is running with Unscaled Compressed Oops mode in which the Java heap is
#     placed in the first 4GB address space. The Java Heap base address is the
#     maximum limit for the native heap growth. Please use -XX:HeapBaseMinAddress
#     to set the Java Heap base and to place the Java Heap above 4GB virtual address.
# This output file may be truncated or incomplete.
#
#  Out of Memory Error (arena.cpp:150), pid=25812, tid=19372
#
# JRE version: Java(TM) SE Runtime Environment (22.0.2+9) (build 22.0.2+9-70)
# Java VM: Java HotSpot(TM) 64-Bit Server VM (22.0.2+9-70, mixed mode, sharing, tiered, compressed oops, compressed class ptrs, parallel gc, windows-amd64)
# No core dump will be written. Minidumps are not enabled by default on client versions of Windows
#

---------------  S U M M A R Y ------------

Command Line: --add-modules=ALL-SYSTEM --add-opens=java.base/java.util=ALL-UNNAMED --add-opens=java.base/java.lang=ALL-UNNAMED --add-opens=java.base/sun.nio.fs=ALL-UNNAMED -Declipse.application=org.eclipse.jdt.ls.core.id1 -Dosgi.bundles.defaultStartLevel=4 -Declipse.product=org.eclipse.jdt.ls.core.product -Djava.import.generatesMetadataFilesAtProjectRoot=false -DDetectVMInstallationsJob.disabled=true -Dfile.encoding=utf8 -XX:+UseParallelGC -XX:GCTimeRatio=4 -XX:AdaptiveSizePolicyWeight=90 -Dsun.zip.disableMemoryMapping=true -Xmx2G -Xms100m -Xlog:disable -javaagent:c:\Users\shrav\.vscode\extensions\redhat.java-1.54.0-win32-x64\lombok\lombok-1.18.39-4050.jar -XX:+HeapDumpOnOutOfMemoryError -XX:HeapDumpPath=c:\Users\shrav\AppData\Roaming\Code\User\workspaceStorage\8c146ec206b80605d5f3eaebc9643368\redhat.java -Daether.dependencyCollector.impl=bf c:\Users\shrav\.vscode\extensions\redhat.java-1.54.0-win32-x64\server\plugins\org.eclipse.equinox.launcher_1.7.100.v20251111-0406.jar -configuration c:\Users\shrav\AppData\Roaming\Code\User\globalStorage\redhat.java\1.54.0\config_win -data c:\Users\shrav\AppData\Roaming\Code\User\workspaceStorage\8c146ec206b80605d5f3eaebc9643368\redhat.java\jdt_ws --pipe=\\.\pipe\lsp-80927ea5745966af4fd183488d4e546f-sock

Host: AMD Ryzen 5 5600H with Radeon Graphics         , 12 cores, 7G,  Windows 11 , 64 bit Build 26100 (10.0.26100.8328)
Time: Tue May 26 23:53:40 2026 India Standard Time elapsed time: 49.174908 seconds (0d 0h 0m 49s)

---------------  T H R E A D  ---------------

Current thread (0x000002421b3644d0):  JavaThread "C2 CompilerThread0" daemon [_thread_in_native, id=19372, stack(0x000000727bc00000,0x000000727bd00000) (1024K)]


Current CompileTask:
C2:49175 13661   !   4       org.eclipse.jdt.internal.compiler.classfmt.ClassFileReader::<init> (1968 bytes)

Stack: [0x000000727bc00000,0x000000727bd00000]
Native frames: (J=compiled Java code, j=interpreted, Vv=VM code, C=native code)
V  [jvm.dll+0x6e26e9]  (no source info available)
V  [jvm.dll+0x875753]  (no source info available)
V  [jvm.dll+0x877b7e]  (no source info available)
V  [jvm.dll+0x878253]  (no source info available)
V  [jvm.dll+0x27fc86]  (no source info available)
V  [jvm.dll+0xc3d0f]  (no source info available)
V  [jvm.dll+0xc3f6b]  (no source info available)
V  [jvm.dll+0x3bb442]  (no source info available)
V  [jvm.dll+0x387d4b]  (no source info available)
V  [jvm.dll+0x3871ba]  (no source info available)
V  [jvm.dll+0x2477f8]  (no source info available)
V  [jvm.dll+0x246e9f]  (no source info available)
V  [jvm.dll+0x1c4e80]  (no source info available)
V  [jvm.dll+0x2568f3]  (no source info available)
V  [jvm.dll+0x254baa]  (no source info available)
V  [jvm.dll+0x3f57a6]  (no source info available)
V  [jvm.dll+0x81dc0b]  (no source info available)
V  [jvm.dll+0x6e0d85]  (no source info available)
C  [ucrtbase.dll+0x37b0]  (no source info available)
C  [KERNEL32.DLL+0x2e957]  (no source info available)
C  [ntdll.dll+0x427c]  (no source info available)


---------------  P R O C E S S  ---------------

Threads class SMR info:
_java_thread_list=0x0000024222c76470, length=62, elements={
0x00000241bb440100, 0x00000241bb4e8f20, 0x00000241bb4ebe50, 0x00000241bb4eee10,
0x00000241bb4f3890, 0x00000241bb4f9810, 0x00000241bb4fcbd0, 0x000002421b3644d0,
0x000002421b38c630, 0x000002421b474920, 0x000002421b732690, 0x000002421c439b20,
0x000002421c43aed0, 0x000002421c43a1b0, 0x000002421c43a840, 0x000002421c4380e0,
0x000002421c438e00, 0x000002421c59c3c0, 0x000002421c59e490, 0x000002421c59ca50,
0x000002421c59b010, 0x000002421c59d770, 0x000002421c59b6a0, 0x000002421c59de00,
0x000002421c59d0e0, 0x000002421c59bd30, 0x000002421c5a0bf0, 0x000002421c59fed0,
0x000002421c59eb20, 0x000002421c59f840, 0x000002421c59f1b0, 0x000002421c5a1280,
0x000002421c5a0560, 0x000002421c5a1910, 0x000002421c5a1fa0, 0x000002421c5a2630,
0x000002421c43b560, 0x000002421c438770, 0x000002421c439490, 0x0000024222ceadc0,
0x0000024222ce9380, 0x0000024222cebae0, 0x0000024224026bc0, 0x0000024222cea0a0,
0x00000242238687b0, 0x0000024222ceb450, 0x0000024222cec800, 0x0000024222cea730,
0x0000024222cee240, 0x0000024222cee8d0, 0x0000024222cef5f0, 0x0000024222cec170,
0x0000024222cefc80, 0x0000024222cf0310, 0x0000024222cf09a0, 0x00000242239bfb70,
0x00000242239c0200, 0x00000242239bee50, 0x00000242239c0890, 0x00000242239bd410,
0x00000242239c0f20, 0x00000242239bdaa0
}

Java Threads: ( => current thread )
  0x00000241bb440100 JavaThread "main"                              [_thread_blocked, id=28720, stack(0x000000727b200000,0x000000727b300000) (1024K)]
  0x00000241bb4e8f20 JavaThread "Reference Handler"          daemon [_thread_blocked, id=18448, stack(0x000000727b600000,0x000000727b700000) (1024K)]
  0x00000241bb4ebe50 JavaThread "Finalizer"                  daemon [_thread_blocked, id=26916, stack(0x000000727b700000,0x000000727b800000) (1024K)]
  0x00000241bb4eee10 JavaThread "Signal Dispatcher"          daemon [_thread_blocked, id=21144, stack(0x000000727b800000,0x000000727b900000) (1024K)]
  0x00000241bb4f3890 JavaThread "Attach Listener"            daemon [_thread_blocked, id=13144, stack(0x000000727b900000,0x000000727ba00000) (1024K)]
  0x00000241bb4f9810 JavaThread "Service Thread"             daemon [_thread_blocked, id=33732, stack(0x000000727ba00000,0x000000727bb00000) (1024K)]
  0x00000241bb4fcbd0 JavaThread "Monitor Deflation Thread"   daemon [_thread_blocked, id=11732, stack(0x000000727bb00000,0x000000727bc00000) (1024K)]
=>0x000002421b3644d0 JavaThread "C2 CompilerThread0"         daemon [_thread_in_native, id=19372, stack(0x000000727bc00000,0x000000727bd00000) (1024K)]
  0x000002421b38c630 JavaThread "C1 CompilerThread0"         daemon [_thread_in_native, id=32876, stack(0x000000727bd00000,0x000000727be00000) (1024K)]
  0x000002421b474920 JavaThread "Common-Cleaner"             daemon [_thread_blocked, id=20080, stack(0x000000727be00000,0x000000727bf00000) (1024K)]
  0x000002421b732690 JavaThread "Notification Thread"        daemon [_thread_blocked, id=1648, stack(0x000000727c000000,0x000000727c100000) (1024K)]
  0x000002421c439b20 JavaThread "Active Thread: Equinox Container: e6bcf6b2-2f56-430b-9f85-0c45b3498fcc"        [_thread_blocked, id=4400, stack(0x000000727c800000,0x000000727c900000) (1024K)]
  0x000002421c43aed0 JavaThread "Refresh Thread: Equinox Container: e6bcf6b2-2f56-430b-9f85-0c45b3498fcc" daemon [_thread_blocked, id=22476, stack(0x000000727bf00000,0x000000727c000000) (1024K)]
  0x000002421c43a1b0 JavaThread "Framework Event Dispatcher: Equinox Container: e6bcf6b2-2f56-430b-9f85-0c45b3498fcc" daemon [_thread_blocked, id=18000, stack(0x000000727c900000,0x000000727ca00000) (1024K)]
  0x000002421c43a840 JavaThread "Start Level: Equinox Container: e6bcf6b2-2f56-430b-9f85-0c45b3498fcc" daemon [_thread_blocked, id=26444, stack(0x000000727ca00000,0x000000727cb00000) (1024K)]
  0x000002421c4380e0 JavaThread "Bundle File Closer"         daemon [_thread_blocked, id=18580, stack(0x000000727cc00000,0x000000727cd00000) (1024K)]
  0x000002421c438e00 JavaThread "SCR Component Actor"        daemon [_thread_blocked, id=31244, stack(0x000000727cb00000,0x000000727cc00000) (1024K)]
  0x000002421c59c3c0 JavaThread "Worker-JM"                         [_thread_blocked, id=20196, stack(0x000000727cf00000,0x000000727d000000) (1024K)]
  0x000002421c59e490 JavaThread "Worker-0: Check JDK Index"         [_thread_blocked, id=29336, stack(0x000000727d000000,0x000000727d100000) (1024K)]
  0x000002421c59ca50 JavaThread "Worker-1: Java indexing... "        [_thread_blocked, id=10400, stack(0x000000727d100000,0x000000727d200000) (1024K)]
  0x000002421c59b010 JavaThread "Worker-2"                          [_thread_blocked, id=28748, stack(0x000000727d200000,0x000000727d300000) (1024K)]
  0x000002421c59d770 JavaThread "Worker-3: Building"                [_thread_in_Java, id=3592, stack(0x000000727d300000,0x000000727d400000) (1024K)]
  0x000002421c59b6a0 JavaThread "Java indexing"              daemon [_thread_in_Java, id=21604, stack(0x000000727d400000,0x000000727d500000) (1024K)]
  0x000002421c59de00 JavaThread "JNA Cleaner"                daemon [_thread_blocked, id=32544, stack(0x000000727d500000,0x000000727d600000) (1024K)]
  0x000002421c59d0e0 JavaThread "Worker-4"                          [_thread_blocked, id=30312, stack(0x000000727d800000,0x000000727d900000) (1024K)]
  0x000002421c59bd30 JavaThread "Worker-5"                          [_thread_blocked, id=4220, stack(0x000000727d900000,0x000000727da00000) (1024K)]
  0x000002421c5a0bf0 JavaThread "Thread-1"                   daemon [_thread_in_native, id=27056, stack(0x000000727da00000,0x000000727db00000) (1024K)]
  0x000002421c59fed0 JavaThread "Thread-2"                   daemon [_thread_in_native, id=28568, stack(0x000000727db00000,0x000000727dc00000) (1024K)]
  0x000002421c59eb20 JavaThread "Thread-3"                   daemon [_thread_in_native, id=12296, stack(0x000000727dc00000,0x000000727dd00000) (1024K)]
  0x000002421c59f840 JavaThread "Thread-4"                   daemon [_thread_in_native, id=31624, stack(0x000000727dd00000,0x000000727de00000) (1024K)]
  0x000002421c59f1b0 JavaThread "Thread-5"                   daemon [_thread_in_native, id=4008, stack(0x000000727de00000,0x000000727df00000) (1024K)]
  0x000002421c5a1280 JavaThread "Thread-6"                   daemon [_thread_in_native, id=33688, stack(0x000000727df00000,0x000000727e000000) (1024K)]
  0x000002421c5a0560 JavaThread "Thread-7"                   daemon [_thread_in_native, id=27132, stack(0x000000727e000000,0x000000727e100000) (1024K)]
  0x000002421c5a1910 JavaThread "Thread-8"                   daemon [_thread_in_native, id=26588, stack(0x000000727e100000,0x000000727e200000) (1024K)]
  0x000002421c5a1fa0 JavaThread "Thread-9"                   daemon [_thread_in_native, id=15204, stack(0x000000727e200000,0x000000727e300000) (1024K)]
  0x000002421c5a2630 JavaThread "Thread-10"                  daemon [_thread_in_native, id=32864, stack(0x000000727e300000,0x000000727e400000) (1024K)]
  0x000002421c43b560 JavaThread "Thread-11"                  daemon [_thread_in_native, id=20924, stack(0x000000727e400000,0x000000727e500000) (1024K)]
  0x000002421c438770 JavaThread "Thread-12"                  daemon [_thread_in_native, id=29548, stack(0x000000727e500000,0x000000727e600000) (1024K)]
  0x000002421c439490 JavaThread "Thread-13"                  daemon [_thread_in_native, id=9424, stack(0x000000727e600000,0x000000727e700000) (1024K)]
  0x0000024222ceadc0 JavaThread "pool-2-thread-1"                   [_thread_blocked, id=33096, stack(0x000000727e700000,0x000000727e800000) (1024K)]
  0x0000024222ce9380 JavaThread "WorkspaceEventsHandler"            [_thread_blocked, id=27720, stack(0x000000727e900000,0x000000727ea00000) (1024K)]
  0x0000024222cebae0 JavaThread "pool-1-thread-1"                   [_thread_blocked, id=29236, stack(0x000000727ea00000,0x000000727eb00000) (1024K)]
  0x0000024224026bc0 JavaThread "C2 CompilerThread1"         daemon [_thread_in_native, id=32276, stack(0x000000727e800000,0x000000727e900000) (1024K)]
  0x0000024222cea0a0 JavaThread "Compiler Source File Reader" daemon [_thread_blocked, id=24768, stack(0x000000727eb00000,0x000000727ec00000) (1024K)]
  0x00000242238687b0 JavaThread "C2 CompilerThread2"         daemon [_thread_in_native, id=26344, stack(0x000000727ec00000,0x000000727ed00000) (1024K)]
  0x0000024222ceb450 JavaThread "ForkJoinPool.commonPool-worker-1" daemon [_thread_blocked, id=28876, stack(0x000000727ed00000,0x000000727ee00000) (1024K)]
  0x0000024222cec800 JavaThread "ForkJoinPool.commonPool-worker-2" daemon [_thread_blocked, id=22988, stack(0x000000727f000000,0x000000727f100000) (1024K)]
  0x0000024222cea730 JavaThread "ForkJoinPool.commonPool-worker-3" daemon [_thread_blocked, id=21028, stack(0x000000727f100000,0x000000727f200000) (1024K)]
  0x0000024222cee240 JavaThread "ForkJoinPool.commonPool-worker-4" daemon [_thread_blocked, id=24824, stack(0x000000727f200000,0x000000727f300000) (1024K)]
  0x0000024222cee8d0 JavaThread "ForkJoinPool.commonPool-worker-5" daemon [_thread_blocked, id=27264, stack(0x000000727f300000,0x000000727f400000) (1024K)]
  0x0000024222cef5f0 JavaThread "ForkJoinPool.commonPool-worker-6" daemon [_thread_blocked, id=26736, stack(0x000000727f400000,0x000000727f500000) (1024K)]
  0x0000024222cec170 JavaThread "ForkJoinPool.commonPool-worker-7" daemon [_thread_blocked, id=33356, stack(0x000000727f500000,0x000000727f600000) (1024K)]
  0x0000024222cefc80 JavaThread "Compiler Processing Task"   daemon [_thread_blocked, id=21708, stack(0x000000727f600000,0x000000727f700000) (1024K)]
  0x0000024222cf0310 JavaThread "ForkJoinPool.commonPool-worker-8" daemon [_thread_blocked, id=5444, stack(0x000000727f700000,0x000000727f800000) (1024K)]
  0x0000024222cf09a0 JavaThread "ForkJoinPool.commonPool-worker-9" daemon [_thread_blocked, id=33048, stack(0x000000727f800000,0x000000727f900000) (1024K)]
  0x00000242239bfb70 JavaThread "ForkJoinPool.commonPool-worker-10" daemon [_thread_blocked, id=13844, stack(0x000000727f900000,0x000000727fa00000) (1024K)]
  0x00000242239c0200 JavaThread "Compiler Class File Writer" daemon [_thread_blocked, id=29312, stack(0x000000727fa00000,0x000000727fb00000) (1024K)]
  0x00000242239bee50 JavaThread "Compiler Source File Reader" daemon [_thread_blocked, id=25740, stack(0x000000727fb00000,0x000000727fc00000) (1024K)]
  0x00000242239c0890 JavaThread "Compiler Class File Writer" daemon [_thread_blocked, id=21480, stack(0x000000727ef00000,0x000000727f000000) (1024K)]
  0x00000242239bd410 JavaThread "Worker-6"                          [_thread_blocked, id=24728, stack(0x0000007200000000,0x0000007200100000) (1024K)]
  0x00000242239c0f20 JavaThread "Compiler Source File Reader" daemon [_thread_blocked, id=28248, stack(0x0000007200100000,0x0000007200200000) (1024K)]
  0x00000242239bdaa0 JavaThread "Cleaner-0"                  daemon [_thread_blocked, id=29648, stack(0x0000007200200000,0x0000007200300000) (1024K)]
Total: 62

Other Threads:
  0x00000241bb4e2b50 VMThread "VM Thread"                           [id=4200, stack(0x000000727b500000,0x000000727b600000) (1024K)]
  0x00000241d8d0ca10 WatcherThread "VM Periodic Task Thread"        [id=33568, stack(0x000000727b400000,0x000000727b500000) (1024K)]
  0x00000241bb45d4a0 WorkerThread "GC Thread#0"                     [id=17972, stack(0x000000727b300000,0x000000727b400000) (1024K)]
  0x000002421c86b000 WorkerThread "GC Thread#1"                     [id=5300, stack(0x000000727c200000,0x000000727c300000) (1024K)]
  0x000002421c694f80 WorkerThread "GC Thread#2"                     [id=9596, stack(0x000000727c300000,0x000000727c400000) (1024K)]
  0x000002421c695330 WorkerThread "GC Thread#3"                     [id=6120, stack(0x000000727c400000,0x000000727c500000) (1024K)]
  0x000002421c6956e0 WorkerThread "GC Thread#4"                     [id=9916, stack(0x000000727c500000,0x000000727c600000) (1024K)]
  0x000002421c927280 WorkerThread "GC Thread#5"                     [id=23620, stack(0x000000727c600000,0x000000727c700000) (1024K)]
  0x000002421c927630 WorkerThread "GC Thread#6"                     [id=21820, stack(0x000000727c700000,0x000000727c800000) (1024K)]
  0x0000024221013300 WorkerThread "GC Thread#7"                     [id=15652, stack(0x000000727c100000,0x000000727c200000) (1024K)]
  0x000002421c5b7380 WorkerThread "GC Thread#8"                     [id=16936, stack(0x000000727cd00000,0x000000727ce00000) (1024K)]
  0x000002421c724ff0 WorkerThread "GC Thread#9"                     [id=30716, stack(0x000000727ce00000,0x000000727cf00000) (1024K)]
Total: 12

Threads with active compile tasks:
C2 CompilerThread0  50343 13661   !   4       org.eclipse.jdt.internal.compiler.classfmt.ClassFileReader::<init> (1968 bytes)
C2 CompilerThread1  50343 13613       4       org.eclipse.jdt.internal.compiler.lookup.BinaryTypeBinding::createMethod (1666 bytes)
C2 CompilerThread2  50343 13657 %     4       org.eclipse.jdt.internal.core.search.indexing.BinaryIndexer::extractReferenceFromConstantPool @ 155 (358 bytes)
Total: 3

VM state: not at safepoint (normal execution)

VM Mutex/Monitor currently owned by a thread: None

Heap address: 0x0000000080000000, size: 2048 MB, Compressed Oops mode: 32-bit

CDS archive(s) mapped at: [0x00000241d9000000-0x00000241d9c60000-0x00000241d9c60000), size 12976128, SharedBaseAddress: 0x00000241d9000000, ArchiveRelocationMode: 1.
Compressed class space mapped at: 0x00000241da000000-0x000002421a000000, reserved size: 1073741824
Narrow klass base: 0x00000241d9000000, Narrow klass shift: 0, Narrow klass range: 0x41000000

GC Precious Log:
 CardTable entry size: 512
 CPUs: 12 total, 12 available
 Memory: 7518M
 Large Page Support: Disabled
 NUMA Support: Disabled
 Compressed Oops: Enabled (32-bit)
 Alignments: Space 512K, Generation 512K, Heap 2M
 Heap Min Capacity: 100M
 Heap Initial Capacity: 100M
 Heap Max Capacity: 2G
 Pre-touch: Disabled
 Parallel Workers: 10

Heap:
 PSYoungGen      total 4096K, used 1284K [0x00000000d5580000, 0x00000000d5b80000, 0x0000000100000000)
  eden space 3072K, 16% used [0x00000000d5580000,0x00000000d560d4b0,0x00000000d5880000)
  from space 1024K, 74% used [0x00000000d5a80000,0x00000000d5b3f4c0,0x00000000d5b80000)
  to   space 1024K, 0% used [0x00000000d5980000,0x00000000d5980000,0x00000000d5a80000)
 ParOldGen       total 185856K, used 185778K [0x0000000080000000, 0x000000008b580000, 0x00000000d5580000)
  object space 185856K, 99% used [0x0000000080000000,0x000000008b56c8a8,0x000000008b580000)
 Metaspace       used 75417K, committed 76928K, reserved 1179648K
  class space    used 8115K, committed 8768K, reserved 1048576K

Card table byte_map: [0x00000241d4170000,0x00000241d4580000] _byte_map_base: 0x00000241d3d70000

Marking Bits: (ParMarkBitMap*) 0x00007ffe97be1a90
 Begin Bits: [0x00000241d4830000, 0x00000241d6830000)
 End Bits:   [0x00000241d6830000, 0x00000241d8830000)

Polling page: 0x00000241bb190000

Metaspace:

Usage:
  Non-class:     65.72 MB used.
      Class:      7.93 MB used.
       Both:     73.65 MB used.

Virtual space:
  Non-class space:      128.00 MB reserved,      66.56 MB ( 52%) committed,  2 nodes.
      Class space:        1.00 GB reserved,       8.56 MB ( <1%) committed,  1 nodes.
             Both:        1.12 GB reserved,      75.12 MB (  7%) committed. 

Chunk freelists:
   Non-Class:  12.62 MB
       Class:  7.38 MB
        Both:  20.00 MB

MaxMetaspaceSize: unlimited
CompressedClassSpaceSize: 1.00 GB
Initial GC threshold: 21.00 MB
Current GC threshold: 97.31 MB
CDS: on
 - commit_granule_bytes: 65536.
 - commit_granule_words: 8192.
 - virtual_space_node_default_size: 8388608.
 - enlarge_chunks_in_place: 1.
 - use_allocation_guard: 0.


Internal statistics:

num_allocs_failed_limit: 9.
num_arena_births: 1198.
num_arena_deaths: 36.
num_vsnodes_births: 3.
num_vsnodes_deaths: 0.
num_space_committed: 1202.
num_space_uncommitted: 0.
num_chunks_returned_to_freelist: 50.
num_chunks_taken_from_freelist: 4562.
num_chunk_merges: 20.
num_chunk_splits: 2753.
num_chunks_enlarged: 1529.
num_inconsistent_stats: 0.

CodeHeap 'non-profiled nmethods': size=120000Kb used=7795Kb max_used=7795Kb free=112204Kb
 bounds [0x00000241cca60000, 0x00000241cd200000, 0x00000241d3f90000]
CodeHeap 'profiled nmethods': size=120000Kb used=28693Kb max_used=28693Kb free=91307Kb
 bounds [0x00000241c4f90000, 0x00000241c6ba0000, 0x00000241cc4c0000]
CodeHeap 'non-nmethods': size=5760Kb used=1515Kb max_used=1590Kb free=4245Kb
 bounds [0x00000241cc4c0000, 0x00000241cc730000, 0x00000241cca60000]
 total_blobs=13848 nmethods=13014 adapters=739
 compilation: enabled
              stopped_count=0, restarted_count=0
 full_count=0

Compilation events (20 events):
Event: 48.146 Thread 0x000002421b38c630 nmethod 13728 0x00000241cd1fb990 code [0x00000241cd1fbb20, 0x00000241cd1fbbf0]
Event: 48.146 Thread 0x000002421b38c630 13714       1       org.eclipse.jdt.core.dom.ASTVisitor::visit (2 bytes)
Event: 48.146 Thread 0x000002421b38c630 nmethod 13714 0x00000241cd1fbc90 code [0x00000241cd1fbe20, 0x00000241cd1fbee8]
Event: 48.146 Thread 0x000002421b38c630 13715       1       org.eclipse.lsp4j.jsonrpc.messages.Either::getRight (5 bytes)
Event: 48.146 Thread 0x000002421b38c630 nmethod 13715 0x00000241cd1fbf90 code [0x00000241cd1fc120, 0x00000241cd1fc1e8]
Event: 48.147 Thread 0x000002421b38c630 13730       2       sun.nio.ch.WindowsAsynchronousFileChannelImpl$WriteTask::<init> (38 bytes)
Event: 48.147 Thread 0x000002421b38c630 nmethod 13730 0x00000241c6b6c290 code [0x00000241c6b6c420, 0x00000241c6b6c578]
Event: 48.147 Thread 0x000002421b38c630 13731   !   2       sun.nio.ch.WindowsAsynchronousFileChannelImpl$WriteTask::run (253 bytes)
Event: 48.151 Thread 0x000002421b38c630 nmethod 13731 0x00000241c6b6c610 code [0x00000241c6b6c9a0, 0x00000241c6b6d880]
Event: 48.153 Thread 0x000002421b38c630 13732       2       org.eclipse.jdt.internal.compiler.classfmt.AnnotationInfo::scanElementValue (256 bytes)
Event: 48.154 Thread 0x000002421b38c630 nmethod 13732 0x00000241c6b6e610 code [0x00000241c6b6e800, 0x00000241c6b6ecf0]
Event: 48.161 Thread 0x000002421b38c630 13733       3       org.eclipse.jdt.internal.core.JarPackageFragmentRoot::calculateHashCode (16 bytes)
Event: 48.161 Thread 0x000002421b38c630 nmethod 13733 0x00000241c6b6ef90 code [0x00000241c6b6f140, 0x00000241c6b6f368]
Event: 48.162 Thread 0x000002421b38c630 13734  s    3       java.util.Hashtable::putAll (52 bytes)
Event: 48.163 Thread 0x000002421b38c630 nmethod 13734 0x00000241c6b6f490 code [0x00000241c6b6f6c0, 0x00000241c6b6ffa8]
Event: 48.163 Thread 0x000002421b38c630 13735       2       java.util.ImmutableCollections$List12::<init> (20 bytes)
Event: 48.164 Thread 0x000002421b38c630 nmethod 13735 0x00000241c6b70210 code [0x00000241c6b703c0, 0x00000241c6b705b8]
Event: 48.165 Thread 0x000002421b38c630 13736       2       lombok.eclipse.EclipseAST::addIfNotNull (13 bytes)
Event: 48.166 Thread 0x000002421b38c630 nmethod 13736 0x00000241c6b70710 code [0x00000241c6b708c0, 0x00000241c6b70a08]
Event: 48.172 Thread 0x000002421b38c630 13737       2       org.eclipse.jdt.internal.compiler.lookup.BinaryModuleBinding::resolvePackages (231 bytes)

GC Heap History (20 events):
Event: 45.781 GC heap before
{Heap before GC invocations=236 (full 3):
 PSYoungGen      total 4096K, used 3774K [0x00000000d5580000, 0x00000000d5a80000, 0x0000000100000000)
  eden space 3072K, 100% used [0x00000000d5580000,0x00000000d5880000,0x00000000d5880000)
  from space 1024K, 68% used [0x00000000d5980000,0x00000000d5a2f8d0,0x00000000d5a80000)
  to   space 1024K, 0% used [0x00000000d5880000,0x00000000d5880000,0x00000000d5980000)
 ParOldGen       total 169984K, used 169935K [0x0000000080000000, 0x000000008a600000, 0x00000000d5580000)
  object space 169984K, 99% used [0x0000000080000000,0x000000008a5f3cb0,0x000000008a600000)
 Metaspace       used 75090K, committed 76672K, reserved 1179648K
  class space    used 8084K, committed 8768K, reserved 1048576K
}
Event: 45.783 GC heap after
{Heap after GC invocations=236 (full 3):
 PSYoungGen      total 4096K, used 1022K [0x00000000d5580000, 0x00000000d5b80000, 0x0000000100000000)
  eden space 3072K, 0% used [0x00000000d5580000,0x00000000d5580000,0x00000000d5880000)
  from space 1024K, 99% used [0x00000000d5880000,0x00000000d597f860,0x00000000d5980000)
  to   space 1536K, 0% used [0x00000000d5a00000,0x00000000d5a00000,0x00000000d5b80000)
 ParOldGen       total 171008K, used 170501K [0x0000000080000000, 0x000000008a700000, 0x00000000d5580000)
  object space 171008K, 99% used [0x0000000080000000,0x000000008a6815b0,0x000000008a700000)
 Metaspace       used 75090K, committed 76672K, reserved 1179648K
  class space    used 8084K, committed 8768K, reserved 1048576K
}
Event: 45.802 GC heap before
{Heap before GC invocations=237 (full 3):
 PSYoungGen      total 4096K, used 4094K [0x00000000d5580000, 0x00000000d5b80000, 0x0000000100000000)
  eden space 3072K, 99% used [0x00000000d5580000,0x00000000d587fff8,0x00000000d5880000)
  from space 1024K, 99% used [0x00000000d5880000,0x00000000d597f860,0x00000000d5980000)
  to   space 1536K, 0% used [0x00000000d5a00000,0x00000000d5a00000,0x00000000d5b80000)
 ParOldGen       total 171008K, used 170501K [0x0000000080000000, 0x000000008a700000, 0x00000000d5580000)
  object space 171008K, 99% used [0x0000000080000000,0x000000008a6815b0,0x000000008a700000)
 Metaspace       used 75122K, committed 76672K, reserved 1179648K
  class space    used 8093K, committed 8768K, reserved 1048576K
}
Event: 45.804 GC heap after
{Heap after GC invocations=237 (full 3):
 PSYoungGen      total 4608K, used 1242K [0x00000000d5580000, 0x00000000d5b80000, 0x0000000100000000)
  eden space 3072K, 0% used [0x00000000d5580000,0x00000000d5580000,0x00000000d5880000)
  from space 1536K, 80% used [0x00000000d5a00000,0x00000000d5b36be8,0x00000000d5b80000)
  to   space 1536K, 0% used [0x00000000d5880000,0x00000000d5880000,0x00000000d5a00000)
 ParOldGen       total 171520K, used 171397K [0x0000000080000000, 0x000000008a780000, 0x00000000d5580000)
  object space 171520K, 99% used [0x0000000080000000,0x000000008a761768,0x000000008a780000)
 Metaspace       used 75122K, committed 76672K, reserved 1179648K
  class space    used 8093K, committed 8768K, reserved 1048576K
}
Event: 45.827 GC heap before
{Heap before GC invocations=238 (full 3):
 PSYoungGen      total 4608K, used 3795K [0x00000000d5580000, 0x00000000d5b80000, 0x0000000100000000)
  eden space 3072K, 83% used [0x00000000d5580000,0x00000000d57fe0a8,0x00000000d5880000)
  from space 1536K, 80% used [0x00000000d5a00000,0x00000000d5b36be8,0x00000000d5b80000)
  to   space 1536K, 0% used [0x00000000d5880000,0x00000000d5880000,0x00000000d5a00000)
 ParOldGen       total 171520K, used 171397K [0x0000000080000000, 0x000000008a780000, 0x00000000d5580000)
  object space 171520K, 99% used [0x0000000080000000,0x000000008a761768,0x000000008a780000)
 Metaspace       used 75168K, committed 76672K, reserved 1179648K
  class space    used 8104K, committed 8768K, reserved 1048576K
}
Event: 47.842 GC heap after
{Heap after GC invocations=238 (full 3):
 PSYoungGen      total 4608K, used 1513K [0x00000000d5580000, 0x00000000d5f80000, 0x0000000100000000)
  eden space 3072K, 0% used [0x00000000d5580000,0x00000000d5580000,0x00000000d5880000)
  from space 1536K, 98% used [0x00000000d5880000,0x00000000d59fa410,0x00000000d5a00000)
  to   space 3072K, 0% used [0x00000000d5c80000,0x00000000d5c80000,0x00000000d5f80000)
 ParOldGen       total 172544K, used 172499K [0x0000000080000000, 0x000000008a880000, 0x00000000d5580000)
  object space 172544K, 99% used [0x0000000080000000,0x000000008a874db0,0x000000008a880000)
 Metaspace       used 75168K, committed 76672K, reserved 1179648K
  class space    used 8104K, committed 8768K, reserved 1048576K
}
Event: 47.960 GC heap before
{Heap before GC invocations=239 (full 3):
 PSYoungGen      total 4608K, used 4585K [0x00000000d5580000, 0x00000000d5f80000, 0x0000000100000000)
  eden space 3072K, 100% used [0x00000000d5580000,0x00000000d5880000,0x00000000d5880000)
  from space 1536K, 98% used [0x00000000d5880000,0x00000000d59fa410,0x00000000d5a00000)
  to   space 3072K, 0% used [0x00000000d5c80000,0x00000000d5c80000,0x00000000d5f80000)
 ParOldGen       total 172544K, used 172499K [0x0000000080000000, 0x000000008a880000, 0x00000000d5580000)
  object space 172544K, 99% used [0x0000000080000000,0x000000008a874db0,0x000000008a880000)
 Metaspace       used 75185K, committed 76736K, reserved 1179648K
  class space    used 8105K, committed 8768K, reserved 1048576K
}
Event: 47.967 GC heap after
{Heap after GC invocations=239 (full 3):
 PSYoungGen      total 6144K, used 1824K [0x00000000d5580000, 0x00000000d5e80000, 0x0000000100000000)
  eden space 4096K, 0% used [0x00000000d5580000,0x00000000d5580000,0x00000000d5980000)
  from space 2048K, 89% used [0x00000000d5c80000,0x00000000d5e48088,0x00000000d5e80000)
  to   space 2560K, 0% used [0x00000000d5980000,0x00000000d5980000,0x00000000d5c00000)
 ParOldGen       total 174080K, used 173741K [0x0000000080000000, 0x000000008aa00000, 0x00000000d5580000)
  object space 174080K, 99% used [0x0000000080000000,0x000000008a9ab7a8,0x000000008aa00000)
 Metaspace       used 75185K, committed 76736K, reserved 1179648K
  class space    used 8105K, committed 8768K, reserved 1048576K
}
Event: 48.016 GC heap before
{Heap before GC invocations=240 (full 3):
 PSYoungGen      total 6144K, used 5920K [0x00000000d5580000, 0x00000000d5e80000, 0x0000000100000000)
  eden space 4096K, 100% used [0x00000000d5580000,0x00000000d5980000,0x00000000d5980000)
  from space 2048K, 89% used [0x00000000d5c80000,0x00000000d5e48088,0x00000000d5e80000)
  to   space 2560K, 0% used [0x00000000d5980000,0x00000000d5980000,0x00000000d5c00000)
 ParOldGen       total 174080K, used 173741K [0x0000000080000000, 0x000000008aa00000, 0x00000000d5580000)
  object space 174080K, 99% used [0x0000000080000000,0x000000008a9ab7a8,0x000000008aa00000)
 Metaspace       used 75205K, committed 76736K, reserved 1179648K
  class space    used 8105K, committed 8768K, reserved 1048576K
}
Event: 48.026 GC heap after
{Heap after GC invocations=240 (full 3):
 PSYoungGen      total 6656K, used 1288K [0x00000000d5580000, 0x00000000d5d80000, 0x0000000100000000)
  eden space 4096K, 0% used [0x00000000d5580000,0x00000000d5580000,0x00000000d5980000)
  from space 2560K, 50% used [0x00000000d5980000,0x00000000d5ac22c8,0x00000000d5c00000)
  to   space 1536K, 0% used [0x00000000d5c00000,0x00000000d5c00000,0x00000000d5d80000)
 ParOldGen       total 175104K, used 175071K [0x0000000080000000, 0x000000008ab00000, 0x00000000d5580000)
  object space 175104K, 99% used [0x0000000080000000,0x000000008aaf7da0,0x000000008ab00000)
 Metaspace       used 75205K, committed 76736K, reserved 1179648K
  class space    used 8105K, committed 8768K, reserved 1048576K
}
Event: 48.062 GC heap before
{Heap before GC invocations=241 (full 3):
 PSYoungGen      total 6656K, used 5384K [0x00000000d5580000, 0x00000000d5d80000, 0x0000000100000000)
  eden space 4096K, 100% used [0x00000000d5580000,0x00000000d5980000,0x00000000d5980000)
  from space 2560K, 50% used [0x00000000d5980000,0x00000000d5ac22c8,0x00000000d5c00000)
  to   space 1536K, 0% used [0x00000000d5c00000,0x00000000d5c00000,0x00000000d5d80000)
 ParOldGen       total 175104K, used 175071K [0x0000000080000000, 0x000000008ab00000, 0x00000000d5580000)
  object space 175104K, 99% used [0x0000000080000000,0x000000008aaf7da0,0x000000008ab00000)
 Metaspace       used 75327K, committed 76864K, reserved 1179648K
  class space    used 8108K, committed 8768K, reserved 1048576K
}
Event: 48.066 GC heap after
{Heap after GC invocations=241 (full 3):
 PSYoungGen      total 5120K, used 921K [0x00000000d5580000, 0x00000000d5d00000, 0x0000000100000000)
  eden space 4096K, 0% used [0x00000000d5580000,0x00000000d5580000,0x00000000d5980000)
  from space 1024K, 90% used [0x00000000d5c00000,0x00000000d5ce6700,0x00000000d5d00000)
  to   space 1536K, 0% used [0x00000000d5a00000,0x00000000d5a00000,0x00000000d5b80000)
 ParOldGen       total 175616K, used 175550K [0x0000000080000000, 0x000000008ab80000, 0x00000000d5580000)
  object space 175616K, 99% used [0x0000000080000000,0x000000008ab6fbd0,0x000000008ab80000)
 Metaspace       used 75327K, committed 76864K, reserved 1179648K
  class space    used 8108K, committed 8768K, reserved 1048576K
}
Event: 48.087 GC heap before
{Heap before GC invocations=242 (full 3):
 PSYoungGen      total 5120K, used 5017K [0x00000000d5580000, 0x00000000d5d00000, 0x0000000100000000)
  eden space 4096K, 100% used [0x00000000d5580000,0x00000000d5980000,0x00000000d5980000)
  from space 1024K, 90% used [0x00000000d5c00000,0x00000000d5ce6700,0x00000000d5d00000)
  to   space 1536K, 0% used [0x00000000d5a00000,0x00000000d5a00000,0x00000000d5b80000)
 ParOldGen       total 175616K, used 175550K [0x0000000080000000, 0x000000008ab80000, 0x00000000d5580000)
  object space 175616K, 99% used [0x0000000080000000,0x000000008ab6fbd0,0x000000008ab80000)
 Metaspace       used 75348K, committed 76864K, reserved 1179648K
  class space    used 8111K, committed 8768K, reserved 1048576K
}
Event: 48.089 GC heap after
{Heap after GC invocations=242 (full 3):
 PSYoungGen      total 5632K, used 912K [0x00000000d5580000, 0x00000000d5c80000, 0x0000000100000000)
  eden space 4096K, 0% used [0x00000000d5580000,0x00000000d5580000,0x00000000d5980000)
  from space 1536K, 59% used [0x00000000d5a00000,0x00000000d5ae4238,0x00000000d5b80000)
  to   space 1024K, 0% used [0x00000000d5b80000,0x00000000d5b80000,0x00000000d5c80000)
 ParOldGen       total 176640K, used 176318K [0x0000000080000000, 0x000000008ac80000, 0x00000000d5580000)
  object space 176640K, 99% used [0x0000000080000000,0x000000008ac2f810,0x000000008ac80000)
 Metaspace       used 75348K, committed 76864K, reserved 1179648K
  class space    used 8111K, committed 8768K, reserved 1048576K
}
Event: 48.107 GC heap before
{Heap before GC invocations=243 (full 3):
 PSYoungGen      total 5632K, used 5008K [0x00000000d5580000, 0x00000000d5c80000, 0x0000000100000000)
  eden space 4096K, 100% used [0x00000000d5580000,0x00000000d5980000,0x00000000d5980000)
  from space 1536K, 59% used [0x00000000d5a00000,0x00000000d5ae4238,0x00000000d5b80000)
  to   space 1024K, 0% used [0x00000000d5b80000,0x00000000d5b80000,0x00000000d5c80000)
 ParOldGen       total 176640K, used 176318K [0x0000000080000000, 0x000000008ac80000, 0x00000000d5580000)
  object space 176640K, 99% used [0x0000000080000000,0x000000008ac2f810,0x000000008ac80000)
 Metaspace       used 75353K, committed 76864K, reserved 1179648K
  class space    used 8112K, committed 8768K, reserved 1048576K
}
Event: 48.109 GC heap after
{Heap after GC invocations=243 (full 3):
 PSYoungGen      total 5120K, used 989K [0x00000000d5580000, 0x00000000d5c80000, 0x0000000100000000)
  eden space 4096K, 0% used [0x00000000d5580000,0x00000000d5580000,0x00000000d5980000)
  from space 1024K, 96% used [0x00000000d5b80000,0x00000000d5c774d0,0x00000000d5c80000)
  to   space 1024K, 0% used [0x00000000d5a80000,0x00000000d5a80000,0x00000000d5b80000)
 ParOldGen       total 177152K, used 177095K [0x0000000080000000, 0x000000008ad00000, 0x00000000d5580000)
  object space 177152K, 99% used [0x0000000080000000,0x000000008acf1da8,0x000000008ad00000)
 Metaspace       used 75353K, committed 76864K, reserved 1179648K
  class space    used 8112K, committed 8768K, reserved 1048576K
}
Event: 48.132 GC heap before
{Heap before GC invocations=244 (full 3):
 PSYoungGen      total 5120K, used 5085K [0x00000000d5580000, 0x00000000d5c80000, 0x0000000100000000)
  eden space 4096K, 100% used [0x00000000d5580000,0x00000000d5980000,0x00000000d5980000)
  from space 1024K, 96% used [0x00000000d5b80000,0x00000000d5c774d0,0x00000000d5c80000)
  to   space 1024K, 0% used [0x00000000d5a80000,0x00000000d5a80000,0x00000000d5b80000)
 ParOldGen       total 177152K, used 177095K [0x0000000080000000, 0x000000008ad00000, 0x00000000d5580000)
  object space 177152K, 99% used [0x0000000080000000,0x000000008acf1da8,0x000000008ad00000)
 Metaspace       used 75357K, committed 76864K, reserved 1179648K
  class space    used 8112K, committed 8768K, reserved 1048576K
}
Event: 48.136 GC heap after
{Heap after GC invocations=244 (full 3):
 PSYoungGen      total 5120K, used 1010K [0x00000000d5580000, 0x00000000d5c00000, 0x0000000100000000)
  eden space 4096K, 0% used [0x00000000d5580000,0x00000000d5580000,0x00000000d5980000)
  from space 1024K, 98% used [0x00000000d5a80000,0x00000000d5b7cbe8,0x00000000d5b80000)
  to   space 512K, 0% used [0x00000000d5b80000,0x00000000d5b80000,0x00000000d5c00000)
 ParOldGen       total 178176K, used 177996K [0x0000000080000000, 0x000000008ae00000, 0x00000000d5580000)
  object space 178176K, 99% used [0x0000000080000000,0x000000008add31b0,0x000000008ae00000)
 Metaspace       used 75357K, committed 76864K, reserved 1179648K
  class space    used 8112K, committed 8768K, reserved 1048576K
}
Event: 48.157 GC heap before
{Heap before GC invocations=245 (full 3):
 PSYoungGen      total 5120K, used 5106K [0x00000000d5580000, 0x00000000d5c00000, 0x0000000100000000)
  eden space 4096K, 100% used [0x00000000d5580000,0x00000000d5980000,0x00000000d5980000)
  from space 1024K, 98% used [0x00000000d5a80000,0x00000000d5b7cbe8,0x00000000d5b80000)
  to   space 512K, 0% used [0x00000000d5b80000,0x00000000d5b80000,0x00000000d5c00000)
 ParOldGen       total 178176K, used 177996K [0x0000000080000000, 0x000000008ae00000, 0x00000000d5580000)
  object space 178176K, 99% used [0x0000000080000000,0x000000008add31b0,0x000000008ae00000)
 Metaspace       used 75379K, committed 76928K, reserved 1179648K
  class space    used 8115K, committed 8768K, reserved 1048576K
}
Event: 48.160 GC heap after
{Heap after GC invocations=245 (full 3):
 PSYoungGen      total 4608K, used 486K [0x00000000d5580000, 0x00000000d5d80000, 0x0000000100000000)
  eden space 4096K, 0% used [0x00000000d5580000,0x00000000d5580000,0x00000000d5980000)
  from space 512K, 94% used [0x00000000d5b80000,0x00000000d5bf9810,0x00000000d5c00000)
  to   space 2048K, 0% used [0x00000000d5980000,0x00000000d5980000,0x00000000d5b80000)
 ParOldGen       total 179712K, used 179384K [0x0000000080000000, 0x000000008af80000, 0x00000000d5580000)
  object space 179712K, 99% used [0x0000000080000000,0x000000008af2e1b0,0x000000008af80000)
 Metaspace       used 75379K, committed 76928K, reserved 1179648K
  class space    used 8115K, committed 8768K, reserved 1048576K
}

Dll operation events (15 events):
Event: 0.029 Loaded shared library C:\Program Files\Java\jdk-22\bin\java.dll
Event: 0.088 Loaded shared library C:\Program Files\Java\jdk-22\bin\jsvml.dll
Event: 0.212 Loaded shared library C:\Program Files\Java\jdk-22\bin\zip.dll
Event: 0.220 Loaded shared library C:\Program Files\Java\jdk-22\bin\instrument.dll
Event: 0.230 Loaded shared library C:\Program Files\Java\jdk-22\bin\net.dll
Event: 0.235 Loaded shared library C:\Program Files\Java\jdk-22\bin\nio.dll
Event: 0.243 Loaded shared library C:\Program Files\Java\jdk-22\bin\zip.dll
Event: 0.280 Loaded shared library C:\Program Files\Java\jdk-22\bin\jimage.dll
Event: 0.454 Loaded shared library C:\Program Files\Java\jdk-22\bin\verify.dll
Event: 6.579 Loaded shared library C:\Users\shrav\AppData\Roaming\Code\User\globalStorage\redhat.java\1.54.0\config_win\org.eclipse.equinox.launcher\org.eclipse.equinox.launcher.win32.win32.x86_64_1.3.0.v20260203-2149\eclipse_11919.dll
Event: 18.116 Loaded shared library C:\Program Files\Java\jdk-22\bin\management.dll
Event: 18.128 Loaded shared library C:\Program Files\Java\jdk-22\bin\management_ext.dll
Event: 18.623 Loaded shared library C:\Users\shrav\AppData\Local\Temp\jna-109415858\jna16275410430873561228.dll
Event: 27.070 Loaded shared library C:\Program Files\Java\jdk-22\bin\extnet.dll
Event: 27.178 Loaded shared library C:\Program Files\Java\jdk-22\bin\sunmscapi.dll

Deoptimization events (20 events):
Event: 48.092 Thread 0x000002421c59b6a0 DEOPT PACKING pc=0x00000241c6a64d52 sp=0x000000727d4fe4a0
Event: 48.092 Thread 0x000002421c59b6a0 DEOPT UNPACKING pc=0x00000241cc514242 sp=0x000000727d4fda18 mode 0
Event: 48.112 Thread 0x000002421c59b6a0 DEOPT PACKING pc=0x00000241c6a64d52 sp=0x000000727d4fe4a0
Event: 48.112 Thread 0x000002421c59b6a0 DEOPT UNPACKING pc=0x00000241cc514242 sp=0x000000727d4fda18 mode 0
Event: 48.117 Thread 0x000002421c59b6a0 DEOPT PACKING pc=0x00000241c6916563 sp=0x000000727d4fe4d0
Event: 48.117 Thread 0x000002421c59b6a0 DEOPT UNPACKING pc=0x00000241cc514242 sp=0x000000727d4fda38 mode 0
Event: 48.128 Thread 0x000002421c59d0e0 Uncommon trap: trap_request=0xffffffd6 fr.pc=0x00000241cd1d3768 relative=0x0000000000000428
Event: 48.129 Thread 0x000002421c59d0e0 Uncommon trap: reason=array_check action=maybe_recompile pc=0x00000241cd1d3768 method=java.util.TimSort.reverseRange([Ljava/lang/Object;II)V @ 20 c2
Event: 48.130 Thread 0x000002421c59d0e0 DEOPT PACKING pc=0x00000241cd1d3768 sp=0x000000727d8fe520
Event: 48.130 Thread 0x000002421c59d0e0 DEOPT UNPACKING pc=0x00000241cc513aa2 sp=0x000000727d8fe430 mode 2
Event: 48.131 Thread 0x000002421c59b6a0 DEOPT PACKING pc=0x00000241c6a64d52 sp=0x000000727d4fe4a0
Event: 48.131 Thread 0x000002421c59b6a0 DEOPT UNPACKING pc=0x00000241cc514242 sp=0x000000727d4fda18 mode 0
Event: 48.162 Thread 0x000002421c59b6a0 DEOPT PACKING pc=0x00000241c6916563 sp=0x000000727d4fe4d0
Event: 48.162 Thread 0x000002421c59b6a0 DEOPT UNPACKING pc=0x00000241cc514242 sp=0x000000727d4fda38 mode 0
Event: 48.162 Thread 0x000002421c59d0e0 DEOPT PACKING pc=0x00000241c589cc47 sp=0x000000727d8fed40
Event: 48.162 Thread 0x000002421c59d0e0 DEOPT UNPACKING pc=0x00000241cc514242 sp=0x000000727d8fe1f8 mode 0
Event: 48.163 Thread 0x000002421c59b6a0 DEOPT PACKING pc=0x00000241c6a64d52 sp=0x000000727d4fe4a0
Event: 48.164 Thread 0x000002421c59b6a0 DEOPT UNPACKING pc=0x00000241cc514242 sp=0x000000727d4fda18 mode 0
Event: 49.169 Thread 0x000002421c59b6a0 DEOPT PACKING pc=0x00000241c6a64d52 sp=0x000000727d4fe4a0
Event: 49.169 Thread 0x000002421c59b6a0 DEOPT UNPACKING pc=0x00000241cc514242 sp=0x000000727d4fda18 mode 0

Classes loaded (20 events):
Event: 40.864 Loading class java/util/concurrent/ArrayBlockingQueue
Event: 40.866 Loading class java/util/concurrent/ArrayBlockingQueue done
Event: 40.890 Loading class java/lang/UnsupportedClassVersionError
Event: 40.891 Loading class java/lang/UnsupportedClassVersionError done
Event: 41.045 Loading class java/util/concurrent/ConcurrentHashMap$KeySpliterator
Event: 41.046 Loading class java/util/concurrent/ConcurrentHashMap$KeySpliterator done
Event: 42.977 Loading class java/io/CharArrayWriter
Event: 42.978 Loading class java/io/CharArrayWriter done
Event: 42.990 Loading class java/nio/file/attribute/PosixFileAttributes
Event: 42.991 Loading class java/nio/file/attribute/PosixFileAttributes done
Event: 43.810 Loading class java/util/stream/ReduceOps$5
Event: 43.810 Loading class java/util/stream/ReduceOps$5 done
Event: 43.810 Loading class java/util/stream/ReduceOps$CountingSink$OfRef
Event: 43.810 Loading class java/util/stream/ReduceOps$CountingSink
Event: 43.810 Loading class java/util/stream/ReduceOps$CountingSink done
Event: 43.810 Loading class java/util/stream/ReduceOps$CountingSink$OfRef done
Event: 44.181 Loading class java/nio/BufferMismatch
Event: 44.182 Loading class java/nio/BufferMismatch done
Event: 45.690 Loading class jdk/internal/ref/CleanerImpl$InnocuousThreadFactory
Event: 45.690 Loading class jdk/internal/ref/CleanerImpl$InnocuousThreadFactory done

Classes unloaded (18 events):
Event: 15.081 Thread 0x00000241bb4e2b50 Unloading class 0x00000241da1a9400 'java/lang/invoke/LambdaForm$MH+0x00000241da1a9400'
Event: 15.081 Thread 0x00000241bb4e2b50 Unloading class 0x00000241da1a9000 'java/lang/invoke/LambdaForm$MH+0x00000241da1a9000'
Event: 15.081 Thread 0x00000241bb4e2b50 Unloading class 0x00000241da1a8c00 'java/lang/invoke/LambdaForm$MH+0x00000241da1a8c00'
Event: 15.081 Thread 0x00000241bb4e2b50 Unloading class 0x00000241da1a8800 'java/lang/invoke/LambdaForm$MH+0x00000241da1a8800'
Event: 15.081 Thread 0x00000241bb4e2b50 Unloading class 0x00000241da1a8400 'java/lang/invoke/LambdaForm$BMH+0x00000241da1a8400'
Event: 15.081 Thread 0x00000241bb4e2b50 Unloading class 0x00000241da1a8000 'java/lang/invoke/LambdaForm$DMH+0x00000241da1a8000'
Event: 15.081 Thread 0x00000241bb4e2b50 Unloading class 0x00000241da1a6c00 'java/lang/invoke/LambdaForm$DMH+0x00000241da1a6c00'
Event: 18.459 Thread 0x00000241bb4e2b50 Unloading class 0x00000241da2b0400 'java/lang/invoke/LambdaForm$MH+0x00000241da2b0400'
Event: 18.459 Thread 0x00000241bb4e2b50 Unloading class 0x00000241da2af400 'java/lang/invoke/LambdaForm$MH+0x00000241da2af400'
Event: 18.459 Thread 0x00000241bb4e2b50 Unloading class 0x00000241da2ae400 'java/lang/invoke/LambdaForm$MH+0x00000241da2ae400'
Event: 18.459 Thread 0x00000241bb4e2b50 Unloading class 0x00000241da2aa800 'java/lang/invoke/LambdaForm$MH+0x00000241da2aa800'
Event: 18.459 Thread 0x00000241bb4e2b50 Unloading class 0x00000241da2a9400 'java/lang/invoke/LambdaForm$MH+0x00000241da2a9400'
Event: 18.459 Thread 0x00000241bb4e2b50 Unloading class 0x00000241da2a8c00 'java/lang/invoke/LambdaForm$MH+0x00000241da2a8c00'
Event: 18.459 Thread 0x00000241bb4e2b50 Unloading class 0x00000241da2a8400 'java/lang/invoke/LambdaForm$MH+0x00000241da2a8400'
Event: 37.079 Thread 0x00000241bb4e2b50 Unloading class 0x00000241da5bd800 'java/lang/invoke/LambdaForm$DMH+0x00000241da5bd800'
Event: 37.079 Thread 0x00000241bb4e2b50 Unloading class 0x00000241da5bd400 'java/lang/invoke/LambdaForm$DMH+0x00000241da5bd400'
Event: 37.079 Thread 0x00000241bb4e2b50 Unloading class 0x00000241da5bd000 'java/lang/invoke/LambdaForm$DMH+0x00000241da5bd000'
Event: 37.079 Thread 0x00000241bb4e2b50 Unloading class 0x00000241da5bcc00 'java/lang/invoke/LambdaForm$DMH+0x00000241da5bcc00'

Classes redefined (0 events):
No events

Internal exceptions (20 events):
Event: 42.724 Thread 0x000002421c59d770 Exception <a 'java/lang/NoSuchMethodError'{0x00000000d5685b28}: 'java.lang.Object java.lang.invoke.DirectMethodHandle$Holder.invokeSpecial(java.lang.Object, java.lang.Object, java.lang.Object, int, java.lang.Object, java.lang.Object, java.lang.Object)'> (0x00000000d5685b28) 
thrown [s\open\src\hotspot\share\interpreter\linkResolver.cpp, line 774]
Event: 43.098 Thread 0x000002421c59bd30 Exception <a 'sun/nio/fs/WindowsException'{0x00000000d5f51bf8}> (0x00000000d5f51bf8) 
thrown [s\open\src\hotspot\share\prims\jni.cpp, line 520]
Event: 43.098 Thread 0x000002421c59bd30 Exception <a 'sun/nio/fs/WindowsException'{0x00000000d5f8c260}> (0x00000000d5f8c260) 
thrown [s\open\src\hotspot\share\prims\jni.cpp, line 520]
Event: 43.099 Thread 0x000002421c59bd30 Exception <a 'sun/nio/fs/WindowsException'{0x00000000d5fa9c78}> (0x00000000d5fa9c78) 
thrown [s\open\src\hotspot\share\prims\jni.cpp, line 520]
Event: 43.099 Thread 0x000002421c59bd30 Exception <a 'sun/nio/fs/WindowsException'{0x00000000d6040170}> (0x00000000d6040170) 
thrown [s\open\src\hotspot\share\prims\jni.cpp, line 520]
Event: 43.102 Thread 0x000002421c59bd30 Exception <a 'sun/nio/fs/WindowsException'{0x00000000d562f688}> (0x00000000d562f688) 
thrown [s\open\src\hotspot\share\prims\jni.cpp, line 520]
Event: 43.102 Thread 0x000002421c59bd30 Exception <a 'sun/nio/fs/WindowsException'{0x00000000d5668bd8}> (0x00000000d5668bd8) 
thrown [s\open\src\hotspot\share\prims\jni.cpp, line 520]
Event: 43.110 Thread 0x000002421c59bd30 Exception <a 'sun/nio/fs/WindowsException'{0x00000000d5b64658}> (0x00000000d5b64658) 
thrown [s\open\src\hotspot\share\prims\jni.cpp, line 520]
Event: 43.110 Thread 0x000002421c59bd30 Exception <a 'sun/nio/fs/WindowsException'{0x00000000d5bb7cc0}> (0x00000000d5bb7cc0) 
thrown [s\open\src\hotspot\share\prims\jni.cpp, line 520]
Event: 43.128 Thread 0x000002421c59b6a0 Exception <a 'sun/nio/fs/WindowsException'{0x00000000d5c5cdb8}> (0x00000000d5c5cdb8) 
thrown [s\open\src\hotspot\share\prims\jni.cpp, line 520]
Event: 43.138 Thread 0x000002421c59b6a0 Exception <a 'sun/nio/fs/WindowsException'{0x00000000d57bfc60}> (0x00000000d57bfc60) 
thrown [s\open\src\hotspot\share\prims\jni.cpp, line 520]
Event: 43.470 Thread 0x000002421c59b6a0 Implicit null exception at 0x00000241cd170c69 to 0x00000241cd170e38
Event: 43.820 Thread 0x0000024222cf09a0 Implicit null exception at 0x00000241cd165384 to 0x00000241cd165484
Event: 43.820 Thread 0x0000024222cf09a0 Implicit null exception at 0x00000241cd1243e2 to 0x00000241cd125518
Event: 43.820 Thread 0x0000024222cf09a0 Implicit null exception at 0x00000241cd12075a to 0x00000241cd120814
Event: 43.879 Thread 0x0000024222cebae0 Exception <a 'java/lang/IncompatibleClassChangeError'{0x00000000d5aeae98}: Found class java.lang.Object, but interface was expected> (0x00000000d5aeae98) 
thrown [s\open\src\hotspot\share\interpreter\linkResolver.cpp, line 841]
Event: 44.175 Thread 0x0000024222cebae0 Exception <a 'java/lang/IncompatibleClassChangeError'{0x00000000d5a44a58}: Found class java.lang.Object, but interface was expected> (0x00000000d5a44a58) 
thrown [s\open\src\hotspot\share\interpreter\linkResolver.cpp, line 841]
Event: 44.227 Thread 0x0000024222cf09a0 Exception <a 'java/lang/NoSuchMethodError'{0x00000000d55efd98}: 'java.lang.Object java.lang.invoke.DirectMethodHandle$Holder.invokeSpecial(java.lang.Object, java.lang.Object, java.lang.Object, java.lang.Object, int, java.lang.Object, java.lang.Object)'> (0x00000000d55efd98) 
thrown [s\open\src\hotspot\share\interpreter\linkResolver.cpp, line 774]
Event: 44.360 Thread 0x0000024222cec170 Exception <a 'java/lang/NoSuchMethodError'{0x00000000d59cd758}: 'void java.lang.invoke.DirectMethodHandle$Holder.invokeStatic(java.lang.Object, int, java.lang.Object)'> (0x00000000d59cd758) 
thrown [s\open\src\hotspot\share\interpreter\linkResolver.cpp, line 774]
Event: 45.772 Thread 0x0000024222cf09a0 Exception <a 'java/lang/NoSuchMethodError'{0x00000000d56e43a0}: 'java.lang.Object java.lang.invoke.DirectMethodHandle$Holder.newInvokeSpecial(java.lang.Object, int, java.lang.Object, java.lang.Object, java.lang.Object)'> (0x00000000d56e43a0) 
thrown [s\open\src\hotspot\share\interpreter\linkResolver.cpp, line 774]

ZGC Phase Switch (0 events):
No events

VM Operations (20 events):
Event: 45.780 Executing VM operation: ParallelGCFailedAllocation (Allocation Failure)
Event: 45.783 Executing VM operation: ParallelGCFailedAllocation (Allocation Failure) done
Event: 45.799 Executing VM operation: ParallelGCFailedAllocation (Allocation Failure)
Event: 45.804 Executing VM operation: ParallelGCFailedAllocation (Allocation Failure) done
Event: 45.827 Executing VM operation: ParallelGCFailedAllocation (Allocation Failure)
Event: 47.847 Executing VM operation: ParallelGCFailedAllocation (Allocation Failure) done
Event: 47.960 Executing VM operation: ParallelGCFailedAllocation (Allocation Failure)
Event: 47.967 Executing VM operation: ParallelGCFailedAllocation (Allocation Failure) done
Event: 48.008 Executing VM operation: ParallelGCFailedAllocation (Allocation Failure)
Event: 48.026 Executing VM operation: ParallelGCFailedAllocation (Allocation Failure) done
Event: 48.054 Executing VM operation: ParallelGCFailedAllocation (Allocation Failure)
Event: 48.066 Executing VM operation: ParallelGCFailedAllocation (Allocation Failure) done
Event: 48.086 Executing VM operation: ParallelGCFailedAllocation (Allocation Failure)
Event: 48.089 Executing VM operation: ParallelGCFailedAllocation (Allocation Failure) done
Event: 48.107 Executing VM operation: ParallelGCFailedAllocation (Allocation Failure)
Event: 48.109 Executing VM operation: ParallelGCFailedAllocation (Allocation Failure) done
Event: 48.132 Executing VM operation: ParallelGCFailedAllocation (Allocation Failure)
Event: 48.136 Executing VM operation: ParallelGCFailedAllocation (Allocation Failure) done
Event: 48.157 Executing VM operation: ParallelGCFailedAllocation (Allocation Failure)
Event: 48.160 Executing VM operation: ParallelGCFailedAllocation (Allocation Failure) done

Memory protections (0 events):
No events

Nmethod flushes (20 events):
Event: 37.121 Thread 0x00000241bb4e2b50 flushing  nmethod 0x00000241c57e0e90
Event: 37.121 Thread 0x00000241bb4e2b50 flushing  nmethod 0x00000241c57e1c90
Event: 37.121 Thread 0x00000241bb4e2b50 flushing  nmethod 0x00000241c57e6490
Event: 37.121 Thread 0x00000241bb4e2b50 flushing  nmethod 0x00000241c5808a90
Event: 37.121 Thread 0x00000241bb4e2b50 flushing  nmethod 0x00000241c580b090
Event: 37.121 Thread 0x00000241bb4e2b50 flushing  nmethod 0x00000241c582ac90
Event: 37.121 Thread 0x00000241bb4e2b50 flushing  nmethod 0x00000241c583ab10
Event: 37.122 Thread 0x00000241bb4e2b50 flushing  nmethod 0x00000241c58bc490
Event: 37.122 Thread 0x00000241bb4e2b50 flushing  nmethod 0x00000241c58c8390
Event: 37.122 Thread 0x00000241bb4e2b50 flushing  nmethod 0x00000241c58c8c10
Event: 37.122 Thread 0x00000241bb4e2b50 flushing  nmethod 0x00000241c58c9910
Event: 37.122 Thread 0x00000241bb4e2b50 flushing  nmethod 0x00000241c58c9d90
Event: 37.122 Thread 0x00000241bb4e2b50 flushing  nmethod 0x00000241c58ca310
Event: 37.122 Thread 0x00000241bb4e2b50 flushing  nmethod 0x00000241c58ca690
Event: 37.122 Thread 0x00000241bb4e2b50 flushing  nmethod 0x00000241c58cab90
Event: 37.122 Thread 0x00000241bb4e2b50 flushing  nmethod 0x00000241c58cba90
Event: 37.122 Thread 0x00000241bb4e2b50 flushing  nmethod 0x00000241c58cc010
Event: 37.122 Thread 0x00000241bb4e2b50 flushing  nmethod 0x00000241c58cc890
Event: 37.122 Thread 0x00000241bb4e2b50 flushing  nmethod 0x00000241c58cee10
Event: 37.122 Thread 0x00000241bb4e2b50 flushing  nmethod 0x00000241c58d0010

Events (20 events):
Event: 41.007 Thread 0x0000024222ceb450 Thread added: 0x0000024222cf0310
Event: 41.017 Thread 0x0000024222ceb450 Thread added: 0x0000024222cf09a0
Event: 41.019 Thread 0x0000024222cebae0 Thread added: 0x00000242239bfb70
Event: 41.055 Thread 0x000002421c59ca50 Thread added: 0x00000242239c0200
Event: 41.123 Thread 0x000002421c59ca50 Thread added: 0x00000242239bee50
Event: 41.262 Thread 0x0000024222cece90 Thread exited: 0x0000024222cece90
Event: 41.460 Thread 0x000002421c59ca50 Thread added: 0x00000242239c0890
Event: 42.785 Thread 0x000002421c59d770 Thread added: 0x00000242239bd410
Event: 42.785 Thread 0x000002421c59d770 Thread added: 0x00000242239c0f20
Event: 42.786 Thread 0x000002421c59d770 Thread added: 0x00000242239bdaa0
Event: 42.786 Thread 0x000002421c59d770 Thread added: 0x00000242239be130
Event: 42.786 Thread 0x000002421c59d770 Thread added: 0x00000242239c15b0
Event: 42.814 Thread 0x00000242239c15b0 Thread exited: 0x00000242239c15b0
Event: 42.814 Thread 0x00000242239bd410 Thread exited: 0x00000242239bd410
Event: 42.814 Thread 0x00000242239be130 Thread exited: 0x00000242239be130
Event: 42.814 Thread 0x00000242239c0f20 Thread exited: 0x00000242239c0f20
Event: 42.814 Thread 0x00000242239bdaa0 Thread exited: 0x00000242239bdaa0
Event: 44.141 Thread 0x000002421c59b010 Thread added: 0x00000242239bd410
Event: 45.665 Thread 0x000002421c59d770 Thread added: 0x00000242239c0f20
Event: 45.691 Thread 0x0000024222cf09a0 Thread added: 0x00000242239bdaa0


Dynamic libraries:
0x00007ff736810000 - 0x00007ff736820000 	C:\Program Files\Java\jdk-22\bin\java.exe
0x00007fff88fe0000 - 0x00007fff89247000 	C:\WINDOWS\SYSTEM32\ntdll.dll
0x00007fff875b0000 - 0x00007fff87679000 	C:\WINDOWS\System32\KERNEL32.DLL
0x00007fff86510000 - 0x00007fff86907000 	C:\WINDOWS\System32\KERNELBASE.dll
0x00007fff86280000 - 0x00007fff863cb000 	C:\WINDOWS\System32\ucrtbase.dll
0x00007fff78040000 - 0x00007fff78057000 	C:\Program Files\Java\jdk-22\bin\jli.dll
0x00007fff78170000 - 0x00007fff7818b000 	C:\Program Files\Java\jdk-22\bin\VCRUNTIME140.dll
0x00007fff88000000 - 0x00007fff881c6000 	C:\WINDOWS\System32\USER32.dll
0x00007fff6a770000 - 0x00007fff6aa02000 	C:\WINDOWS\WinSxS\amd64_microsoft.windows.common-controls_6595b64144ccf1df_6.0.26100.8457_none_3e0b2faee331e92d\COMCTL32.dll
0x00007fff86d30000 - 0x00007fff86d57000 	C:\WINDOWS\System32\win32u.dll
0x00007fff879e0000 - 0x00007fff87a89000 	C:\WINDOWS\System32\msvcrt.dll
0x00007fff879b0000 - 0x00007fff879db000 	C:\WINDOWS\System32\GDI32.dll
0x00007fff86b40000 - 0x00007fff86c6c000 	C:\WINDOWS\System32\gdi32full.dll
0x00007fff863d0000 - 0x00007fff86473000 	C:\WINDOWS\System32\msvcp_win.dll
0x00007fff87500000 - 0x00007fff87532000 	C:\WINDOWS\System32\IMM32.DLL
0x00007fff81220000 - 0x00007fff8122c000 	C:\Program Files\Java\jdk-22\bin\vcruntime140_1.dll
0x00007fff3ccf0000 - 0x00007fff3cd7e000 	C:\Program Files\Java\jdk-22\bin\msvcp140.dll
0x00007ffe96f70000 - 0x00007ffe97cb9000 	C:\Program Files\Java\jdk-22\bin\server\jvm.dll
0x00007fff88ee0000 - 0x00007fff88f96000 	C:\WINDOWS\System32\ADVAPI32.dll
0x00007fff88240000 - 0x00007fff882e7000 	C:\WINDOWS\System32\sechost.dll
0x00007fff88b90000 - 0x00007fff88ca8000 	C:\WINDOWS\System32\RPCRT4.dll
0x00007fff87680000 - 0x00007fff87700000 	C:\WINDOWS\System32\WS2_32.dll
0x00007fff85890000 - 0x00007fff858ee000 	C:\WINDOWS\SYSTEM32\POWRPROF.dll
0x00007fff7e740000 - 0x00007fff7e74b000 	C:\WINDOWS\SYSTEM32\VERSION.dll
0x00007fff7e700000 - 0x00007fff7e736000 	C:\WINDOWS\SYSTEM32\WINMM.dll
0x00007fff85850000 - 0x00007fff85864000 	C:\WINDOWS\SYSTEM32\UMPDC.dll
0x00007fff847a0000 - 0x00007fff847bb000 	C:\WINDOWS\SYSTEM32\kernel.appcore.dll
0x00007fff7e9d0000 - 0x00007fff7e9da000 	C:\Program Files\Java\jdk-22\bin\jimage.dll
0x00007fff79f60000 - 0x00007fff7a1a2000 	C:\WINDOWS\SYSTEM32\DBGHELP.DLL
0x00007fff87b70000 - 0x00007fff87ef3000 	C:\WINDOWS\System32\combase.dll
0x00007fff88aa0000 - 0x00007fff88b79000 	C:\WINDOWS\System32\OLEAUT32.dll
0x00007fff697f0000 - 0x00007fff6982b000 	C:\WINDOWS\SYSTEM32\dbgcore.DLL
0x00007fff86910000 - 0x00007fff869b8000 	C:\WINDOWS\System32\bcryptPrimitives.dll
0x00007fff79a10000 - 0x00007fff79a1f000 	C:\Program Files\Java\jdk-22\bin\instrument.dll
0x00007fff75380000 - 0x00007fff7539e000 	C:\Program Files\Java\jdk-22\bin\java.dll
0x00007fff88320000 - 0x00007fff88a8e000 	C:\WINDOWS\System32\SHELL32.dll
0x00007fff87710000 - 0x00007fff878a7000 	C:\WINDOWS\System32\ole32.dll
0x00007fff85a10000 - 0x00007fff8627c000 	C:\WINDOWS\System32\windows.storage.dll
0x00007fff87f00000 - 0x00007fff87ff6000 	C:\WINDOWS\System32\SHCORE.dll
0x00007fff87540000 - 0x00007fff875a6000 	C:\WINDOWS\System32\shlwapi.dll
0x00007fff85930000 - 0x00007fff85959000 	C:\WINDOWS\SYSTEM32\profapi.dll
0x00007fff33d00000 - 0x00007fff33dd7000 	C:\Program Files\Java\jdk-22\bin\jsvml.dll
0x00007fff752e0000 - 0x00007fff752f7000 	C:\Program Files\Java\jdk-22\bin\zip.dll
0x00007fff78140000 - 0x00007fff78150000 	C:\Program Files\Java\jdk-22\bin\net.dll
0x00007fff84d10000 - 0x00007fff84d7c000 	C:\WINDOWS\system32\mswsock.dll
0x00007fff6f0f0000 - 0x00007fff6f106000 	C:\Program Files\Java\jdk-22\bin\nio.dll
0x00007fff76d50000 - 0x00007fff76d60000 	C:\Program Files\Java\jdk-22\bin\verify.dll
0x00007fff54730000 - 0x00007fff54775000 	C:\Users\shrav\AppData\Roaming\Code\User\globalStorage\redhat.java\1.54.0\config_win\org.eclipse.equinox.launcher\org.eclipse.equinox.launcher.win32.win32.x86_64_1.3.0.v20260203-2149\eclipse_11919.dll
0x00007fff84ff0000 - 0x00007fff8500b000 	C:\WINDOWS\SYSTEM32\CRYPTSP.dll
0x00007fff84700000 - 0x00007fff84739000 	C:\WINDOWS\system32\rsaenh.dll
0x00007fff84dc0000 - 0x00007fff84df3000 	C:\WINDOWS\SYSTEM32\USERENV.dll
0x00007fff85900000 - 0x00007fff8592a000 	C:\WINDOWS\SYSTEM32\bcrypt.dll
0x00007fff85010000 - 0x00007fff8501c000 	C:\WINDOWS\SYSTEM32\CRYPTBASE.dll
0x00007fff841c0000 - 0x00007fff841f2000 	C:\WINDOWS\SYSTEM32\IPHLPAPI.DLL
0x00007fff88b80000 - 0x00007fff88b8a000 	C:\WINDOWS\System32\NSI.dll
0x00007fff5d470000 - 0x00007fff5d47a000 	C:\Program Files\Java\jdk-22\bin\management.dll
0x00007fff5caa0000 - 0x00007fff5caab000 	C:\Program Files\Java\jdk-22\bin\management_ext.dll
0x00007fff882f0000 - 0x00007fff882f8000 	C:\WINDOWS\System32\PSAPI.DLL
0x00007fff0e520000 - 0x00007fff0e569000 	C:\Users\shrav\AppData\Local\Temp\jna-109415858\jna16275410430873561228.dll
0x00007fff7ffc0000 - 0x00007fff800e9000 	C:\WINDOWS\SYSTEM32\winhttp.dll
0x00007fff80680000 - 0x00007fff8069d000 	C:\WINDOWS\SYSTEM32\dhcpcsvc6.DLL
0x00007fff80370000 - 0x00007fff80395000 	C:\WINDOWS\SYSTEM32\dhcpcsvc.DLL
0x00007fff84260000 - 0x00007fff84392000 	C:\WINDOWS\SYSTEM32\DNSAPI.dll
0x00007fff7e910000 - 0x00007fff7e91b000 	C:\Windows\System32\rasadhlp.dll
0x00007fff80970000 - 0x00007fff809f6000 	C:\WINDOWS\System32\fwpuclnt.dll
0x00007fff5ca90000 - 0x00007fff5ca99000 	C:\Program Files\Java\jdk-22\bin\extnet.dll
0x00007fff5d480000 - 0x00007fff5d48e000 	C:\Program Files\Java\jdk-22\bin\sunmscapi.dll
0x00007fff869c0000 - 0x00007fff86b38000 	C:\WINDOWS\System32\CRYPT32.dll
0x00007fff85210000 - 0x00007fff85240000 	C:\WINDOWS\SYSTEM32\ncrypt.dll
0x00007fff851c0000 - 0x00007fff851ff000 	C:\WINDOWS\SYSTEM32\NTASN1.dll

dbghelp: loaded successfully - version: 4.0.5 - missing functions: none
symbol engine: initialized successfully - sym options: 0x614 - pdb path: .;C:\Program Files\Java\jdk-22\bin;C:\WINDOWS\SYSTEM32;C:\WINDOWS\WinSxS\amd64_microsoft.windows.common-controls_6595b64144ccf1df_6.0.26100.8457_none_3e0b2faee331e92d;C:\Program Files\Java\jdk-22\bin\server;C:\Users\shrav\AppData\Roaming\Code\User\globalStorage\redhat.java\1.54.0\config_win\org.eclipse.equinox.launcher\org.eclipse.equinox.launcher.win32.win32.x86_64_1.3.0.v20260203-2149;C:\Users\shrav\AppData\Local\Temp\jna-109415858

VM Arguments:
jvm_args: --add-modules=ALL-SYSTEM --add-opens=java.base/java.util=ALL-UNNAMED --add-opens=java.base/java.lang=ALL-UNNAMED --add-opens=java.base/sun.nio.fs=ALL-UNNAMED -Declipse.application=org.eclipse.jdt.ls.core.id1 -Dosgi.bundles.defaultStartLevel=4 -Declipse.product=org.eclipse.jdt.ls.core.product -Djava.import.generatesMetadataFilesAtProjectRoot=false -DDetectVMInstallationsJob.disabled=true -Dfile.encoding=utf8 -XX:+UseParallelGC -XX:GCTimeRatio=4 -XX:AdaptiveSizePolicyWeight=90 -Dsun.zip.disableMemoryMapping=true -Xmx2G -Xms100m -Xlog:disable -javaagent:c:\Users\shrav\.vscode\extensions\redhat.java-1.54.0-win32-x64\lombok\lombok-1.18.39-4050.jar -XX:+HeapDumpOnOutOfMemoryError -XX:HeapDumpPath=c:\Users\shrav\AppData\Roaming\Code\User\workspaceStorage\8c146ec206b80605d5f3eaebc9643368\redhat.java -Daether.dependencyCollector.impl=bf 
java_command: c:\Users\shrav\.vscode\extensions\redhat.java-1.54.0-win32-x64\server\plugins\org.eclipse.equinox.launcher_1.7.100.v20251111-0406.jar -configuration c:\Users\shrav\AppData\Roaming\Code\User\globalStorage\redhat.java\1.54.0\config_win -data c:\Users\shrav\AppData\Roaming\Code\User\workspaceStorage\8c146ec206b80605d5f3eaebc9643368\redhat.java\jdt_ws --pipe=\\.\pipe\lsp-80927ea5745966af4fd183488d4e546f-sock
java_class_path (initial): c:\Users\shrav\.vscode\extensions\redhat.java-1.54.0-win32-x64\server\plugins\org.eclipse.equinox.launcher_1.7.100.v20251111-0406.jar
Launcher Type: SUN_STANDARD

[Global flags]
     uint AdaptiveSizePolicyWeight                 = 90                                        {product} {command line}
     intx CICompilerCount                          = 4                                         {product} {ergonomic}
     uint GCTimeRatio                              = 4                                         {product} {command line}
     bool HeapDumpOnOutOfMemoryError               = true                                   {manageable} {command line}
    ccstr HeapDumpPath                             = c:\Users\shrav\AppData\Roaming\Code\User\workspaceStorage\8c146ec206b80605d5f3eaebc9643368\redhat.java         {manageable} {command line}
   size_t InitialHeapSize                          = 104857600                                 {product} {command line}
   size_t MaxHeapSize                              = 2147483648                                {product} {command line}
   size_t MaxNewSize                               = 715653120                                 {product} {ergonomic}
   size_t MinHeapDeltaBytes                        = 524288                                    {product} {ergonomic}
   size_t MinHeapSize                              = 104857600                                 {product} {command line}
   size_t NewSize                                  = 34603008                                  {product} {ergonomic}
    uintx NonNMethodCodeHeapSize                   = 5839372                                {pd product} {ergonomic}
    uintx NonProfiledCodeHeapSize                  = 122909434                              {pd product} {ergonomic}
   size_t OldSize                                  = 70254592                                  {product} {ergonomic}
    uintx ProfiledCodeHeapSize                     = 122909434                              {pd product} {ergonomic}
    uintx ReservedCodeCacheSize                    = 251658240                              {pd product} {ergonomic}
     bool SegmentedCodeCache                       = true                                      {product} {ergonomic}
   size_t SoftMaxHeapSize                          = 2147483648                             {manageable} {ergonomic}
     bool UseCompressedOops                        = true                           {product lp64_product} {ergonomic}
     bool UseLargePagesIndividualAllocation        = false                                  {pd product} {ergonomic}
     bool UseParallelGC                            = true                                      {product} {command line}

Logging:
Log output configuration:
 #0: stdout all=off uptime,level,tags foldmultilines=false
 #1: stderr all=off uptime,level,tags foldmultilines=false

Environment Variables:
PATH=C:\oracle\product\21c\db_home1\bin;C:\Program Files\Common Files\Oracle\Java\javapath;C:\WINDOWS\system32;C:\WINDOWS;C:\WINDOWS\System32\Wbem;C:\WINDOWS\System32\WindowsPowerShell\v1.0\;C:\WINDOWS\System32\OpenSSH\;C:\MinGW\bin;C:\Program Files\Git\cmd;C:\Program Files\Git\mingw64\bin;C:\Program Files\Git\usr\bin;C:\Program Files\nodejs\;C:\Users\shrav\Downloads\mongodb-windows-x86_64-8.2.4-signed.msi;C:\Program Files\MongoDB\Server\8.2\bin;C:\Program Files\MySQL\MySQL Shell 8.0\bin\;C:\Users\shrav\AppData\Local\Programs\Python\Python310\Scripts\;C:\Users\shrav\AppData\Local\Programs\Python\Python310\;C:\Users\shrav\.local\bin;C:\Users\shrav\AppData\Local\Microsoft\WindowsApps;C:\Users\shrav\AppData\Local\Programs\Microsoft VS Code\bin;C:\Users\shrav\AppData\Local\GitHubDesktop\bin;C:\Users\shrav\AppData\Roaming\npm;C:\Program Files\mongosh\;C:\Users\shrav\AppData\Local\Python\bin;C:\Users\shrav\Downloads\python-3.10.8-amd64.exe
USERNAME=shrav
OS=Windows_NT
PROCESSOR_IDENTIFIER=AMD64 Family 25 Model 80 Stepping 0, AuthenticAMD
TMP=C:\Users\shrav\AppData\Local\Temp
TEMP=C:\Users\shrav\AppData\Local\Temp




Periodic native trim disabled

---------------  S Y S T E M  ---------------

OS:
 Windows 11 , 64 bit Build 26100 (10.0.26100.8328)
OS uptime: 0 days 12:28 hours
Hyper-V role detected

CPU: total 12 (initial active 12) (12 cores per cpu, 2 threads per core) family 25 model 80 stepping 0 microcode 0xa50000f, cx8, cmov, fxsr, ht, mmx, 3dnowpref, sse, sse2, sse3, ssse3, sse4a, sse4.1, sse4.2, popcnt, lzcnt, tsc, tscinvbit, avx, avx2, aes, erms, clmul, bmi1, bmi2, adx, sha, fma, vzeroupper, clflush, clflushopt, hv, rdtscp, rdpid, fsrm, f16c, cet_ss
Processor Information for processor 0
  Max Mhz: 3301, Current Mhz: 1908, Mhz Limit: 3301
Processor Information for processor 1
  Max Mhz: 3301, Current Mhz: 1908, Mhz Limit: 3301
Processor Information for processor 2
  Max Mhz: 3301, Current Mhz: 1805, Mhz Limit: 3301
Processor Information for processor 3
  Max Mhz: 3301, Current Mhz: 1805, Mhz Limit: 3301
Processor Information for processor 4
  Max Mhz: 3301, Current Mhz: 1805, Mhz Limit: 3301
Processor Information for processor 5
  Max Mhz: 3301, Current Mhz: 1908, Mhz Limit: 3301
Processor Information for processor 6
  Max Mhz: 3301, Current Mhz: 1805, Mhz Limit: 3301
Processor Information for processor 7
  Max Mhz: 3301, Current Mhz: 1908, Mhz Limit: 3301
Processor Information for processor 8
  Max Mhz: 3301, Current Mhz: 1805, Mhz Limit: 3301
Processor Information for processor 9
  Max Mhz: 3301, Current Mhz: 1908, Mhz Limit: 3301
Processor Information for processor 10
  Max Mhz: 3301, Current Mhz: 1805, Mhz Limit: 3301
Processor Information for processor 11
  Max Mhz: 3301, Current Mhz: 1908, Mhz Limit: 3301

Memory: 4k page, system-wide physical 7518M (1225M free)
TotalPageFile size 31070M (AvailPageFile size 17M)
current process WorkingSet (physical memory assigned to process): 446M, peak: 447M
current process commit charge ("private bytes"): 533M, peak: 538M

vm_info: Java HotSpot(TM) 64-Bit Server VM (22.0.2+9-70) for windows-amd64 JRE (22.0.2+9-70), built on 2024-06-04T16:52:23Z by "mach5one" with MS VC++ 17.6 (VS2022)

END.
