#
# There is insufficient memory for the Java Runtime Environment to continue.
# Native memory allocation (malloc) failed to allocate 1717136 bytes. Error detail: Chunk::new
# Possible reasons:
#   The system is out of physical RAM or swap space
#   This process is running with CompressedOops enabled, and the Java Heap may be blocking the growth of the native heap
# Possible solutions:
#   Reduce memory load on the system
#   Increase physical memory or swap space
#   Check if swap backing store is full
#   Decrease Java heap size (-Xmx/-Xms)
#   Decrease number of Java threads
#   Decrease Java thread stack sizes (-Xss)
#   Set larger code cache with -XX:ReservedCodeCacheSize=
#   JVM is running with Unscaled Compressed Oops mode in which the Java heap is
#     placed in the first 4GB address space. The Java Heap base address is the
#     maximum limit for the native heap growth. Please use -XX:HeapBaseMinAddress
#     to set the Java Heap base and to place the Java Heap above 4GB virtual address.
# This output file may be truncated or incomplete.
#
#  Out of Memory Error (arena.cpp:150), pid=9660, tid=1412
#
# JRE version: Java(TM) SE Runtime Environment (22.0.2+9) (build 22.0.2+9-70)
# Java VM: Java HotSpot(TM) 64-Bit Server VM (22.0.2+9-70, mixed mode, sharing, tiered, compressed oops, compressed class ptrs, parallel gc, windows-amd64)
# No core dump will be written. Minidumps are not enabled by default on client versions of Windows
#

---------------  S U M M A R Y ------------

Command Line: --add-modules=ALL-SYSTEM --add-opens=java.base/java.util=ALL-UNNAMED --add-opens=java.base/java.lang=ALL-UNNAMED --add-opens=java.base/sun.nio.fs=ALL-UNNAMED -Declipse.application=org.eclipse.jdt.ls.core.id1 -Dosgi.bundles.defaultStartLevel=4 -Declipse.product=org.eclipse.jdt.ls.core.product -Djava.import.generatesMetadataFilesAtProjectRoot=false -DDetectVMInstallationsJob.disabled=true -Dfile.encoding=utf8 -XX:+UseParallelGC -XX:GCTimeRatio=4 -XX:AdaptiveSizePolicyWeight=90 -Dsun.zip.disableMemoryMapping=true -Xmx2G -Xms100m -Xlog:disable -javaagent:c:\Users\shrav\.vscode\extensions\redhat.java-1.54.0-win32-x64\lombok\lombok-1.18.39-4050.jar c:\Users\shrav\.vscode\extensions\redhat.java-1.54.0-win32-x64\server\plugins\org.eclipse.equinox.launcher_1.7.100.v20251111-0406.jar -configuration c:\Users\shrav\AppData\Roaming\Code\User\globalStorage\redhat.java\1.54.0\config_ss_win -data c:\Users\shrav\AppData\Roaming\Code\User\workspaceStorage\8c146ec206b80605d5f3eaebc9643368\redhat.java\ss_ws --pipe=\\.\pipe\lsp-e9f254b8a75a5b02812ac5132b3db39f-sock

Host: AMD Ryzen 5 5600H with Radeon Graphics         , 12 cores, 7G,  Windows 11 , 64 bit Build 26100 (10.0.26100.8328)
Time: Tue May 26 23:52:29 2026 India Standard Time elapsed time: 7.574358 seconds (0d 0h 0m 7s)

---------------  T H R E A D  ---------------

Current thread (0x000001d21002ad40):  JavaThread "C2 CompilerThread0" daemon [_thread_in_native, id=1412, stack(0x000000c43b100000,0x000000c43b200000) (1024K)]


Current CompileTask:
C2:7574 2573       4       org.lombokweb.asm.ClassReader::readMethod (1070 bytes)

Stack: [0x000000c43b100000,0x000000c43b200000]
Native frames: (J=compiled Java code, j=interpreted, Vv=VM code, C=native code)
V  [jvm.dll+0x6e26e9]  (no source info available)
V  [jvm.dll+0x875753]  (no source info available)
V  [jvm.dll+0x877b7e]  (no source info available)
V  [jvm.dll+0x878253]  (no source info available)
V  [jvm.dll+0x27fc86]  (no source info available)
V  [jvm.dll+0xc3d0f]  (no source info available)
V  [jvm.dll+0xc3f6b]  (no source info available)
V  [jvm.dll+0x3bb442]  (no source info available)
V  [jvm.dll+0x1df6ae]  (no source info available)
V  [jvm.dll+0x24793c]  (no source info available)
V  [jvm.dll+0x246e9f]  (no source info available)
V  [jvm.dll+0x1c4e80]  (no source info available)
V  [jvm.dll+0x2568f3]  (no source info available)
V  [jvm.dll+0x254baa]  (no source info available)
V  [jvm.dll+0x3f57a6]  (no source info available)
V  [jvm.dll+0x81dc0b]  (no source info available)
V  [jvm.dll+0x6e0d85]  (no source info available)
C  [ucrtbase.dll+0x37b0]  (no source info available)
C  [KERNEL32.DLL+0x2e957]  (no source info available)
C  [ntdll.dll+0x427c]  (no source info available)


---------------  P R O C E S S  ---------------

Threads class SMR info:
_java_thread_list=0x000001d215da2ac0, length=18, elements={
0x000001d1b216f7a0, 0x000001d1b211d4b0, 0x000001d1b221a950, 0x000001d1b221f290,
0x000001d1b2222190, 0x000001d1b22241e0, 0x000001d210029fe0, 0x000001d21002ad40,
0x000001d21002dea0, 0x000001d1b21dce40, 0x000001d2103078a0, 0x000001d215aa7f50,
0x000001d215a97130, 0x000001d215a70080, 0x000001d215b2a760, 0x000001d2158f7460,
0x000001d215cce610, 0x000001d215dd5220
}

Java Threads: ( => current thread )
  0x000001d1b216f7a0 JavaThread "main"                              [_thread_blocked, id=33732, stack(0x000000c43a700000,0x000000c43a800000) (1024K)]
  0x000001d1b211d4b0 JavaThread "Reference Handler"          daemon [_thread_blocked, id=25840, stack(0x000000c43ab00000,0x000000c43ac00000) (1024K)]
  0x000001d1b221a950 JavaThread "Finalizer"                  daemon [_thread_blocked, id=7588, stack(0x000000c43ac00000,0x000000c43ad00000) (1024K)]
  0x000001d1b221f290 JavaThread "Signal Dispatcher"          daemon [_thread_blocked, id=11116, stack(0x000000c43ad00000,0x000000c43ae00000) (1024K)]
  0x000001d1b2222190 JavaThread "Attach Listener"            daemon [_thread_blocked, id=27392, stack(0x000000c43ae00000,0x000000c43af00000) (1024K)]
  0x000001d1b22241e0 JavaThread "Service Thread"             daemon [_thread_blocked, id=20080, stack(0x000000c43af00000,0x000000c43b000000) (1024K)]
  0x000001d210029fe0 JavaThread "Monitor Deflation Thread"   daemon [_thread_blocked, id=21776, stack(0x000000c43b000000,0x000000c43b100000) (1024K)]
=>0x000001d21002ad40 JavaThread "C2 CompilerThread0"         daemon [_thread_in_native, id=1412, stack(0x000000c43b100000,0x000000c43b200000) (1024K)]
  0x000001d21002dea0 JavaThread "C1 CompilerThread0"         daemon [_thread_blocked, id=17156, stack(0x000000c43b200000,0x000000c43b300000) (1024K)]
  0x000001d1b21dce40 JavaThread "Common-Cleaner"             daemon [_thread_blocked, id=33196, stack(0x000000c43b300000,0x000000c43b400000) (1024K)]
  0x000001d2103078a0 JavaThread "Notification Thread"        daemon [_thread_blocked, id=28988, stack(0x000000c43b500000,0x000000c43b600000) (1024K)]
  0x000001d215aa7f50 JavaThread "Active Thread: Equinox Container: 1f32c439-a927-496b-847e-8f1bfe79ba66"        [_thread_blocked, id=23352, stack(0x000000c43bc00000,0x000000c43bd00000) (1024K)]
  0x000001d215a97130 JavaThread "Framework Event Dispatcher: Equinox Container: 1f32c439-a927-496b-847e-8f1bfe79ba66" daemon [_thread_blocked, id=31992, stack(0x000000c43bd00000,0x000000c43be00000) (1024K)]
  0x000001d215a70080 JavaThread "Start Level: Equinox Container: 1f32c439-a927-496b-847e-8f1bfe79ba66" daemon [_thread_in_vm, id=27636, stack(0x000000c43be00000,0x000000c43bf00000) (1024K)]
  0x000001d215b2a760 JavaThread "SCR Component Actor"        daemon [_thread_blocked, id=30320, stack(0x000000c43b400000,0x000000c43b500000) (1024K)]
  0x000001d2158f7460 JavaThread "Worker-JM"                         [_thread_blocked, id=21040, stack(0x000000c43c100000,0x000000c43c200000) (1024K)]
  0x000001d215cce610 JavaThread "Worker-0"                          [_thread_blocked, id=15200, stack(0x000000c43c400000,0x000000c43c500000) (1024K)]
  0x000001d215dd5220 JavaThread "Worker-1"                          [_thread_blocked, id=27700, stack(0x000000c43c500000,0x000000c43c600000) (1024K)]
Total: 18

Other Threads:
  0x000001d1b2104560 VMThread "VM Thread"                           [id=32876, stack(0x000000c43aa00000,0x000000c43ab00000) (1024K)]
  0x000001d1b1ffca00 WatcherThread "VM Periodic Task Thread"        [id=19372, stack(0x000000c43a900000,0x000000c43aa00000) (1024K)]
  0x000001d1b218ce00 WorkerThread "GC Thread#0"                     [id=11732, stack(0x000000c43a800000,0x000000c43a900000) (1024K)]
  0x000001d21541c0f0 WorkerThread "GC Thread#1"                     [id=27308, stack(0x000000c43b600000,0x000000c43b700000) (1024K)]
  0x000001d215776f40 WorkerThread "GC Thread#2"                     [id=9932, stack(0x000000c43b700000,0x000000c43b800000) (1024K)]
  0x000001d2157772f0 WorkerThread "GC Thread#3"                     [id=12784, stack(0x000000c43b800000,0x000000c43b900000) (1024K)]
  0x000001d2152002c0 WorkerThread "GC Thread#4"                     [id=4028, stack(0x000000c43b900000,0x000000c43ba00000) (1024K)]
  0x000001d215200670 WorkerThread "GC Thread#5"                     [id=24620, stack(0x000000c43ba00000,0x000000c43bb00000) (1024K)]
  0x000001d215474450 WorkerThread "GC Thread#6"                     [id=20960, stack(0x000000c43bb00000,0x000000c43bc00000) (1024K)]
  0x000001d215a84c90 WorkerThread "GC Thread#7"                     [id=2664, stack(0x000000c43bf00000,0x000000c43c000000) (1024K)]
  0x000001d215b839f0 WorkerThread "GC Thread#8"                     [id=3936, stack(0x000000c43c200000,0x000000c43c300000) (1024K)]
  0x000001d215b8c260 WorkerThread "GC Thread#9"                     [id=24668, stack(0x000000c43c300000,0x000000c43c400000) (1024K)]
Total: 12

Threads with active compile tasks:
C2 CompilerThread0  7718 2573       4       org.lombokweb.asm.ClassReader::readMethod (1070 bytes)
Total: 1

VM state: not at safepoint (normal execution)

VM Mutex/Monitor currently owned by a thread: None

Heap address: 0x0000000080000000, size: 2048 MB, Compressed Oops mode: 32-bit

CDS archive(s) mapped at: [0x000001d1ce000000-0x000001d1cec60000-0x000001d1cec60000), size 12976128, SharedBaseAddress: 0x000001d1ce000000, ArchiveRelocationMode: 1.
Compressed class space mapped at: 0x000001d1cf000000-0x000001d20f000000, reserved size: 1073741824
Narrow klass base: 0x000001d1ce000000, Narrow klass shift: 0, Narrow klass range: 0x41000000

GC Precious Log:
 CardTable entry size: 512
 CPUs: 12 total, 12 available
 Memory: 7518M
 Large Page Support: Disabled
 NUMA Support: Disabled
 Compressed Oops: Enabled (32-bit)
 Alignments: Space 512K, Generation 512K, Heap 2M
 Heap Min Capacity: 100M
 Heap Initial Capacity: 100M
 Heap Max Capacity: 2G
 Pre-touch: Disabled
 Parallel Workers: 10

Heap:
 PSYoungGen      total 29696K, used 10532K [0x00000000d5580000, 0x00000000d7b00000, 0x0000000100000000)
  eden space 24064K, 43% used [0x00000000d5580000,0x00000000d5fc91c0,0x00000000d6d00000)
  from space 5632K, 0% used [0x00000000d7380000,0x00000000d7380000,0x00000000d7900000)
  to   space 6656K, 0% used [0x00000000d6d00000,0x00000000d6d00000,0x00000000d7380000)
 ParOldGen       total 68608K, used 10186K [0x0000000080000000, 0x0000000084300000, 0x00000000d5580000)
  object space 68608K, 14% used [0x0000000080000000,0x00000000809f2b00,0x0000000084300000)
 Metaspace       used 22367K, committed 22976K, reserved 1114112K
  class space    used 2139K, committed 2432K, reserved 1048576K

Card table byte_map: [0x000001d1b1b10000,0x000001d1b1f20000] _byte_map_base: 0x000001d1b1710000

Marking Bits: (ParMarkBitMap*) 0x00007ffe97be1a90
 Begin Bits: [0x000001d1c9770000, 0x000001d1cb770000)
 End Bits:   [0x000001d1cb770000, 0x000001d1cd770000)

Polling page: 0x000001d1b00e0000

Metaspace:

Usage:
  Non-class:     19.75 MB used.
      Class:      2.09 MB used.
       Both:     21.84 MB used.

Virtual space:
  Non-class space:       64.00 MB reserved,      20.06 MB ( 31%) committed,  1 nodes.
      Class space:        1.00 GB reserved,       2.38 MB ( <1%) committed,  1 nodes.
             Both:        1.06 GB reserved,      22.44 MB (  2%) committed. 

Chunk freelists:
   Non-Class:  11.81 MB
       Class:  13.53 MB
        Both:  25.34 MB

MaxMetaspaceSize: unlimited
CompressedClassSpaceSize: 1.00 GB
Initial GC threshold: 21.00 MB
Current GC threshold: 35.00 MB
CDS: on
 - commit_granule_bytes: 65536.
 - commit_granule_words: 8192.
 - virtual_space_node_default_size: 8388608.
 - enlarge_chunks_in_place: 1.
 - use_allocation_guard: 0.


Internal statistics:

num_allocs_failed_limit: 3.
num_arena_births: 476.
num_arena_deaths: 14.
num_vsnodes_births: 2.
num_vsnodes_deaths: 0.
num_space_committed: 359.
num_space_uncommitted: 0.
num_chunks_returned_to_freelist: 17.
num_chunks_taken_from_freelist: 1282.
num_chunk_merges: 8.
num_chunk_splits: 846.
num_chunks_enlarged: 557.
num_inconsistent_stats: 0.

CodeHeap 'non-profiled nmethods': size=120000Kb used=1108Kb max_used=1108Kb free=118891Kb
 bounds [0x000001d1c1f90000, 0x000001d1c2200000, 0x000001d1c94c0000]
CodeHeap 'profiled nmethods': size=120000Kb used=5628Kb max_used=5628Kb free=114371Kb
 bounds [0x000001d1ba4c0000, 0x000001d1baa40000, 0x000001d1c19f0000]
CodeHeap 'non-nmethods': size=5760Kb used=1322Kb max_used=1322Kb free=4437Kb
 bounds [0x000001d1c19f0000, 0x000001d1c1c60000, 0x000001d1c1f90000]
 total_blobs=3433 nmethods=2832 adapters=507
 compilation: enabled
              stopped_count=0, restarted_count=0
 full_count=0

Compilation events (20 events):
Event: 6.559 Thread 0x000001d21002dea0 2820       3       sun.nio.fs.WindowsPath$WindowsPathWithAttributes::<init> (23 bytes)
Event: 6.559 Thread 0x000001d21002dea0 nmethod 2820 0x000001d1baa30090 code [0x000001d1baa30260, 0x000001d1baa306d8]
Event: 6.559 Thread 0x000001d21002dea0 2821       3       java.nio.file.Files$AcceptAllFilter::accept (9 bytes)
Event: 6.559 Thread 0x000001d21002dea0 nmethod 2821 0x000001d1baa30910 code [0x000001d1baa30ac0, 0x000001d1baa30d20]
Event: 6.559 Thread 0x000001d21002dea0 2822       3       sun.nio.fs.WindowsDirectoryStream$WindowsDirectoryIterator::next (5 bytes)
Event: 6.560 Thread 0x000001d21002dea0 nmethod 2822 0x000001d1baa30e10 code [0x000001d1baa30fc0, 0x000001d1baa31100]
Event: 6.560 Thread 0x000001d21002dea0 2816       3       sun.nio.fs.WindowsFileAttributes::fromFindData (127 bytes)
Event: 6.560 Thread 0x000001d21002dea0 nmethod 2816 0x000001d1baa31190 code [0x000001d1baa31380, 0x000001d1baa319a0]
Event: 6.560 Thread 0x000001d21002dea0 2819       3       sun.nio.fs.WindowsPathParser::parseNormalizedPath (6 bytes)
Event: 6.561 Thread 0x000001d21002dea0 nmethod 2819 0x000001d1baa31c90 code [0x000001d1baa31e40, 0x000001d1baa31f60]
Event: 6.561 Thread 0x000001d21002dea0 2823  s    3       sun.nio.fs.WindowsDirectoryStream$WindowsDirectoryIterator::next (48 bytes)
Event: 6.561 Thread 0x000001d21002dea0 nmethod 2823 0x000001d1baa32010 code [0x000001d1baa321e0, 0x000001d1baa32590]
Event: 6.561 Thread 0x000001d21002dea0 2811       3       sun.nio.fs.WindowsPath::getFileName (87 bytes)
Event: 6.563 Thread 0x000001d21002dea0 nmethod 2811 0x000001d1baa32690 code [0x000001d1baa32940, 0x000001d1baa33660]
Event: 6.563 Thread 0x000001d21002dea0 2825       3       java.util.concurrent.atomic.AtomicLong::compareAndSet (13 bytes)
Event: 6.563 Thread 0x000001d21002dea0 nmethod 2825 0x000001d1baa33b90 code [0x000001d1baa33d20, 0x000001d1baa33e48]
Event: 6.563 Thread 0x000001d21002dea0 2826       3       java.util.Random::next (47 bytes)
Event: 6.563 Thread 0x000001d21002dea0 nmethod 2826 0x000001d1baa33f10 code [0x000001d1baa340c0, 0x000001d1baa34328]
Event: 6.564 Thread 0x000001d21002dea0 2827       3       java.util.Random::nextBoolean (14 bytes)
Event: 6.564 Thread 0x000001d21002dea0 nmethod 2827 0x000001d1baa34490 code [0x000001d1baa34640, 0x000001d1baa34868]

GC Heap History (14 events):
Event: 1.407 GC heap before
{Heap before GC invocations=1 (full 0):
 PSYoungGen      total 29696K, used 25600K [0x00000000d5580000, 0x00000000d7680000, 0x0000000100000000)
  eden space 25600K, 100% used [0x00000000d5580000,0x00000000d6e80000,0x00000000d6e80000)
  from space 4096K, 0% used [0x00000000d7280000,0x00000000d7280000,0x00000000d7680000)
  to   space 4096K, 0% used [0x00000000d6e80000,0x00000000d6e80000,0x00000000d7280000)
 ParOldGen       total 68608K, used 0K [0x0000000080000000, 0x0000000084300000, 0x00000000d5580000)
  object space 68608K, 0% used [0x0000000080000000,0x0000000080000000,0x0000000084300000)
 Metaspace       used 4281K, committed 4544K, reserved 1114112K
  class space    used 452K, committed 576K, reserved 1048576K
}
Event: 1.421 GC heap after
{Heap after GC invocations=1 (full 0):
 PSYoungGen      total 29696K, used 3296K [0x00000000d5580000, 0x00000000d7680000, 0x0000000100000000)
  eden space 25600K, 0% used [0x00000000d5580000,0x00000000d5580000,0x00000000d6e80000)
  from space 4096K, 80% used [0x00000000d6e80000,0x00000000d71b8158,0x00000000d7280000)
  to   space 4096K, 0% used [0x00000000d7280000,0x00000000d7280000,0x00000000d7680000)
 ParOldGen       total 68608K, used 16K [0x0000000080000000, 0x0000000084300000, 0x00000000d5580000)
  object space 68608K, 0% used [0x0000000080000000,0x0000000080004000,0x0000000084300000)
 Metaspace       used 4281K, committed 4544K, reserved 1114112K
  class space    used 452K, committed 576K, reserved 1048576K
}
Event: 2.912 GC heap before
{Heap before GC invocations=2 (full 0):
 PSYoungGen      total 29696K, used 28896K [0x00000000d5580000, 0x00000000d7680000, 0x0000000100000000)
  eden space 25600K, 100% used [0x00000000d5580000,0x00000000d6e80000,0x00000000d6e80000)
  from space 4096K, 80% used [0x00000000d6e80000,0x00000000d71b8158,0x00000000d7280000)
  to   space 4096K, 0% used [0x00000000d7280000,0x00000000d7280000,0x00000000d7680000)
 ParOldGen       total 68608K, used 16K [0x0000000080000000, 0x0000000084300000, 0x00000000d5580000)
  object space 68608K, 0% used [0x0000000080000000,0x0000000080004000,0x0000000084300000)
 Metaspace       used 7945K, committed 8256K, reserved 1114112K
  class space    used 825K, committed 960K, reserved 1048576K
}
Event: 2.920 GC heap after
{Heap after GC invocations=2 (full 0):
 PSYoungGen      total 29696K, used 4080K [0x00000000d5580000, 0x00000000d7680000, 0x0000000100000000)
  eden space 25600K, 0% used [0x00000000d5580000,0x00000000d5580000,0x00000000d6e80000)
  from space 4096K, 99% used [0x00000000d7280000,0x00000000d767c268,0x00000000d7680000)
  to   space 4096K, 0% used [0x00000000d6e80000,0x00000000d6e80000,0x00000000d7280000)
 ParOldGen       total 68608K, used 1144K [0x0000000080000000, 0x0000000084300000, 0x00000000d5580000)
  object space 68608K, 1% used [0x0000000080000000,0x000000008011e0d0,0x0000000084300000)
 Metaspace       used 7945K, committed 8256K, reserved 1114112K
  class space    used 825K, committed 960K, reserved 1048576K
}
Event: 3.717 GC heap before
{Heap before GC invocations=3 (full 0):
 PSYoungGen      total 29696K, used 29680K [0x00000000d5580000, 0x00000000d7680000, 0x0000000100000000)
  eden space 25600K, 100% used [0x00000000d5580000,0x00000000d6e80000,0x00000000d6e80000)
  from space 4096K, 99% used [0x00000000d7280000,0x00000000d767c268,0x00000000d7680000)
  to   space 4096K, 0% used [0x00000000d6e80000,0x00000000d6e80000,0x00000000d7280000)
 ParOldGen       total 68608K, used 1144K [0x0000000080000000, 0x0000000084300000, 0x00000000d5580000)
  object space 68608K, 1% used [0x0000000080000000,0x000000008011e0d0,0x0000000084300000)
 Metaspace       used 12790K, committed 13312K, reserved 1114112K
  class space    used 1354K, committed 1600K, reserved 1048576K
}
Event: 3.721 GC heap after
{Heap after GC invocations=3 (full 0):
 PSYoungGen      total 29696K, used 4066K [0x00000000d5580000, 0x00000000d7680000, 0x0000000100000000)
  eden space 25600K, 0% used [0x00000000d5580000,0x00000000d5580000,0x00000000d6e80000)
  from space 4096K, 99% used [0x00000000d6e80000,0x00000000d7278870,0x00000000d7280000)
  to   space 4096K, 0% used [0x00000000d7280000,0x00000000d7280000,0x00000000d7680000)
 ParOldGen       total 68608K, used 2637K [0x0000000080000000, 0x0000000084300000, 0x00000000d5580000)
  object space 68608K, 3% used [0x0000000080000000,0x0000000080293678,0x0000000084300000)
 Metaspace       used 12790K, committed 13312K, reserved 1114112K
  class space    used 1354K, committed 1600K, reserved 1048576K
}
Event: 5.384 GC heap before
{Heap before GC invocations=4 (full 0):
 PSYoungGen      total 29696K, used 29666K [0x00000000d5580000, 0x00000000d7680000, 0x0000000100000000)
  eden space 25600K, 100% used [0x00000000d5580000,0x00000000d6e80000,0x00000000d6e80000)
  from space 4096K, 99% used [0x00000000d6e80000,0x00000000d7278870,0x00000000d7280000)
  to   space 4096K, 0% used [0x00000000d7280000,0x00000000d7280000,0x00000000d7680000)
 ParOldGen       total 68608K, used 2637K [0x0000000080000000, 0x0000000084300000, 0x00000000d5580000)
  object space 68608K, 3% used [0x0000000080000000,0x0000000080293678,0x0000000084300000)
 Metaspace       used 16078K, committed 16704K, reserved 1114112K
  class space    used 1676K, committed 1920K, reserved 1048576K
}
Event: 5.389 GC heap after
{Heap after GC invocations=4 (full 0):
 PSYoungGen      total 29696K, used 4092K [0x00000000d5580000, 0x00000000d7680000, 0x0000000100000000)
  eden space 25600K, 0% used [0x00000000d5580000,0x00000000d5580000,0x00000000d6e80000)
  from space 4096K, 99% used [0x00000000d7280000,0x00000000d767f1d0,0x00000000d7680000)
  to   space 4096K, 0% used [0x00000000d6e80000,0x00000000d6e80000,0x00000000d7280000)
 ParOldGen       total 68608K, used 5430K [0x0000000080000000, 0x0000000084300000, 0x00000000d5580000)
  object space 68608K, 7% used [0x0000000080000000,0x000000008054db98,0x0000000084300000)
 Metaspace       used 16078K, committed 16704K, reserved 1114112K
  class space    used 1676K, committed 1920K, reserved 1048576K
}
Event: 5.800 GC heap before
{Heap before GC invocations=5 (full 0):
 PSYoungGen      total 29696K, used 29692K [0x00000000d5580000, 0x00000000d7680000, 0x0000000100000000)
  eden space 25600K, 100% used [0x00000000d5580000,0x00000000d6e80000,0x00000000d6e80000)
  from space 4096K, 99% used [0x00000000d7280000,0x00000000d767f1d0,0x00000000d7680000)
  to   space 4096K, 0% used [0x00000000d6e80000,0x00000000d6e80000,0x00000000d7280000)
 ParOldGen       total 68608K, used 5430K [0x0000000080000000, 0x0000000084300000, 0x00000000d5580000)
  object space 68608K, 7% used [0x0000000080000000,0x000000008054db98,0x0000000084300000)
 Metaspace       used 19742K, committed 20352K, reserved 1114112K
  class space    used 1940K, committed 2176K, reserved 1048576K
}
Event: 5.804 GC heap after
{Heap after GC invocations=5 (full 0):
 PSYoungGen      total 29184K, used 4090K [0x00000000d5580000, 0x00000000d7900000, 0x0000000100000000)
  eden space 25088K, 0% used [0x00000000d5580000,0x00000000d5580000,0x00000000d6e00000)
  from space 4096K, 99% used [0x00000000d6e80000,0x00000000d727e9a8,0x00000000d7280000)
  to   space 5632K, 0% used [0x00000000d7380000,0x00000000d7380000,0x00000000d7900000)
 ParOldGen       total 68608K, used 5649K [0x0000000080000000, 0x0000000084300000, 0x00000000d5580000)
  object space 68608K, 8% used [0x0000000080000000,0x0000000080584758,0x0000000084300000)
 Metaspace       used 19742K, committed 20352K, reserved 1114112K
  class space    used 1940K, committed 2176K, reserved 1048576K
}
Event: 6.197 GC heap before
{Heap before GC invocations=6 (full 0):
 PSYoungGen      total 29184K, used 25585K [0x00000000d5580000, 0x00000000d7900000, 0x0000000100000000)
  eden space 25088K, 85% used [0x00000000d5580000,0x00000000d6a7dc18,0x00000000d6e00000)
  from space 4096K, 99% used [0x00000000d6e80000,0x00000000d727e9a8,0x00000000d7280000)
  to   space 5632K, 0% used [0x00000000d7380000,0x00000000d7380000,0x00000000d7900000)
 ParOldGen       total 68608K, used 5649K [0x0000000080000000, 0x0000000084300000, 0x00000000d5580000)
  object space 68608K, 8% used [0x0000000080000000,0x0000000080584758,0x0000000084300000)
 Metaspace       used 20922K, committed 21504K, reserved 1114112K
  class space    used 2016K, committed 2304K, reserved 1048576K
}
Event: 6.203 GC heap after
{Heap after GC invocations=6 (full 0):
 PSYoungGen      total 29696K, used 5603K [0x00000000d5580000, 0x00000000d7b00000, 0x0000000100000000)
  eden space 24064K, 0% used [0x00000000d5580000,0x00000000d5580000,0x00000000d6d00000)
  from space 5632K, 99% used [0x00000000d7380000,0x00000000d78f8c58,0x00000000d7900000)
  to   space 6656K, 0% used [0x00000000d6d00000,0x00000000d6d00000,0x00000000d7380000)
 ParOldGen       total 68608K, used 6161K [0x0000000080000000, 0x0000000084300000, 0x00000000d5580000)
  object space 68608K, 8% used [0x0000000080000000,0x0000000080604758,0x0000000084300000)
 Metaspace       used 20922K, committed 21504K, reserved 1114112K
  class space    used 2016K, committed 2304K, reserved 1048576K
}
Event: 6.203 GC heap before
{Heap before GC invocations=7 (full 1):
 PSYoungGen      total 29696K, used 5603K [0x00000000d5580000, 0x00000000d7b00000, 0x0000000100000000)
  eden space 24064K, 0% used [0x00000000d5580000,0x00000000d5580000,0x00000000d6d00000)
  from space 5632K, 99% used [0x00000000d7380000,0x00000000d78f8c58,0x00000000d7900000)
  to   space 6656K, 0% used [0x00000000d6d00000,0x00000000d6d00000,0x00000000d7380000)
 ParOldGen       total 68608K, used 6161K [0x0000000080000000, 0x0000000084300000, 0x00000000d5580000)
  object space 68608K, 8% used [0x0000000080000000,0x0000000080604758,0x0000000084300000)
 Metaspace       used 20922K, committed 21504K, reserved 1114112K
  class space    used 2016K, committed 2304K, reserved 1048576K
}
Event: 6.243 GC heap after
{Heap after GC invocations=7 (full 1):
 PSYoungGen      total 29696K, used 0K [0x00000000d5580000, 0x00000000d7b00000, 0x0000000100000000)
  eden space 24064K, 0% used [0x00000000d5580000,0x00000000d5580000,0x00000000d6d00000)
  from space 5632K, 0% used [0x00000000d7380000,0x00000000d7380000,0x00000000d7900000)
  to   space 6656K, 0% used [0x00000000d6d00000,0x00000000d6d00000,0x00000000d7380000)
 ParOldGen       total 68608K, used 10186K [0x0000000080000000, 0x0000000084300000, 0x00000000d5580000)
  object space 68608K, 14% used [0x0000000080000000,0x00000000809f2b00,0x0000000084300000)
 Metaspace       used 20910K, committed 21504K, reserved 1114112K
  class space    used 2013K, committed 2304K, reserved 1048576K
}

Dll operation events (12 events):
Event: 0.027 Loaded shared library C:\Program Files\Java\jdk-22\bin\java.dll
Event: 0.076 Loaded shared library C:\Program Files\Java\jdk-22\bin\jsvml.dll
Event: 0.179 Loaded shared library C:\Program Files\Java\jdk-22\bin\zip.dll
Event: 0.188 Loaded shared library C:\Program Files\Java\jdk-22\bin\instrument.dll
Event: 0.198 Loaded shared library C:\Program Files\Java\jdk-22\bin\net.dll
Event: 0.204 Loaded shared library C:\Program Files\Java\jdk-22\bin\nio.dll
Event: 0.210 Loaded shared library C:\Program Files\Java\jdk-22\bin\zip.dll
Event: 0.246 Loaded shared library C:\Program Files\Java\jdk-22\bin\jimage.dll
Event: 0.373 Loaded shared library C:\Program Files\Java\jdk-22\bin\verify.dll
Event: 2.904 Loaded shared library C:\Users\shrav\AppData\Roaming\Code\User\globalStorage\redhat.java\1.54.0\config_ss_win\org.eclipse.equinox.launcher\org.eclipse.equinox.launcher.win32.win32.x86_64_1.3.0.v20260203-2149\eclipse_11919.dll
Event: 3.922 Loaded shared library C:\Program Files\Java\jdk-22\bin\management.dll
Event: 3.930 Loaded shared library C:\Program Files\Java\jdk-22\bin\management_ext.dll

Deoptimization events (20 events):
Event: 6.385 Thread 0x000001d215a70080 Uncommon trap: trap_request=0xffffffc6 fr.pc=0x000001d1c2036818 relative=0x0000000000000a98
Event: 6.385 Thread 0x000001d215a70080 Uncommon trap: reason=bimorphic_or_optimized_type_check action=maybe_recompile pc=0x000001d1c2036818 method=java.util.HashMap.putVal(ILjava/lang/Object;Ljava/lang/Object;ZZ)Ljava/lang/Object; @ 56 c2
Event: 6.385 Thread 0x000001d215a70080 DEOPT PACKING pc=0x000001d1c2036818 sp=0x000000c43befe020
Event: 6.385 Thread 0x000001d215a70080 DEOPT UNPACKING pc=0x000001d1c1a43aa2 sp=0x000000c43befdf20 mode 2
Event: 6.385 Thread 0x000001d215a70080 Uncommon trap: trap_request=0xffffffc6 fr.pc=0x000001d1c2036818 relative=0x0000000000000a98
Event: 6.385 Thread 0x000001d215a70080 Uncommon trap: reason=bimorphic_or_optimized_type_check action=maybe_recompile pc=0x000001d1c2036818 method=java.util.HashMap.putVal(ILjava/lang/Object;Ljava/lang/Object;ZZ)Ljava/lang/Object; @ 56 c2
Event: 6.385 Thread 0x000001d215a70080 DEOPT PACKING pc=0x000001d1c2036818 sp=0x000000c43befe020
Event: 6.385 Thread 0x000001d215a70080 DEOPT UNPACKING pc=0x000001d1c1a43aa2 sp=0x000000c43befdf20 mode 2
Event: 6.385 Thread 0x000001d215a70080 Uncommon trap: trap_request=0xffffffc6 fr.pc=0x000001d1c2036818 relative=0x0000000000000a98
Event: 6.385 Thread 0x000001d215a70080 Uncommon trap: reason=bimorphic_or_optimized_type_check action=maybe_recompile pc=0x000001d1c2036818 method=java.util.HashMap.putVal(ILjava/lang/Object;Ljava/lang/Object;ZZ)Ljava/lang/Object; @ 56 c2
Event: 6.385 Thread 0x000001d215a70080 DEOPT PACKING pc=0x000001d1c2036818 sp=0x000000c43befe020
Event: 6.385 Thread 0x000001d215a70080 DEOPT UNPACKING pc=0x000001d1c1a43aa2 sp=0x000000c43befdf20 mode 2
Event: 6.385 Thread 0x000001d215a70080 Uncommon trap: trap_request=0xffffffc6 fr.pc=0x000001d1c2036818 relative=0x0000000000000a98
Event: 6.385 Thread 0x000001d215a70080 Uncommon trap: reason=bimorphic_or_optimized_type_check action=maybe_recompile pc=0x000001d1c2036818 method=java.util.HashMap.putVal(ILjava/lang/Object;Ljava/lang/Object;ZZ)Ljava/lang/Object; @ 56 c2
Event: 6.385 Thread 0x000001d215a70080 DEOPT PACKING pc=0x000001d1c2036818 sp=0x000000c43befe020
Event: 6.385 Thread 0x000001d215a70080 DEOPT UNPACKING pc=0x000001d1c1a43aa2 sp=0x000000c43befdf20 mode 2
Event: 6.425 Thread 0x000001d215a70080 Uncommon trap: trap_request=0xffffff45 fr.pc=0x000001d1c2095280 relative=0x00000000000003a0
Event: 6.425 Thread 0x000001d215a70080 Uncommon trap: reason=unstable_if action=reinterpret pc=0x000001d1c2095280 method=java.util.regex.Pattern$BmpCharPropertyGreedy.match(Ljava/util/regex/Matcher;ILjava/lang/CharSequence;)Z @ 12 c2
Event: 6.425 Thread 0x000001d215a70080 DEOPT PACKING pc=0x000001d1c2095280 sp=0x000000c43befdbc0
Event: 6.425 Thread 0x000001d215a70080 DEOPT UNPACKING pc=0x000001d1c1a43aa2 sp=0x000000c43befdb58 mode 2

Classes loaded (20 events):
Event: 6.503 Loading class sun/security/provider/SHA
Event: 6.504 Loading class sun/security/provider/SHA done
Event: 6.504 Loading class sun/security/provider/SeedGenerator$1
Event: 6.505 Loading class sun/security/provider/SeedGenerator$1 done
Event: 6.533 Loading class java/net/NetworkInterface$1
Event: 6.534 Loading class java/net/NetworkInterface$1 done
Event: 6.535 Loading class java/nio/file/Files$AcceptAllFilter
Event: 6.535 Loading class java/nio/file/DirectoryStream$Filter
Event: 6.535 Loading class java/nio/file/DirectoryStream$Filter done
Event: 6.535 Loading class java/nio/file/Files$AcceptAllFilter done
Event: 6.535 Loading class sun/nio/fs/WindowsDirectoryStream
Event: 6.536 Loading class java/nio/file/DirectoryStream
Event: 6.536 Loading class java/nio/file/DirectoryStream done
Event: 6.536 Loading class sun/nio/fs/WindowsDirectoryStream done
Event: 6.537 Loading class sun/nio/fs/WindowsDirectoryStream$WindowsDirectoryIterator
Event: 6.537 Loading class sun/nio/fs/WindowsDirectoryStream$WindowsDirectoryIterator done
Event: 6.538 Loading class sun/nio/fs/WindowsPath$WindowsPathWithAttributes
Event: 6.538 Loading class sun/nio/fs/BasicFileAttributesHolder
Event: 6.538 Loading class sun/nio/fs/BasicFileAttributesHolder done
Event: 6.539 Loading class sun/nio/fs/WindowsPath$WindowsPathWithAttributes done

Classes unloaded (7 events):
Event: 6.210 Thread 0x000001d1b2104560 Unloading class 0x000001d1cf18ac00 'java/lang/invoke/LambdaForm$MH+0x000001d1cf18ac00'
Event: 6.210 Thread 0x000001d1b2104560 Unloading class 0x000001d1cf18a800 'java/lang/invoke/LambdaForm$MH+0x000001d1cf18a800'
Event: 6.210 Thread 0x000001d1b2104560 Unloading class 0x000001d1cf18a400 'java/lang/invoke/LambdaForm$MH+0x000001d1cf18a400'
Event: 6.210 Thread 0x000001d1b2104560 Unloading class 0x000001d1cf18a000 'java/lang/invoke/LambdaForm$MH+0x000001d1cf18a000'
Event: 6.210 Thread 0x000001d1b2104560 Unloading class 0x000001d1cf189c00 'java/lang/invoke/LambdaForm$BMH+0x000001d1cf189c00'
Event: 6.210 Thread 0x000001d1b2104560 Unloading class 0x000001d1cf189800 'java/lang/invoke/LambdaForm$DMH+0x000001d1cf189800'
Event: 6.210 Thread 0x000001d1b2104560 Unloading class 0x000001d1cf188400 'java/lang/invoke/LambdaForm$DMH+0x000001d1cf188400'

Classes redefined (0 events):
No events

Internal exceptions (20 events):
Event: 4.137 Thread 0x000001d215cce610 Exception <a 'java/lang/NoSuchMethodError'{0x00000000d60f3bf0}: 'java.lang.Object java.lang.invoke.DirectMethodHandle$Holder.invokeSpecial(java.lang.Object, java.lang.Object, java.lang.Object, int, java.lang.Object)'> (0x00000000d60f3bf0) 
thrown [s\open\src\hotspot\share\interpreter\linkResolver.cpp, line 774]
Event: 5.174 Thread 0x000001d215a70080 Exception <a 'java/lang/NoSuchMethodError'{0x00000000d62f73d8}: 'void java.lang.invoke.DirectMethodHandle$Holder.invokeSpecial(java.lang.Object, java.lang.Object, java.lang.Object, java.lang.Object, java.lang.Object)'> (0x00000000d62f73d8) 
thrown [s\open\src\hotspot\share\interpreter\linkResolver.cpp, line 774]
Event: 5.234 Thread 0x000001d215a70080 Exception <a 'java/lang/NoSuchMethodError'{0x00000000d64ea158}: 'double java.lang.invoke.DirectMethodHandle$Holder.invokeStatic(java.lang.Object, java.lang.Object)'> (0x00000000d64ea158) 
thrown [s\open\src\hotspot\share\interpreter\linkResolver.cpp, line 774]
Event: 5.235 Thread 0x000001d215a70080 Exception <a 'java/lang/NoSuchMethodError'{0x00000000d64ed808}: 'double java.lang.invoke.DirectMethodHandle$Holder.invokeStaticInit(java.lang.Object, java.lang.Object)'> (0x00000000d64ed808) 
thrown [s\open\src\hotspot\share\interpreter\linkResolver.cpp, line 774]
Event: 5.432 Thread 0x000001d215a70080 Exception <a 'java/io/FileNotFoundException'{0x00000000d5bf69d0}> (0x00000000d5bf69d0) 
thrown [s\open\src\hotspot\share\prims\jni.cpp, line 520]
Event: 5.433 Thread 0x000001d215a70080 Exception <a 'java/io/FileNotFoundException'{0x00000000d5bf7800}> (0x00000000d5bf7800) 
thrown [s\open\src\hotspot\share\prims\jni.cpp, line 520]
Event: 5.433 Thread 0x000001d215a70080 Exception <a 'java/io/FileNotFoundException'{0x00000000d5bf8730}> (0x00000000d5bf8730) 
thrown [s\open\src\hotspot\share\prims\jni.cpp, line 520]
Event: 5.655 Thread 0x000001d215a70080 Exception <a 'java/lang/NoSuchMethodError'{0x00000000d6552f00}: 'int java.lang.invoke.DirectMethodHandle$Holder.invokeStaticInit(java.lang.Object, java.lang.Object, java.lang.Object)'> (0x00000000d6552f00) 
thrown [s\open\src\hotspot\share\interpreter\linkResolver.cpp, line 774]
Event: 5.731 Thread 0x000001d215a70080 Implicit null exception at 0x000001d1c209cdf5 to 0x000001d1c209ced0
Event: 5.857 Thread 0x000001d215a70080 Exception <a 'java/io/FileNotFoundException'{0x00000000d582a5a8}> (0x00000000d582a5a8) 
thrown [s\open\src\hotspot\share\prims\jni.cpp, line 520]
Event: 5.858 Thread 0x000001d215a70080 Exception <a 'java/lang/NoSuchMethodError'{0x00000000d59cc398}: 'java.lang.Object java.lang.invoke.DirectMethodHandle$Holder.newInvokeSpecial(java.lang.Object, int, java.lang.Object, java.lang.Object)'> (0x00000000d59cc398) 
thrown [s\open\src\hotspot\share\interpreter\linkResolver.cpp, line 774]
Event: 5.933 Thread 0x000001d215a70080 Exception <a 'java/io/FileNotFoundException'{0x00000000d63bf258}> (0x00000000d63bf258) 
thrown [s\open\src\hotspot\share\prims\jni.cpp, line 520]
Event: 5.933 Thread 0x000001d215a70080 Exception <a 'java/io/FileNotFoundException'{0x00000000d63c0258}> (0x00000000d63c0258) 
thrown [s\open\src\hotspot\share\prims\jni.cpp, line 520]
Event: 5.935 Thread 0x000001d215a70080 Exception <a 'java/io/FileNotFoundException'{0x00000000d63ce208}> (0x00000000d63ce208) 
thrown [s\open\src\hotspot\share\prims\jni.cpp, line 520]
Event: 6.294 Thread 0x000001d215a70080 Exception <a 'java/io/FileNotFoundException'{0x00000000d571adf8}> (0x00000000d571adf8) 
thrown [s\open\src\hotspot\share\prims\jni.cpp, line 520]
Event: 6.399 Thread 0x000001d215a70080 Exception <a 'sun/nio/fs/WindowsException'{0x00000000d590b4e0}> (0x00000000d590b4e0) 
thrown [s\open\src\hotspot\share\prims\jni.cpp, line 520]
Event: 6.400 Thread 0x000001d215a70080 Exception <a 'sun/nio/fs/WindowsException'{0x00000000d590f230}> (0x00000000d590f230) 
thrown [s\open\src\hotspot\share\prims\jni.cpp, line 520]
Event: 6.444 Thread 0x000001d215a70080 Exception <a 'sun/nio/fs/WindowsException'{0x00000000d59db490}> (0x00000000d59db490) 
thrown [s\open\src\hotspot\share\prims\jni.cpp, line 520]
Event: 6.486 Thread 0x000001d215a70080 Exception <a 'java/lang/NoSuchMethodError'{0x00000000d5ad8eb0}: 'java.lang.Object java.lang.invoke.DirectMethodHandle$Holder.invokeStaticInit(java.lang.Object, int, int, int, int)'> (0x00000000d5ad8eb0) 
thrown [s\open\src\hotspot\share\interpreter\linkResolver.cpp, line 774]
Event: 6.569 Thread 0x000001d215a70080 Exception <a 'java/lang/NoSuchMethodError'{0x00000000d5c10198}: 'java.lang.Object java.lang.invoke.DirectMethodHandle$Holder.invokeStaticInit(java.lang.Object, java.lang.Object, int, int, int, int)'> (0x00000000d5c10198) 
thrown [s\open\src\hotspot\share\interpreter\linkResolver.cpp, line 774]

ZGC Phase Switch (0 events):
No events

VM Operations (20 events):
Event: 3.717 Executing VM operation: ParallelGCFailedAllocation (Allocation Failure)
Event: 3.721 Executing VM operation: ParallelGCFailedAllocation (Allocation Failure) done
Event: 3.982 Executing VM operation: HandshakeAllThreads (Deoptimize)
Event: 3.982 Executing VM operation: HandshakeAllThreads (Deoptimize) done
Event: 3.988 Executing VM operation: HandshakeAllThreads (Deoptimize)
Event: 3.988 Executing VM operation: HandshakeAllThreads (Deoptimize) done
Event: 4.007 Executing VM operation: HandshakeAllThreads (Deoptimize)
Event: 4.008 Executing VM operation: HandshakeAllThreads (Deoptimize) done
Event: 5.009 Executing VM operation: Cleanup
Event: 5.010 Executing VM operation: Cleanup done
Event: 5.384 Executing VM operation: ParallelGCFailedAllocation (Allocation Failure)
Event: 5.389 Executing VM operation: ParallelGCFailedAllocation (Allocation Failure) done
Event: 5.800 Executing VM operation: ParallelGCFailedAllocation (Allocation Failure)
Event: 5.804 Executing VM operation: ParallelGCFailedAllocation (Allocation Failure) done
Event: 6.197 Executing VM operation: CollectForMetadataAllocation (Metadata GC Threshold)
Event: 6.243 Executing VM operation: CollectForMetadataAllocation (Metadata GC Threshold) done
Event: 6.384 Executing VM operation: HandshakeAllThreads (Deoptimize)
Event: 6.384 Executing VM operation: HandshakeAllThreads (Deoptimize) done
Event: 7.384 Executing VM operation: Cleanup
Event: 7.384 Executing VM operation: Cleanup done

Memory protections (0 events):
No events

Nmethod flushes (0 events):
No events

Events (20 events):
Event: 0.073 Thread 0x000001d1b216f7a0 Thread added: 0x000001d210029fe0
Event: 0.073 Thread 0x000001d1b216f7a0 Thread added: 0x000001d21002ad40
Event: 0.074 Thread 0x000001d1b216f7a0 Thread added: 0x000001d21002dea0
Event: 0.118 Thread 0x000001d1b216f7a0 Thread added: 0x000001d1b21dce40
Event: 0.154 Thread 0x000001d21002dea0 Thread added: 0x000001d2101718a0
Event: 0.570 Thread 0x000001d1b216f7a0 Thread added: 0x000001d2103078a0
Event: 2.237 Thread 0x000001d1b216f7a0 Thread added: 0x000001d215aa7f50
Event: 2.876 Thread 0x000001d1b216f7a0 Thread added: 0x000001d215a97130
Event: 2.883 Thread 0x000001d1b216f7a0 Thread added: 0x000001d215a70080
Event: 3.049 Thread 0x000001d2101718a0 Thread exited: 0x000001d2101718a0
Event: 3.183 Thread 0x000001d215a70080 Thread added: 0x000001d215b2a760
Event: 3.311 Thread 0x000001d21002ad40 Thread added: 0x000001d215a833d0
Event: 3.616 Thread 0x000001d215a70080 Thread added: 0x000001d2158f7460
Event: 4.106 Thread 0x000001d215a70080 Thread added: 0x000001d215cce610
Event: 4.136 Thread 0x000001d215a70080 Thread added: 0x000001d215dd5220
Event: 4.838 Thread 0x000001d215a833d0 Thread exited: 0x000001d215a833d0
Event: 5.389 Thread 0x000001d21002dea0 Thread added: 0x000001d215dda3d0
Event: 5.569 Thread 0x000001d215dda3d0 Thread exited: 0x000001d215dda3d0
Event: 6.246 Thread 0x000001d215a70080 Thread added: 0x000001d215dd4500
Event: 6.454 Thread 0x000001d215dd4500 Thread exited: 0x000001d215dd4500


Dynamic libraries:
0x00007ff736810000 - 0x00007ff736820000 	C:\Program Files\Java\jdk-22\bin\java.exe
0x00007fff88fe0000 - 0x00007fff89247000 	C:\WINDOWS\SYSTEM32\ntdll.dll
0x00007fff875b0000 - 0x00007fff87679000 	C:\WINDOWS\System32\KERNEL32.DLL
0x00007fff86510000 - 0x00007fff86907000 	C:\WINDOWS\System32\KERNELBASE.dll
0x00007fff86280000 - 0x00007fff863cb000 	C:\WINDOWS\System32\ucrtbase.dll
0x00007fff78170000 - 0x00007fff7818b000 	C:\Program Files\Java\jdk-22\bin\VCRUNTIME140.dll
0x00007fff78040000 - 0x00007fff78057000 	C:\Program Files\Java\jdk-22\bin\jli.dll
0x00007fff88000000 - 0x00007fff881c6000 	C:\WINDOWS\System32\USER32.dll
0x00007fff6a770000 - 0x00007fff6aa02000 	C:\WINDOWS\WinSxS\amd64_microsoft.windows.common-controls_6595b64144ccf1df_6.0.26100.8457_none_3e0b2faee331e92d\COMCTL32.dll
0x00007fff86d30000 - 0x00007fff86d57000 	C:\WINDOWS\System32\win32u.dll
0x00007fff879e0000 - 0x00007fff87a89000 	C:\WINDOWS\System32\msvcrt.dll
0x00007fff879b0000 - 0x00007fff879db000 	C:\WINDOWS\System32\GDI32.dll
0x00007fff86b40000 - 0x00007fff86c6c000 	C:\WINDOWS\System32\gdi32full.dll
0x00007fff863d0000 - 0x00007fff86473000 	C:\WINDOWS\System32\msvcp_win.dll
0x00007fff87500000 - 0x00007fff87532000 	C:\WINDOWS\System32\IMM32.DLL
0x00007fff81220000 - 0x00007fff8122c000 	C:\Program Files\Java\jdk-22\bin\vcruntime140_1.dll
0x00007fff3ccf0000 - 0x00007fff3cd7e000 	C:\Program Files\Java\jdk-22\bin\msvcp140.dll
0x00007ffe96f70000 - 0x00007ffe97cb9000 	C:\Program Files\Java\jdk-22\bin\server\jvm.dll
0x00007fff88ee0000 - 0x00007fff88f96000 	C:\WINDOWS\System32\ADVAPI32.dll
0x00007fff88240000 - 0x00007fff882e7000 	C:\WINDOWS\System32\sechost.dll
0x00007fff88b90000 - 0x00007fff88ca8000 	C:\WINDOWS\System32\RPCRT4.dll
0x00007fff87680000 - 0x00007fff87700000 	C:\WINDOWS\System32\WS2_32.dll
0x00007fff85890000 - 0x00007fff858ee000 	C:\WINDOWS\SYSTEM32\POWRPROF.dll
0x00007fff7e700000 - 0x00007fff7e736000 	C:\WINDOWS\SYSTEM32\WINMM.dll
0x00007fff7e740000 - 0x00007fff7e74b000 	C:\WINDOWS\SYSTEM32\VERSION.dll
0x00007fff85850000 - 0x00007fff85864000 	C:\WINDOWS\SYSTEM32\UMPDC.dll
0x00007fff847a0000 - 0x00007fff847bb000 	C:\WINDOWS\SYSTEM32\kernel.appcore.dll
0x00007fff7e9d0000 - 0x00007fff7e9da000 	C:\Program Files\Java\jdk-22\bin\jimage.dll
0x00007fff79f60000 - 0x00007fff7a1a2000 	C:\WINDOWS\SYSTEM32\DBGHELP.DLL
0x00007fff87b70000 - 0x00007fff87ef3000 	C:\WINDOWS\System32\combase.dll
0x00007fff88aa0000 - 0x00007fff88b79000 	C:\WINDOWS\System32\OLEAUT32.dll
0x00007fff697f0000 - 0x00007fff6982b000 	C:\WINDOWS\SYSTEM32\dbgcore.DLL
0x00007fff86910000 - 0x00007fff869b8000 	C:\WINDOWS\System32\bcryptPrimitives.dll
0x00007fff79a10000 - 0x00007fff79a1f000 	C:\Program Files\Java\jdk-22\bin\instrument.dll
0x00007fff75380000 - 0x00007fff7539e000 	C:\Program Files\Java\jdk-22\bin\java.dll
0x00007fff88320000 - 0x00007fff88a8e000 	C:\WINDOWS\System32\SHELL32.dll
0x00007fff87710000 - 0x00007fff878a7000 	C:\WINDOWS\System32\ole32.dll
0x00007fff85a10000 - 0x00007fff8627c000 	C:\WINDOWS\System32\windows.storage.dll
0x00007fff87f00000 - 0x00007fff87ff6000 	C:\WINDOWS\System32\SHCORE.dll
0x00007fff87540000 - 0x00007fff875a6000 	C:\WINDOWS\System32\shlwapi.dll
0x00007fff85930000 - 0x00007fff85959000 	C:\WINDOWS\SYSTEM32\profapi.dll
0x00007fff33d00000 - 0x00007fff33dd7000 	C:\Program Files\Java\jdk-22\bin\jsvml.dll
0x00007fff752e0000 - 0x00007fff752f7000 	C:\Program Files\Java\jdk-22\bin\zip.dll
0x00007fff78140000 - 0x00007fff78150000 	C:\Program Files\Java\jdk-22\bin\net.dll
0x00007fff84d10000 - 0x00007fff84d7c000 	C:\WINDOWS\system32\mswsock.dll
0x00007fff6f0f0000 - 0x00007fff6f106000 	C:\Program Files\Java\jdk-22\bin\nio.dll
0x00007fff76d50000 - 0x00007fff76d60000 	C:\Program Files\Java\jdk-22\bin\verify.dll
0x00007fff6cd60000 - 0x00007fff6cda5000 	C:\Users\shrav\AppData\Roaming\Code\User\globalStorage\redhat.java\1.54.0\config_ss_win\org.eclipse.equinox.launcher\org.eclipse.equinox.launcher.win32.win32.x86_64_1.3.0.v20260203-2149\eclipse_11919.dll
0x00007fff5d470000 - 0x00007fff5d47a000 	C:\Program Files\Java\jdk-22\bin\management.dll
0x00007fff5caa0000 - 0x00007fff5caab000 	C:\Program Files\Java\jdk-22\bin\management_ext.dll
0x00007fff882f0000 - 0x00007fff882f8000 	C:\WINDOWS\System32\PSAPI.DLL
0x00007fff84ff0000 - 0x00007fff8500b000 	C:\WINDOWS\SYSTEM32\CRYPTSP.dll
0x00007fff84700000 - 0x00007fff84739000 	C:\WINDOWS\system32\rsaenh.dll
0x00007fff84dc0000 - 0x00007fff84df3000 	C:\WINDOWS\SYSTEM32\USERENV.dll
0x00007fff85900000 - 0x00007fff8592a000 	C:\WINDOWS\SYSTEM32\bcrypt.dll
0x00007fff85010000 - 0x00007fff8501c000 	C:\WINDOWS\SYSTEM32\CRYPTBASE.dll
0x00007fff841c0000 - 0x00007fff841f2000 	C:\WINDOWS\SYSTEM32\IPHLPAPI.DLL
0x00007fff88b80000 - 0x00007fff88b8a000 	C:\WINDOWS\System32\NSI.dll

dbghelp: loaded successfully - version: 4.0.5 - missing functions: none
symbol engine: initialized successfully - sym options: 0x614 - pdb path: .;C:\Program Files\Java\jdk-22\bin;C:\WINDOWS\SYSTEM32;C:\WINDOWS\WinSxS\amd64_microsoft.windows.common-controls_6595b64144ccf1df_6.0.26100.8457_none_3e0b2faee331e92d;C:\Program Files\Java\jdk-22\bin\server;C:\Users\shrav\AppData\Roaming\Code\User\globalStorage\redhat.java\1.54.0\config_ss_win\org.eclipse.equinox.launcher\org.eclipse.equinox.launcher.win32.win32.x86_64_1.3.0.v20260203-2149

VM Arguments:
jvm_args: --add-modules=ALL-SYSTEM --add-opens=java.base/java.util=ALL-UNNAMED --add-opens=java.base/java.lang=ALL-UNNAMED --add-opens=java.base/sun.nio.fs=ALL-UNNAMED -Declipse.application=org.eclipse.jdt.ls.core.id1 -Dosgi.bundles.defaultStartLevel=4 -Declipse.product=org.eclipse.jdt.ls.core.product -Djava.import.generatesMetadataFilesAtProjectRoot=false -DDetectVMInstallationsJob.disabled=true -Dfile.encoding=utf8 -XX:+UseParallelGC -XX:GCTimeRatio=4 -XX:AdaptiveSizePolicyWeight=90 -Dsun.zip.disableMemoryMapping=true -Xmx2G -Xms100m -Xlog:disable -javaagent:c:\Users\shrav\.vscode\extensions\redhat.java-1.54.0-win32-x64\lombok\lombok-1.18.39-4050.jar 
java_command: c:\Users\shrav\.vscode\extensions\redhat.java-1.54.0-win32-x64\server\plugins\org.eclipse.equinox.launcher_1.7.100.v20251111-0406.jar -configuration c:\Users\shrav\AppData\Roaming\Code\User\globalStorage\redhat.java\1.54.0\config_ss_win -data c:\Users\shrav\AppData\Roaming\Code\User\workspaceStorage\8c146ec206b80605d5f3eaebc9643368\redhat.java\ss_ws --pipe=\\.\pipe\lsp-e9f254b8a75a5b02812ac5132b3db39f-sock
java_class_path (initial): c:\Users\shrav\.vscode\extensions\redhat.java-1.54.0-win32-x64\server\plugins\org.eclipse.equinox.launcher_1.7.100.v20251111-0406.jar
Launcher Type: SUN_STANDARD

[Global flags]
     uint AdaptiveSizePolicyWeight                 = 90                                        {product} {command line}
     intx CICompilerCount                          = 4                                         {product} {ergonomic}
     uint GCTimeRatio                              = 4                                         {product} {command line}
   size_t InitialHeapSize                          = 104857600                                 {product} {command line}
   size_t MaxHeapSize                              = 2147483648                                {product} {command line}
   size_t MaxNewSize                               = 715653120                                 {product} {ergonomic}
   size_t MinHeapDeltaBytes                        = 524288                                    {product} {ergonomic}
   size_t MinHeapSize                              = 104857600                                 {product} {command line}
   size_t NewSize                                  = 34603008                                  {product} {ergonomic}
    uintx NonNMethodCodeHeapSize                   = 5839372                                {pd product} {ergonomic}
    uintx NonProfiledCodeHeapSize                  = 122909434                              {pd product} {ergonomic}
   size_t OldSize                                  = 70254592                                  {product} {ergonomic}
    uintx ProfiledCodeHeapSize                     = 122909434                              {pd product} {ergonomic}
    uintx ReservedCodeCacheSize                    = 251658240                              {pd product} {ergonomic}
     bool SegmentedCodeCache                       = true                                      {product} {ergonomic}
   size_t SoftMaxHeapSize                          = 2147483648                             {manageable} {ergonomic}
     bool UseCompressedOops                        = true                           {product lp64_product} {ergonomic}
     bool UseLargePagesIndividualAllocation        = false                                  {pd product} {ergonomic}
     bool UseParallelGC                            = true                                      {product} {command line}

Logging:
Log output configuration:
 #0: stdout all=off uptime,level,tags foldmultilines=false
 #1: stderr all=off uptime,level,tags foldmultilines=false

Environment Variables:
PATH=C:\oracle\product\21c\db_home1\bin;C:\Program Files\Common Files\Oracle\Java\javapath;C:\WINDOWS\system32;C:\WINDOWS;C:\WINDOWS\System32\Wbem;C:\WINDOWS\System32\WindowsPowerShell\v1.0\;C:\WINDOWS\System32\OpenSSH\;C:\MinGW\bin;C:\Program Files\Git\cmd;C:\Program Files\Git\mingw64\bin;C:\Program Files\Git\usr\bin;C:\Program Files\nodejs\;C:\Users\shrav\Downloads\mongodb-windows-x86_64-8.2.4-signed.msi;C:\Program Files\MongoDB\Server\8.2\bin;C:\Program Files\MySQL\MySQL Shell 8.0\bin\;C:\Users\shrav\AppData\Local\Programs\Python\Python310\Scripts\;C:\Users\shrav\AppData\Local\Programs\Python\Python310\;C:\Users\shrav\.local\bin;C:\Users\shrav\AppData\Local\Microsoft\WindowsApps;C:\Users\shrav\AppData\Local\Programs\Microsoft VS Code\bin;C:\Users\shrav\AppData\Local\GitHubDesktop\bin;C:\Users\shrav\AppData\Roaming\npm;C:\Program Files\mongosh\;C:\Users\shrav\AppData\Local\Python\bin;C:\Users\shrav\Downloads\python-3.10.8-amd64.exe
USERNAME=shrav
OS=Windows_NT
PROCESSOR_IDENTIFIER=AMD64 Family 25 Model 80 Stepping 0, AuthenticAMD
TMP=C:\Users\shrav\AppData\Local\Temp
TEMP=C:\Users\shrav\AppData\Local\Temp




Periodic native trim disabled

---------------  S Y S T E M  ---------------

OS:
 Windows 11 , 64 bit Build 26100 (10.0.26100.8328)
OS uptime: 0 days 12:27 hours
Hyper-V role detected

CPU: total 12 (initial active 12) (12 cores per cpu, 2 threads per core) family 25 model 80 stepping 0 microcode 0xa50000f, cx8, cmov, fxsr, ht, mmx, 3dnowpref, sse, sse2, sse3, ssse3, sse4a, sse4.1, sse4.2, popcnt, lzcnt, tsc, tscinvbit, avx, avx2, aes, erms, clmul, bmi1, bmi2, adx, sha, fma, vzeroupper, clflush, clflushopt, hv, rdtscp, rdpid, fsrm, f16c, cet_ss
Processor Information for processor 0
  Max Mhz: 3301, Current Mhz: 1908, Mhz Limit: 3301
Processor Information for processor 1
  Max Mhz: 3301, Current Mhz: 1908, Mhz Limit: 3301
Processor Information for processor 2
  Max Mhz: 3301, Current Mhz: 1805, Mhz Limit: 3301
Processor Information for processor 3
  Max Mhz: 3301, Current Mhz: 1805, Mhz Limit: 3301
Processor Information for processor 4
  Max Mhz: 3301, Current Mhz: 1908, Mhz Limit: 3301
Processor Information for processor 5
  Max Mhz: 3301, Current Mhz: 1908, Mhz Limit: 3301
Processor Information for processor 6
  Max Mhz: 3301, Current Mhz: 1805, Mhz Limit: 3301
Processor Information for processor 7
  Max Mhz: 3301, Current Mhz: 1908, Mhz Limit: 3301
Processor Information for processor 8
  Max Mhz: 3301, Current Mhz: 1805, Mhz Limit: 3301
Processor Information for processor 9
  Max Mhz: 3301, Current Mhz: 1908, Mhz Limit: 3301
Processor Information for processor 10
  Max Mhz: 3301, Current Mhz: 1805, Mhz Limit: 3301
Processor Information for processor 11
  Max Mhz: 3301, Current Mhz: 1908, Mhz Limit: 3301

Memory: 4k page, system-wide physical 7518M (261M free)
TotalPageFile size 31070M (AvailPageFile size 4M)
current process WorkingSet (physical memory assigned to process): 146M, peak: 146M
current process commit charge ("private bytes"): 291M, peak: 292M

vm_info: Java HotSpot(TM) 64-Bit Server VM (22.0.2+9-70) for windows-amd64 JRE (22.0.2+9-70), built on 2024-06-04T16:52:23Z by "mach5one" with MS VC++ 17.6 (VS2022)

END.
