#
# There is insufficient memory for the Java Runtime Environment to continue.
# Native memory allocation (malloc) failed to allocate 1213056 bytes. Error detail: Chunk::new
# Possible reasons:
#   The system is out of physical RAM or swap space
#   This process is running with CompressedOops enabled, and the Java Heap may be blocking the growth of the native heap
# Possible solutions:
#   Reduce memory load on the system
#   Increase physical memory or swap space
#   Check if swap backing store is full
#   Decrease Java heap size (-Xmx/-Xms)
#   Decrease number of Java threads
#   Decrease Java thread stack sizes (-Xss)
#   Set larger code cache with -XX:ReservedCodeCacheSize=
#   JVM is running with Unscaled Compressed Oops mode in which the Java heap is
#     placed in the first 4GB address space. The Java Heap base address is the
#     maximum limit for the native heap growth. Please use -XX:HeapBaseMinAddress
#     to set the Java Heap base and to place the Java Heap above 4GB virtual address.
# This output file may be truncated or incomplete.
#
#  Out of Memory Error (arena.cpp:150), pid=31136, tid=27456
#
# JRE version: Java(TM) SE Runtime Environment (22.0.2+9) (build 22.0.2+9-70)
# Java VM: Java HotSpot(TM) 64-Bit Server VM (22.0.2+9-70, mixed mode, sharing, tiered, compressed oops, compressed class ptrs, parallel gc, windows-amd64)
# No core dump will be written. Minidumps are not enabled by default on client versions of Windows
#

---------------  S U M M A R Y ------------

Command Line: --add-modules=ALL-SYSTEM --add-opens=java.base/java.util=ALL-UNNAMED --add-opens=java.base/java.lang=ALL-UNNAMED --add-opens=java.base/sun.nio.fs=ALL-UNNAMED -Declipse.application=org.eclipse.jdt.ls.core.id1 -Dosgi.bundles.defaultStartLevel=4 -Declipse.product=org.eclipse.jdt.ls.core.product -Djava.import.generatesMetadataFilesAtProjectRoot=false -DDetectVMInstallationsJob.disabled=true -Dfile.encoding=utf8 -XX:+UseParallelGC -XX:GCTimeRatio=4 -XX:AdaptiveSizePolicyWeight=90 -Dsun.zip.disableMemoryMapping=true -Xmx2G -Xms100m -Xlog:disable -javaagent:c:\Users\shrav\.vscode\extensions\redhat.java-1.54.0-win32-x64\lombok\lombok-1.18.39-4050.jar -XX:+HeapDumpOnOutOfMemoryError -XX:HeapDumpPath=c:\Users\shrav\AppData\Roaming\Code\User\workspaceStorage\8c146ec206b80605d5f3eaebc9643368\redhat.java -Daether.dependencyCollector.impl=bf c:\Users\shrav\.vscode\extensions\redhat.java-1.54.0-win32-x64\server\plugins\org.eclipse.equinox.launcher_1.7.100.v20251111-0406.jar -configuration c:\Users\shrav\AppData\Roaming\Code\User\globalStorage\redhat.java\1.54.0\config_win -data c:\Users\shrav\AppData\Roaming\Code\User\workspaceStorage\8c146ec206b80605d5f3eaebc9643368\redhat.java\jdt_ws --pipe=\\.\pipe\lsp-e409163cc75e8702a146350ec2dbd967-sock

Host: AMD Ryzen 5 5600H with Radeon Graphics         , 12 cores, 7G,  Windows 11 , 64 bit Build 26100 (10.0.26100.8328)
Time: Tue May 26 23:54:05 2026 India Standard Time elapsed time: 22.572623 seconds (0d 0h 0m 22s)

---------------  T H R E A D  ---------------

Current thread (0x000002b1dbaf4240):  JavaThread "C2 CompilerThread2" daemon [_thread_in_native, id=27456, stack(0x000000be62800000,0x000000be62900000) (1024K)]


Current CompileTask:
C2:22572 7721   !   4       org.eclipse.jdt.internal.core.search.indexing.BinaryIndexer::indexDocument (1172 bytes)

Stack: [0x000000be62800000,0x000000be62900000]
Native frames: (J=compiled Java code, j=interpreted, Vv=VM code, C=native code)
V  [jvm.dll+0x6e26e9]  (no source info available)
V  [jvm.dll+0x875753]  (no source info available)
V  [jvm.dll+0x877b7e]  (no source info available)
V  [jvm.dll+0x878253]  (no source info available)
V  [jvm.dll+0x27fc86]  (no source info available)
V  [jvm.dll+0xc3d0f]  (no source info available)
V  [jvm.dll+0xc3f6b]  (no source info available)
V  [jvm.dll+0x2f3c7f]  (no source info available)
V  [jvm.dll+0x60c0fa]  (no source info available)
V  [jvm.dll+0x249915]  (no source info available)
V  [jvm.dll+0x246da6]  (no source info available)
V  [jvm.dll+0x1c4e80]  (no source info available)
V  [jvm.dll+0x2568f3]  (no source info available)
V  [jvm.dll+0x254baa]  (no source info available)
V  [jvm.dll+0x3f57a6]  (no source info available)
V  [jvm.dll+0x81dc0b]  (no source info available)
V  [jvm.dll+0x6e0d85]  (no source info available)
C  [ucrtbase.dll+0x37b0]  (no source info available)
C  [KERNEL32.DLL+0x2e957]  (no source info available)
C  [ntdll.dll+0x427c]  (no source info available)


---------------  P R O C E S S  ---------------

Threads class SMR info:
_java_thread_list=0x000002b1ddcd6ae0, length=54, elements={
0x000002b1f3e80340, 0x000002b1f3f283f0, 0x000002b1f3f2aad0, 0x000002b1f3f31520,
0x000002b1f3f33f90, 0x000002b1f3f35ff0, 0x000002b1f3f3d450, 0x000002b1d566cdb0,
0x000002b1d5672790, 0x000002b1d57b1790, 0x000002b1d5a091c0, 0x000002b1d6df68a0,
0x000002b1db46f400, 0x000002b1db1827d0, 0x000002b1d6d68750, 0x000002b1db6e2850,
0x000002b1db7488d0, 0x000002b1d6d3cdf0, 0x000002b1d6d3a690, 0x000002b1d6d3b3b0,
0x000002b1d6d3ba40, 0x000002b1d6d3a000, 0x000002b1dd38b560, 0x000002b1dbaf4240,
0x000002b1d6d3ad20, 0x000002b1d6d3c0d0, 0x000002b1d6d3c760, 0x000002b1db637470,
0x000002b1db637b00, 0x000002b1db638190, 0x000002b1db638820, 0x000002b1db638eb0,
0x000002b1db639540, 0x000002b1db639bd0, 0x000002b1db636750, 0x000002b1db63a8f0,
0x000002b1db63c9c0, 0x000002b1db63a260, 0x000002b1db63c330, 0x000002b1db63d6e0,
0x000002b1db63d050, 0x000002b1db63af80, 0x000002b1db63bca0, 0x000002b1db63dd70,
0x000002b1db63b610, 0x000002b1de02fff0, 0x000002b1de030680, 0x000002b1de032de0,
0x000002b1de030d10, 0x000002b1de033470, 0x000002b1de034190, 0x000002b1de0313a0,
0x000002b1de034eb0, 0x000002b1de031a30
}

Java Threads: ( => current thread )
  0x000002b1f3e80340 JavaThread "main"                              [_thread_blocked, id=31384, stack(0x000000be60500000,0x000000be60600000) (1024K)]
  0x000002b1f3f283f0 JavaThread "Reference Handler"          daemon [_thread_blocked, id=3648, stack(0x000000be60900000,0x000000be60a00000) (1024K)]
  0x000002b1f3f2aad0 JavaThread "Finalizer"                  daemon [_thread_blocked, id=26552, stack(0x000000be60a00000,0x000000be60b00000) (1024K)]
  0x000002b1f3f31520 JavaThread "Signal Dispatcher"          daemon [_thread_blocked, id=32048, stack(0x000000be60b00000,0x000000be60c00000) (1024K)]
  0x000002b1f3f33f90 JavaThread "Attach Listener"            daemon [_thread_blocked, id=11988, stack(0x000000be60c00000,0x000000be60d00000) (1024K)]
  0x000002b1f3f35ff0 JavaThread "Service Thread"             daemon [_thread_blocked, id=23320, stack(0x000000be60d00000,0x000000be60e00000) (1024K)]
  0x000002b1f3f3d450 JavaThread "Monitor Deflation Thread"   daemon [_thread_blocked, id=6036, stack(0x000000be60e00000,0x000000be60f00000) (1024K)]
  0x000002b1d566cdb0 JavaThread "C2 CompilerThread0"         daemon [_thread_in_native, id=27244, stack(0x000000be60f00000,0x000000be61000000) (1024K)]
  0x000002b1d5672790 JavaThread "C1 CompilerThread0"         daemon [_thread_blocked, id=8712, stack(0x000000be61000000,0x000000be61100000) (1024K)]
  0x000002b1d57b1790 JavaThread "Common-Cleaner"             daemon [_thread_blocked, id=1472, stack(0x000000be61100000,0x000000be61200000) (1024K)]
  0x000002b1d5a091c0 JavaThread "Notification Thread"        daemon [_thread_blocked, id=30428, stack(0x000000be61300000,0x000000be61400000) (1024K)]
  0x000002b1d6df68a0 JavaThread "Active Thread: Equinox Container: 7b8f0b98-ccf9-4632-aa1f-df2594596ad5"        [_thread_blocked, id=13884, stack(0x000000be61b00000,0x000000be61c00000) (1024K)]
  0x000002b1db46f400 JavaThread "Refresh Thread: Equinox Container: 7b8f0b98-ccf9-4632-aa1f-df2594596ad5" daemon [_thread_blocked, id=31104, stack(0x000000be61d00000,0x000000be61e00000) (1024K)]
  0x000002b1db1827d0 JavaThread "Framework Event Dispatcher: Equinox Container: 7b8f0b98-ccf9-4632-aa1f-df2594596ad5" daemon [_thread_blocked, id=2688, stack(0x000000be61e00000,0x000000be61f00000) (1024K)]
  0x000002b1d6d68750 JavaThread "Start Level: Equinox Container: 7b8f0b98-ccf9-4632-aa1f-df2594596ad5" daemon [_thread_blocked, id=23512, stack(0x000000be61f00000,0x000000be62000000) (1024K)]
  0x000002b1db6e2850 JavaThread "Bundle File Closer"         daemon [_thread_blocked, id=5948, stack(0x000000be62200000,0x000000be62300000) (1024K)]
  0x000002b1db7488d0 JavaThread "SCR Component Actor"        daemon [_thread_blocked, id=21456, stack(0x000000be61200000,0x000000be61300000) (1024K)]
  0x000002b1d6d3cdf0 JavaThread "Worker-JM"                         [_thread_blocked, id=29416, stack(0x000000be62300000,0x000000be62400000) (1024K)]
  0x000002b1d6d3a690 JavaThread "JNA Cleaner"                daemon [_thread_blocked, id=31992, stack(0x000000be62400000,0x000000be62500000) (1024K)]
  0x000002b1d6d3b3b0 JavaThread "Worker-0"                          [_thread_blocked, id=11116, stack(0x000000be62500000,0x000000be62600000) (1024K)]
  0x000002b1d6d3ba40 JavaThread "Worker-1"                          [_thread_blocked, id=23088, stack(0x000000be62600000,0x000000be62700000) (1024K)]
  0x000002b1d6d3a000 JavaThread "Worker-2: Java indexing... "        [_thread_blocked, id=22872, stack(0x000000be62700000,0x000000be62800000) (1024K)]
  0x000002b1dd38b560 JavaThread "C2 CompilerThread1"         daemon [_thread_in_native, id=8416, stack(0x000000be61400000,0x000000be61500000) (1024K)]
=>0x000002b1dbaf4240 JavaThread "C2 CompilerThread2"         daemon [_thread_in_native, id=27456, stack(0x000000be62800000,0x000000be62900000) (1024K)]
  0x000002b1d6d3ad20 JavaThread "Java indexing"              daemon [_thread_in_Java, id=9236, stack(0x000000be62900000,0x000000be62a00000) (1024K)]
  0x000002b1d6d3c0d0 JavaThread "Worker-3"                          [_thread_blocked, id=33608, stack(0x000000be62a00000,0x000000be62b00000) (1024K)]
  0x000002b1d6d3c760 JavaThread "Worker-4: Building"                [_thread_in_Java, id=25428, stack(0x000000be62b00000,0x000000be62c00000) (1024K)]
  0x000002b1db637470 JavaThread "Worker-5"                          [_thread_blocked, id=17536, stack(0x000000be62e00000,0x000000be62f00000) (1024K)]
  0x000002b1db637b00 JavaThread "Thread-1"                   daemon [_thread_in_native, id=21816, stack(0x000000be62f00000,0x000000be63000000) (1024K)]
  0x000002b1db638190 JavaThread "Thread-2"                   daemon [_thread_in_native, id=28560, stack(0x000000be63000000,0x000000be63100000) (1024K)]
  0x000002b1db638820 JavaThread "Thread-3"                   daemon [_thread_in_native, id=7644, stack(0x000000be63100000,0x000000be63200000) (1024K)]
  0x000002b1db638eb0 JavaThread "Thread-4"                   daemon [_thread_in_native, id=19576, stack(0x000000be63200000,0x000000be63300000) (1024K)]
  0x000002b1db639540 JavaThread "Thread-5"                   daemon [_thread_in_native, id=31348, stack(0x000000be63300000,0x000000be63400000) (1024K)]
  0x000002b1db639bd0 JavaThread "Thread-6"                   daemon [_thread_in_native, id=18672, stack(0x000000be63400000,0x000000be63500000) (1024K)]
  0x000002b1db636750 JavaThread "Thread-7"                   daemon [_thread_in_native, id=28840, stack(0x000000be63500000,0x000000be63600000) (1024K)]
  0x000002b1db63a8f0 JavaThread "Thread-8"                   daemon [_thread_in_native, id=21124, stack(0x000000be63600000,0x000000be63700000) (1024K)]
  0x000002b1db63c9c0 JavaThread "Thread-9"                   daemon [_thread_in_native, id=19232, stack(0x000000be63700000,0x000000be63800000) (1024K)]
  0x000002b1db63a260 JavaThread "Thread-10"                  daemon [_thread_in_native, id=17380, stack(0x000000be63800000,0x000000be63900000) (1024K)]
  0x000002b1db63c330 JavaThread "Thread-11"                  daemon [_thread_in_native, id=1896, stack(0x000000be63900000,0x000000be63a00000) (1024K)]
  0x000002b1db63d6e0 JavaThread "Thread-12"                  daemon [_thread_in_native, id=24920, stack(0x000000be63a00000,0x000000be63b00000) (1024K)]
  0x000002b1db63d050 JavaThread "Thread-13"                  daemon [_thread_in_native, id=25336, stack(0x000000be63b00000,0x000000be63c00000) (1024K)]
  0x000002b1db63af80 JavaThread "pool-2-thread-1"                   [_thread_blocked, id=23096, stack(0x000000be63c00000,0x000000be63d00000) (1024K)]
  0x000002b1db63bca0 JavaThread "WorkspaceEventsHandler"            [_thread_blocked, id=9544, stack(0x000000be63d00000,0x000000be63e00000) (1024K)]
  0x000002b1db63dd70 JavaThread "pool-1-thread-1"                   [_thread_blocked, id=3996, stack(0x000000be63e00000,0x000000be63f00000) (1024K)]
  0x000002b1db63b610 JavaThread "Worker-6"                          [_thread_blocked, id=7492, stack(0x000000be63f00000,0x000000be64000000) (1024K)]
  0x000002b1de02fff0 JavaThread "LocalFile Deleter"          daemon [_thread_blocked, id=32128, stack(0x000000be64000000,0x000000be64100000) (1024K)]
  0x000002b1de030680 JavaThread "LocalFile Deleter"          daemon [_thread_blocked, id=4844, stack(0x000000be64100000,0x000000be64200000) (1024K)]
  0x000002b1de032de0 JavaThread "Compiler Source File Reader" daemon [_thread_blocked, id=21268, stack(0x000000be64200000,0x000000be64300000) (1024K)]
  0x000002b1de030d10 JavaThread "Compiler Processing Task"   daemon [_thread_blocked, id=2964, stack(0x000000be64300000,0x000000be64400000) (1024K)]
  0x000002b1de033470 JavaThread "Compiler Class File Writer" daemon [_thread_blocked, id=12708, stack(0x000000be64400000,0x000000be64500000) (1024K)]
  0x000002b1de034190 JavaThread "LocalFile Deleter"          daemon [_thread_blocked, id=10140, stack(0x000000be64500000,0x000000be64600000) (1024K)]
  0x000002b1de0313a0 JavaThread "LocalFile Deleter"          daemon [_thread_blocked, id=24608, stack(0x000000be64700000,0x000000be64800000) (1024K)]
  0x000002b1de034eb0 JavaThread "Compiler Source File Reader" daemon [_thread_blocked, id=4992, stack(0x000000be64800000,0x000000be64900000) (1024K)]
  0x000002b1de031a30 JavaThread "Compiler Class File Writer" daemon [_thread_blocked, id=11892, stack(0x000000be64900000,0x000000be64a00000) (1024K)]
Total: 54

Other Threads:
  0x000002b1d41e79c0 VMThread "VM Thread"                           [id=26188, stack(0x000000be60800000,0x000000be60900000) (1024K)]
  0x000002b1d40dca10 WatcherThread "VM Periodic Task Thread"        [id=31568, stack(0x000000be60700000,0x000000be60800000) (1024K)]
  0x000002b1f3e9d6e0 WorkerThread "GC Thread#0"                     [id=29872, stack(0x000000be60600000,0x000000be60700000) (1024K)]
  0x000002b1d6981ea0 WorkerThread "GC Thread#1"                     [id=15428, stack(0x000000be61500000,0x000000be61600000) (1024K)]
  0x000002b1d6c22f20 WorkerThread "GC Thread#2"                     [id=32096, stack(0x000000be61600000,0x000000be61700000) (1024K)]
  0x000002b1d6c232d0 WorkerThread "GC Thread#3"                     [id=23016, stack(0x000000be61700000,0x000000be61800000) (1024K)]
  0x000002b1d6c23680 WorkerThread "GC Thread#4"                     [id=16544, stack(0x000000be61800000,0x000000be61900000) (1024K)]
  0x000002b1d6c91af0 WorkerThread "GC Thread#5"                     [id=24216, stack(0x000000be61900000,0x000000be61a00000) (1024K)]
  0x000002b1d6c1ba10 WorkerThread "GC Thread#6"                     [id=25200, stack(0x000000be61a00000,0x000000be61b00000) (1024K)]
  0x000002b1d6c1d030 WorkerThread "GC Thread#7"                     [id=29820, stack(0x000000be61c00000,0x000000be61d00000) (1024K)]
  0x000002b1d6c1c8d0 WorkerThread "GC Thread#8"                     [id=33520, stack(0x000000be62000000,0x000000be62100000) (1024K)]
  0x000002b1d6c1c520 WorkerThread "GC Thread#9"                     [id=23276, stack(0x000000be62100000,0x000000be62200000) (1024K)]
Total: 12

Threads with active compile tasks:
C2 CompilerThread0  24249 7903       4       org.eclipse.jdt.internal.core.search.indexing.BinaryIndexer::extractReferenceFromConstantPool (358 bytes)
C2 CompilerThread1  24249 7961   !   4       org.eclipse.osgi.internal.loader.classpath.ClasspathManager::findLocalClass (210 bytes)
C2 CompilerThread2  24249 7721   !   4       org.eclipse.jdt.internal.core.search.indexing.BinaryIndexer::indexDocument (1172 bytes)
Total: 3

VM state: not at safepoint (normal execution)

VM Mutex/Monitor currently owned by a thread: None

Heap address: 0x0000000080000000, size: 2048 MB, Compressed Oops mode: 32-bit

CDS archive(s) mapped at: [0x000002b193000000-0x000002b193c60000-0x000002b193c60000), size 12976128, SharedBaseAddress: 0x000002b193000000, ArchiveRelocationMode: 1.
Compressed class space mapped at: 0x000002b194000000-0x000002b1d4000000, reserved size: 1073741824
Narrow klass base: 0x000002b193000000, Narrow klass shift: 0, Narrow klass range: 0x41000000

GC Precious Log:
 CardTable entry size: 512
 CPUs: 12 total, 12 available
 Memory: 7518M
 Large Page Support: Disabled
 NUMA Support: Disabled
 Compressed Oops: Enabled (32-bit)
 Alignments: Space 512K, Generation 512K, Heap 2M
 Heap Min Capacity: 100M
 Heap Initial Capacity: 100M
 Heap Max Capacity: 2G
 Pre-touch: Disabled
 Parallel Workers: 10

Heap:
 PSYoungGen      total 8704K, used 7614K [0x00000000d5580000, 0x00000000d6580000, 0x0000000100000000)
  eden space 7168K, 85% used [0x00000000d5580000,0x00000000d5b75d30,0x00000000d5c80000)
  from space 1536K, 98% used [0x00000000d5c80000,0x00000000d5df9c38,0x00000000d5e00000)
  to   space 3584K, 0% used [0x00000000d6200000,0x00000000d6200000,0x00000000d6580000)
 ParOldGen       total 98816K, used 98325K [0x0000000080000000, 0x0000000086080000, 0x00000000d5580000)
  object space 98816K, 99% used [0x0000000080000000,0x0000000086005610,0x0000000086080000)
 Metaspace       used 53723K, committed 55040K, reserved 1114112K
  class space    used 5911K, committed 6464K, reserved 1048576K

Card table byte_map: [0x000002b1f3820000,0x000002b1f3c30000] _byte_map_base: 0x000002b1f3420000

Marking Bits: (ParMarkBitMap*) 0x00007ffe97be1a90
 Begin Bits: [0x000002b18f000000, 0x000002b191000000)
 End Bits:   [0x000002b191000000, 0x000002b193000000)

Polling page: 0x000002b1f1e00000

Metaspace:

Usage:
  Non-class:     46.69 MB used.
      Class:      5.77 MB used.
       Both:     52.46 MB used.

Virtual space:
  Non-class space:       64.00 MB reserved,      47.44 MB ( 74%) committed,  1 nodes.
      Class space:        1.00 GB reserved,       6.31 MB ( <1%) committed,  1 nodes.
             Both:        1.06 GB reserved,      53.75 MB (  5%) committed. 

Chunk freelists:
   Non-Class:  64.00 KB
       Class:  9.64 MB
        Both:  9.70 MB

MaxMetaspaceSize: unlimited
CompressedClassSpaceSize: 1.00 GB
Initial GC threshold: 21.00 MB
Current GC threshold: 58.38 MB
CDS: on
 - commit_granule_bytes: 65536.
 - commit_granule_words: 8192.
 - virtual_space_node_default_size: 8388608.
 - enlarge_chunks_in_place: 1.
 - use_allocation_guard: 0.


Internal statistics:

num_allocs_failed_limit: 6.
num_arena_births: 1052.
num_arena_deaths: 14.
num_vsnodes_births: 2.
num_vsnodes_deaths: 0.
num_space_committed: 860.
num_space_uncommitted: 0.
num_chunks_returned_to_freelist: 20.
num_chunks_taken_from_freelist: 3655.
num_chunk_merges: 12.
num_chunk_splits: 2172.
num_chunks_enlarged: 1067.
num_inconsistent_stats: 0.

CodeHeap 'non-profiled nmethods': size=120000Kb used=4095Kb max_used=4095Kb free=115904Kb
 bounds [0x000002b187ad0000, 0x000002b187ed0000, 0x000002b18f000000]
CodeHeap 'profiled nmethods': size=120000Kb used=14930Kb max_used=14930Kb free=105069Kb
 bounds [0x000002b180000000, 0x000002b180ea0000, 0x000002b187530000]
CodeHeap 'non-nmethods': size=5760Kb used=1415Kb max_used=1485Kb free=4344Kb
 bounds [0x000002b187530000, 0x000002b1877a0000, 0x000002b187ad0000]
 total_blobs=8033 nmethods=7308 adapters=631
 compilation: enabled
              stopped_count=0, restarted_count=0
 full_count=0

Compilation events (20 events):
Event: 21.549 Thread 0x000002b1d5672790 7988       2       org.apache.maven.model.io.xpp3.MavenXpp3ReaderEx::nextTag (64 bytes)
Event: 21.550 Thread 0x000002b1d5672790 nmethod 7988 0x000002b180e85310 code [0x000002b180e85520, 0x000002b180e85a18]
Event: 21.550 Thread 0x000002b1d5672790 7993       3       org.apache.maven.model.io.xpp3.MavenXpp3ReaderEx::checkFieldWithDuplicate (75 bytes)
Event: 21.551 Thread 0x000002b1d5672790 nmethod 7993 0x000002b180e85d10 code [0x000002b180e85fc0, 0x000002b180e86a10]
Event: 21.551 Thread 0x000002b1d5672790 7992       2       org.apache.maven.model.Dependency::setLocation (390 bytes)
Event: 21.552 Thread 0x000002b1d5672790 nmethod 7992 0x000002b180e86e90 code [0x000002b180e87140, 0x000002b180e87c20]
Event: 21.552 Thread 0x000002b1d5672790 7998       3       java.lang.String::replace (42 bytes)
Event: 21.553 Thread 0x000002b1d5672790 nmethod 7998 0x000002b180e87f10 code [0x000002b180e880e0, 0x000002b180e883f0]
Event: 21.553 Thread 0x000002b1d5672790 7989       2       org.apache.maven.model.io.xpp3.MavenXpp3ReaderEx::interpolatedTrimmed (16 bytes)
Event: 21.554 Thread 0x000002b1d5672790 nmethod 7989 0x000002b180e88510 code [0x000002b180e886c0, 0x000002b180e88840]
Event: 21.554 Thread 0x000002b1d5672790 7990       2       org.apache.maven.model.io.xpp3.MavenXpp3ReaderEx$1::transform (2 bytes)
Event: 21.554 Thread 0x000002b1d5672790 nmethod 7990 0x000002b180e88990 code [0x000002b180e88b20, 0x000002b180e88c28]
Event: 21.554 Thread 0x000002b1d5672790 7991       2       org.apache.maven.model.io.xpp3.MavenXpp3ReaderEx::getTrimmedValue (11 bytes)
Event: 21.554 Thread 0x000002b1d5672790 nmethod 7991 0x000002b180e88c90 code [0x000002b180e88e40, 0x000002b180e88fd0]
Event: 21.554 Thread 0x000002b1d5672790 7994       1       org.apache.maven.model.Dependency::setGroupId (6 bytes)
Event: 21.554 Thread 0x000002b1d5672790 nmethod 7994 0x000002b187ecf490 code [0x000002b187ecf620, 0x000002b187ecf700]
Event: 21.554 Thread 0x000002b1d5672790 7995       1       org.apache.maven.model.Dependency::setArtifactId (6 bytes)
Event: 21.555 Thread 0x000002b1d5672790 nmethod 7995 0x000002b187ecf790 code [0x000002b187ecf920, 0x000002b187ecfa00]
Event: 21.555 Thread 0x000002b1d5672790 7996       1       org.apache.maven.model.Dependency::setVersion (6 bytes)
Event: 21.555 Thread 0x000002b1d5672790 nmethod 7996 0x000002b187ecfa90 code [0x000002b187ecfc20, 0x000002b187ecfd00]

GC Heap History (20 events):
Event: 19.393 GC heap after
{Heap after GC invocations=45 (full 2):
 PSYoungGen      total 12288K, used 3760K [0x00000000d5580000, 0x00000000d6580000, 0x0000000100000000)
  eden space 8192K, 0% used [0x00000000d5580000,0x00000000d5580000,0x00000000d5d80000)
  from space 4096K, 91% used [0x00000000d5d80000,0x00000000d612c140,0x00000000d6180000)
  to   space 4096K, 0% used [0x00000000d6180000,0x00000000d6180000,0x00000000d6580000)
 ParOldGen       total 82432K, used 81948K [0x0000000080000000, 0x0000000085080000, 0x00000000d5580000)
  object space 82432K, 99% used [0x0000000080000000,0x00000000850072a0,0x0000000085080000)
 Metaspace       used 52791K, committed 54208K, reserved 1114112K
  class space    used 5823K, committed 6400K, reserved 1048576K
}
Event: 19.523 GC heap before
{Heap before GC invocations=46 (full 2):
 PSYoungGen      total 12288K, used 11952K [0x00000000d5580000, 0x00000000d6580000, 0x0000000100000000)
  eden space 8192K, 100% used [0x00000000d5580000,0x00000000d5d80000,0x00000000d5d80000)
  from space 4096K, 91% used [0x00000000d5d80000,0x00000000d612c140,0x00000000d6180000)
  to   space 4096K, 0% used [0x00000000d6180000,0x00000000d6180000,0x00000000d6580000)
 ParOldGen       total 82432K, used 81948K [0x0000000080000000, 0x0000000085080000, 0x00000000d5580000)
  object space 82432K, 99% used [0x0000000080000000,0x00000000850072a0,0x0000000085080000)
 Metaspace       used 52793K, committed 54208K, reserved 1114112K
  class space    used 5823K, committed 6400K, reserved 1048576K
}
Event: 19.528 GC heap after
{Heap after GC invocations=46 (full 2):
 PSYoungGen      total 10752K, used 2285K [0x00000000d5580000, 0x00000000d6400000, 0x0000000100000000)
  eden space 8192K, 0% used [0x00000000d5580000,0x00000000d5580000,0x00000000d5d80000)
  from space 2560K, 89% used [0x00000000d6180000,0x00000000d63bb620,0x00000000d6400000)
  to   space 3072K, 0% used [0x00000000d5e00000,0x00000000d5e00000,0x00000000d6100000)
 ParOldGen       total 86016K, used 85551K [0x0000000080000000, 0x0000000085400000, 0x00000000d5580000)
  object space 86016K, 99% used [0x0000000080000000,0x000000008538be48,0x0000000085400000)
 Metaspace       used 52793K, committed 54208K, reserved 1114112K
  class space    used 5823K, committed 6400K, reserved 1048576K
}
Event: 19.584 GC heap before
{Heap before GC invocations=47 (full 2):
 PSYoungGen      total 10752K, used 10446K [0x00000000d5580000, 0x00000000d6400000, 0x0000000100000000)
  eden space 8192K, 99% used [0x00000000d5580000,0x00000000d5d784a0,0x00000000d5d80000)
  from space 2560K, 89% used [0x00000000d6180000,0x00000000d63bb620,0x00000000d6400000)
  to   space 3072K, 0% used [0x00000000d5e00000,0x00000000d5e00000,0x00000000d6100000)
 ParOldGen       total 86016K, used 85551K [0x0000000080000000, 0x0000000085400000, 0x00000000d5580000)
  object space 86016K, 99% used [0x0000000080000000,0x000000008538be48,0x0000000085400000)
 Metaspace       used 52806K, committed 54208K, reserved 1114112K
  class space    used 5823K, committed 6400K, reserved 1048576K
}
Event: 19.587 GC heap after
{Heap after GC invocations=47 (full 2):
 PSYoungGen      total 10752K, used 2263K [0x00000000d5580000, 0x00000000d6280000, 0x0000000100000000)
  eden space 8192K, 0% used [0x00000000d5580000,0x00000000d5580000,0x00000000d5d80000)
  from space 2560K, 88% used [0x00000000d5e00000,0x00000000d6035f18,0x00000000d6080000)
  to   space 2048K, 0% used [0x00000000d6080000,0x00000000d6080000,0x00000000d6280000)
 ParOldGen       total 88064K, used 87642K [0x0000000080000000, 0x0000000085600000, 0x00000000d5580000)
  object space 88064K, 99% used [0x0000000080000000,0x00000000855969a8,0x0000000085600000)
 Metaspace       used 52806K, committed 54208K, reserved 1114112K
  class space    used 5823K, committed 6400K, reserved 1048576K
}
Event: 19.662 GC heap before
{Heap before GC invocations=48 (full 2):
 PSYoungGen      total 10752K, used 10455K [0x00000000d5580000, 0x00000000d6280000, 0x0000000100000000)
  eden space 8192K, 100% used [0x00000000d5580000,0x00000000d5d80000,0x00000000d5d80000)
  from space 2560K, 88% used [0x00000000d5e00000,0x00000000d6035f18,0x00000000d6080000)
  to   space 2048K, 0% used [0x00000000d6080000,0x00000000d6080000,0x00000000d6280000)
 ParOldGen       total 88064K, used 87642K [0x0000000080000000, 0x0000000085600000, 0x00000000d5580000)
  object space 88064K, 99% used [0x0000000080000000,0x00000000855969a8,0x0000000085600000)
 Metaspace       used 52912K, committed 54336K, reserved 1114112K
  class space    used 5835K, committed 6400K, reserved 1048576K
}
Event: 19.666 GC heap after
{Heap after GC invocations=48 (full 2):
 PSYoungGen      total 10240K, used 1743K [0x00000000d5580000, 0x00000000d6280000, 0x0000000100000000)
  eden space 8192K, 0% used [0x00000000d5580000,0x00000000d5580000,0x00000000d5d80000)
  from space 2048K, 85% used [0x00000000d6080000,0x00000000d6233ec8,0x00000000d6280000)
  to   space 2048K, 0% used [0x00000000d5e80000,0x00000000d5e80000,0x00000000d6080000)
 ParOldGen       total 89600K, used 89303K [0x0000000080000000, 0x0000000085780000, 0x00000000d5580000)
  object space 89600K, 99% used [0x0000000080000000,0x0000000085735d90,0x0000000085780000)
 Metaspace       used 52912K, committed 54336K, reserved 1114112K
  class space    used 5835K, committed 6400K, reserved 1048576K
}
Event: 19.770 GC heap before
{Heap before GC invocations=49 (full 2):
 PSYoungGen      total 10240K, used 9935K [0x00000000d5580000, 0x00000000d6280000, 0x0000000100000000)
  eden space 8192K, 100% used [0x00000000d5580000,0x00000000d5d80000,0x00000000d5d80000)
  from space 2048K, 85% used [0x00000000d6080000,0x00000000d6233ec8,0x00000000d6280000)
  to   space 2048K, 0% used [0x00000000d5e80000,0x00000000d5e80000,0x00000000d6080000)
 ParOldGen       total 89600K, used 89303K [0x0000000080000000, 0x0000000085780000, 0x00000000d5580000)
  object space 89600K, 99% used [0x0000000080000000,0x0000000085735d90,0x0000000085780000)
 Metaspace       used 52918K, committed 54336K, reserved 1114112K
  class space    used 5835K, committed 6400K, reserved 1048576K
}
Event: 19.773 GC heap after
{Heap after GC invocations=49 (full 2):
 PSYoungGen      total 9728K, used 1521K [0x00000000d5580000, 0x00000000d6180000, 0x0000000100000000)
  eden space 8192K, 0% used [0x00000000d5580000,0x00000000d5580000,0x00000000d5d80000)
  from space 1536K, 99% used [0x00000000d5e80000,0x00000000d5ffc410,0x00000000d6000000)
  to   space 1536K, 0% used [0x00000000d6000000,0x00000000d6000000,0x00000000d6180000)
 ParOldGen       total 91136K, used 90933K [0x0000000080000000, 0x0000000085900000, 0x00000000d5580000)
  object space 91136K, 99% used [0x0000000080000000,0x00000000858cd630,0x0000000085900000)
 Metaspace       used 52918K, committed 54336K, reserved 1114112K
  class space    used 5835K, committed 6400K, reserved 1048576K
}
Event: 19.916 GC heap before
{Heap before GC invocations=50 (full 2):
 PSYoungGen      total 9728K, used 9713K [0x00000000d5580000, 0x00000000d6180000, 0x0000000100000000)
  eden space 8192K, 100% used [0x00000000d5580000,0x00000000d5d80000,0x00000000d5d80000)
  from space 1536K, 99% used [0x00000000d5e80000,0x00000000d5ffc410,0x00000000d6000000)
  to   space 1536K, 0% used [0x00000000d6000000,0x00000000d6000000,0x00000000d6180000)
 ParOldGen       total 91136K, used 90933K [0x0000000080000000, 0x0000000085900000, 0x00000000d5580000)
  object space 91136K, 99% used [0x0000000080000000,0x00000000858cd630,0x0000000085900000)
 Metaspace       used 52946K, committed 54336K, reserved 1114112K
  class space    used 5835K, committed 6400K, reserved 1048576K
}
Event: 19.918 GC heap after
{Heap after GC invocations=50 (full 2):
 PSYoungGen      total 9216K, used 854K [0x00000000d5580000, 0x00000000d6100000, 0x0000000100000000)
  eden space 8192K, 0% used [0x00000000d5580000,0x00000000d5580000,0x00000000d5d80000)
  from space 1024K, 83% used [0x00000000d6000000,0x00000000d60d58d8,0x00000000d6100000)
  to   space 1536K, 0% used [0x00000000d5e00000,0x00000000d5e00000,0x00000000d5f80000)
 ParOldGen       total 92672K, used 92194K [0x0000000080000000, 0x0000000085a80000, 0x00000000d5580000)
  object space 92672K, 99% used [0x0000000080000000,0x0000000085a08910,0x0000000085a80000)
 Metaspace       used 52946K, committed 54336K, reserved 1114112K
  class space    used 5835K, committed 6400K, reserved 1048576K
}
Event: 20.014 GC heap before
{Heap before GC invocations=51 (full 2):
 PSYoungGen      total 9216K, used 9046K [0x00000000d5580000, 0x00000000d6100000, 0x0000000100000000)
  eden space 8192K, 100% used [0x00000000d5580000,0x00000000d5d80000,0x00000000d5d80000)
  from space 1024K, 83% used [0x00000000d6000000,0x00000000d60d58d8,0x00000000d6100000)
  to   space 1536K, 0% used [0x00000000d5e00000,0x00000000d5e00000,0x00000000d5f80000)
 ParOldGen       total 92672K, used 92194K [0x0000000080000000, 0x0000000085a80000, 0x00000000d5580000)
  object space 92672K, 99% used [0x0000000080000000,0x0000000085a08910,0x0000000085a80000)
 Metaspace       used 53005K, committed 54400K, reserved 1114112K
  class space    used 5840K, committed 6400K, reserved 1048576K
}
Event: 20.016 GC heap after
{Heap after GC invocations=51 (full 2):
 PSYoungGen      total 9728K, used 1235K [0x00000000d5580000, 0x00000000d6080000, 0x0000000100000000)
  eden space 8192K, 0% used [0x00000000d5580000,0x00000000d5580000,0x00000000d5d80000)
  from space 1536K, 80% used [0x00000000d5e00000,0x00000000d5f34ea8,0x00000000d5f80000)
  to   space 1024K, 0% used [0x00000000d5f80000,0x00000000d5f80000,0x00000000d6080000)
 ParOldGen       total 93184K, used 92946K [0x0000000080000000, 0x0000000085b00000, 0x00000000d5580000)
  object space 93184K, 99% used [0x0000000080000000,0x0000000085ac4878,0x0000000085b00000)
 Metaspace       used 53005K, committed 54400K, reserved 1114112K
  class space    used 5840K, committed 6400K, reserved 1048576K
}
Event: 20.286 GC heap before
{Heap before GC invocations=52 (full 2):
 PSYoungGen      total 9728K, used 9427K [0x00000000d5580000, 0x00000000d6080000, 0x0000000100000000)
  eden space 8192K, 100% used [0x00000000d5580000,0x00000000d5d80000,0x00000000d5d80000)
  from space 1536K, 80% used [0x00000000d5e00000,0x00000000d5f34ea8,0x00000000d5f80000)
  to   space 1024K, 0% used [0x00000000d5f80000,0x00000000d5f80000,0x00000000d6080000)
 ParOldGen       total 93184K, used 92946K [0x0000000080000000, 0x0000000085b00000, 0x00000000d5580000)
  object space 93184K, 99% used [0x0000000080000000,0x0000000085ac4878,0x0000000085b00000)
 Metaspace       used 53151K, committed 54528K, reserved 1114112K
  class space    used 5854K, committed 6400K, reserved 1048576K
}
Event: 21.302 GC heap after
{Heap after GC invocations=52 (full 2):
 PSYoungGen      total 8192K, used 1021K [0x00000000d5580000, 0x00000000d6380000, 0x0000000100000000)
  eden space 7168K, 0% used [0x00000000d5580000,0x00000000d5580000,0x00000000d5c80000)
  from space 1024K, 99% used [0x00000000d5f80000,0x00000000d607f568,0x00000000d6080000)
  to   space 3072K, 0% used [0x00000000d5c80000,0x00000000d5c80000,0x00000000d5f80000)
 ParOldGen       total 94720K, used 94428K [0x0000000080000000, 0x0000000085c80000, 0x00000000d5580000)
  object space 94720K, 99% used [0x0000000080000000,0x0000000085c371d0,0x0000000085c80000)
 Metaspace       used 53151K, committed 54528K, reserved 1114112K
  class space    used 5854K, committed 6400K, reserved 1048576K
}
Event: 21.429 GC heap before
{Heap before GC invocations=53 (full 2):
 PSYoungGen      total 8192K, used 8189K [0x00000000d5580000, 0x00000000d6380000, 0x0000000100000000)
  eden space 7168K, 100% used [0x00000000d5580000,0x00000000d5c80000,0x00000000d5c80000)
  from space 1024K, 99% used [0x00000000d5f80000,0x00000000d607f568,0x00000000d6080000)
  to   space 3072K, 0% used [0x00000000d5c80000,0x00000000d5c80000,0x00000000d5f80000)
 ParOldGen       total 94720K, used 94428K [0x0000000080000000, 0x0000000085c80000, 0x00000000d5580000)
  object space 94720K, 99% used [0x0000000080000000,0x0000000085c371d0,0x0000000085c80000)
 Metaspace       used 53430K, committed 54848K, reserved 1114112K
  class space    used 5873K, committed 6464K, reserved 1048576K
}
Event: 21.433 GC heap after
{Heap after GC invocations=53 (full 2):
 PSYoungGen      total 8704K, used 1444K [0x00000000d5580000, 0x00000000d6080000, 0x0000000100000000)
  eden space 7168K, 0% used [0x00000000d5580000,0x00000000d5580000,0x00000000d5c80000)
  from space 1536K, 94% used [0x00000000d5c80000,0x00000000d5de9148,0x00000000d5e00000)
  to   space 2048K, 0% used [0x00000000d5e80000,0x00000000d5e80000,0x00000000d6080000)
 ParOldGen       total 95744K, used 95410K [0x0000000080000000, 0x0000000085d80000, 0x00000000d5580000)
  object space 95744K, 99% used [0x0000000080000000,0x0000000085d2cb00,0x0000000085d80000)
 Metaspace       used 53430K, committed 54848K, reserved 1114112K
  class space    used 5873K, committed 6464K, reserved 1048576K
}
Event: 21.527 GC heap before
{Heap before GC invocations=54 (full 2):
 PSYoungGen      total 8704K, used 8612K [0x00000000d5580000, 0x00000000d6080000, 0x0000000100000000)
  eden space 7168K, 100% used [0x00000000d5580000,0x00000000d5c80000,0x00000000d5c80000)
  from space 1536K, 94% used [0x00000000d5c80000,0x00000000d5de9148,0x00000000d5e00000)
  to   space 2048K, 0% used [0x00000000d5e80000,0x00000000d5e80000,0x00000000d6080000)
 ParOldGen       total 95744K, used 95410K [0x0000000080000000, 0x0000000085d80000, 0x00000000d5580000)
  object space 95744K, 99% used [0x0000000080000000,0x0000000085d2cb00,0x0000000085d80000)
 Metaspace       used 53636K, committed 54976K, reserved 1114112K
  class space    used 5899K, committed 6464K, reserved 1048576K
}
Event: 21.530 GC heap after
{Heap after GC invocations=54 (full 2):
 PSYoungGen      total 8704K, used 1402K [0x00000000d5580000, 0x00000000d6000000, 0x0000000100000000)
  eden space 7168K, 0% used [0x00000000d5580000,0x00000000d5580000,0x00000000d5c80000)
  from space 1536K, 91% used [0x00000000d5e80000,0x00000000d5fdebc8,0x00000000d6000000)
  to   space 1536K, 0% used [0x00000000d5c80000,0x00000000d5c80000,0x00000000d5e00000)
 ParOldGen       total 96768K, used 96667K [0x0000000080000000, 0x0000000085e80000, 0x00000000d5580000)
  object space 96768K, 99% used [0x0000000080000000,0x0000000085e66eb8,0x0000000085e80000)
 Metaspace       used 53636K, committed 54976K, reserved 1114112K
  class space    used 5899K, committed 6464K, reserved 1048576K
}
Event: 21.594 GC heap before
{Heap before GC invocations=55 (full 2):
 PSYoungGen      total 8704K, used 8555K [0x00000000d5580000, 0x00000000d6000000, 0x0000000100000000)
  eden space 7168K, 99% used [0x00000000d5580000,0x00000000d5c7c258,0x00000000d5c80000)
  from space 1536K, 91% used [0x00000000d5e80000,0x00000000d5fdebc8,0x00000000d6000000)
  to   space 1536K, 0% used [0x00000000d5c80000,0x00000000d5c80000,0x00000000d5e00000)
 ParOldGen       total 96768K, used 96667K [0x0000000080000000, 0x0000000085e80000, 0x00000000d5580000)
  object space 96768K, 99% used [0x0000000080000000,0x0000000085e66eb8,0x0000000085e80000)
 Metaspace       used 53676K, committed 55040K, reserved 1114112K
  class space    used 5906K, committed 6464K, reserved 1048576K
}

Dll operation events (13 events):
Event: 0.025 Loaded shared library C:\Program Files\Java\jdk-22\bin\java.dll
Event: 0.086 Loaded shared library C:\Program Files\Java\jdk-22\bin\jsvml.dll
Event: 0.240 Loaded shared library C:\Program Files\Java\jdk-22\bin\zip.dll
Event: 0.251 Loaded shared library C:\Program Files\Java\jdk-22\bin\instrument.dll
Event: 0.259 Loaded shared library C:\Program Files\Java\jdk-22\bin\net.dll
Event: 0.263 Loaded shared library C:\Program Files\Java\jdk-22\bin\nio.dll
Event: 0.270 Loaded shared library C:\Program Files\Java\jdk-22\bin\zip.dll
Event: 0.306 Loaded shared library C:\Program Files\Java\jdk-22\bin\jimage.dll
Event: 0.441 Loaded shared library C:\Program Files\Java\jdk-22\bin\verify.dll
Event: 2.262 Loaded shared library C:\Users\shrav\AppData\Roaming\Code\User\globalStorage\redhat.java\1.54.0\config_win\org.eclipse.equinox.launcher\org.eclipse.equinox.launcher.win32.win32.x86_64_1.3.0.v20260203-2149\eclipse_11919.dll
Event: 6.595 Loaded shared library C:\Users\shrav\AppData\Local\Temp\jna-109415858\jna12688262700179434241.dll
Event: 10.240 Loaded shared library C:\Program Files\Java\jdk-22\bin\management.dll
Event: 10.248 Loaded shared library C:\Program Files\Java\jdk-22\bin\management_ext.dll

Deoptimization events (20 events):
Event: 21.542 Thread 0x000002b1d6d3c760 Uncommon trap: trap_request=0xffffffde fr.pc=0x000002b187b27c3c relative=0x000000000000017c
Event: 21.542 Thread 0x000002b1d6d3c760 Uncommon trap: reason=class_check action=maybe_recompile pc=0x000002b187b27c3c method=java.util.ArrayList.hashCodeRange(II)I @ 53 c2
Event: 21.542 Thread 0x000002b1d6d3c760 DEOPT PACKING pc=0x000002b187b27c3c sp=0x000000be62bfd8d0
Event: 21.542 Thread 0x000002b1d6d3c760 DEOPT UNPACKING pc=0x000002b187583aa2 sp=0x000000be62bfd840 mode 2
Event: 21.542 Thread 0x000002b1d6d3c760 Uncommon trap: trap_request=0xffffffde fr.pc=0x000002b187b27c3c relative=0x000000000000017c
Event: 21.542 Thread 0x000002b1d6d3c760 Uncommon trap: reason=class_check action=maybe_recompile pc=0x000002b187b27c3c method=java.util.ArrayList.hashCodeRange(II)I @ 53 c2
Event: 21.542 Thread 0x000002b1d6d3c760 DEOPT PACKING pc=0x000002b187b27c3c sp=0x000000be62bfd780
Event: 21.543 Thread 0x000002b1d6d3c760 DEOPT UNPACKING pc=0x000002b187583aa2 sp=0x000000be62bfd6f0 mode 2
Event: 21.555 Thread 0x000002b1d6d3ad20 DEOPT PACKING pc=0x000002b180d676b3 sp=0x000000be629fe6c0
Event: 21.555 Thread 0x000002b1d6d3ad20 DEOPT UNPACKING pc=0x000002b187584242 sp=0x000000be629fdc40 mode 0
Event: 21.563 Thread 0x000002b1d6d3ad20 DEOPT PACKING pc=0x000002b180d9f7e2 sp=0x000000be629fe630
Event: 21.563 Thread 0x000002b1d6d3ad20 DEOPT UNPACKING pc=0x000002b187584242 sp=0x000000be629fdba8 mode 0
Event: 21.567 Thread 0x000002b1d6d3ad20 DEOPT PACKING pc=0x000002b180d67633 sp=0x000000be629fe6c0
Event: 21.567 Thread 0x000002b1d6d3ad20 DEOPT UNPACKING pc=0x000002b187584242 sp=0x000000be629fdc40 mode 0
Event: 21.576 Thread 0x000002b1d6d3ad20 DEOPT PACKING pc=0x000002b180d67633 sp=0x000000be629fe6c0
Event: 21.576 Thread 0x000002b1d6d3ad20 DEOPT UNPACKING pc=0x000002b187584242 sp=0x000000be629fdc40 mode 0
Event: 21.581 Thread 0x000002b1d6d3ad20 DEOPT PACKING pc=0x000002b180d9f7e2 sp=0x000000be629fe630
Event: 21.581 Thread 0x000002b1d6d3ad20 DEOPT UNPACKING pc=0x000002b187584242 sp=0x000000be629fdba8 mode 0
Event: 21.585 Thread 0x000002b1d6d3ad20 DEOPT PACKING pc=0x000002b180d67858 sp=0x000000be629fe6c0
Event: 21.585 Thread 0x000002b1d6d3ad20 DEOPT UNPACKING pc=0x000002b187584242 sp=0x000000be629fdc40 mode 0

Classes loaded (20 events):
Event: 15.456 Loading class sun/security/provider/MD5
Event: 15.458 Loading class sun/security/provider/MD5 done
Event: 15.461 Loading class sun/security/provider/ByteArrayAccess$LE
Event: 15.461 Loading class sun/security/provider/ByteArrayAccess$LE done
Event: 15.799 Loading class java/util/regex/Pattern$Caret
Event: 15.799 Loading class java/util/regex/Pattern$Caret done
Event: 16.169 Loading class java/util/stream/ReduceOps$4
Event: 16.169 Loading class java/util/stream/ReduceOps$4 done
Event: 16.169 Loading class java/util/stream/ReduceOps$4ReducingSink
Event: 16.169 Loading class java/util/stream/ReduceOps$4ReducingSink done
Event: 16.172 Loading class java/nio/file/Files$2
Event: 16.173 Loading class java/nio/file/Files$2 done
Event: 16.405 Loading class java/util/concurrent/ArrayBlockingQueue
Event: 16.424 Loading class java/util/concurrent/ArrayBlockingQueue done
Event: 17.043 Loading class java/util/Hashtable$ValueCollection
Event: 17.044 Loading class java/util/Hashtable$ValueCollection done
Event: 17.052 Loading class java/util/concurrent/ConcurrentHashMap$KeySpliterator
Event: 17.059 Loading class java/util/concurrent/ConcurrentHashMap$KeySpliterator done
Event: 17.124 Loading class sun/nio/ch/ChannelOutputStream
Event: 17.125 Loading class sun/nio/ch/ChannelOutputStream done

Classes unloaded (7 events):
Event: 8.294 Thread 0x000002b1d41e79c0 Unloading class 0x000002b1941a9400 'java/lang/invoke/LambdaForm$MH+0x000002b1941a9400'
Event: 8.294 Thread 0x000002b1d41e79c0 Unloading class 0x000002b1941a9000 'java/lang/invoke/LambdaForm$MH+0x000002b1941a9000'
Event: 8.294 Thread 0x000002b1d41e79c0 Unloading class 0x000002b1941a8c00 'java/lang/invoke/LambdaForm$MH+0x000002b1941a8c00'
Event: 8.294 Thread 0x000002b1d41e79c0 Unloading class 0x000002b1941a8800 'java/lang/invoke/LambdaForm$MH+0x000002b1941a8800'
Event: 8.294 Thread 0x000002b1d41e79c0 Unloading class 0x000002b1941a8400 'java/lang/invoke/LambdaForm$BMH+0x000002b1941a8400'
Event: 8.294 Thread 0x000002b1d41e79c0 Unloading class 0x000002b1941a8000 'java/lang/invoke/LambdaForm$DMH+0x000002b1941a8000'
Event: 8.294 Thread 0x000002b1d41e79c0 Unloading class 0x000002b1941a6c00 'java/lang/invoke/LambdaForm$DMH+0x000002b1941a6c00'

Classes redefined (0 events):
No events

Internal exceptions (20 events):
Event: 13.855 Thread 0x000002b1d6d3ba40 Implicit null exception at 0x000002b187c08b7e to 0x000002b187c08df0
Event: 13.855 Thread 0x000002b1d6d3ba40 Implicit null exception at 0x000002b187b7a198 to 0x000002b187b7b0a4
Event: 13.870 Thread 0x000002b1d6d3ba40 Exception <a 'java/lang/NoSuchMethodError'{0x00000000d611b318}: 'java.lang.Object java.lang.invoke.Invokers$Holder.invokeExact_MT(java.lang.Object, int, java.lang.Object)'> (0x00000000d611b318) 
thrown [s\open\src\hotspot\share\interpreter\linkResolver.cpp, line 774]
Event: 14.689 Thread 0x000002b1d6d3ba40 Exception <a 'java/lang/NoClassDefFoundError'{0x00000000d5b98658}: com/google/inject/servlet/ServletModuleTargetVisitor> (0x00000000d5b98658) 
thrown [s\open\src\hotspot\share\classfile\systemDictionary.cpp, line 302]
Event: 15.074 Thread 0x000002b1d6d3b3b0 Exception <a 'sun/nio/fs/WindowsException'{0x00000000d5a67ab0}> (0x00000000d5a67ab0) 
thrown [s\open\src\hotspot\share\prims\jni.cpp, line 520]
Event: 15.074 Thread 0x000002b1d6d3b3b0 Exception <a 'sun/nio/fs/WindowsException'{0x00000000d5a688a0}> (0x00000000d5a688a0) 
thrown [s\open\src\hotspot\share\prims\jni.cpp, line 520]
Event: 15.105 Thread 0x000002b1d6d3b3b0 Exception <a 'java/io/FileNotFoundException'{0x00000000d5beed28}> (0x00000000d5beed28) 
thrown [s\open\src\hotspot\share\prims\jni.cpp, line 520]
Event: 15.105 Thread 0x000002b1d6d3b3b0 Exception <a 'java/io/FileNotFoundException'{0x00000000d5bf04d8}> (0x00000000d5bf04d8) 
thrown [s\open\src\hotspot\share\prims\jni.cpp, line 520]
Event: 15.105 Thread 0x000002b1d6d3b3b0 Exception <a 'java/io/FileNotFoundException'{0x00000000d5bf1490}> (0x00000000d5bf1490) 
thrown [s\open\src\hotspot\share\prims\jni.cpp, line 520]
Event: 15.233 Thread 0x000002b1d6d3ad20 Implicit null exception at 0x000002b187d75b69 to 0x000002b187d75d38
Event: 15.547 Thread 0x000002b1db63dd70 Exception <a 'java/lang/IncompatibleClassChangeError'{0x00000000d62e6798}: Found class java.lang.Object, but interface was expected> (0x00000000d62e6798) 
thrown [s\open\src\hotspot\share\interpreter\linkResolver.cpp, line 841]
Event: 16.175 Thread 0x000002b1d6d3c760 Exception <a 'java/lang/NoSuchMethodError'{0x00000000d5a51698}: 'int java.lang.invoke.DirectMethodHandle$Holder.invokeSpecialIFC(java.lang.Object, java.lang.Object, java.lang.Object)'> (0x00000000d5a51698) 
thrown [s\open\src\hotspot\share\interpreter\linkResolver.cpp, line 774]
Event: 16.888 Thread 0x000002b1de030d10 Exception <a 'java/lang/NoSuchMethodError'{0x00000000d5caafe0}: 'void java.lang.invoke.DirectMethodHandle$Holder.invokeStatic(java.lang.Object, int, java.lang.Object)'> (0x00000000d5caafe0) 
thrown [s\open\src\hotspot\share\interpreter\linkResolver.cpp, line 774]
Event: 17.074 Thread 0x000002b1d6d3c760 Exception <a 'java/lang/NoSuchMethodError'{0x00000000d60bb9e8}: 'java.lang.Object java.lang.invoke.DirectMethodHandle$Holder.newInvokeSpecial(java.lang.Object, java.lang.Object, int, int, java.lang.Object)'> (0x00000000d60bb9e8) 
thrown [s\open\src\hotspot\share\interpreter\linkResolver.cpp, line 774]
Event: 17.158 Thread 0x000002b1d6d3c760 Exception <a 'sun/nio/fs/WindowsException'{0x00000000d5701d00}> (0x00000000d5701d00) 
thrown [s\open\src\hotspot\share\prims\jni.cpp, line 520]
Event: 17.161 Thread 0x000002b1de02fff0 Exception <a 'sun/nio/fs/WindowsException'{0x00000000d575cce8}> (0x00000000d575cce8) 
thrown [s\open\src\hotspot\share\prims\jni.cpp, line 520]
Event: 17.163 Thread 0x000002b1de030680 Exception <a 'sun/nio/fs/WindowsException'{0x00000000d578bea8}> (0x00000000d578bea8) 
thrown [s\open\src\hotspot\share\prims\jni.cpp, line 520]
Event: 19.614 Thread 0x000002b1d6d3c760 Exception <a 'sun/nio/fs/WindowsException'{0x00000000d5817d40}> (0x00000000d5817d40) 
thrown [s\open\src\hotspot\share\prims\jni.cpp, line 520]
Event: 19.615 Thread 0x000002b1d6d3c760 Exception <a 'sun/nio/fs/WindowsException'{0x00000000d58185e8}> (0x00000000d58185e8) 
thrown [s\open\src\hotspot\share\prims\jni.cpp, line 520]
Event: 19.944 Thread 0x000002b1d6d3ad20 Implicit null exception at 0x000002b187e8fc40 to 0x000002b187e95960

ZGC Phase Switch (0 events):
No events

VM Operations (20 events):
Event: 19.528 Executing VM operation: ParallelGCFailedAllocation (Allocation Failure) done
Event: 19.584 Executing VM operation: ParallelGCFailedAllocation (Allocation Failure)
Event: 19.587 Executing VM operation: ParallelGCFailedAllocation (Allocation Failure) done
Event: 19.662 Executing VM operation: ParallelGCFailedAllocation (Allocation Failure)
Event: 19.666 Executing VM operation: ParallelGCFailedAllocation (Allocation Failure) done
Event: 19.770 Executing VM operation: ParallelGCFailedAllocation (Allocation Failure)
Event: 19.773 Executing VM operation: ParallelGCFailedAllocation (Allocation Failure) done
Event: 19.915 Executing VM operation: ParallelGCFailedAllocation (Allocation Failure)
Event: 19.918 Executing VM operation: ParallelGCFailedAllocation (Allocation Failure) done
Event: 20.013 Executing VM operation: ParallelGCFailedAllocation (Allocation Failure)
Event: 20.016 Executing VM operation: ParallelGCFailedAllocation (Allocation Failure) done
Event: 20.267 Executing VM operation: HandshakeAllThreads (Deoptimize)
Event: 20.267 Executing VM operation: HandshakeAllThreads (Deoptimize) done
Event: 20.286 Executing VM operation: ParallelGCFailedAllocation (Allocation Failure)
Event: 21.302 Executing VM operation: ParallelGCFailedAllocation (Allocation Failure) done
Event: 21.429 Executing VM operation: ParallelGCFailedAllocation (Allocation Failure)
Event: 21.433 Executing VM operation: ParallelGCFailedAllocation (Allocation Failure) done
Event: 21.527 Executing VM operation: ParallelGCFailedAllocation (Allocation Failure)
Event: 21.530 Executing VM operation: ParallelGCFailedAllocation (Allocation Failure) done
Event: 21.594 Executing VM operation: ParallelGCFailedAllocation (Allocation Failure)

Memory protections (0 events):
No events

Nmethod flushes (20 events):
Event: 10.804 Thread 0x000002b1d41e79c0 flushing  nmethod 0x000002b180668390
Event: 10.804 Thread 0x000002b1d41e79c0 flushing  nmethod 0x000002b180668a90
Event: 10.804 Thread 0x000002b1d41e79c0 flushing  nmethod 0x000002b180681b90
Event: 10.804 Thread 0x000002b1d41e79c0 flushing  nmethod 0x000002b180688790
Event: 10.804 Thread 0x000002b1d41e79c0 flushing  nmethod 0x000002b180695a10
Event: 10.804 Thread 0x000002b1d41e79c0 flushing  nmethod 0x000002b180699c10
Event: 10.804 Thread 0x000002b1d41e79c0 flushing  nmethod 0x000002b18069bc10
Event: 10.804 Thread 0x000002b1d41e79c0 flushing  nmethod 0x000002b1806a3910
Event: 10.804 Thread 0x000002b1d41e79c0 flushing  nmethod 0x000002b1806a9610
Event: 10.804 Thread 0x000002b1d41e79c0 flushing  nmethod 0x000002b1806f4a90
Event: 10.804 Thread 0x000002b1d41e79c0 flushing  nmethod 0x000002b180717410
Event: 10.804 Thread 0x000002b1d41e79c0 flushing  nmethod 0x000002b180719b10
Event: 10.804 Thread 0x000002b1d41e79c0 flushing  nmethod 0x000002b18074f810
Event: 10.804 Thread 0x000002b1d41e79c0 flushing  nmethod 0x000002b180750b90
Event: 10.804 Thread 0x000002b1d41e79c0 flushing  nmethod 0x000002b180751190
Event: 10.804 Thread 0x000002b1d41e79c0 flushing  nmethod 0x000002b180752a10
Event: 10.804 Thread 0x000002b1d41e79c0 flushing  nmethod 0x000002b180753010
Event: 10.804 Thread 0x000002b1d41e79c0 flushing  nmethod 0x000002b180753510
Event: 10.804 Thread 0x000002b1d41e79c0 flushing  nmethod 0x000002b180759010
Event: 10.804 Thread 0x000002b1d41e79c0 flushing  nmethod 0x000002b180772c10

Events (20 events):
Event: 11.110 Thread 0x000002b1f3e80340 Thread added: 0x000002b1db63a8f0
Event: 11.110 Thread 0x000002b1f3e80340 Thread added: 0x000002b1db63c9c0
Event: 11.111 Thread 0x000002b1f3e80340 Thread added: 0x000002b1db63a260
Event: 11.111 Thread 0x000002b1f3e80340 Thread added: 0x000002b1db63c330
Event: 11.111 Thread 0x000002b1f3e80340 Thread added: 0x000002b1db63d6e0
Event: 11.111 Thread 0x000002b1f3e80340 Thread added: 0x000002b1db63d050
Event: 11.195 Thread 0x000002b1f3e80340 Thread added: 0x000002b1db63af80
Event: 12.383 Thread 0x000002b1f3e80340 Thread added: 0x000002b1db63bca0
Event: 12.384 Thread 0x000002b1f3e80340 Thread added: 0x000002b1db63dd70
Event: 12.564 Thread 0x000002b1db637470 Thread added: 0x000002b1db63b610
Event: 13.599 Thread 0x000002b1d6d3c760 Thread added: 0x000002b1de02fff0
Event: 13.604 Thread 0x000002b1de02fff0 Thread added: 0x000002b1de030680
Event: 13.647 Thread 0x000002b1d6d3c760 Thread added: 0x000002b1de032de0
Event: 16.446 Thread 0x000002b1d6d3c760 Thread added: 0x000002b1de030d10
Event: 17.109 Thread 0x000002b1d6d3c760 Thread added: 0x000002b1de033470
Event: 17.163 Thread 0x000002b1de02fff0 Thread added: 0x000002b1de034190
Event: 17.164 Thread 0x000002b1de030680 Thread added: 0x000002b1de034820
Event: 17.165 Thread 0x000002b1de030680 Thread added: 0x000002b1de0313a0
Event: 17.446 Thread 0x000002b1d6d3c760 Thread added: 0x000002b1de034eb0
Event: 19.597 Thread 0x000002b1d6d3c760 Thread added: 0x000002b1de031a30


Dynamic libraries:
0x00007ff736810000 - 0x00007ff736820000 	C:\Program Files\Java\jdk-22\bin\java.exe
0x00007fff88fe0000 - 0x00007fff89247000 	C:\WINDOWS\SYSTEM32\ntdll.dll
0x00007fff875b0000 - 0x00007fff87679000 	C:\WINDOWS\System32\KERNEL32.DLL
0x00007fff86510000 - 0x00007fff86907000 	C:\WINDOWS\System32\KERNELBASE.dll
0x00007fff86280000 - 0x00007fff863cb000 	C:\WINDOWS\System32\ucrtbase.dll
0x00007fff78170000 - 0x00007fff7818b000 	C:\Program Files\Java\jdk-22\bin\VCRUNTIME140.dll
0x00007fff78040000 - 0x00007fff78057000 	C:\Program Files\Java\jdk-22\bin\jli.dll
0x00007fff88000000 - 0x00007fff881c6000 	C:\WINDOWS\System32\USER32.dll
0x00007fff6a770000 - 0x00007fff6aa02000 	C:\WINDOWS\WinSxS\amd64_microsoft.windows.common-controls_6595b64144ccf1df_6.0.26100.8457_none_3e0b2faee331e92d\COMCTL32.dll
0x00007fff86d30000 - 0x00007fff86d57000 	C:\WINDOWS\System32\win32u.dll
0x00007fff879e0000 - 0x00007fff87a89000 	C:\WINDOWS\System32\msvcrt.dll
0x00007fff879b0000 - 0x00007fff879db000 	C:\WINDOWS\System32\GDI32.dll
0x00007fff86b40000 - 0x00007fff86c6c000 	C:\WINDOWS\System32\gdi32full.dll
0x00007fff863d0000 - 0x00007fff86473000 	C:\WINDOWS\System32\msvcp_win.dll
0x00007fff87500000 - 0x00007fff87532000 	C:\WINDOWS\System32\IMM32.DLL
0x00007fff81220000 - 0x00007fff8122c000 	C:\Program Files\Java\jdk-22\bin\vcruntime140_1.dll
0x00007fff3ccf0000 - 0x00007fff3cd7e000 	C:\Program Files\Java\jdk-22\bin\msvcp140.dll
0x00007ffe96f70000 - 0x00007ffe97cb9000 	C:\Program Files\Java\jdk-22\bin\server\jvm.dll
0x00007fff88ee0000 - 0x00007fff88f96000 	C:\WINDOWS\System32\ADVAPI32.dll
0x00007fff88240000 - 0x00007fff882e7000 	C:\WINDOWS\System32\sechost.dll
0x00007fff88b90000 - 0x00007fff88ca8000 	C:\WINDOWS\System32\RPCRT4.dll
0x00007fff87680000 - 0x00007fff87700000 	C:\WINDOWS\System32\WS2_32.dll
0x00007fff85890000 - 0x00007fff858ee000 	C:\WINDOWS\SYSTEM32\POWRPROF.dll
0x00007fff7e740000 - 0x00007fff7e74b000 	C:\WINDOWS\SYSTEM32\VERSION.dll
0x00007fff7e700000 - 0x00007fff7e736000 	C:\WINDOWS\SYSTEM32\WINMM.dll
0x00007fff85850000 - 0x00007fff85864000 	C:\WINDOWS\SYSTEM32\UMPDC.dll
0x00007fff847a0000 - 0x00007fff847bb000 	C:\WINDOWS\SYSTEM32\kernel.appcore.dll
0x00007fff7e9d0000 - 0x00007fff7e9da000 	C:\Program Files\Java\jdk-22\bin\jimage.dll
0x00007fff79f60000 - 0x00007fff7a1a2000 	C:\WINDOWS\SYSTEM32\DBGHELP.DLL
0x00007fff87b70000 - 0x00007fff87ef3000 	C:\WINDOWS\System32\combase.dll
0x00007fff88aa0000 - 0x00007fff88b79000 	C:\WINDOWS\System32\OLEAUT32.dll
0x00007fff697f0000 - 0x00007fff6982b000 	C:\WINDOWS\SYSTEM32\dbgcore.DLL
0x00007fff86910000 - 0x00007fff869b8000 	C:\WINDOWS\System32\bcryptPrimitives.dll
0x00007fff79a10000 - 0x00007fff79a1f000 	C:\Program Files\Java\jdk-22\bin\instrument.dll
0x00007fff75380000 - 0x00007fff7539e000 	C:\Program Files\Java\jdk-22\bin\java.dll
0x00007fff88320000 - 0x00007fff88a8e000 	C:\WINDOWS\System32\SHELL32.dll
0x00007fff87710000 - 0x00007fff878a7000 	C:\WINDOWS\System32\ole32.dll
0x00007fff85a10000 - 0x00007fff8627c000 	C:\WINDOWS\System32\windows.storage.dll
0x00007fff87f00000 - 0x00007fff87ff6000 	C:\WINDOWS\System32\SHCORE.dll
0x00007fff87540000 - 0x00007fff875a6000 	C:\WINDOWS\System32\shlwapi.dll
0x00007fff85930000 - 0x00007fff85959000 	C:\WINDOWS\SYSTEM32\profapi.dll
0x00007fff33d00000 - 0x00007fff33dd7000 	C:\Program Files\Java\jdk-22\bin\jsvml.dll
0x00007fff752e0000 - 0x00007fff752f7000 	C:\Program Files\Java\jdk-22\bin\zip.dll
0x00007fff78140000 - 0x00007fff78150000 	C:\Program Files\Java\jdk-22\bin\net.dll
0x00007fff84d10000 - 0x00007fff84d7c000 	C:\WINDOWS\system32\mswsock.dll
0x00007fff6f0f0000 - 0x00007fff6f106000 	C:\Program Files\Java\jdk-22\bin\nio.dll
0x00007fff76d50000 - 0x00007fff76d60000 	C:\Program Files\Java\jdk-22\bin\verify.dll
0x00007fff54730000 - 0x00007fff54775000 	C:\Users\shrav\AppData\Roaming\Code\User\globalStorage\redhat.java\1.54.0\config_win\org.eclipse.equinox.launcher\org.eclipse.equinox.launcher.win32.win32.x86_64_1.3.0.v20260203-2149\eclipse_11919.dll
0x00007fff84ff0000 - 0x00007fff8500b000 	C:\WINDOWS\SYSTEM32\CRYPTSP.dll
0x00007fff84700000 - 0x00007fff84739000 	C:\WINDOWS\system32\rsaenh.dll
0x00007fff84dc0000 - 0x00007fff84df3000 	C:\WINDOWS\SYSTEM32\USERENV.dll
0x00007fff85900000 - 0x00007fff8592a000 	C:\WINDOWS\SYSTEM32\bcrypt.dll
0x00007fff85010000 - 0x00007fff8501c000 	C:\WINDOWS\SYSTEM32\CRYPTBASE.dll
0x00007fff841c0000 - 0x00007fff841f2000 	C:\WINDOWS\SYSTEM32\IPHLPAPI.DLL
0x00007fff88b80000 - 0x00007fff88b8a000 	C:\WINDOWS\System32\NSI.dll
0x00007ffef2090000 - 0x00007ffef20d9000 	C:\Users\shrav\AppData\Local\Temp\jna-109415858\jna12688262700179434241.dll
0x00007fff882f0000 - 0x00007fff882f8000 	C:\WINDOWS\System32\PSAPI.DLL
0x00007fff5d470000 - 0x00007fff5d47a000 	C:\Program Files\Java\jdk-22\bin\management.dll
0x00007fff5caa0000 - 0x00007fff5caab000 	C:\Program Files\Java\jdk-22\bin\management_ext.dll
0x00007fff7ffc0000 - 0x00007fff800e9000 	C:\WINDOWS\SYSTEM32\winhttp.dll
0x00007fff80680000 - 0x00007fff8069d000 	C:\WINDOWS\SYSTEM32\dhcpcsvc6.DLL
0x00007fff80370000 - 0x00007fff80395000 	C:\WINDOWS\SYSTEM32\dhcpcsvc.DLL

dbghelp: loaded successfully - version: 4.0.5 - missing functions: none
symbol engine: initialized successfully - sym options: 0x614 - pdb path: .;C:\Program Files\Java\jdk-22\bin;C:\WINDOWS\SYSTEM32;C:\WINDOWS\WinSxS\amd64_microsoft.windows.common-controls_6595b64144ccf1df_6.0.26100.8457_none_3e0b2faee331e92d;C:\Program Files\Java\jdk-22\bin\server;C:\Users\shrav\AppData\Roaming\Code\User\globalStorage\redhat.java\1.54.0\config_win\org.eclipse.equinox.launcher\org.eclipse.equinox.launcher.win32.win32.x86_64_1.3.0.v20260203-2149;C:\Users\shrav\AppData\Local\Temp\jna-109415858

VM Arguments:
jvm_args: --add-modules=ALL-SYSTEM --add-opens=java.base/java.util=ALL-UNNAMED --add-opens=java.base/java.lang=ALL-UNNAMED --add-opens=java.base/sun.nio.fs=ALL-UNNAMED -Declipse.application=org.eclipse.jdt.ls.core.id1 -Dosgi.bundles.defaultStartLevel=4 -Declipse.product=org.eclipse.jdt.ls.core.product -Djava.import.generatesMetadataFilesAtProjectRoot=false -DDetectVMInstallationsJob.disabled=true -Dfile.encoding=utf8 -XX:+UseParallelGC -XX:GCTimeRatio=4 -XX:AdaptiveSizePolicyWeight=90 -Dsun.zip.disableMemoryMapping=true -Xmx2G -Xms100m -Xlog:disable -javaagent:c:\Users\shrav\.vscode\extensions\redhat.java-1.54.0-win32-x64\lombok\lombok-1.18.39-4050.jar -XX:+HeapDumpOnOutOfMemoryError -XX:HeapDumpPath=c:\Users\shrav\AppData\Roaming\Code\User\workspaceStorage\8c146ec206b80605d5f3eaebc9643368\redhat.java -Daether.dependencyCollector.impl=bf 
java_command: c:\Users\shrav\.vscode\extensions\redhat.java-1.54.0-win32-x64\server\plugins\org.eclipse.equinox.launcher_1.7.100.v20251111-0406.jar -configuration c:\Users\shrav\AppData\Roaming\Code\User\globalStorage\redhat.java\1.54.0\config_win -data c:\Users\shrav\AppData\Roaming\Code\User\workspaceStorage\8c146ec206b80605d5f3eaebc9643368\redhat.java\jdt_ws --pipe=\\.\pipe\lsp-e409163cc75e8702a146350ec2dbd967-sock
java_class_path (initial): c:\Users\shrav\.vscode\extensions\redhat.java-1.54.0-win32-x64\server\plugins\org.eclipse.equinox.launcher_1.7.100.v20251111-0406.jar
Launcher Type: SUN_STANDARD

[Global flags]
     uint AdaptiveSizePolicyWeight                 = 90                                        {product} {command line}
     intx CICompilerCount                          = 4                                         {product} {ergonomic}
     uint GCTimeRatio                              = 4                                         {product} {command line}
     bool HeapDumpOnOutOfMemoryError               = true                                   {manageable} {command line}
    ccstr HeapDumpPath                             = c:\Users\shrav\AppData\Roaming\Code\User\workspaceStorage\8c146ec206b80605d5f3eaebc9643368\redhat.java         {manageable} {command line}
   size_t InitialHeapSize                          = 104857600                                 {product} {command line}
   size_t MaxHeapSize                              = 2147483648                                {product} {command line}
   size_t MaxNewSize                               = 715653120                                 {product} {ergonomic}
   size_t MinHeapDeltaBytes                        = 524288                                    {product} {ergonomic}
   size_t MinHeapSize                              = 104857600                                 {product} {command line}
   size_t NewSize                                  = 34603008                                  {product} {ergonomic}
    uintx NonNMethodCodeHeapSize                   = 5839372                                {pd product} {ergonomic}
    uintx NonProfiledCodeHeapSize                  = 122909434                              {pd product} {ergonomic}
   size_t OldSize                                  = 70254592                                  {product} {ergonomic}
    uintx ProfiledCodeHeapSize                     = 122909434                              {pd product} {ergonomic}
    uintx ReservedCodeCacheSize                    = 251658240                              {pd product} {ergonomic}
     bool SegmentedCodeCache                       = true                                      {product} {ergonomic}
   size_t SoftMaxHeapSize                          = 2147483648                             {manageable} {ergonomic}
     bool UseCompressedOops                        = true                           {product lp64_product} {ergonomic}
     bool UseLargePagesIndividualAllocation        = false                                  {pd product} {ergonomic}
     bool UseParallelGC                            = true                                      {product} {command line}

Logging:
Log output configuration:
 #0: stdout all=off uptime,level,tags foldmultilines=false
 #1: stderr all=off uptime,level,tags foldmultilines=false

Environment Variables:
PATH=C:\oracle\product\21c\db_home1\bin;C:\Program Files\Common Files\Oracle\Java\javapath;C:\WINDOWS\system32;C:\WINDOWS;C:\WINDOWS\System32\Wbem;C:\WINDOWS\System32\WindowsPowerShell\v1.0\;C:\WINDOWS\System32\OpenSSH\;C:\MinGW\bin;C:\Program Files\Git\cmd;C:\Program Files\Git\mingw64\bin;C:\Program Files\Git\usr\bin;C:\Program Files\nodejs\;C:\Users\shrav\Downloads\mongodb-windows-x86_64-8.2.4-signed.msi;C:\Program Files\MongoDB\Server\8.2\bin;C:\Program Files\MySQL\MySQL Shell 8.0\bin\;C:\Users\shrav\AppData\Local\Programs\Python\Python310\Scripts\;C:\Users\shrav\AppData\Local\Programs\Python\Python310\;C:\Users\shrav\.local\bin;C:\Users\shrav\AppData\Local\Microsoft\WindowsApps;C:\Users\shrav\AppData\Local\Programs\Microsoft VS Code\bin;C:\Users\shrav\AppData\Local\GitHubDesktop\bin;C:\Users\shrav\AppData\Roaming\npm;C:\Program Files\mongosh\;C:\Users\shrav\AppData\Local\Python\bin;C:\Users\shrav\Downloads\python-3.10.8-amd64.exe
USERNAME=shrav
OS=Windows_NT
PROCESSOR_IDENTIFIER=AMD64 Family 25 Model 80 Stepping 0, AuthenticAMD
TMP=C:\Users\shrav\AppData\Local\Temp
TEMP=C:\Users\shrav\AppData\Local\Temp




Periodic native trim disabled

---------------  S Y S T E M  ---------------

OS:
 Windows 11 , 64 bit Build 26100 (10.0.26100.8328)
OS uptime: 0 days 12:29 hours
Hyper-V role detected

CPU: total 12 (initial active 12) (12 cores per cpu, 2 threads per core) family 25 model 80 stepping 0 microcode 0xa50000f, cx8, cmov, fxsr, ht, mmx, 3dnowpref, sse, sse2, sse3, ssse3, sse4a, sse4.1, sse4.2, popcnt, lzcnt, tsc, tscinvbit, avx, avx2, aes, erms, clmul, bmi1, bmi2, adx, sha, fma, vzeroupper, clflush, clflushopt, hv, rdtscp, rdpid, fsrm, f16c, cet_ss
Processor Information for all 12 processors :
  Max Mhz: 3301, Current Mhz: 1908, Mhz Limit: 3301

Memory: 4k page, system-wide physical 7518M (868M free)
TotalPageFile size 31070M (AvailPageFile size 327M)
current process WorkingSet (physical memory assigned to process): 308M, peak: 333M
current process commit charge ("private bytes"): 403M, peak: 403M

vm_info: Java HotSpot(TM) 64-Bit Server VM (22.0.2+9-70) for windows-amd64 JRE (22.0.2+9-70), built on 2024-06-04T16:52:23Z by "mach5one" with MS VC++ 17.6 (VS2022)

END.
