#
# There is insufficient memory for the Java Runtime Environment to continue.
# Native memory allocation (malloc) failed to allocate 83216 bytes. Error detail: Chunk::new
# Possible reasons:
#   The system is out of physical RAM or swap space
#   This process is running with CompressedOops enabled, and the Java Heap may be blocking the growth of the native heap
# Possible solutions:
#   Reduce memory load on the system
#   Increase physical memory or swap space
#   Check if swap backing store is full
#   Decrease Java heap size (-Xmx/-Xms)
#   Decrease number of Java threads
#   Decrease Java thread stack sizes (-Xss)
#   Set larger code cache with -XX:ReservedCodeCacheSize=
#   JVM is running with Unscaled Compressed Oops mode in which the Java heap is
#     placed in the first 4GB address space. The Java Heap base address is the
#     maximum limit for the native heap growth. Please use -XX:HeapBaseMinAddress
#     to set the Java Heap base and to place the Java Heap above 4GB virtual address.
# This output file may be truncated or incomplete.
#
#  Out of Memory Error (arena.cpp:150), pid=28444, tid=11928
#
# JRE version: Java(TM) SE Runtime Environment (22.0.2+9) (build 22.0.2+9-70)
# Java VM: Java HotSpot(TM) 64-Bit Server VM (22.0.2+9-70, mixed mode, sharing, tiered, compressed oops, compressed class ptrs, parallel gc, windows-amd64)
# No core dump will be written. Minidumps are not enabled by default on client versions of Windows
#

---------------  S U M M A R Y ------------

Command Line: --add-modules=ALL-SYSTEM --add-opens=java.base/java.util=ALL-UNNAMED --add-opens=java.base/java.lang=ALL-UNNAMED --add-opens=java.base/sun.nio.fs=ALL-UNNAMED -Declipse.application=org.eclipse.jdt.ls.core.id1 -Dosgi.bundles.defaultStartLevel=4 -Declipse.product=org.eclipse.jdt.ls.core.product -Djava.import.generatesMetadataFilesAtProjectRoot=false -DDetectVMInstallationsJob.disabled=true -Dfile.encoding=utf8 -XX:+UseParallelGC -XX:GCTimeRatio=4 -XX:AdaptiveSizePolicyWeight=90 -Dsun.zip.disableMemoryMapping=true -Xmx2G -Xms100m -Xlog:disable -javaagent:c:\Users\shrav\.vscode\extensions\redhat.java-1.54.0-win32-x64\lombok\lombok-1.18.39-4050.jar -XX:+HeapDumpOnOutOfMemoryError -XX:HeapDumpPath=c:\Users\shrav\AppData\Roaming\Code\User\workspaceStorage\8c146ec206b80605d5f3eaebc9643368\redhat.java -Daether.dependencyCollector.impl=bf c:\Users\shrav\.vscode\extensions\redhat.java-1.54.0-win32-x64\server\plugins\org.eclipse.equinox.launcher_1.7.100.v20251111-0406.jar -configuration c:\Users\shrav\AppData\Roaming\Code\User\globalStorage\redhat.java\1.54.0\config_win -data c:\Users\shrav\AppData\Roaming\Code\User\workspaceStorage\8c146ec206b80605d5f3eaebc9643368\redhat.java\jdt_ws --pipe=\\.\pipe\lsp-e04176413c1dc939e4cd409b09638302-sock

Host: AMD Ryzen 5 5600H with Radeon Graphics         , 12 cores, 7G,  Windows 11 , 64 bit Build 26100 (10.0.26100.8328)
Time: Tue May 26 23:52:49 2026 India Standard Time elapsed time: 27.781936 seconds (0d 0h 0m 27s)

---------------  T H R E A D  ---------------

Current thread (0x00000233de0d0aa0):  JavaThread "C2 CompilerThread1" daemon [_thread_in_native, id=11928, stack(0x00000053a4a00000,0x00000053a4b00000) (1024K)]


Current CompileTask:
C2:27782 9732       4       org.apache.maven.model.io.xpp3.MavenXpp3Reader::parseDependency (486 bytes)

Stack: [0x00000053a4a00000,0x00000053a4b00000]
Native frames: (J=compiled Java code, j=interpreted, Vv=VM code, C=native code)
V  [jvm.dll+0x6e26e9]  (no source info available)
V  [jvm.dll+0x875753]  (no source info available)
V  [jvm.dll+0x877b7e]  (no source info available)
V  [jvm.dll+0x878253]  (no source info available)
V  [jvm.dll+0x27fc86]  (no source info available)
V  [jvm.dll+0xc3d0f]  (no source info available)
V  [jvm.dll+0xc3f6b]  (no source info available)
V  [jvm.dll+0x5edaf9]  (no source info available)
V  [jvm.dll+0x387d7a]  (no source info available)
V  [jvm.dll+0x3871ba]  (no source info available)
V  [jvm.dll+0x2477f8]  (no source info available)
V  [jvm.dll+0x246e9f]  (no source info available)
V  [jvm.dll+0x1c4e80]  (no source info available)
V  [jvm.dll+0x2568f3]  (no source info available)
V  [jvm.dll+0x254baa]  (no source info available)
V  [jvm.dll+0x3f57a6]  (no source info available)
V  [jvm.dll+0x81dc0b]  (no source info available)
V  [jvm.dll+0x6e0d85]  (no source info available)
C  [ucrtbase.dll+0x37b0]  (no source info available)
C  [KERNEL32.DLL+0x2e957]  (no source info available)
C  [ntdll.dll+0x427c]  (no source info available)


---------------  P R O C E S S  ---------------

Threads class SMR info:
_java_thread_list=0x00000233ddcd6e60, length=50, elements={
0x00000233f1ad9be0, 0x00000233d41fdd40, 0x00000233f3d8b310, 0x00000233f3d92180,
0x00000233f3d97090, 0x00000233f3d9be10, 0x00000233d56659c0, 0x00000233d566f500,
0x00000233d5673200, 0x00000233d5666050, 0x00000233d5664ca0, 0x00000233d5667400,
0x00000233d5665330, 0x00000233d56666e0, 0x00000233d5667a90, 0x00000233db7db400,
0x00000233db7dba90, 0x00000233db7dad70, 0x00000233db7da6e0, 0x00000233db7dc120,
0x00000233db7dc7b0, 0x00000233db7dce40, 0x00000233db7d99c0, 0x00000233db7dd4d0,
0x00000233db7da050, 0x00000233db7e0950, 0x00000233db7de880, 0x00000233db7ddb60,
0x00000233db7de1f0, 0x00000233db7def10, 0x00000233db7df5a0, 0x00000233db7dfc30,
0x00000233db7e02c0, 0x00000233ddc6b150, 0x00000233ddc689f0, 0x00000233ddc69da0,
0x00000233ddc67cd0, 0x00000233ddc69710, 0x00000233ddc6a430, 0x00000233ddc6b7e0,
0x00000233ddc68360, 0x00000233ddc6be70, 0x00000233ddc69080, 0x00000233ddc6cb90,
0x00000233ddc6d220, 0x00000233ddc6ec60, 0x00000233ddc6f2f0, 0x00000233ddc6d8b0,
0x00000233de0d0aa0, 0x00000233de0ce890
}

Java Threads: ( => current thread )
  0x00000233f1ad9be0 JavaThread "main"                              [_thread_blocked, id=9164, stack(0x00000053a0a00000,0x00000053a0b00000) (1024K)]
  0x00000233d41fdd40 JavaThread "Reference Handler"          daemon [_thread_blocked, id=32096, stack(0x00000053a0e00000,0x00000053a0f00000) (1024K)]
  0x00000233f3d8b310 JavaThread "Finalizer"                  daemon [_thread_blocked, id=23016, stack(0x00000053a0f00000,0x00000053a1000000) (1024K)]
  0x00000233f3d92180 JavaThread "Signal Dispatcher"          daemon [_thread_blocked, id=24216, stack(0x00000053a1000000,0x00000053a1100000) (1024K)]
  0x00000233f3d97090 JavaThread "Attach Listener"            daemon [_thread_blocked, id=16544, stack(0x00000053a1100000,0x00000053a1200000) (1024K)]
  0x00000233f3d9be10 JavaThread "Service Thread"             daemon [_thread_blocked, id=25200, stack(0x00000053a1200000,0x00000053a1300000) (1024K)]
  0x00000233d56659c0 JavaThread "Monitor Deflation Thread"   daemon [_thread_blocked, id=29984, stack(0x00000053a1300000,0x00000053a1400000) (1024K)]
  0x00000233d566f500 JavaThread "C2 CompilerThread0"         daemon [_thread_in_native, id=25576, stack(0x00000053a1400000,0x00000053a1500000) (1024K)]
  0x00000233d5673200 JavaThread "C1 CompilerThread0"         daemon [_thread_blocked, id=27148, stack(0x00000053a1500000,0x00000053a1600000) (1024K)]
  0x00000233d5666050 JavaThread "Common-Cleaner"             daemon [_thread_blocked, id=31736, stack(0x00000053a1600000,0x00000053a1700000) (1024K)]
  0x00000233d5664ca0 JavaThread "Notification Thread"        daemon [_thread_blocked, id=21360, stack(0x00000053a1800000,0x00000053a1900000) (1024K)]
  0x00000233d5667400 JavaThread "Active Thread: Equinox Container: 3d3dd031-bbf1-4141-9005-e1924fb23232"        [_thread_blocked, id=4108, stack(0x00000053a1f00000,0x00000053a2000000) (1024K)]
  0x00000233d5665330 JavaThread "Refresh Thread: Equinox Container: 3d3dd031-bbf1-4141-9005-e1924fb23232" daemon [_thread_blocked, id=13164, stack(0x00000053a2100000,0x00000053a2200000) (1024K)]
  0x00000233d56666e0 JavaThread "Framework Event Dispatcher: Equinox Container: 3d3dd031-bbf1-4141-9005-e1924fb23232" daemon [_thread_blocked, id=27864, stack(0x00000053a2200000,0x00000053a2300000) (1024K)]
  0x00000233d5667a90 JavaThread "Start Level: Equinox Container: 3d3dd031-bbf1-4141-9005-e1924fb23232" daemon [_thread_blocked, id=33184, stack(0x00000053a2300000,0x00000053a2400000) (1024K)]
  0x00000233db7db400 JavaThread "Bundle File Closer"         daemon [_thread_blocked, id=18656, stack(0x00000053a2600000,0x00000053a2700000) (1024K)]
  0x00000233db7dba90 JavaThread "SCR Component Actor"        daemon [_thread_blocked, id=22480, stack(0x00000053a1700000,0x00000053a1800000) (1024K)]
  0x00000233db7dad70 JavaThread "Worker-JM"                         [_thread_blocked, id=30044, stack(0x00000053a2700000,0x00000053a2800000) (1024K)]
  0x00000233db7da6e0 JavaThread "Worker-0"                          [_thread_blocked, id=5948, stack(0x00000053a2800000,0x00000053a2900000) (1024K)]
  0x00000233db7dc120 JavaThread "Worker-1"                          [_thread_blocked, id=28108, stack(0x00000053a2900000,0x00000053a2a00000) (1024K)]
  0x00000233db7dc7b0 JavaThread "Java indexing"              daemon [_thread_blocked, id=23276, stack(0x00000053a2b00000,0x00000053a2c00000) (1024K)]
  0x00000233db7dce40 JavaThread "Worker-2"                          [_thread_blocked, id=17112, stack(0x00000053a2c00000,0x00000053a2d00000) (1024K)]
  0x00000233db7d99c0 JavaThread "Worker-3"                          [_thread_blocked, id=33400, stack(0x00000053a2d00000,0x00000053a2e00000) (1024K)]
  0x00000233db7dd4d0 JavaThread "JNA Cleaner"                daemon [_thread_blocked, id=11376, stack(0x00000053a2e00000,0x00000053a2f00000) (1024K)]
  0x00000233db7da050 JavaThread "Worker-4: Initialize Workspace"        [_thread_blocked, id=24412, stack(0x00000053a3100000,0x00000053a3200000) (1024K)]
  0x00000233db7e0950 JavaThread "Worker-5"                          [_thread_blocked, id=24464, stack(0x00000053a3200000,0x00000053a3300000) (1024K)]
  0x00000233db7de880 JavaThread "Thread-1"                   daemon [_thread_in_native, id=32432, stack(0x00000053a3300000,0x00000053a3400000) (1024K)]
  0x00000233db7ddb60 JavaThread "Thread-2"                   daemon [_thread_in_native, id=33520, stack(0x00000053a3400000,0x00000053a3500000) (1024K)]
  0x00000233db7de1f0 JavaThread "Thread-3"                   daemon [_thread_in_native, id=30656, stack(0x00000053a3500000,0x00000053a3600000) (1024K)]
  0x00000233db7def10 JavaThread "Thread-4"                   daemon [_thread_in_native, id=25504, stack(0x00000053a3600000,0x00000053a3700000) (1024K)]
  0x00000233db7df5a0 JavaThread "Thread-5"                   daemon [_thread_in_native, id=33376, stack(0x00000053a3700000,0x00000053a3800000) (1024K)]
  0x00000233db7dfc30 JavaThread "Thread-6"                   daemon [_thread_in_native, id=17168, stack(0x00000053a3800000,0x00000053a3900000) (1024K)]
  0x00000233db7e02c0 JavaThread "Thread-7"                   daemon [_thread_in_native, id=24528, stack(0x00000053a3900000,0x00000053a3a00000) (1024K)]
  0x00000233ddc6b150 JavaThread "Thread-8"                   daemon [_thread_in_native, id=30660, stack(0x00000053a3a00000,0x00000053a3b00000) (1024K)]
  0x00000233ddc689f0 JavaThread "Thread-9"                   daemon [_thread_in_native, id=13580, stack(0x00000053a3b00000,0x00000053a3c00000) (1024K)]
  0x00000233ddc69da0 JavaThread "Thread-10"                  daemon [_thread_in_native, id=25980, stack(0x00000053a3c00000,0x00000053a3d00000) (1024K)]
  0x00000233ddc67cd0 JavaThread "Thread-11"                  daemon [_thread_in_native, id=20572, stack(0x00000053a3d00000,0x00000053a3e00000) (1024K)]
  0x00000233ddc69710 JavaThread "Thread-12"                  daemon [_thread_in_native, id=19596, stack(0x00000053a3e00000,0x00000053a3f00000) (1024K)]
  0x00000233ddc6a430 JavaThread "Thread-13"                  daemon [_thread_in_native, id=28696, stack(0x00000053a3f00000,0x00000053a4000000) (1024K)]
  0x00000233ddc6b7e0 JavaThread "pool-2-thread-1"                   [_thread_blocked, id=18084, stack(0x00000053a4000000,0x00000053a4100000) (1024K)]
  0x00000233ddc68360 JavaThread "WorkspaceEventsHandler"            [_thread_blocked, id=9220, stack(0x00000053a4200000,0x00000053a4300000) (1024K)]
  0x00000233ddc6be70 JavaThread "pool-1-thread-1"                   [_thread_blocked, id=25844, stack(0x00000053a4300000,0x00000053a4400000) (1024K)]
  0x00000233ddc69080 JavaThread "ProjectImportProgressReporter" daemon [_thread_blocked, id=31900, stack(0x00000053a4500000,0x00000053a4600000) (1024K)]
  0x00000233ddc6cb90 JavaThread "ParallelDescriptorResolver-1-0" daemon [_thread_in_native, id=2660, stack(0x00000053a2a00000,0x00000053a2b00000) (1024K)]
  0x00000233ddc6d220 JavaThread "ParallelDescriptorResolver-1-1" daemon [_thread_in_native, id=22540, stack(0x00000053a4600000,0x00000053a4700000) (1024K)]
  0x00000233ddc6ec60 JavaThread "ParallelDescriptorResolver-1-2" daemon [_thread_blocked, id=27808, stack(0x00000053a4700000,0x00000053a4800000) (1024K)]
  0x00000233ddc6f2f0 JavaThread "ParallelDescriptorResolver-1-3" daemon [_thread_in_Java, id=29188, stack(0x00000053a4800000,0x00000053a4900000) (1024K)]
  0x00000233ddc6d8b0 JavaThread "ParallelDescriptorResolver-1-4" daemon [_thread_in_Java, id=2064, stack(0x00000053a4900000,0x00000053a4a00000) (1024K)]
=>0x00000233de0d0aa0 JavaThread "C2 CompilerThread1"         daemon [_thread_in_native, id=11928, stack(0x00000053a4a00000,0x00000053a4b00000) (1024K)]
  0x00000233de0ce890 JavaThread "C2 CompilerThread2"         daemon [_thread_in_native, id=20812, stack(0x00000053a4b00000,0x00000053a4c00000) (1024K)]
Total: 50

Other Threads:
  0x00000233d41e4950 VMThread "VM Thread"                           [id=15428, stack(0x00000053a0d00000,0x00000053a0e00000) (1024K)]
  0x00000233d40dba00 WatcherThread "VM Periodic Task Thread"        [id=12044, stack(0x00000053a0c00000,0x00000053a0d00000) (1024K)]
  0x00000233f3d03930 WorkerThread "GC Thread#0"                     [id=29052, stack(0x00000053a0b00000,0x00000053a0c00000) (1024K)]
  0x00000233d673f780 WorkerThread "GC Thread#1"                     [id=33324, stack(0x00000053a1900000,0x00000053a1a00000) (1024K)]
  0x00000233d6c24240 WorkerThread "GC Thread#2"                     [id=29820, stack(0x00000053a1a00000,0x00000053a1b00000) (1024K)]
  0x00000233d6b79e20 WorkerThread "GC Thread#3"                     [id=31104, stack(0x00000053a1b00000,0x00000053a1c00000) (1024K)]
  0x00000233d6dcb290 WorkerThread "GC Thread#4"                     [id=2688, stack(0x00000053a1c00000,0x00000053a1d00000) (1024K)]
  0x00000233d6dcb640 WorkerThread "GC Thread#5"                     [id=28884, stack(0x00000053a1d00000,0x00000053a1e00000) (1024K)]
  0x00000233d6d73120 WorkerThread "GC Thread#6"                     [id=23512, stack(0x00000053a1e00000,0x00000053a1f00000) (1024K)]
  0x00000233d6ef3330 WorkerThread "GC Thread#7"                     [id=31004, stack(0x00000053a2000000,0x00000053a2100000) (1024K)]
  0x00000233db3ff1f0 WorkerThread "GC Thread#8"                     [id=9520, stack(0x00000053a2400000,0x00000053a2500000) (1024K)]
  0x00000233db3ff5a0 WorkerThread "GC Thread#9"                     [id=29760, stack(0x00000053a2500000,0x00000053a2600000) (1024K)]
Total: 12

Threads with active compile tasks:
C2 CompilerThread0  29016 9847       4       org.apache.maven.model.merge.ModelMerger::merge (15 bytes)
C1 CompilerThread0  29016 9881   !   3       java.net.Socket::getImpl (115 bytes)
C2 CompilerThread1  29016 9732       4       org.apache.maven.model.io.xpp3.MavenXpp3Reader::parseDependency (486 bytes)
C2 CompilerThread2  29016 9702       4       org.apache.maven.model.inheritance.DefaultInheritanceAssembler$InheritanceModelMerger::mergePluginContainer_Plugins (433 bytes)
Total: 4

VM state: not at safepoint (normal execution)

VM Mutex/Monitor currently owned by a thread: None

Heap address: 0x0000000080000000, size: 2048 MB, Compressed Oops mode: 32-bit

CDS archive(s) mapped at: [0x0000023393000000-0x0000023393c60000-0x0000023393c60000), size 12976128, SharedBaseAddress: 0x0000023393000000, ArchiveRelocationMode: 1.
Compressed class space mapped at: 0x0000023394000000-0x00000233d4000000, reserved size: 1073741824
Narrow klass base: 0x0000023393000000, Narrow klass shift: 0, Narrow klass range: 0x41000000

GC Precious Log:
 CardTable entry size: 512
 CPUs: 12 total, 12 available
 Memory: 7518M
 Large Page Support: Disabled
 NUMA Support: Disabled
 Compressed Oops: Enabled (32-bit)
 Alignments: Space 512K, Generation 512K, Heap 2M
 Heap Min Capacity: 100M
 Heap Initial Capacity: 100M
 Heap Max Capacity: 2G
 Pre-touch: Disabled
 Parallel Workers: 10

Heap:
 PSYoungGen      total 17920K, used 14338K [0x00000000d5580000, 0x00000000d6880000, 0x0000000100000000)
  eden space 16896K, 79% used [0x00000000d5580000,0x00000000d62a89b8,0x00000000d6600000)
  from space 1024K, 84% used [0x00000000d6780000,0x00000000d6858030,0x00000000d6880000)
  to   space 1024K, 0% used [0x00000000d6600000,0x00000000d6600000,0x00000000d6700000)
 ParOldGen       total 68608K, used 43123K [0x0000000080000000, 0x0000000084300000, 0x00000000d5580000)
  object space 68608K, 62% used [0x0000000080000000,0x0000000082a1cf90,0x0000000084300000)
 Metaspace       used 56744K, committed 58048K, reserved 1114112K
  class space    used 6203K, committed 6784K, reserved 1048576K

Card table byte_map: [0x00000233f3690000,0x00000233f3aa0000] _byte_map_base: 0x00000233f3290000

Marking Bits: (ParMarkBitMap*) 0x00007ffe97be1a90
 Begin Bits: [0x000002338f000000, 0x0000023391000000)
 End Bits:   [0x0000023391000000, 0x0000023393000000)

Polling page: 0x00000233f1a80000

Metaspace:

Usage:
  Non-class:     49.36 MB used.
      Class:      6.06 MB used.
       Both:     55.41 MB used.

Virtual space:
  Non-class space:       64.00 MB reserved,      50.06 MB ( 78%) committed,  1 nodes.
      Class space:        1.00 GB reserved,       6.62 MB ( <1%) committed,  1 nodes.
             Both:        1.06 GB reserved,      56.69 MB (  5%) committed. 

Chunk freelists:
   Non-Class:  13.84 MB
       Class:  9.29 MB
        Both:  23.13 MB

MaxMetaspaceSize: unlimited
CompressedClassSpaceSize: 1.00 GB
Initial GC threshold: 21.00 MB
Current GC threshold: 58.38 MB
CDS: on
 - commit_granule_bytes: 65536.
 - commit_granule_words: 8192.
 - virtual_space_node_default_size: 8388608.
 - enlarge_chunks_in_place: 1.
 - use_allocation_guard: 0.


Internal statistics:

num_allocs_failed_limit: 8.
num_arena_births: 934.
num_arena_deaths: 40.
num_vsnodes_births: 2.
num_vsnodes_deaths: 0.
num_space_committed: 907.
num_space_uncommitted: 0.
num_chunks_returned_to_freelist: 57.
num_chunks_taken_from_freelist: 3269.
num_chunk_merges: 16.
num_chunk_splits: 2010.
num_chunks_enlarged: 1192.
num_inconsistent_stats: 0.

CodeHeap 'non-profiled nmethods': size=120000Kb used=5085Kb max_used=5085Kb free=114914Kb
 bounds [0x0000023387ad0000, 0x0000023387fd0000, 0x000002338f000000]
CodeHeap 'profiled nmethods': size=120000Kb used=20451Kb max_used=20451Kb free=99548Kb
 bounds [0x0000023380000000, 0x0000023381400000, 0x0000023387530000]
CodeHeap 'non-nmethods': size=5760Kb used=1424Kb max_used=1493Kb free=4335Kb
 bounds [0x0000023387530000, 0x00000233877a0000, 0x0000023387ad0000]
 total_blobs=10053 nmethods=9330 adapters=629
 compilation: enabled
              stopped_count=0, restarted_count=0
 full_count=0

Compilation events (20 events):
Event: 25.724 Thread 0x00000233d5673200 9789   !   3       sun.security.ssl.SSLSocketInputRecord::readFully (75 bytes)
Event: 25.725 Thread 0x00000233d5673200 nmethod 9789 0x00000233813a4510 code [0x00000233813a4740, 0x00000233813a4dc8]
Event: 25.725 Thread 0x00000233d5673200 9788   !   3       sun.security.ssl.SSLSocketInputRecord::decodeInputRecord (949 bytes)
Event: 25.736 Thread 0x00000233d5673200 nmethod 9788 0x00000233813a5190 code [0x00000233813a5ac0, 0x00000233813aafa0]
Event: 25.739 Thread 0x00000233d5673200 9787   !   3       sun.security.ssl.SSLSocketInputRecord::decode (134 bytes)
Event: 25.740 Thread 0x00000233d5673200 nmethod 9787 0x00000233813ad110 code [0x00000233813ad340, 0x00000233813ad960]
Event: 25.740 Thread 0x00000233d5673200 9790       3       sun.security.ssl.SSLCipher$SSLReadCipher::atKeyLimit (18 bytes)
Event: 25.740 Thread 0x00000233d5673200 nmethod 9790 0x00000233813add10 code [0x00000233813adea0, 0x00000233813ae020]
Event: 25.740 Thread 0x00000233d5673200 9792       3       java.net.URI::<init> (51 bytes)
Event: 25.741 Thread 0x00000233d5673200 nmethod 9792 0x00000233813ae090 code [0x00000233813ae280, 0x00000233813ae6a0]
Event: 25.741 Thread 0x00000233d5673200 9791   !   3       java.io.BufferedWriter::flushBuffer (63 bytes)
Event: 25.743 Thread 0x00000233d5673200 nmethod 9791 0x00000233813ae890 code [0x00000233813aeba0, 0x00000233813afec0]
Event: 25.743 Thread 0x00000233d5673200 9794       3       org.apache.http.message.BasicTokenIterator::findTokenEnd (47 bytes)
Event: 25.745 Thread 0x00000233d5673200 nmethod 9794 0x00000233813b0610 code [0x00000233813b0960, 0x00000233813b1d18]
Event: 25.746 Thread 0x00000233d5673200 9793       3       org.apache.http.message.BasicTokenIterator::<init> (27 bytes)
Event: 25.749 Thread 0x00000233d5673200 nmethod 9793 0x00000233813b2510 code [0x00000233813b2760, 0x00000233813b3018]
Event: 25.749 Thread 0x00000233d5673200 9795       3       java.util.HashMap$HashMapSpliterator::getFence (53 bytes)
Event: 25.749 Thread 0x00000233d5673200 nmethod 9795 0x00000233813b3390 code [0x00000233813b3520, 0x00000233813b36c8]
Event: 25.750 Thread 0x00000233d5673200 9796       3       org.apache.http.util.CharArrayBuffer::expand (34 bytes)
Event: 25.750 Thread 0x00000233d5673200 nmethod 9796 0x00000233813b3790 code [0x00000233813b3940, 0x00000233813b3c68]

GC Heap History (20 events):
Event: 20.211 GC heap before
{Heap before GC invocations=27 (full 2):
 PSYoungGen      total 22016K, used 21728K [0x00000000d5580000, 0x00000000d6e00000, 0x0000000100000000)
  eden space 19968K, 100% used [0x00000000d5580000,0x00000000d6900000,0x00000000d6900000)
  from space 2048K, 85% used [0x00000000d6c00000,0x00000000d6db8010,0x00000000d6e00000)
  to   space 2560K, 0% used [0x00000000d6900000,0x00000000d6900000,0x00000000d6b80000)
 ParOldGen       total 68608K, used 32919K [0x0000000080000000, 0x0000000084300000, 0x00000000d5580000)
  object space 68608K, 47% used [0x0000000080000000,0x0000000082025db8,0x0000000084300000)
 Metaspace       used 53052K, committed 54272K, reserved 1114112K
  class space    used 5848K, committed 6336K, reserved 1048576K
}
Event: 20.217 GC heap after
{Heap after GC invocations=27 (full 2):
 PSYoungGen      total 21504K, used 1456K [0x00000000d5580000, 0x00000000d6d00000, 0x0000000100000000)
  eden space 19968K, 0% used [0x00000000d5580000,0x00000000d5580000,0x00000000d6900000)
  from space 1536K, 94% used [0x00000000d6900000,0x00000000d6a6c010,0x00000000d6a80000)
  to   space 2048K, 0% used [0x00000000d6b00000,0x00000000d6b00000,0x00000000d6d00000)
 ParOldGen       total 68608K, used 34562K [0x0000000080000000, 0x0000000084300000, 0x00000000d5580000)
  object space 68608K, 50% used [0x0000000080000000,0x00000000821c0a28,0x0000000084300000)
 Metaspace       used 53052K, committed 54272K, reserved 1114112K
  class space    used 5848K, committed 6336K, reserved 1048576K
}
Event: 20.970 GC heap before
{Heap before GC invocations=28 (full 2):
 PSYoungGen      total 21504K, used 21424K [0x00000000d5580000, 0x00000000d6d00000, 0x0000000100000000)
  eden space 19968K, 100% used [0x00000000d5580000,0x00000000d6900000,0x00000000d6900000)
  from space 1536K, 94% used [0x00000000d6900000,0x00000000d6a6c010,0x00000000d6a80000)
  to   space 2048K, 0% used [0x00000000d6b00000,0x00000000d6b00000,0x00000000d6d00000)
 ParOldGen       total 68608K, used 34562K [0x0000000080000000, 0x0000000084300000, 0x00000000d5580000)
  object space 68608K, 50% used [0x0000000080000000,0x00000000821c0a28,0x0000000084300000)
 Metaspace       used 54462K, committed 55744K, reserved 1114112K
  class space    used 6018K, committed 6528K, reserved 1048576K
}
Event: 20.973 GC heap after
{Heap after GC invocations=28 (full 2):
 PSYoungGen      total 19968K, used 2030K [0x00000000d5580000, 0x00000000d7100000, 0x0000000100000000)
  eden space 17920K, 0% used [0x00000000d5580000,0x00000000d5580000,0x00000000d6700000)
  from space 2048K, 99% used [0x00000000d6b00000,0x00000000d6cfbba8,0x00000000d6d00000)
  to   space 4096K, 0% used [0x00000000d6700000,0x00000000d6700000,0x00000000d6b00000)
 ParOldGen       total 68608K, used 36122K [0x0000000080000000, 0x0000000084300000, 0x00000000d5580000)
  object space 68608K, 52% used [0x0000000080000000,0x0000000082346a28,0x0000000084300000)
 Metaspace       used 54462K, committed 55744K, reserved 1114112K
  class space    used 6018K, committed 6528K, reserved 1048576K
}
Event: 22.790 GC heap before
{Heap before GC invocations=29 (full 2):
 PSYoungGen      total 19968K, used 19950K [0x00000000d5580000, 0x00000000d7100000, 0x0000000100000000)
  eden space 17920K, 100% used [0x00000000d5580000,0x00000000d6700000,0x00000000d6700000)
  from space 2048K, 99% used [0x00000000d6b00000,0x00000000d6cfbba8,0x00000000d6d00000)
  to   space 4096K, 0% used [0x00000000d6700000,0x00000000d6700000,0x00000000d6b00000)
 ParOldGen       total 68608K, used 36122K [0x0000000080000000, 0x0000000084300000, 0x00000000d5580000)
  object space 68608K, 52% used [0x0000000080000000,0x0000000082346a28,0x0000000084300000)
 Metaspace       used 55813K, committed 57088K, reserved 1114112K
  class space    used 6191K, committed 6720K, reserved 1048576K
}
Event: 22.794 GC heap after
{Heap after GC invocations=29 (full 2):
 PSYoungGen      total 19968K, used 1728K [0x00000000d5580000, 0x00000000d6c00000, 0x0000000100000000)
  eden space 17920K, 0% used [0x00000000d5580000,0x00000000d5580000,0x00000000d6700000)
  from space 2048K, 84% used [0x00000000d6700000,0x00000000d68b0000,0x00000000d6900000)
  to   space 2560K, 0% used [0x00000000d6980000,0x00000000d6980000,0x00000000d6c00000)
 ParOldGen       total 68608K, used 38120K [0x0000000080000000, 0x0000000084300000, 0x00000000d5580000)
  object space 68608K, 55% used [0x0000000080000000,0x000000008253a018,0x0000000084300000)
 Metaspace       used 55813K, committed 57088K, reserved 1114112K
  class space    used 6191K, committed 6720K, reserved 1048576K
}
Event: 23.300 GC heap before
{Heap before GC invocations=30 (full 2):
 PSYoungGen      total 19968K, used 19648K [0x00000000d5580000, 0x00000000d6c00000, 0x0000000100000000)
  eden space 17920K, 100% used [0x00000000d5580000,0x00000000d6700000,0x00000000d6700000)
  from space 2048K, 84% used [0x00000000d6700000,0x00000000d68b0000,0x00000000d6900000)
  to   space 2560K, 0% used [0x00000000d6980000,0x00000000d6980000,0x00000000d6c00000)
 ParOldGen       total 68608K, used 38120K [0x0000000080000000, 0x0000000084300000, 0x00000000d5580000)
  object space 68608K, 55% used [0x0000000080000000,0x000000008253a018,0x0000000084300000)
 Metaspace       used 55975K, committed 57280K, reserved 1114112K
  class space    used 6196K, committed 6784K, reserved 1048576K
}
Event: 23.305 GC heap after
{Heap after GC invocations=30 (full 2):
 PSYoungGen      total 19968K, used 1632K [0x00000000d5580000, 0x00000000d6b80000, 0x0000000100000000)
  eden space 17920K, 0% used [0x00000000d5580000,0x00000000d5580000,0x00000000d6700000)
  from space 2048K, 79% used [0x00000000d6980000,0x00000000d6b18000,0x00000000d6b80000)
  to   space 2048K, 0% used [0x00000000d6700000,0x00000000d6700000,0x00000000d6900000)
 ParOldGen       total 68608K, used 39228K [0x0000000080000000, 0x0000000084300000, 0x00000000d5580000)
  object space 68608K, 57% used [0x0000000080000000,0x000000008264f058,0x0000000084300000)
 Metaspace       used 55975K, committed 57280K, reserved 1114112K
  class space    used 6196K, committed 6784K, reserved 1048576K
}
Event: 24.073 GC heap before
{Heap before GC invocations=31 (full 2):
 PSYoungGen      total 19968K, used 19552K [0x00000000d5580000, 0x00000000d6b80000, 0x0000000100000000)
  eden space 17920K, 100% used [0x00000000d5580000,0x00000000d6700000,0x00000000d6700000)
  from space 2048K, 79% used [0x00000000d6980000,0x00000000d6b18000,0x00000000d6b80000)
  to   space 2048K, 0% used [0x00000000d6700000,0x00000000d6700000,0x00000000d6900000)
 ParOldGen       total 68608K, used 39228K [0x0000000080000000, 0x0000000084300000, 0x00000000d5580000)
  object space 68608K, 57% used [0x0000000080000000,0x000000008264f058,0x0000000084300000)
 Metaspace       used 56118K, committed 57408K, reserved 1114112K
  class space    used 6197K, committed 6784K, reserved 1048576K
}
Event: 24.076 GC heap after
{Heap after GC invocations=31 (full 2):
 PSYoungGen      total 18944K, used 736K [0x00000000d5580000, 0x00000000d6a00000, 0x0000000100000000)
  eden space 17920K, 0% used [0x00000000d5580000,0x00000000d5580000,0x00000000d6700000)
  from space 1024K, 71% used [0x00000000d6700000,0x00000000d67b8000,0x00000000d6800000)
  to   space 1536K, 0% used [0x00000000d6880000,0x00000000d6880000,0x00000000d6a00000)
 ParOldGen       total 68608K, used 40127K [0x0000000080000000, 0x0000000084300000, 0x00000000d5580000)
  object space 68608K, 58% used [0x0000000080000000,0x000000008272fd98,0x0000000084300000)
 Metaspace       used 56118K, committed 57408K, reserved 1114112K
  class space    used 6197K, committed 6784K, reserved 1048576K
}
Event: 24.341 GC heap before
{Heap before GC invocations=32 (full 2):
 PSYoungGen      total 18944K, used 18656K [0x00000000d5580000, 0x00000000d6a00000, 0x0000000100000000)
  eden space 17920K, 100% used [0x00000000d5580000,0x00000000d6700000,0x00000000d6700000)
  from space 1024K, 71% used [0x00000000d6700000,0x00000000d67b8000,0x00000000d6800000)
  to   space 1536K, 0% used [0x00000000d6880000,0x00000000d6880000,0x00000000d6a00000)
 ParOldGen       total 68608K, used 40127K [0x0000000080000000, 0x0000000084300000, 0x00000000d5580000)
  object space 68608K, 58% used [0x0000000080000000,0x000000008272fd98,0x0000000084300000)
 Metaspace       used 56209K, committed 57472K, reserved 1114112K
  class space    used 6198K, committed 6784K, reserved 1048576K
}
Event: 24.343 GC heap after
{Heap after GC invocations=32 (full 2):
 PSYoungGen      total 19456K, used 1248K [0x00000000d5580000, 0x00000000d6a00000, 0x0000000100000000)
  eden space 17920K, 0% used [0x00000000d5580000,0x00000000d5580000,0x00000000d6700000)
  from space 1536K, 81% used [0x00000000d6880000,0x00000000d69b8000,0x00000000d6a00000)
  to   space 1536K, 0% used [0x00000000d6700000,0x00000000d6700000,0x00000000d6880000)
 ParOldGen       total 68608K, used 40643K [0x0000000080000000, 0x0000000084300000, 0x00000000d5580000)
  object space 68608K, 59% used [0x0000000080000000,0x00000000827b0e38,0x0000000084300000)
 Metaspace       used 56209K, committed 57472K, reserved 1114112K
  class space    used 6198K, committed 6784K, reserved 1048576K
}
Event: 24.926 GC heap before
{Heap before GC invocations=33 (full 2):
 PSYoungGen      total 19456K, used 19168K [0x00000000d5580000, 0x00000000d6a00000, 0x0000000100000000)
  eden space 17920K, 100% used [0x00000000d5580000,0x00000000d6700000,0x00000000d6700000)
  from space 1536K, 81% used [0x00000000d6880000,0x00000000d69b8000,0x00000000d6a00000)
  to   space 1536K, 0% used [0x00000000d6700000,0x00000000d6700000,0x00000000d6880000)
 ParOldGen       total 68608K, used 40643K [0x0000000080000000, 0x0000000084300000, 0x00000000d5580000)
  object space 68608K, 59% used [0x0000000080000000,0x00000000827b0e38,0x0000000084300000)
 Metaspace       used 56366K, committed 57664K, reserved 1114112K
  class space    used 6201K, committed 6784K, reserved 1048576K
}
Event: 24.930 GC heap after
{Heap after GC invocations=33 (full 2):
 PSYoungGen      total 18944K, used 864K [0x00000000d5580000, 0x00000000d6900000, 0x0000000100000000)
  eden space 17920K, 0% used [0x00000000d5580000,0x00000000d5580000,0x00000000d6700000)
  from space 1024K, 84% used [0x00000000d6700000,0x00000000d67d8000,0x00000000d6800000)
  to   space 1024K, 0% used [0x00000000d6800000,0x00000000d6800000,0x00000000d6900000)
 ParOldGen       total 68608K, used 41395K [0x0000000080000000, 0x0000000084300000, 0x00000000d5580000)
  object space 68608K, 60% used [0x0000000080000000,0x000000008286ce38,0x0000000084300000)
 Metaspace       used 56366K, committed 57664K, reserved 1114112K
  class space    used 6201K, committed 6784K, reserved 1048576K
}
Event: 25.114 GC heap before
{Heap before GC invocations=34 (full 2):
 PSYoungGen      total 18944K, used 18784K [0x00000000d5580000, 0x00000000d6900000, 0x0000000100000000)
  eden space 17920K, 100% used [0x00000000d5580000,0x00000000d6700000,0x00000000d6700000)
  from space 1024K, 84% used [0x00000000d6700000,0x00000000d67d8000,0x00000000d6800000)
  to   space 1024K, 0% used [0x00000000d6800000,0x00000000d6800000,0x00000000d6900000)
 ParOldGen       total 68608K, used 41395K [0x0000000080000000, 0x0000000084300000, 0x00000000d5580000)
  object space 68608K, 60% used [0x0000000080000000,0x000000008286ce38,0x0000000084300000)
 Metaspace       used 56465K, committed 57728K, reserved 1114112K
  class space    used 6202K, committed 6784K, reserved 1048576K
}
Event: 25.117 GC heap after
{Heap after GC invocations=34 (full 2):
 PSYoungGen      total 17920K, used 1024K [0x00000000d5580000, 0x00000000d6b00000, 0x0000000100000000)
  eden space 16896K, 0% used [0x00000000d5580000,0x00000000d5580000,0x00000000d6600000)
  from space 1024K, 100% used [0x00000000d6800000,0x00000000d6900000,0x00000000d6900000)
  to   space 2048K, 0% used [0x00000000d6600000,0x00000000d6600000,0x00000000d6800000)
 ParOldGen       total 68608K, used 42019K [0x0000000080000000, 0x0000000084300000, 0x00000000d5580000)
  object space 68608K, 61% used [0x0000000080000000,0x0000000082908e38,0x0000000084300000)
 Metaspace       used 56465K, committed 57728K, reserved 1114112K
  class space    used 6202K, committed 6784K, reserved 1048576K
}
Event: 25.439 GC heap before
{Heap before GC invocations=35 (full 2):
 PSYoungGen      total 17920K, used 17920K [0x00000000d5580000, 0x00000000d6b00000, 0x0000000100000000)
  eden space 16896K, 100% used [0x00000000d5580000,0x00000000d6600000,0x00000000d6600000)
  from space 1024K, 100% used [0x00000000d6800000,0x00000000d6900000,0x00000000d6900000)
  to   space 2048K, 0% used [0x00000000d6600000,0x00000000d6600000,0x00000000d6800000)
 ParOldGen       total 68608K, used 42019K [0x0000000080000000, 0x0000000084300000, 0x00000000d5580000)
  object space 68608K, 61% used [0x0000000080000000,0x0000000082908e38,0x0000000084300000)
 Metaspace       used 56566K, committed 57856K, reserved 1114112K
  class space    used 6203K, committed 6784K, reserved 1048576K
}
Event: 25.441 GC heap after
{Heap after GC invocations=35 (full 2):
 PSYoungGen      total 17920K, used 896K [0x00000000d5580000, 0x00000000d6900000, 0x0000000100000000)
  eden space 16896K, 0% used [0x00000000d5580000,0x00000000d5580000,0x00000000d6600000)
  from space 1024K, 87% used [0x00000000d6600000,0x00000000d66e0000,0x00000000d6700000)
  to   space 1536K, 0% used [0x00000000d6780000,0x00000000d6780000,0x00000000d6900000)
 ParOldGen       total 68608K, used 42731K [0x0000000080000000, 0x0000000084300000, 0x00000000d5580000)
  object space 68608K, 62% used [0x0000000080000000,0x00000000829baf90,0x0000000084300000)
 Metaspace       used 56566K, committed 57856K, reserved 1114112K
  class space    used 6203K, committed 6784K, reserved 1048576K
}
Event: 25.746 GC heap before
{Heap before GC invocations=36 (full 2):
 PSYoungGen      total 17920K, used 17792K [0x00000000d5580000, 0x00000000d6900000, 0x0000000100000000)
  eden space 16896K, 100% used [0x00000000d5580000,0x00000000d6600000,0x00000000d6600000)
  from space 1024K, 87% used [0x00000000d6600000,0x00000000d66e0000,0x00000000d6700000)
  to   space 1536K, 0% used [0x00000000d6780000,0x00000000d6780000,0x00000000d6900000)
 ParOldGen       total 68608K, used 42731K [0x0000000080000000, 0x0000000084300000, 0x00000000d5580000)
  object space 68608K, 62% used [0x0000000080000000,0x00000000829baf90,0x0000000084300000)
 Metaspace       used 56683K, committed 57920K, reserved 1114112K
  class space    used 6203K, committed 6784K, reserved 1048576K
}
Event: 25.748 GC heap after
{Heap after GC invocations=36 (full 2):
 PSYoungGen      total 17920K, used 864K [0x00000000d5580000, 0x00000000d6880000, 0x0000000100000000)
  eden space 16896K, 0% used [0x00000000d5580000,0x00000000d5580000,0x00000000d6600000)
  from space 1024K, 84% used [0x00000000d6780000,0x00000000d6858030,0x00000000d6880000)
  to   space 1024K, 0% used [0x00000000d6600000,0x00000000d6600000,0x00000000d6700000)
 ParOldGen       total 68608K, used 43123K [0x0000000080000000, 0x0000000084300000, 0x00000000d5580000)
  object space 68608K, 62% used [0x0000000080000000,0x0000000082a1cf90,0x0000000084300000)
 Metaspace       used 56683K, committed 57920K, reserved 1114112K
  class space    used 6203K, committed 6784K, reserved 1048576K
}

Dll operation events (15 events):
Event: 0.021 Loaded shared library C:\Program Files\Java\jdk-22\bin\java.dll
Event: 0.065 Loaded shared library C:\Program Files\Java\jdk-22\bin\jsvml.dll
Event: 0.153 Loaded shared library C:\Program Files\Java\jdk-22\bin\zip.dll
Event: 0.178 Loaded shared library C:\Program Files\Java\jdk-22\bin\instrument.dll
Event: 0.188 Loaded shared library C:\Program Files\Java\jdk-22\bin\net.dll
Event: 0.192 Loaded shared library C:\Program Files\Java\jdk-22\bin\nio.dll
Event: 0.200 Loaded shared library C:\Program Files\Java\jdk-22\bin\zip.dll
Event: 0.232 Loaded shared library C:\Program Files\Java\jdk-22\bin\jimage.dll
Event: 0.370 Loaded shared library C:\Program Files\Java\jdk-22\bin\verify.dll
Event: 2.753 Loaded shared library C:\Users\shrav\AppData\Roaming\Code\User\globalStorage\redhat.java\1.54.0\config_win\org.eclipse.equinox.launcher\org.eclipse.equinox.launcher.win32.win32.x86_64_1.3.0.v20260203-2149\eclipse_11919.dll
Event: 8.634 Loaded shared library C:\Program Files\Java\jdk-22\bin\management.dll
Event: 8.638 Loaded shared library C:\Program Files\Java\jdk-22\bin\management_ext.dll
Event: 12.391 Loaded shared library C:\Users\shrav\AppData\Local\Temp\jna-109415858\jna8422437508975630088.dll
Event: 13.097 Loaded shared library C:\Program Files\Java\jdk-22\bin\sunmscapi.dll
Event: 13.258 Loaded shared library C:\Program Files\Java\jdk-22\bin\extnet.dll

Deoptimization events (20 events):
Event: 25.551 Thread 0x00000233ddc6ec60 DEOPT PACKING pc=0x00000233811e3422 sp=0x00000053a47fcce0
Event: 25.551 Thread 0x00000233ddc6ec60 DEOPT UNPACKING pc=0x0000023387584242 sp=0x00000053a47fc228 mode 0
Event: 25.600 Thread 0x00000233ddc6d8b0 DEOPT PACKING pc=0x00000233811e33e0 sp=0x00000053a49fd2b0
Event: 25.600 Thread 0x00000233ddc6d8b0 DEOPT UNPACKING pc=0x0000023387584242 sp=0x00000053a49fc7f8 mode 0
Event: 25.611 Thread 0x00000233ddc6f2f0 DEOPT PACKING pc=0x00000233811e3422 sp=0x00000053a48fd070
Event: 25.611 Thread 0x00000233ddc6f2f0 DEOPT UNPACKING pc=0x0000023387584242 sp=0x00000053a48fc5b8 mode 0
Event: 25.631 Thread 0x00000233ddc6d8b0 Uncommon trap: trap_request=0xffffff45 fr.pc=0x0000023387efea44 relative=0x00000000000000a4
Event: 25.631 Thread 0x00000233ddc6d8b0 Uncommon trap: reason=unstable_if action=reinterpret pc=0x0000023387efea44 method=org.eclipse.aether.artifact.DefaultArtifact.mergeArtifactProperties(Ljava/util/Map;Ljava/util/Map;)Ljava/util/Map; @ 1 c2
Event: 25.631 Thread 0x00000233ddc6d8b0 DEOPT PACKING pc=0x0000023387efea44 sp=0x00000053a49fecc0
Event: 25.631 Thread 0x00000233ddc6d8b0 DEOPT UNPACKING pc=0x0000023387583aa2 sp=0x00000053a49fec48 mode 2
Event: 25.644 Thread 0x00000233ddc6f2f0 Uncommon trap: trap_request=0xffffffde fr.pc=0x0000023387f55758 relative=0x00000000000004b8
Event: 25.644 Thread 0x00000233ddc6f2f0 Uncommon trap: reason=class_check action=maybe_recompile pc=0x0000023387f55758 method=org.apache.maven.model.merge.ModelMerger.merge(Ljava/util/List;Ljava/util/List;Lorg/apache/maven/model/merge/ModelMerger$KeyComputer;Lorg/apache/maven/model/merge/ModelM
Event: 25.644 Thread 0x00000233ddc6f2f0 DEOPT PACKING pc=0x0000023387f55758 sp=0x00000053a48fe340
Event: 25.644 Thread 0x00000233ddc6f2f0 DEOPT UNPACKING pc=0x0000023387583aa2 sp=0x00000053a48fe290 mode 2
Event: 25.706 Thread 0x00000233ddc6cb90 DEOPT PACKING pc=0x00000233811e3422 sp=0x00000053a2afd380
Event: 25.706 Thread 0x00000233ddc6cb90 DEOPT UNPACKING pc=0x0000023387584242 sp=0x00000053a2afc8c8 mode 0
Event: 25.745 Thread 0x00000233ddc6f2f0 DEOPT PACKING pc=0x00000233811e3422 sp=0x00000053a48fd520
Event: 25.745 Thread 0x00000233ddc6f2f0 DEOPT UNPACKING pc=0x0000023387584242 sp=0x00000053a48fca68 mode 0
Event: 25.780 Thread 0x00000233ddc6cb90 DEOPT PACKING pc=0x00000233811e3422 sp=0x00000053a2afcd10
Event: 25.780 Thread 0x00000233ddc6cb90 DEOPT UNPACKING pc=0x0000023387584242 sp=0x00000053a2afc258 mode 0

Classes loaded (20 events):
Event: 21.385 Loading class java/util/zip/GZIPInputStream$1
Event: 21.386 Loading class java/util/zip/GZIPInputStream$1 done
Event: 23.269 Loading class sun/security/ssl/PreSharedKeyExtension$PskIdentity
Event: 23.270 Loading class sun/security/ssl/PreSharedKeyExtension$PskIdentity done
Event: 23.271 Loading class sun/security/ssl/PreSharedKeyExtension$CHPreSharedKeySpec
Event: 23.271 Loading class sun/security/ssl/PreSharedKeyExtension$CHPreSharedKeySpec done
Event: 23.272 Loading class sun/security/ssl/PreSharedKeyExtension$PartialClientHelloMessage
Event: 23.272 Loading class sun/security/ssl/PreSharedKeyExtension$PartialClientHelloMessage done
Event: 23.272 Loading class sun/security/ssl/SSLEngineOutputRecord
Event: 23.273 Loading class sun/security/ssl/SSLEngineOutputRecord done
Event: 23.273 Loading class sun/security/ssl/SSLEngineOutputRecord$HandshakeFragment
Event: 23.274 Loading class sun/security/ssl/SSLEngineOutputRecord$HandshakeFragment done
Event: 23.274 Loading class sun/security/ssl/SSLEngineOutputRecord$HandshakeMemo
Event: 23.274 Loading class sun/security/ssl/SSLEngineOutputRecord$RecordMemo
Event: 23.274 Loading class sun/security/ssl/SSLEngineOutputRecord$RecordMemo done
Event: 23.274 Loading class sun/security/ssl/SSLEngineOutputRecord$HandshakeMemo done
Event: 23.349 Loading class sun/security/ssl/PreSharedKeyExtension$SHPreSharedKeySpec
Event: 23.349 Loading class sun/security/ssl/PreSharedKeyExtension$SHPreSharedKeySpec done
Event: 24.644 Loading class java/lang/invoke/MethodHandleImpl$CountingWrapper$1
Event: 24.646 Loading class java/lang/invoke/MethodHandleImpl$CountingWrapper$1 done

Classes unloaded (20 events):
Event: 9.811 Thread 0x00000233d41e4950 Unloading class 0x00000233941ad400 'java/lang/invoke/LambdaForm$MH+0x00000233941ad400'
Event: 9.811 Thread 0x00000233d41e4950 Unloading class 0x00000233941ad000 'java/lang/invoke/LambdaForm$MH+0x00000233941ad000'
Event: 9.811 Thread 0x00000233d41e4950 Unloading class 0x00000233941acc00 'java/lang/invoke/LambdaForm$MH+0x00000233941acc00'
Event: 9.811 Thread 0x00000233d41e4950 Unloading class 0x00000233941ac800 'java/lang/invoke/LambdaForm$MH+0x00000233941ac800'
Event: 9.811 Thread 0x00000233d41e4950 Unloading class 0x00000233941ac400 'java/lang/invoke/LambdaForm$BMH+0x00000233941ac400'
Event: 9.811 Thread 0x00000233d41e4950 Unloading class 0x00000233941ac000 'java/lang/invoke/LambdaForm$DMH+0x00000233941ac000'
Event: 9.811 Thread 0x00000233d41e4950 Unloading class 0x00000233941aac00 'java/lang/invoke/LambdaForm$DMH+0x00000233941aac00'
Event: 12.839 Thread 0x00000233d41e4950 Unloading class 0x00000233942f6800 'java/lang/invoke/LambdaForm$MH+0x00000233942f6800'
Event: 12.839 Thread 0x00000233d41e4950 Unloading class 0x00000233942f5c00 'java/lang/invoke/LambdaForm$MH+0x00000233942f5c00'
Event: 12.839 Thread 0x00000233d41e4950 Unloading class 0x00000233942f5400 'java/lang/invoke/LambdaForm$MH+0x00000233942f5400'
Event: 12.839 Thread 0x00000233d41e4950 Unloading class 0x00000233942f4c00 'java/lang/invoke/LambdaForm$MH+0x00000233942f4c00'
Event: 12.839 Thread 0x00000233d41e4950 Unloading class 0x00000233942f4800 'java/lang/invoke/LambdaForm$DMH+0x00000233942f4800'
Event: 12.839 Thread 0x00000233d41e4950 Unloading class 0x00000233942f0400 'java/lang/invoke/LambdaForm$MH+0x00000233942f0400'
Event: 12.839 Thread 0x00000233d41e4950 Unloading class 0x00000233942ef000 'java/lang/invoke/LambdaForm$MH+0x00000233942ef000'
Event: 12.839 Thread 0x00000233d41e4950 Unloading class 0x00000233942eec00 'java/lang/invoke/LambdaForm$MH+0x00000233942eec00'
Event: 12.839 Thread 0x00000233d41e4950 Unloading class 0x00000233942ee000 'java/lang/invoke/LambdaForm$MH+0x00000233942ee000'
Event: 12.839 Thread 0x00000233d41e4950 Unloading class 0x00000233942ed800 'java/lang/invoke/LambdaForm$MH+0x00000233942ed800'
Event: 12.839 Thread 0x00000233d41e4950 Unloading class 0x00000233942ed000 'java/lang/invoke/LambdaForm$MH+0x00000233942ed000'
Event: 12.839 Thread 0x00000233d41e4950 Unloading class 0x00000233942ecc00 'java/lang/invoke/LambdaForm$MH+0x00000233942ecc00'
Event: 12.839 Thread 0x00000233d41e4950 Unloading class 0x00000233942ec400 'java/lang/invoke/LambdaForm$DMH+0x00000233942ec400'

Classes redefined (0 events):
No events

Internal exceptions (20 events):
Event: 25.718 Thread 0x00000233ddc6cb90 Exception <a 'sun/nio/fs/WindowsException'{0x00000000d6473a40}> (0x00000000d6473a40) 
thrown [s\open\src\hotspot\share\prims\jni.cpp, line 520]
Event: 25.724 Thread 0x00000233ddc6d220 Exception <a 'sun/nio/fs/WindowsException'{0x00000000d64cee00}> (0x00000000d64cee00) 
thrown [s\open\src\hotspot\share\prims\jni.cpp, line 520]
Event: 25.726 Thread 0x00000233ddc6cb90 Exception <a 'sun/nio/fs/WindowsException'{0x00000000d64bbe80}> (0x00000000d64bbe80) 
thrown [s\open\src\hotspot\share\prims\jni.cpp, line 520]
Event: 25.729 Thread 0x00000233ddc6cb90 Exception <a 'sun/nio/fs/WindowsException'{0x00000000d64e79e0}> (0x00000000d64e79e0) 
thrown [s\open\src\hotspot\share\prims\jni.cpp, line 520]
Event: 25.732 Thread 0x00000233ddc6d220 Exception <a 'sun/nio/fs/WindowsException'{0x00000000d64e1848}> (0x00000000d64e1848) 
thrown [s\open\src\hotspot\share\prims\jni.cpp, line 520]
Event: 25.734 Thread 0x00000233ddc6d220 Exception <a 'sun/nio/fs/WindowsException'{0x00000000d64fa120}> (0x00000000d64fa120) 
thrown [s\open\src\hotspot\share\prims\jni.cpp, line 520]
Event: 25.737 Thread 0x00000233ddc6cb90 Exception <a 'sun/nio/fs/WindowsException'{0x00000000d652c7e0}> (0x00000000d652c7e0) 
thrown [s\open\src\hotspot\share\prims\jni.cpp, line 520]
Event: 25.737 Thread 0x00000233ddc6cb90 Exception <a 'sun/nio/fs/WindowsException'{0x00000000d652cc00}> (0x00000000d652cc00) 
thrown [s\open\src\hotspot\share\prims\jni.cpp, line 520]
Event: 25.739 Thread 0x00000233ddc6cb90 Exception <a 'sun/nio/fs/WindowsException'{0x00000000d654bec0}> (0x00000000d654bec0) 
thrown [s\open\src\hotspot\share\prims\jni.cpp, line 520]
Event: 25.739 Thread 0x00000233ddc6cb90 Exception <a 'sun/nio/fs/WindowsException'{0x00000000d654c5d8}> (0x00000000d654c5d8) 
thrown [s\open\src\hotspot\share\prims\jni.cpp, line 520]
Event: 25.742 Thread 0x00000233ddc6d220 Exception <a 'sun/nio/fs/WindowsException'{0x00000000d65a0aa0}> (0x00000000d65a0aa0) 
thrown [s\open\src\hotspot\share\prims\jni.cpp, line 520]
Event: 25.743 Thread 0x00000233ddc6d220 Exception <a 'sun/nio/fs/WindowsException'{0x00000000d65a0e00}> (0x00000000d65a0e00) 
thrown [s\open\src\hotspot\share\prims\jni.cpp, line 520]
Event: 25.743 Thread 0x00000233ddc6ec60 Exception <a 'sun/nio/fs/WindowsException'{0x00000000d65b8ac8}> (0x00000000d65b8ac8) 
thrown [s\open\src\hotspot\share\prims\jni.cpp, line 520]
Event: 25.743 Thread 0x00000233ddc6f2f0 Exception <a 'sun/nio/fs/WindowsException'{0x00000000d6427440}> (0x00000000d6427440) 
thrown [s\open\src\hotspot\share\prims\jni.cpp, line 520]
Event: 25.744 Thread 0x00000233ddc6d220 Exception <a 'sun/nio/fs/WindowsException'{0x00000000d65ab270}> (0x00000000d65ab270) 
thrown [s\open\src\hotspot\share\prims\jni.cpp, line 520]
Event: 25.745 Thread 0x00000233ddc6d220 Exception <a 'sun/nio/fs/WindowsException'{0x00000000d65ab698}> (0x00000000d65ab698) 
thrown [s\open\src\hotspot\share\prims\jni.cpp, line 520]
Event: 25.745 Thread 0x00000233ddc6d220 Exception <a 'sun/nio/fs/WindowsException'{0x00000000d65abaa0}> (0x00000000d65abaa0) 
thrown [s\open\src\hotspot\share\prims\jni.cpp, line 520]
Event: 25.750 Thread 0x00000233ddc6d8b0 Exception <a 'sun/nio/fs/WindowsException'{0x00000000d55d5890}> (0x00000000d55d5890) 
thrown [s\open\src\hotspot\share\prims\jni.cpp, line 520]
Event: 25.782 Thread 0x00000233ddc6cb90 Exception <a 'sun/nio/fs/WindowsException'{0x00000000d5608b40}> (0x00000000d5608b40) 
thrown [s\open\src\hotspot\share\prims\jni.cpp, line 520]
Event: 25.787 Thread 0x00000233ddc6d220 Exception <a 'sun/nio/fs/WindowsException'{0x00000000d5633f00}> (0x00000000d5633f00) 
thrown [s\open\src\hotspot\share\prims\jni.cpp, line 520]

ZGC Phase Switch (0 events):
No events

VM Operations (20 events):
Event: 21.382 Executing VM operation: HandshakeAllThreads (Deoptimize)
Event: 21.382 Executing VM operation: HandshakeAllThreads (Deoptimize) done
Event: 21.808 Executing VM operation: ParallelGCFailedAllocation (Allocation Failure)
Event: 22.794 Executing VM operation: ParallelGCFailedAllocation (Allocation Failure) done
Event: 23.300 Executing VM operation: ParallelGCFailedAllocation (Allocation Failure)
Event: 23.305 Executing VM operation: ParallelGCFailedAllocation (Allocation Failure) done
Event: 24.073 Executing VM operation: ParallelGCFailedAllocation (Allocation Failure)
Event: 24.076 Executing VM operation: ParallelGCFailedAllocation (Allocation Failure) done
Event: 24.341 Executing VM operation: ParallelGCFailedAllocation (Allocation Failure)
Event: 24.343 Executing VM operation: ParallelGCFailedAllocation (Allocation Failure) done
Event: 24.926 Executing VM operation: ParallelGCFailedAllocation (Allocation Failure)
Event: 24.930 Executing VM operation: ParallelGCFailedAllocation (Allocation Failure) done
Event: 25.114 Executing VM operation: ParallelGCFailedAllocation (Allocation Failure)
Event: 25.117 Executing VM operation: ParallelGCFailedAllocation (Allocation Failure) done
Event: 25.439 Executing VM operation: ParallelGCFailedAllocation (Allocation Failure)
Event: 25.441 Executing VM operation: ParallelGCFailedAllocation (Allocation Failure) done
Event: 25.746 Executing VM operation: ParallelGCFailedAllocation (Allocation Failure)
Event: 25.748 Executing VM operation: ParallelGCFailedAllocation (Allocation Failure) done
Event: 26.760 Executing VM operation: Cleanup
Event: 26.760 Executing VM operation: Cleanup done

Memory protections (0 events):
No events

Nmethod flushes (20 events):
Event: 12.852 Thread 0x00000233d41e4950 flushing  nmethod 0x00000233805d5490
Event: 12.852 Thread 0x00000233d41e4950 flushing  nmethod 0x00000233805fc010
Event: 12.852 Thread 0x00000233d41e4950 flushing  nmethod 0x0000023380601b10
Event: 12.852 Thread 0x00000233d41e4950 flushing  nmethod 0x0000023380601f10
Event: 12.852 Thread 0x00000233d41e4950 flushing  nmethod 0x0000023380602810
Event: 12.852 Thread 0x00000233d41e4950 flushing  nmethod 0x0000023380603a10
Event: 12.852 Thread 0x00000233d41e4950 flushing  nmethod 0x0000023380604210
Event: 12.852 Thread 0x00000233d41e4950 flushing  nmethod 0x0000023380605e90
Event: 12.852 Thread 0x00000233d41e4950 flushing  nmethod 0x0000023380608810
Event: 12.852 Thread 0x00000233d41e4950 flushing  nmethod 0x0000023380609210
Event: 12.852 Thread 0x00000233d41e4950 flushing  nmethod 0x0000023380613b10
Event: 12.852 Thread 0x00000233d41e4950 flushing  nmethod 0x0000023380653310
Event: 12.852 Thread 0x00000233d41e4950 flushing  nmethod 0x0000023380663690
Event: 12.852 Thread 0x00000233d41e4950 flushing  nmethod 0x0000023380692c10
Event: 12.852 Thread 0x00000233d41e4950 flushing  nmethod 0x0000023380699d10
Event: 12.852 Thread 0x00000233d41e4950 flushing  nmethod 0x00000233806ab510
Event: 12.852 Thread 0x00000233d41e4950 flushing  nmethod 0x00000233806bf890
Event: 12.852 Thread 0x00000233d41e4950 flushing  nmethod 0x00000233806c2210
Event: 12.852 Thread 0x00000233d41e4950 flushing  nmethod 0x00000233806c2690
Event: 12.852 Thread 0x00000233d41e4950 flushing  nmethod 0x0000023380710910

Events (20 events):
Event: 16.020 Thread 0x00000233db7da050 Thread added: 0x00000233ddc69080
Event: 18.544 Thread 0x00000233db850050 Thread exited: 0x00000233db850050
Event: 20.040 Thread 0x00000233db7da050 Thread added: 0x00000233ddc6df40
Event: 20.040 Thread 0x00000233db7da050 Thread added: 0x00000233ddc6cb90
Event: 20.040 Thread 0x00000233db7da050 Thread added: 0x00000233ddc6d220
Event: 20.041 Thread 0x00000233db7da050 Thread added: 0x00000233ddc6f2f0
Event: 20.041 Thread 0x00000233db7da050 Thread added: 0x00000233ddc6d8b0
Event: 20.204 Thread 0x00000233ddc6df40 Thread exited: 0x00000233ddc6df40
Event: 20.204 Thread 0x00000233ddc6d220 Thread exited: 0x00000233ddc6d220
Event: 20.205 Thread 0x00000233ddc6d8b0 Thread exited: 0x00000233ddc6d8b0
Event: 20.205 Thread 0x00000233ddc6cb90 Thread exited: 0x00000233ddc6cb90
Event: 20.205 Thread 0x00000233ddc6f2f0 Thread exited: 0x00000233ddc6f2f0
Event: 20.787 Thread 0x00000233db7da050 Thread added: 0x00000233ddc6cb90
Event: 20.788 Thread 0x00000233db7da050 Thread added: 0x00000233ddc6d220
Event: 20.788 Thread 0x00000233db7da050 Thread added: 0x00000233ddc6ec60
Event: 20.861 Thread 0x00000233db7da050 Thread added: 0x00000233ddc6f2f0
Event: 20.861 Thread 0x00000233db7da050 Thread added: 0x00000233ddc6d8b0
Event: 22.794 Thread 0x00000233d5673200 Thread added: 0x00000233de0d0aa0
Event: 22.795 Thread 0x00000233d5673200 Thread added: 0x00000233de0ce890
Event: 24.426 Thread 0x00000233ddc6c500 Thread exited: 0x00000233ddc6c500


Dynamic libraries:
0x00007ff736810000 - 0x00007ff736820000 	C:\Program Files\Java\jdk-22\bin\java.exe
0x00007fff88fe0000 - 0x00007fff89247000 	C:\WINDOWS\SYSTEM32\ntdll.dll
0x00007fff875b0000 - 0x00007fff87679000 	C:\WINDOWS\System32\KERNEL32.DLL
0x00007fff86510000 - 0x00007fff86907000 	C:\WINDOWS\System32\KERNELBASE.dll
0x00007fff86280000 - 0x00007fff863cb000 	C:\WINDOWS\System32\ucrtbase.dll
0x00007fff78040000 - 0x00007fff78057000 	C:\Program Files\Java\jdk-22\bin\jli.dll
0x00007fff78170000 - 0x00007fff7818b000 	C:\Program Files\Java\jdk-22\bin\VCRUNTIME140.dll
0x00007fff6a770000 - 0x00007fff6aa02000 	C:\WINDOWS\WinSxS\amd64_microsoft.windows.common-controls_6595b64144ccf1df_6.0.26100.8457_none_3e0b2faee331e92d\COMCTL32.dll
0x00007fff88000000 - 0x00007fff881c6000 	C:\WINDOWS\System32\USER32.dll
0x00007fff879e0000 - 0x00007fff87a89000 	C:\WINDOWS\System32\msvcrt.dll
0x00007fff86d30000 - 0x00007fff86d57000 	C:\WINDOWS\System32\win32u.dll
0x00007fff879b0000 - 0x00007fff879db000 	C:\WINDOWS\System32\GDI32.dll
0x00007fff86b40000 - 0x00007fff86c6c000 	C:\WINDOWS\System32\gdi32full.dll
0x00007fff863d0000 - 0x00007fff86473000 	C:\WINDOWS\System32\msvcp_win.dll
0x00007fff87500000 - 0x00007fff87532000 	C:\WINDOWS\System32\IMM32.DLL
0x00007fff81220000 - 0x00007fff8122c000 	C:\Program Files\Java\jdk-22\bin\vcruntime140_1.dll
0x00007fff3ccf0000 - 0x00007fff3cd7e000 	C:\Program Files\Java\jdk-22\bin\msvcp140.dll
0x00007ffe96f70000 - 0x00007ffe97cb9000 	C:\Program Files\Java\jdk-22\bin\server\jvm.dll
0x00007fff88ee0000 - 0x00007fff88f96000 	C:\WINDOWS\System32\ADVAPI32.dll
0x00007fff88240000 - 0x00007fff882e7000 	C:\WINDOWS\System32\sechost.dll
0x00007fff88b90000 - 0x00007fff88ca8000 	C:\WINDOWS\System32\RPCRT4.dll
0x00007fff87680000 - 0x00007fff87700000 	C:\WINDOWS\System32\WS2_32.dll
0x00007fff85890000 - 0x00007fff858ee000 	C:\WINDOWS\SYSTEM32\POWRPROF.dll
0x00007fff7e740000 - 0x00007fff7e74b000 	C:\WINDOWS\SYSTEM32\VERSION.dll
0x00007fff7e700000 - 0x00007fff7e736000 	C:\WINDOWS\SYSTEM32\WINMM.dll
0x00007fff85850000 - 0x00007fff85864000 	C:\WINDOWS\SYSTEM32\UMPDC.dll
0x00007fff847a0000 - 0x00007fff847bb000 	C:\WINDOWS\SYSTEM32\kernel.appcore.dll
0x00007fff7e9d0000 - 0x00007fff7e9da000 	C:\Program Files\Java\jdk-22\bin\jimage.dll
0x00007fff79f60000 - 0x00007fff7a1a2000 	C:\WINDOWS\SYSTEM32\DBGHELP.DLL
0x00007fff87b70000 - 0x00007fff87ef3000 	C:\WINDOWS\System32\combase.dll
0x00007fff88aa0000 - 0x00007fff88b79000 	C:\WINDOWS\System32\OLEAUT32.dll
0x00007fff697f0000 - 0x00007fff6982b000 	C:\WINDOWS\SYSTEM32\dbgcore.DLL
0x00007fff86910000 - 0x00007fff869b8000 	C:\WINDOWS\System32\bcryptPrimitives.dll
0x00007fff79a10000 - 0x00007fff79a1f000 	C:\Program Files\Java\jdk-22\bin\instrument.dll
0x00007fff75380000 - 0x00007fff7539e000 	C:\Program Files\Java\jdk-22\bin\java.dll
0x00007fff88320000 - 0x00007fff88a8e000 	C:\WINDOWS\System32\SHELL32.dll
0x00007fff87710000 - 0x00007fff878a7000 	C:\WINDOWS\System32\ole32.dll
0x00007fff85a10000 - 0x00007fff8627c000 	C:\WINDOWS\System32\windows.storage.dll
0x00007fff87f00000 - 0x00007fff87ff6000 	C:\WINDOWS\System32\SHCORE.dll
0x00007fff87540000 - 0x00007fff875a6000 	C:\WINDOWS\System32\shlwapi.dll
0x00007fff85930000 - 0x00007fff85959000 	C:\WINDOWS\SYSTEM32\profapi.dll
0x00007fff33d00000 - 0x00007fff33dd7000 	C:\Program Files\Java\jdk-22\bin\jsvml.dll
0x00007fff752e0000 - 0x00007fff752f7000 	C:\Program Files\Java\jdk-22\bin\zip.dll
0x00007fff78140000 - 0x00007fff78150000 	C:\Program Files\Java\jdk-22\bin\net.dll
0x00007fff84d10000 - 0x00007fff84d7c000 	C:\WINDOWS\system32\mswsock.dll
0x00007fff6f0f0000 - 0x00007fff6f106000 	C:\Program Files\Java\jdk-22\bin\nio.dll
0x00007fff76d50000 - 0x00007fff76d60000 	C:\Program Files\Java\jdk-22\bin\verify.dll
0x00007fff54730000 - 0x00007fff54775000 	C:\Users\shrav\AppData\Roaming\Code\User\globalStorage\redhat.java\1.54.0\config_win\org.eclipse.equinox.launcher\org.eclipse.equinox.launcher.win32.win32.x86_64_1.3.0.v20260203-2149\eclipse_11919.dll
0x00007fff5d470000 - 0x00007fff5d47a000 	C:\Program Files\Java\jdk-22\bin\management.dll
0x00007fff5caa0000 - 0x00007fff5caab000 	C:\Program Files\Java\jdk-22\bin\management_ext.dll
0x00007fff882f0000 - 0x00007fff882f8000 	C:\WINDOWS\System32\PSAPI.DLL
0x00007fff84ff0000 - 0x00007fff8500b000 	C:\WINDOWS\SYSTEM32\CRYPTSP.dll
0x00007fff84700000 - 0x00007fff84739000 	C:\WINDOWS\system32\rsaenh.dll
0x00007fff84dc0000 - 0x00007fff84df3000 	C:\WINDOWS\SYSTEM32\USERENV.dll
0x00007fff85900000 - 0x00007fff8592a000 	C:\WINDOWS\SYSTEM32\bcrypt.dll
0x00007fff85010000 - 0x00007fff8501c000 	C:\WINDOWS\SYSTEM32\CRYPTBASE.dll
0x00007fff841c0000 - 0x00007fff841f2000 	C:\WINDOWS\SYSTEM32\IPHLPAPI.DLL
0x00007fff88b80000 - 0x00007fff88b8a000 	C:\WINDOWS\System32\NSI.dll
0x00007fff6cd60000 - 0x00007fff6cda9000 	C:\Users\shrav\AppData\Local\Temp\jna-109415858\jna8422437508975630088.dll
0x00007fff7ffc0000 - 0x00007fff800e9000 	C:\WINDOWS\SYSTEM32\winhttp.dll
0x00007fff80680000 - 0x00007fff8069d000 	C:\WINDOWS\SYSTEM32\dhcpcsvc6.DLL
0x00007fff80370000 - 0x00007fff80395000 	C:\WINDOWS\SYSTEM32\dhcpcsvc.DLL
0x00007fff5d480000 - 0x00007fff5d48e000 	C:\Program Files\Java\jdk-22\bin\sunmscapi.dll
0x00007fff869c0000 - 0x00007fff86b38000 	C:\WINDOWS\System32\CRYPT32.dll
0x00007fff85210000 - 0x00007fff85240000 	C:\WINDOWS\SYSTEM32\ncrypt.dll
0x00007fff851c0000 - 0x00007fff851ff000 	C:\WINDOWS\SYSTEM32\NTASN1.dll
0x00007fff84260000 - 0x00007fff84392000 	C:\WINDOWS\SYSTEM32\DNSAPI.dll
0x00007fff7e910000 - 0x00007fff7e91b000 	C:\Windows\System32\rasadhlp.dll
0x00007fff80970000 - 0x00007fff809f6000 	C:\WINDOWS\System32\fwpuclnt.dll
0x00007fff5ca90000 - 0x00007fff5ca99000 	C:\Program Files\Java\jdk-22\bin\extnet.dll

dbghelp: loaded successfully - version: 4.0.5 - missing functions: none
symbol engine: initialized successfully - sym options: 0x614 - pdb path: .;C:\Program Files\Java\jdk-22\bin;C:\WINDOWS\SYSTEM32;C:\WINDOWS\WinSxS\amd64_microsoft.windows.common-controls_6595b64144ccf1df_6.0.26100.8457_none_3e0b2faee331e92d;C:\Program Files\Java\jdk-22\bin\server;C:\Users\shrav\AppData\Roaming\Code\User\globalStorage\redhat.java\1.54.0\config_win\org.eclipse.equinox.launcher\org.eclipse.equinox.launcher.win32.win32.x86_64_1.3.0.v20260203-2149;C:\Users\shrav\AppData\Local\Temp\jna-109415858

VM Arguments:
jvm_args: --add-modules=ALL-SYSTEM --add-opens=java.base/java.util=ALL-UNNAMED --add-opens=java.base/java.lang=ALL-UNNAMED --add-opens=java.base/sun.nio.fs=ALL-UNNAMED -Declipse.application=org.eclipse.jdt.ls.core.id1 -Dosgi.bundles.defaultStartLevel=4 -Declipse.product=org.eclipse.jdt.ls.core.product -Djava.import.generatesMetadataFilesAtProjectRoot=false -DDetectVMInstallationsJob.disabled=true -Dfile.encoding=utf8 -XX:+UseParallelGC -XX:GCTimeRatio=4 -XX:AdaptiveSizePolicyWeight=90 -Dsun.zip.disableMemoryMapping=true -Xmx2G -Xms100m -Xlog:disable -javaagent:c:\Users\shrav\.vscode\extensions\redhat.java-1.54.0-win32-x64\lombok\lombok-1.18.39-4050.jar -XX:+HeapDumpOnOutOfMemoryError -XX:HeapDumpPath=c:\Users\shrav\AppData\Roaming\Code\User\workspaceStorage\8c146ec206b80605d5f3eaebc9643368\redhat.java -Daether.dependencyCollector.impl=bf 
java_command: c:\Users\shrav\.vscode\extensions\redhat.java-1.54.0-win32-x64\server\plugins\org.eclipse.equinox.launcher_1.7.100.v20251111-0406.jar -configuration c:\Users\shrav\AppData\Roaming\Code\User\globalStorage\redhat.java\1.54.0\config_win -data c:\Users\shrav\AppData\Roaming\Code\User\workspaceStorage\8c146ec206b80605d5f3eaebc9643368\redhat.java\jdt_ws --pipe=\\.\pipe\lsp-e04176413c1dc939e4cd409b09638302-sock
java_class_path (initial): c:\Users\shrav\.vscode\extensions\redhat.java-1.54.0-win32-x64\server\plugins\org.eclipse.equinox.launcher_1.7.100.v20251111-0406.jar
Launcher Type: SUN_STANDARD

[Global flags]
     uint AdaptiveSizePolicyWeight                 = 90                                        {product} {command line}
     intx CICompilerCount                          = 4                                         {product} {ergonomic}
     uint GCTimeRatio                              = 4                                         {product} {command line}
     bool HeapDumpOnOutOfMemoryError               = true                                   {manageable} {command line}
    ccstr HeapDumpPath                             = c:\Users\shrav\AppData\Roaming\Code\User\workspaceStorage\8c146ec206b80605d5f3eaebc9643368\redhat.java         {manageable} {command line}
   size_t InitialHeapSize                          = 104857600                                 {product} {command line}
   size_t MaxHeapSize                              = 2147483648                                {product} {command line}
   size_t MaxNewSize                               = 715653120                                 {product} {ergonomic}
   size_t MinHeapDeltaBytes                        = 524288                                    {product} {ergonomic}
   size_t MinHeapSize                              = 104857600                                 {product} {command line}
   size_t NewSize                                  = 34603008                                  {product} {ergonomic}
    uintx NonNMethodCodeHeapSize                   = 5839372                                {pd product} {ergonomic}
    uintx NonProfiledCodeHeapSize                  = 122909434                              {pd product} {ergonomic}
   size_t OldSize                                  = 70254592                                  {product} {ergonomic}
    uintx ProfiledCodeHeapSize                     = 122909434                              {pd product} {ergonomic}
    uintx ReservedCodeCacheSize                    = 251658240                              {pd product} {ergonomic}
     bool SegmentedCodeCache                       = true                                      {product} {ergonomic}
   size_t SoftMaxHeapSize                          = 2147483648                             {manageable} {ergonomic}
     bool UseCompressedOops                        = true                           {product lp64_product} {ergonomic}
     bool UseLargePagesIndividualAllocation        = false                                  {pd product} {ergonomic}
     bool UseParallelGC                            = true                                      {product} {command line}

Logging:
Log output configuration:
 #0: stdout all=off uptime,level,tags foldmultilines=false
 #1: stderr all=off uptime,level,tags foldmultilines=false

Environment Variables:
PATH=C:\oracle\product\21c\db_home1\bin;C:\Program Files\Common Files\Oracle\Java\javapath;C:\WINDOWS\system32;C:\WINDOWS;C:\WINDOWS\System32\Wbem;C:\WINDOWS\System32\WindowsPowerShell\v1.0\;C:\WINDOWS\System32\OpenSSH\;C:\MinGW\bin;C:\Program Files\Git\cmd;C:\Program Files\Git\mingw64\bin;C:\Program Files\Git\usr\bin;C:\Program Files\nodejs\;C:\Users\shrav\Downloads\mongodb-windows-x86_64-8.2.4-signed.msi;C:\Program Files\MongoDB\Server\8.2\bin;C:\Program Files\MySQL\MySQL Shell 8.0\bin\;C:\Users\shrav\AppData\Local\Programs\Python\Python310\Scripts\;C:\Users\shrav\AppData\Local\Programs\Python\Python310\;C:\Users\shrav\.local\bin;C:\Users\shrav\AppData\Local\Microsoft\WindowsApps;C:\Users\shrav\AppData\Local\Programs\Microsoft VS Code\bin;C:\Users\shrav\AppData\Local\GitHubDesktop\bin;C:\Users\shrav\AppData\Roaming\npm;C:\Program Files\mongosh\;C:\Users\shrav\AppData\Local\Python\bin;C:\Users\shrav\Downloads\python-3.10.8-amd64.exe
USERNAME=shrav
OS=Windows_NT
PROCESSOR_IDENTIFIER=AMD64 Family 25 Model 80 Stepping 0, AuthenticAMD
TMP=C:\Users\shrav\AppData\Local\Temp
TEMP=C:\Users\shrav\AppData\Local\Temp




Periodic native trim disabled

---------------  S Y S T E M  ---------------

OS:
 Windows 11 , 64 bit Build 26100 (10.0.26100.8328)
OS uptime: 0 days 12:27 hours
Hyper-V role detected

CPU: total 12 (initial active 12) (12 cores per cpu, 2 threads per core) family 25 model 80 stepping 0 microcode 0xa50000f, cx8, cmov, fxsr, ht, mmx, 3dnowpref, sse, sse2, sse3, ssse3, sse4a, sse4.1, sse4.2, popcnt, lzcnt, tsc, tscinvbit, avx, avx2, aes, erms, clmul, bmi1, bmi2, adx, sha, fma, vzeroupper, clflush, clflushopt, hv, rdtscp, rdpid, fsrm, f16c, cet_ss
Processor Information for all 12 processors :
  Max Mhz: 3301, Current Mhz: 1908, Mhz Limit: 3301

Memory: 4k page, system-wide physical 7518M (1073M free)
TotalPageFile size 31070M (AvailPageFile size 197M)
current process WorkingSet (physical memory assigned to process): 228M, peak: 232M
current process commit charge ("private bytes"): 368M, peak: 372M

vm_info: Java HotSpot(TM) 64-Bit Server VM (22.0.2+9-70) for windows-amd64 JRE (22.0.2+9-70), built on 2024-06-04T16:52:23Z by "mach5one" with MS VC++ 17.6 (VS2022)

END.
