#
# There is insufficient memory for the Java Runtime Environment to continue.
# Native memory allocation (malloc) failed to allocate 1047856 bytes. Error detail: Chunk::new
# Possible reasons:
#   The system is out of physical RAM or swap space
#   This process is running with CompressedOops enabled, and the Java Heap may be blocking the growth of the native heap
# Possible solutions:
#   Reduce memory load on the system
#   Increase physical memory or swap space
#   Check if swap backing store is full
#   Decrease Java heap size (-Xmx/-Xms)
#   Decrease number of Java threads
#   Decrease Java thread stack sizes (-Xss)
#   Set larger code cache with -XX:ReservedCodeCacheSize=
#   JVM is running with Unscaled Compressed Oops mode in which the Java heap is
#     placed in the first 4GB address space. The Java Heap base address is the
#     maximum limit for the native heap growth. Please use -XX:HeapBaseMinAddress
#     to set the Java Heap base and to place the Java Heap above 4GB virtual address.
# This output file may be truncated or incomplete.
#
#  Out of Memory Error (arena.cpp:150), pid=21636, tid=21140
#
# JRE version: Java(TM) SE Runtime Environment (22.0.2+9) (build 22.0.2+9-70)
# Java VM: Java HotSpot(TM) 64-Bit Server VM (22.0.2+9-70, mixed mode, sharing, tiered, compressed oops, compressed class ptrs, parallel gc, windows-amd64)
# No core dump will be written. Minidumps are not enabled by default on client versions of Windows
#

---------------  S U M M A R Y ------------

Command Line: --add-modules=ALL-SYSTEM --add-opens=java.base/java.util=ALL-UNNAMED --add-opens=java.base/java.lang=ALL-UNNAMED --add-opens=java.base/sun.nio.fs=ALL-UNNAMED -Declipse.application=org.eclipse.jdt.ls.core.id1 -Dosgi.bundles.defaultStartLevel=4 -Declipse.product=org.eclipse.jdt.ls.core.product -Djava.import.generatesMetadataFilesAtProjectRoot=false -DDetectVMInstallationsJob.disabled=true -Dfile.encoding=utf8 -XX:+UseParallelGC -XX:GCTimeRatio=4 -XX:AdaptiveSizePolicyWeight=90 -Dsun.zip.disableMemoryMapping=true -Xmx2G -Xms100m -Xlog:disable -javaagent:c:\Users\shrav\.vscode\extensions\redhat.java-1.54.0-win32-x64\lombok\lombok-1.18.39-4050.jar -XX:+HeapDumpOnOutOfMemoryError -XX:HeapDumpPath=c:\Users\shrav\AppData\Roaming\Code\User\workspaceStorage\8c146ec206b80605d5f3eaebc9643368\redhat.java -Daether.dependencyCollector.impl=bf c:\Users\shrav\.vscode\extensions\redhat.java-1.54.0-win32-x64\server\plugins\org.eclipse.equinox.launcher_1.7.100.v20251111-0406.jar -configuration c:\Users\shrav\AppData\Roaming\Code\User\globalStorage\redhat.java\1.54.0\config_win -data c:\Users\shrav\AppData\Roaming\Code\User\workspaceStorage\8c146ec206b80605d5f3eaebc9643368\redhat.java\jdt_ws --pipe=\\.\pipe\lsp-d60803047863a8328b431b36f9cf7e20-sock

Host: AMD Ryzen 5 5600H with Radeon Graphics         , 12 cores, 7G,  Windows 11 , 64 bit Build 26100 (10.0.26100.8328)
Time: Tue May 26 23:54:28 2026 India Standard Time elapsed time: 20.445080 seconds (0d 0h 0m 20s)

---------------  T H R E A D  ---------------

Current thread (0x00000273822e9660):  JavaThread "C2 CompilerThread0" daemon [_thread_in_native, id=21140, stack(0x0000007a2b200000,0x0000007a2b300000) (1024K)]


Current CompileTask:
C2:20445 8621   !   4       org.eclipse.jdt.internal.core.search.indexing.BinaryIndexer::indexDocument (1172 bytes)

Stack: [0x0000007a2b200000,0x0000007a2b300000]
Native frames: (J=compiled Java code, j=interpreted, Vv=VM code, C=native code)
V  [jvm.dll+0x6e26e9]  (no source info available)
V  [jvm.dll+0x875753]  (no source info available)
V  [jvm.dll+0x877b7e]  (no source info available)
V  [jvm.dll+0x878253]  (no source info available)
V  [jvm.dll+0x27fc86]  (no source info available)
V  [jvm.dll+0xc3d0f]  (no source info available)
V  [jvm.dll+0xc3f6b]  (no source info available)
V  [jvm.dll+0x2f3c7f]  (no source info available)
V  [jvm.dll+0x60c0fa]  (no source info available)
V  [jvm.dll+0x249915]  (no source info available)
V  [jvm.dll+0x246da6]  (no source info available)
V  [jvm.dll+0x1c4e80]  (no source info available)
V  [jvm.dll+0x2568f3]  (no source info available)
V  [jvm.dll+0x254baa]  (no source info available)
V  [jvm.dll+0x3f57a6]  (no source info available)
V  [jvm.dll+0x81dc0b]  (no source info available)
V  [jvm.dll+0x6e0d85]  (no source info available)
C  [ucrtbase.dll+0x37b0]  (no source info available)
C  [KERNEL32.DLL+0x2e957]  (no source info available)
C  [ntdll.dll+0x427c]  (no source info available)


---------------  P R O C E S S  ---------------

Threads class SMR info:
_java_thread_list=0x00000273e1648c40, length=51, elements={
0x0000027382232680, 0x000002739de2e0b0, 0x00000273822dc690, 0x00000273822deeb0,
0x00000273822e3930, 0x00000273822e4390, 0x00000273822e4df0, 0x00000273822e9660,
0x00000273e0284240, 0x00000273e0378cf0, 0x00000273e0466cf0, 0x00000273e61628e0,
0x00000273e17a2000, 0x00000273e60b2230, 0x00000273e60a19a0, 0x00000273e6694fe0,
0x00000273e17f53a0, 0x00000273e17f5a30, 0x00000273e17f4680, 0x00000273e17f4d10,
0x00000273e17f7470, 0x00000273e17f60c0, 0x00000273e79ce3f0, 0x00000273e17f3ff0,
0x00000273e6e1b430, 0x00000273e6e1c7e0, 0x00000273e6e1d500, 0x00000273e6e1bac0,
0x00000273e6e1db90, 0x00000273e6e1e220, 0x00000273e6e1ada0, 0x00000273e6e1ce70,
0x00000273e6e1c150, 0x00000273e81afde0, 0x00000273e81b0470, 0x00000273e81ae3a0,
0x00000273e81b1190, 0x00000273e81b0b00, 0x00000273e81add10, 0x00000273e81b1820,
0x00000273e81b1eb0, 0x00000273e81aea30, 0x00000273e81af0c0, 0x00000273e81b2540,
0x00000273e81b2bd0, 0x00000273e81af750, 0x00000273e81b38f0, 0x00000273e81b3f80,
0x00000273e81b4610, 0x00000273e81b4ca0, 0x00000273e74c6c80
}

Java Threads: ( => current thread )
  0x0000027382232680 JavaThread "main"                              [_thread_blocked, id=31800, stack(0x0000007a2a800000,0x0000007a2a900000) (1024K)]
  0x000002739de2e0b0 JavaThread "Reference Handler"          daemon [_thread_blocked, id=4420, stack(0x0000007a2ac00000,0x0000007a2ad00000) (1024K)]
  0x00000273822dc690 JavaThread "Finalizer"                  daemon [_thread_blocked, id=19940, stack(0x0000007a2ad00000,0x0000007a2ae00000) (1024K)]
  0x00000273822deeb0 JavaThread "Signal Dispatcher"          daemon [_thread_blocked, id=14844, stack(0x0000007a2ae00000,0x0000007a2af00000) (1024K)]
  0x00000273822e3930 JavaThread "Attach Listener"            daemon [_thread_blocked, id=28632, stack(0x0000007a2af00000,0x0000007a2b000000) (1024K)]
  0x00000273822e4390 JavaThread "Service Thread"             daemon [_thread_blocked, id=23420, stack(0x0000007a2b000000,0x0000007a2b100000) (1024K)]
  0x00000273822e4df0 JavaThread "Monitor Deflation Thread"   daemon [_thread_blocked, id=10528, stack(0x0000007a2b100000,0x0000007a2b200000) (1024K)]
=>0x00000273822e9660 JavaThread "C2 CompilerThread0"         daemon [_thread_in_native, id=21140, stack(0x0000007a2b200000,0x0000007a2b300000) (1024K)]
  0x00000273e0284240 JavaThread "C1 CompilerThread0"         daemon [_thread_in_native, id=15836, stack(0x0000007a2b300000,0x0000007a2b400000) (1024K)]
  0x00000273e0378cf0 JavaThread "Common-Cleaner"             daemon [_thread_blocked, id=10940, stack(0x0000007a2b400000,0x0000007a2b500000) (1024K)]
  0x00000273e0466cf0 JavaThread "Notification Thread"        daemon [_thread_blocked, id=27180, stack(0x0000007a2b500000,0x0000007a2b600000) (1024K)]
  0x00000273e61628e0 JavaThread "Active Thread: Equinox Container: bfe3c5c9-2e5d-410b-a126-d776214ee4c2"        [_thread_blocked, id=30992, stack(0x0000007a2be00000,0x0000007a2bf00000) (1024K)]
  0x00000273e17a2000 JavaThread "Refresh Thread: Equinox Container: bfe3c5c9-2e5d-410b-a126-d776214ee4c2" daemon [_thread_blocked, id=18580, stack(0x0000007a2b600000,0x0000007a2b700000) (1024K)]
  0x00000273e60b2230 JavaThread "Framework Event Dispatcher: Equinox Container: bfe3c5c9-2e5d-410b-a126-d776214ee4c2" daemon [_thread_blocked, id=3592, stack(0x0000007a2bf00000,0x0000007a2c000000) (1024K)]
  0x00000273e60a19a0 JavaThread "Start Level: Equinox Container: bfe3c5c9-2e5d-410b-a126-d776214ee4c2" daemon [_thread_blocked, id=26444, stack(0x0000007a2c000000,0x0000007a2c100000) (1024K)]
  0x00000273e6694fe0 JavaThread "Bundle File Closer"         daemon [_thread_blocked, id=27720, stack(0x0000007a2c400000,0x0000007a2c500000) (1024K)]
  0x00000273e17f53a0 JavaThread "SCR Component Actor"        daemon [_thread_blocked, id=24016, stack(0x0000007a2c300000,0x0000007a2c400000) (1024K)]
  0x00000273e17f5a30 JavaThread "Worker-JM"                         [_thread_blocked, id=10936, stack(0x0000007a2c600000,0x0000007a2c700000) (1024K)]
  0x00000273e17f4680 JavaThread "JNA Cleaner"                daemon [_thread_blocked, id=26448, stack(0x0000007a2c500000,0x0000007a2c600000) (1024K)]
  0x00000273e17f4d10 JavaThread "Worker-0: Building"                [_thread_in_Java, id=28312, stack(0x0000007a2c700000,0x0000007a2c800000) (1024K)]
  0x00000273e17f7470 JavaThread "Worker-1: Java indexing... "        [_thread_blocked, id=17732, stack(0x0000007a2c800000,0x0000007a2c900000) (1024K)]
  0x00000273e17f60c0 JavaThread "Worker-2"                          [_thread_blocked, id=15272, stack(0x0000007a2ca00000,0x0000007a2cb00000) (1024K)]
  0x00000273e79ce3f0 JavaThread "C2 CompilerThread1"         daemon [_thread_in_native, id=14320, stack(0x0000007a2c900000,0x0000007a2ca00000) (1024K)]
  0x00000273e17f3ff0 JavaThread "Java indexing"              daemon [_thread_in_Java, id=18084, stack(0x0000007a2cb00000,0x0000007a2cc00000) (1024K)]
  0x00000273e6e1b430 JavaThread "Worker-3"                          [_thread_blocked, id=30228, stack(0x0000007a2cc00000,0x0000007a2cd00000) (1024K)]
  0x00000273e6e1c7e0 JavaThread "Worker-4"                          [_thread_blocked, id=18656, stack(0x0000007a2cd00000,0x0000007a2ce00000) (1024K)]
  0x00000273e6e1d500 JavaThread "Worker-5"                          [_thread_blocked, id=20016, stack(0x0000007a2d000000,0x0000007a2d100000) (1024K)]
  0x00000273e6e1bac0 JavaThread "Thread-1"                   daemon [_thread_in_native, id=9164, stack(0x0000007a2d100000,0x0000007a2d200000) (1024K)]
  0x00000273e6e1db90 JavaThread "Thread-2"                   daemon [_thread_in_native, id=23028, stack(0x0000007a2d200000,0x0000007a2d300000) (1024K)]
  0x00000273e6e1e220 JavaThread "Thread-3"                   daemon [_thread_in_native, id=23020, stack(0x0000007a2d300000,0x0000007a2d400000) (1024K)]
  0x00000273e6e1ada0 JavaThread "Thread-4"                   daemon [_thread_in_native, id=27224, stack(0x0000007a2d400000,0x0000007a2d500000) (1024K)]
  0x00000273e6e1ce70 JavaThread "Thread-5"                   daemon [_thread_in_native, id=30848, stack(0x0000007a2d500000,0x0000007a2d600000) (1024K)]
  0x00000273e6e1c150 JavaThread "Thread-6"                   daemon [_thread_in_native, id=33324, stack(0x0000007a2d600000,0x0000007a2d700000) (1024K)]
  0x00000273e81afde0 JavaThread "Thread-7"                   daemon [_thread_in_native, id=32304, stack(0x0000007a2d700000,0x0000007a2d800000) (1024K)]
  0x00000273e81b0470 JavaThread "Thread-8"                   daemon [_thread_in_native, id=32696, stack(0x0000007a2d800000,0x0000007a2d900000) (1024K)]
  0x00000273e81ae3a0 JavaThread "Thread-9"                   daemon [_thread_in_native, id=32060, stack(0x0000007a2d900000,0x0000007a2da00000) (1024K)]
  0x00000273e81b1190 JavaThread "Thread-10"                  daemon [_thread_in_native, id=27636, stack(0x0000007a2da00000,0x0000007a2db00000) (1024K)]
  0x00000273e81b0b00 JavaThread "Thread-11"                  daemon [_thread_in_native, id=23328, stack(0x0000007a2db00000,0x0000007a2dc00000) (1024K)]
  0x00000273e81add10 JavaThread "Thread-12"                  daemon [_thread_in_native, id=25908, stack(0x0000007a2dc00000,0x0000007a2dd00000) (1024K)]
  0x00000273e81b1820 JavaThread "Thread-13"                  daemon [_thread_in_native, id=33524, stack(0x0000007a2dd00000,0x0000007a2de00000) (1024K)]
  0x00000273e81b1eb0 JavaThread "pool-2-thread-1"                   [_thread_blocked, id=27764, stack(0x0000007a2de00000,0x0000007a2df00000) (1024K)]
  0x00000273e81aea30 JavaThread "WorkspaceEventsHandler"            [_thread_blocked, id=27748, stack(0x0000007a2df00000,0x0000007a2e000000) (1024K)]
  0x00000273e81af0c0 JavaThread "pool-1-thread-1"                   [_thread_blocked, id=22216, stack(0x0000007a2e000000,0x0000007a2e100000) (1024K)]
  0x00000273e81b2540 JavaThread "LocalFile Deleter"          daemon [_thread_blocked, id=26928, stack(0x0000007a2e100000,0x0000007a2e200000) (1024K)]
  0x00000273e81b2bd0 JavaThread "LocalFile Deleter"          daemon [_thread_blocked, id=4212, stack(0x0000007a2e200000,0x0000007a2e300000) (1024K)]
  0x00000273e81af750 JavaThread "LocalFile Deleter"          daemon [_thread_blocked, id=23548, stack(0x0000007a2e300000,0x0000007a2e400000) (1024K)]
  0x00000273e81b38f0 JavaThread "Compiler Source File Reader" daemon [_thread_blocked, id=9464, stack(0x0000007a2e400000,0x0000007a2e500000) (1024K)]
  0x00000273e81b3f80 JavaThread "Compiler Processing Task"   daemon [_thread_blocked, id=14648, stack(0x0000007a2e500000,0x0000007a2e600000) (1024K)]
  0x00000273e81b4610 JavaThread "Compiler Class File Writer" daemon [_thread_blocked, id=21312, stack(0x0000007a2e600000,0x0000007a2e700000) (1024K)]
  0x00000273e81b4ca0 JavaThread "Compiler Source File Reader" daemon [_thread_blocked, id=30000, stack(0x0000007a2e700000,0x0000007a2e800000) (1024K)]
  0x00000273e74c6c80 JavaThread "Compiler Class File Writer" daemon [_thread_blocked, id=32388, stack(0x0000007a2e800000,0x0000007a2e900000) (1024K)]
Total: 51

Other Threads:
  0x00000273822d4ba0 VMThread "VM Thread"                           [id=7480, stack(0x0000007a2ab00000,0x0000007a2ac00000) (1024K)]
  0x000002739dd0c210 WatcherThread "VM Periodic Task Thread"        [id=9692, stack(0x0000007a2aa00000,0x0000007a2ab00000) (1024K)]
  0x00000273822500b0 WorkerThread "GC Thread#0"                     [id=15932, stack(0x0000007a2a900000,0x0000007a2aa00000) (1024K)]
  0x00000273e190aa60 WorkerThread "GC Thread#1"                     [id=32876, stack(0x0000007a2b800000,0x0000007a2b900000) (1024K)]
  0x00000273e190b630 WorkerThread "GC Thread#2"                     [id=20080, stack(0x0000007a2b900000,0x0000007a2ba00000) (1024K)]
  0x00000273e190b9e0 WorkerThread "GC Thread#3"                     [id=22476, stack(0x0000007a2ba00000,0x0000007a2bb00000) (1024K)]
  0x00000273e196c450 WorkerThread "GC Thread#4"                     [id=1648, stack(0x0000007a2bb00000,0x0000007a2bc00000) (1024K)]
  0x00000273e196c800 WorkerThread "GC Thread#5"                     [id=5300, stack(0x0000007a2bc00000,0x0000007a2bd00000) (1024K)]
  0x00000273e196cbb0 WorkerThread "GC Thread#6"                     [id=9596, stack(0x0000007a2bd00000,0x0000007a2be00000) (1024K)]
  0x00000273e6176e60 WorkerThread "GC Thread#7"                     [id=15204, stack(0x0000007a2b700000,0x0000007a2b800000) (1024K)]
  0x00000273e6081420 WorkerThread "GC Thread#8"                     [id=31624, stack(0x0000007a2c100000,0x0000007a2c200000) (1024K)]
  0x00000273e663b6d0 WorkerThread "GC Thread#9"                     [id=4008, stack(0x0000007a2c200000,0x0000007a2c300000) (1024K)]
Total: 12

Threads with active compile tasks:
C2 CompilerThread0  20626 8621   !   4       org.eclipse.jdt.internal.core.search.indexing.BinaryIndexer::indexDocument (1172 bytes)
C1 CompilerThread0  20626 8942       2       org.apache.maven.model.io.xpp3.MavenXpp3ReaderEx::parseModel (2156 bytes)
C2 CompilerThread1  20626 8811       4       org.eclipse.jdt.internal.core.search.indexing.AbstractIndexer::addClassDeclaration (129 bytes)
Total: 3

VM state: not at safepoint (normal execution)

VM Mutex/Monitor currently owned by a thread: None

Heap address: 0x0000000080000000, size: 2048 MB, Compressed Oops mode: 32-bit

CDS archive(s) mapped at: [0x000002739e000000-0x000002739ec60000-0x000002739ec60000), size 12976128, SharedBaseAddress: 0x000002739e000000, ArchiveRelocationMode: 1.
Compressed class space mapped at: 0x000002739f000000-0x00000273df000000, reserved size: 1073741824
Narrow klass base: 0x000002739e000000, Narrow klass shift: 0, Narrow klass range: 0x41000000

GC Precious Log:
 CardTable entry size: 512
 CPUs: 12 total, 12 available
 Memory: 7518M
 Large Page Support: Disabled
 NUMA Support: Disabled
 Compressed Oops: Enabled (32-bit)
 Alignments: Space 512K, Generation 512K, Heap 2M
 Heap Min Capacity: 100M
 Heap Initial Capacity: 100M
 Heap Max Capacity: 2G
 Pre-touch: Disabled
 Parallel Workers: 10

Heap:
 PSYoungGen      total 6144K, used 5125K [0x00000000d5580000, 0x00000000d6000000, 0x0000000100000000)
  eden space 5632K, 81% used [0x00000000d5580000,0x00000000d5a01778,0x00000000d5b00000)
  from space 512K, 100% used [0x00000000d5d80000,0x00000000d5e00000,0x00000000d5e00000)
  to   space 2560K, 0% used [0x00000000d5b00000,0x00000000d5b00000,0x00000000d5d80000)
 ParOldGen       total 139776K, used 139738K [0x0000000080000000, 0x0000000088880000, 0x00000000d5580000)
  object space 139776K, 99% used [0x0000000080000000,0x0000000088876a58,0x0000000088880000)
 Metaspace       used 54508K, committed 55872K, reserved 1114112K
  class space    used 5947K, committed 6528K, reserved 1048576K

Card table byte_map: [0x0000027381bd0000,0x0000027381fe0000] _byte_map_base: 0x00000273817d0000

Marking Bits: (ParMarkBitMap*) 0x00007ffe97be1a90
 Begin Bits: [0x0000027399830000, 0x000002739b830000)
 End Bits:   [0x000002739b830000, 0x000002739d830000)

Polling page: 0x0000027380200000

Metaspace:

Usage:
  Non-class:     47.42 MB used.
      Class:      5.81 MB used.
       Both:     53.23 MB used.

Virtual space:
  Non-class space:       64.00 MB reserved,      48.19 MB ( 75%) committed,  1 nodes.
      Class space:        1.00 GB reserved,       6.38 MB ( <1%) committed,  1 nodes.
             Both:        1.06 GB reserved,      54.56 MB (  5%) committed. 

Chunk freelists:
   Non-Class:  15.06 MB
       Class:  9.57 MB
        Both:  24.63 MB

MaxMetaspaceSize: unlimited
CompressedClassSpaceSize: 1.00 GB
Initial GC threshold: 21.00 MB
Current GC threshold: 58.38 MB
CDS: on
 - commit_granule_bytes: 65536.
 - commit_granule_words: 8192.
 - virtual_space_node_default_size: 8388608.
 - enlarge_chunks_in_place: 1.
 - use_allocation_guard: 0.


Internal statistics:

num_allocs_failed_limit: 6.
num_arena_births: 1062.
num_arena_deaths: 14.
num_vsnodes_births: 2.
num_vsnodes_deaths: 0.
num_space_committed: 873.
num_space_uncommitted: 0.
num_chunks_returned_to_freelist: 20.
num_chunks_taken_from_freelist: 3694.
num_chunk_merges: 9.
num_chunk_splits: 2179.
num_chunks_enlarged: 1108.
num_inconsistent_stats: 0.

CodeHeap 'non-profiled nmethods': size=120000Kb used=3801Kb max_used=3801Kb free=116198Kb
 bounds [0x0000027392050000, 0x0000027392410000, 0x0000027399580000]
CodeHeap 'profiled nmethods': size=120000Kb used=16638Kb max_used=16638Kb free=103361Kb
 bounds [0x000002738a580000, 0x000002738b5c0000, 0x0000027391ab0000]
CodeHeap 'non-nmethods': size=5760Kb used=1419Kb max_used=1491Kb free=4340Kb
 bounds [0x0000027391ab0000, 0x0000027391d20000, 0x0000027392050000]
 total_blobs=9027 nmethods=8302 adapters=631
 compilation: enabled
              stopped_count=0, restarted_count=0
 full_count=0

Compilation events (20 events):
Event: 19.416 Thread 0x00000273e0284240 nmethod 8775% 0x000002738b584790 code [0x000002738b584f40, 0x000002738b589a18]
Event: 19.416 Thread 0x00000273e0284240 8776       2       org.apache.maven.model.profile.activation.JdkVersionProfileActivator::presentInConfig (29 bytes)
Event: 19.416 Thread 0x00000273e0284240 nmethod 8776 0x000002738b58b490 code [0x000002738b58b640, 0x000002738b58b7c8]
Event: 19.416 Thread 0x00000273e0284240 8777       2       org.apache.maven.model.profile.activation.OperatingSystemProfileActivator::presentInConfig (29 bytes)
Event: 19.417 Thread 0x00000273e0284240 nmethod 8777 0x000002738b58b910 code [0x000002738b58bac0, 0x000002738b58bc48]
Event: 19.417 Thread 0x00000273e0284240 8778       2       org.apache.maven.model.profile.activation.PropertyProfileActivator::presentInConfig (29 bytes)
Event: 19.417 Thread 0x00000273e0284240 nmethod 8778 0x000002738b58bd90 code [0x000002738b58bf40, 0x000002738b58c0c8]
Event: 19.420 Thread 0x00000273e0284240 8782       2       java.util.Spliterators$IteratorSpliterator::forEachRemaining (58 bytes)
Event: 19.420 Thread 0x00000273e0284240 nmethod 8782 0x000002738b58c210 code [0x000002738b58c3e0, 0x000002738b58c680]
Event: 19.421 Thread 0x00000273e0284240 8783       2       org.eclipse.aether.repository.RepositoryPolicy::<init> (38 bytes)
Event: 19.421 Thread 0x00000273e0284240 nmethod 8783 0x000002738b58c790 code [0x000002738b58c920, 0x000002738b58ca78]
Event: 19.426 Thread 0x00000273e0284240 8784       3       org.apache.maven.model.InputLocation::setLocation (88 bytes)
Event: 19.428 Thread 0x00000273e0284240 nmethod 8784 0x000002738b58cb10 code [0x000002738b58cd80, 0x000002738b58d9d8]
Event: 19.428 Thread 0x00000273e0284240 8785   !   2       org.apache.maven.model.Activation::clone (127 bytes)
Event: 19.429 Thread 0x00000273e0284240 nmethod 8785 0x000002738b58dd10 code [0x000002738b58df80, 0x000002738b58e698]
Event: 19.429 Thread 0x00000273e0284240 8786       1       org.apache.maven.model.BuildBase::setResources (6 bytes)
Event: 19.429 Thread 0x00000273e0284240 nmethod 8786 0x00000273923f6910 code [0x00000273923f6aa0, 0x00000273923f6b80]
Event: 19.429 Thread 0x00000273e0284240 8787       1       org.apache.maven.model.BuildBase::setTestResources (6 bytes)
Event: 19.429 Thread 0x00000273e0284240 nmethod 8787 0x00000273923f6c10 code [0x00000273923f6da0, 0x00000273923f6e80]
Event: 19.434 Thread 0x00000273e0284240 8788       2       org.apache.maven.model.merge.ModelMerger::getRepositoryKey (6 bytes)

GC Heap History (20 events):
Event: 19.113 GC heap after
{Heap after GC invocations=71 (full 2):
 PSYoungGen      total 6656K, used 1238K [0x00000000d5580000, 0x00000000d5d80000, 0x0000000100000000)
  eden space 5120K, 0% used [0x00000000d5580000,0x00000000d5580000,0x00000000d5a80000)
  from space 1536K, 80% used [0x00000000d5a80000,0x00000000d5bb58f0,0x00000000d5c00000)
  to   space 1536K, 0% used [0x00000000d5c00000,0x00000000d5c00000,0x00000000d5d80000)
 ParOldGen       total 123392K, used 123300K [0x0000000080000000, 0x0000000087880000, 0x00000000d5580000)
  object space 123392K, 99% used [0x0000000080000000,0x0000000087869240,0x0000000087880000)
 Metaspace       used 54296K, committed 55680K, reserved 1114112K
  class space    used 5946K, committed 6528K, reserved 1048576K
}
Event: 19.142 GC heap before
{Heap before GC invocations=72 (full 2):
 PSYoungGen      total 6656K, used 6358K [0x00000000d5580000, 0x00000000d5d80000, 0x0000000100000000)
  eden space 5120K, 100% used [0x00000000d5580000,0x00000000d5a80000,0x00000000d5a80000)
  from space 1536K, 80% used [0x00000000d5a80000,0x00000000d5bb58f0,0x00000000d5c00000)
  to   space 1536K, 0% used [0x00000000d5c00000,0x00000000d5c00000,0x00000000d5d80000)
 ParOldGen       total 123392K, used 123300K [0x0000000080000000, 0x0000000087880000, 0x00000000d5580000)
  object space 123392K, 99% used [0x0000000080000000,0x0000000087869240,0x0000000087880000)
 Metaspace       used 54304K, committed 55680K, reserved 1114112K
  class space    used 5946K, committed 6528K, reserved 1048576K
}
Event: 19.144 GC heap after
{Heap after GC invocations=72 (full 2):
 PSYoungGen      total 6656K, used 1123K [0x00000000d5580000, 0x00000000d5d80000, 0x0000000100000000)
  eden space 5120K, 0% used [0x00000000d5580000,0x00000000d5580000,0x00000000d5a80000)
  from space 1536K, 73% used [0x00000000d5c00000,0x00000000d5d18ce0,0x00000000d5d80000)
  to   space 1536K, 0% used [0x00000000d5a80000,0x00000000d5a80000,0x00000000d5c00000)
 ParOldGen       total 124416K, used 124373K [0x0000000080000000, 0x0000000087980000, 0x00000000d5580000)
  object space 124416K, 99% used [0x0000000080000000,0x00000000879755c0,0x0000000087980000)
 Metaspace       used 54304K, committed 55680K, reserved 1114112K
  class space    used 5946K, committed 6528K, reserved 1048576K
}
Event: 19.174 GC heap before
{Heap before GC invocations=73 (full 2):
 PSYoungGen      total 6656K, used 6240K [0x00000000d5580000, 0x00000000d5d80000, 0x0000000100000000)
  eden space 5120K, 99% used [0x00000000d5580000,0x00000000d5a7f698,0x00000000d5a80000)
  from space 1536K, 73% used [0x00000000d5c00000,0x00000000d5d18ce0,0x00000000d5d80000)
  to   space 1536K, 0% used [0x00000000d5a80000,0x00000000d5a80000,0x00000000d5c00000)
 ParOldGen       total 124416K, used 124373K [0x0000000080000000, 0x0000000087980000, 0x00000000d5580000)
  object space 124416K, 99% used [0x0000000080000000,0x00000000879755c0,0x0000000087980000)
 Metaspace       used 54309K, committed 55680K, reserved 1114112K
  class space    used 5946K, committed 6528K, reserved 1048576K
}
Event: 19.176 GC heap after
{Heap after GC invocations=73 (full 2):
 PSYoungGen      total 6656K, used 1138K [0x00000000d5580000, 0x00000000d5d80000, 0x0000000100000000)
  eden space 5120K, 0% used [0x00000000d5580000,0x00000000d5580000,0x00000000d5a80000)
  from space 1536K, 74% used [0x00000000d5a80000,0x00000000d5b9cae8,0x00000000d5c00000)
  to   space 1536K, 0% used [0x00000000d5c00000,0x00000000d5c00000,0x00000000d5d80000)
 ParOldGen       total 125440K, used 125364K [0x0000000080000000, 0x0000000087a80000, 0x00000000d5580000)
  object space 125440K, 99% used [0x0000000080000000,0x0000000087a6d108,0x0000000087a80000)
 Metaspace       used 54309K, committed 55680K, reserved 1114112K
  class space    used 5946K, committed 6528K, reserved 1048576K
}
Event: 19.223 GC heap before
{Heap before GC invocations=74 (full 2):
 PSYoungGen      total 6656K, used 6258K [0x00000000d5580000, 0x00000000d5d80000, 0x0000000100000000)
  eden space 5120K, 100% used [0x00000000d5580000,0x00000000d5a80000,0x00000000d5a80000)
  from space 1536K, 74% used [0x00000000d5a80000,0x00000000d5b9cae8,0x00000000d5c00000)
  to   space 1536K, 0% used [0x00000000d5c00000,0x00000000d5c00000,0x00000000d5d80000)
 ParOldGen       total 125440K, used 125364K [0x0000000080000000, 0x0000000087a80000, 0x00000000d5580000)
  object space 125440K, 99% used [0x0000000080000000,0x0000000087a6d108,0x0000000087a80000)
 Metaspace       used 54324K, committed 55680K, reserved 1114112K
  class space    used 5946K, committed 6528K, reserved 1048576K
}
Event: 19.227 GC heap after
{Heap after GC invocations=74 (full 2):
 PSYoungGen      total 6144K, used 736K [0x00000000d5580000, 0x00000000d5d00000, 0x0000000100000000)
  eden space 5120K, 0% used [0x00000000d5580000,0x00000000d5580000,0x00000000d5a80000)
  from space 1024K, 71% used [0x00000000d5c00000,0x00000000d5cb8000,0x00000000d5d00000)
  to   space 1024K, 0% used [0x00000000d5b00000,0x00000000d5b00000,0x00000000d5c00000)
 ParOldGen       total 128512K, used 128108K [0x0000000080000000, 0x0000000087d80000, 0x00000000d5580000)
  object space 128512K, 99% used [0x0000000080000000,0x0000000087d1b3a0,0x0000000087d80000)
 Metaspace       used 54324K, committed 55680K, reserved 1114112K
  class space    used 5946K, committed 6528K, reserved 1048576K
}
Event: 19.252 GC heap before
{Heap before GC invocations=75 (full 2):
 PSYoungGen      total 6144K, used 5856K [0x00000000d5580000, 0x00000000d5d00000, 0x0000000100000000)
  eden space 5120K, 100% used [0x00000000d5580000,0x00000000d5a80000,0x00000000d5a80000)
  from space 1024K, 71% used [0x00000000d5c00000,0x00000000d5cb8000,0x00000000d5d00000)
  to   space 1024K, 0% used [0x00000000d5b00000,0x00000000d5b00000,0x00000000d5c00000)
 ParOldGen       total 128512K, used 128108K [0x0000000080000000, 0x0000000087d80000, 0x00000000d5580000)
  object space 128512K, 99% used [0x0000000080000000,0x0000000087d1b3a0,0x0000000087d80000)
 Metaspace       used 54340K, committed 55680K, reserved 1114112K
  class space    used 5947K, committed 6528K, reserved 1048576K
}
Event: 19.255 GC heap after
{Heap after GC invocations=75 (full 2):
 PSYoungGen      total 6144K, used 1016K [0x00000000d5580000, 0x00000000d5f80000, 0x0000000100000000)
  eden space 5120K, 0% used [0x00000000d5580000,0x00000000d5580000,0x00000000d5a80000)
  from space 1024K, 99% used [0x00000000d5b00000,0x00000000d5bfe0e0,0x00000000d5c00000)
  to   space 2560K, 0% used [0x00000000d5d00000,0x00000000d5d00000,0x00000000d5f80000)
 ParOldGen       total 129024K, used 129004K [0x0000000080000000, 0x0000000087e00000, 0x00000000d5580000)
  object space 129024K, 99% used [0x0000000080000000,0x0000000087dfb2a0,0x0000000087e00000)
 Metaspace       used 54340K, committed 55680K, reserved 1114112K
  class space    used 5947K, committed 6528K, reserved 1048576K
}
Event: 19.278 GC heap before
{Heap before GC invocations=76 (full 2):
 PSYoungGen      total 6144K, used 6136K [0x00000000d5580000, 0x00000000d5f80000, 0x0000000100000000)
  eden space 5120K, 100% used [0x00000000d5580000,0x00000000d5a80000,0x00000000d5a80000)
  from space 1024K, 99% used [0x00000000d5b00000,0x00000000d5bfe0e0,0x00000000d5c00000)
  to   space 2560K, 0% used [0x00000000d5d00000,0x00000000d5d00000,0x00000000d5f80000)
 ParOldGen       total 129024K, used 129004K [0x0000000080000000, 0x0000000087e00000, 0x00000000d5580000)
  object space 129024K, 99% used [0x0000000080000000,0x0000000087dfb2a0,0x0000000087e00000)
 Metaspace       used 54341K, committed 55680K, reserved 1114112K
  class space    used 5947K, committed 6528K, reserved 1048576K
}
Event: 19.280 GC heap after
{Heap after GC invocations=76 (full 2):
 PSYoungGen      total 6144K, used 979K [0x00000000d5580000, 0x00000000d5e00000, 0x0000000100000000)
  eden space 5120K, 0% used [0x00000000d5580000,0x00000000d5580000,0x00000000d5a80000)
  from space 1024K, 95% used [0x00000000d5d00000,0x00000000d5df4d40,0x00000000d5e00000)
  to   space 1536K, 0% used [0x00000000d5b00000,0x00000000d5b00000,0x00000000d5c80000)
 ParOldGen       total 130560K, used 130048K [0x0000000080000000, 0x0000000087f80000, 0x00000000d5580000)
  object space 130560K, 99% used [0x0000000080000000,0x0000000087f00110,0x0000000087f80000)
 Metaspace       used 54341K, committed 55680K, reserved 1114112K
  class space    used 5947K, committed 6528K, reserved 1048576K
}
Event: 19.312 GC heap before
{Heap before GC invocations=77 (full 2):
 PSYoungGen      total 6144K, used 6099K [0x00000000d5580000, 0x00000000d5e00000, 0x0000000100000000)
  eden space 5120K, 100% used [0x00000000d5580000,0x00000000d5a80000,0x00000000d5a80000)
  from space 1024K, 95% used [0x00000000d5d00000,0x00000000d5df4d40,0x00000000d5e00000)
  to   space 1536K, 0% used [0x00000000d5b00000,0x00000000d5b00000,0x00000000d5c80000)
 ParOldGen       total 130560K, used 130048K [0x0000000080000000, 0x0000000087f80000, 0x00000000d5580000)
  object space 130560K, 99% used [0x0000000080000000,0x0000000087f00110,0x0000000087f80000)
 Metaspace       used 54361K, committed 55744K, reserved 1114112K
  class space    used 5947K, committed 6528K, reserved 1048576K
}
Event: 19.314 GC heap after
{Heap after GC invocations=77 (full 2):
 PSYoungGen      total 6656K, used 1062K [0x00000000d5580000, 0x00000000d5d80000, 0x0000000100000000)
  eden space 5120K, 0% used [0x00000000d5580000,0x00000000d5580000,0x00000000d5a80000)
  from space 1536K, 69% used [0x00000000d5b00000,0x00000000d5c099b8,0x00000000d5c80000)
  to   space 1024K, 0% used [0x00000000d5c80000,0x00000000d5c80000,0x00000000d5d80000)
 ParOldGen       total 131072K, used 130908K [0x0000000080000000, 0x0000000088000000, 0x00000000d5580000)
  object space 131072K, 99% used [0x0000000080000000,0x0000000087fd7188,0x0000000088000000)
 Metaspace       used 54361K, committed 55744K, reserved 1114112K
  class space    used 5947K, committed 6528K, reserved 1048576K
}
Event: 19.334 GC heap before
{Heap before GC invocations=78 (full 2):
 PSYoungGen      total 6656K, used 6182K [0x00000000d5580000, 0x00000000d5d80000, 0x0000000100000000)
  eden space 5120K, 100% used [0x00000000d5580000,0x00000000d5a80000,0x00000000d5a80000)
  from space 1536K, 69% used [0x00000000d5b00000,0x00000000d5c099b8,0x00000000d5c80000)
  to   space 1024K, 0% used [0x00000000d5c80000,0x00000000d5c80000,0x00000000d5d80000)
 ParOldGen       total 131072K, used 130908K [0x0000000080000000, 0x0000000088000000, 0x00000000d5580000)
  object space 131072K, 99% used [0x0000000080000000,0x0000000087fd7188,0x0000000088000000)
 Metaspace       used 54369K, committed 55744K, reserved 1114112K
  class space    used 5947K, committed 6528K, reserved 1048576K
}
Event: 19.336 GC heap after
{Heap after GC invocations=78 (full 2):
 PSYoungGen      total 5632K, used 1008K [0x00000000d5580000, 0x00000000d5f80000, 0x0000000100000000)
  eden space 4608K, 0% used [0x00000000d5580000,0x00000000d5580000,0x00000000d5a00000)
  from space 1024K, 98% used [0x00000000d5c80000,0x00000000d5d7c200,0x00000000d5d80000)
  to   space 2560K, 0% used [0x00000000d5a00000,0x00000000d5a00000,0x00000000d5c80000)
 ParOldGen       total 132096K, used 131976K [0x0000000080000000, 0x0000000088100000, 0x00000000d5580000)
  object space 132096K, 99% used [0x0000000080000000,0x00000000880e20f8,0x0000000088100000)
 Metaspace       used 54369K, committed 55744K, reserved 1114112K
  class space    used 5947K, committed 6528K, reserved 1048576K
}
Event: 19.364 GC heap before
{Heap before GC invocations=79 (full 2):
 PSYoungGen      total 5632K, used 5616K [0x00000000d5580000, 0x00000000d5f80000, 0x0000000100000000)
  eden space 4608K, 100% used [0x00000000d5580000,0x00000000d5a00000,0x00000000d5a00000)
  from space 1024K, 98% used [0x00000000d5c80000,0x00000000d5d7c200,0x00000000d5d80000)
  to   space 2560K, 0% used [0x00000000d5a00000,0x00000000d5a00000,0x00000000d5c80000)
 ParOldGen       total 132096K, used 131976K [0x0000000080000000, 0x0000000088100000, 0x00000000d5580000)
  object space 132096K, 99% used [0x0000000080000000,0x00000000880e20f8,0x0000000088100000)
 Metaspace       used 54379K, committed 55744K, reserved 1114112K
  class space    used 5947K, committed 6528K, reserved 1048576K
}
Event: 19.367 GC heap after
{Heap after GC invocations=79 (full 2):
 PSYoungGen      total 5632K, used 992K [0x00000000d5580000, 0x00000000d5d00000, 0x0000000100000000)
  eden space 4608K, 0% used [0x00000000d5580000,0x00000000d5580000,0x00000000d5a00000)
  from space 1024K, 96% used [0x00000000d5a00000,0x00000000d5af8000,0x00000000d5b00000)
  to   space 1536K, 0% used [0x00000000d5b80000,0x00000000d5b80000,0x00000000d5d00000)
 ParOldGen       total 133120K, used 132923K [0x0000000080000000, 0x0000000088200000, 0x00000000d5580000)
  object space 133120K, 99% used [0x0000000080000000,0x00000000881cedc8,0x0000000088200000)
 Metaspace       used 54379K, committed 55744K, reserved 1114112K
  class space    used 5947K, committed 6528K, reserved 1048576K
}
Event: 19.404 GC heap before
{Heap before GC invocations=80 (full 2):
 PSYoungGen      total 5632K, used 5600K [0x00000000d5580000, 0x00000000d5d00000, 0x0000000100000000)
  eden space 4608K, 100% used [0x00000000d5580000,0x00000000d5a00000,0x00000000d5a00000)
  from space 1024K, 96% used [0x00000000d5a00000,0x00000000d5af8000,0x00000000d5b00000)
  to   space 1536K, 0% used [0x00000000d5b80000,0x00000000d5b80000,0x00000000d5d00000)
 ParOldGen       total 133120K, used 132923K [0x0000000080000000, 0x0000000088200000, 0x00000000d5580000)
  object space 133120K, 99% used [0x0000000080000000,0x00000000881cedc8,0x0000000088200000)
 Metaspace       used 54382K, committed 55744K, reserved 1114112K
  class space    used 5947K, committed 6528K, reserved 1048576K
}
Event: 19.407 GC heap after
{Heap after GC invocations=80 (full 2):
 PSYoungGen      total 6144K, used 1022K [0x00000000d5580000, 0x00000000d5d00000, 0x0000000100000000)
  eden space 4608K, 0% used [0x00000000d5580000,0x00000000d5580000,0x00000000d5a00000)
  from space 1536K, 66% used [0x00000000d5b80000,0x00000000d5c7f808,0x00000000d5d00000)
  to   space 1536K, 0% used [0x00000000d5a00000,0x00000000d5a00000,0x00000000d5b80000)
 ParOldGen       total 134144K, used 133711K [0x0000000080000000, 0x0000000088300000, 0x00000000d5580000)
  object space 134144K, 99% used [0x0000000080000000,0x0000000088293fb0,0x0000000088300000)
 Metaspace       used 54382K, committed 55744K, reserved 1114112K
  class space    used 5947K, committed 6528K, reserved 1048576K
}
Event: 19.434 GC heap before
{Heap before GC invocations=81 (full 2):
 PSYoungGen      total 6144K, used 5630K [0x00000000d5580000, 0x00000000d5d00000, 0x0000000100000000)
  eden space 4608K, 100% used [0x00000000d5580000,0x00000000d5a00000,0x00000000d5a00000)
  from space 1536K, 66% used [0x00000000d5b80000,0x00000000d5c7f808,0x00000000d5d00000)
  to   space 1536K, 0% used [0x00000000d5a00000,0x00000000d5a00000,0x00000000d5b80000)
 ParOldGen       total 134144K, used 133711K [0x0000000080000000, 0x0000000088300000, 0x00000000d5580000)
  object space 134144K, 99% used [0x0000000080000000,0x0000000088293fb0,0x0000000088300000)
 Metaspace       used 54384K, committed 55744K, reserved 1114112K
  class space    used 5947K, committed 6528K, reserved 1048576K
}

Dll operation events (13 events):
Event: 0.039 Loaded shared library C:\Program Files\Java\jdk-22\bin\java.dll
Event: 0.117 Loaded shared library C:\Program Files\Java\jdk-22\bin\jsvml.dll
Event: 0.305 Loaded shared library C:\Program Files\Java\jdk-22\bin\zip.dll
Event: 0.316 Loaded shared library C:\Program Files\Java\jdk-22\bin\instrument.dll
Event: 0.327 Loaded shared library C:\Program Files\Java\jdk-22\bin\net.dll
Event: 0.333 Loaded shared library C:\Program Files\Java\jdk-22\bin\nio.dll
Event: 0.342 Loaded shared library C:\Program Files\Java\jdk-22\bin\zip.dll
Event: 0.405 Loaded shared library C:\Program Files\Java\jdk-22\bin\jimage.dll
Event: 0.606 Loaded shared library C:\Program Files\Java\jdk-22\bin\verify.dll
Event: 3.619 Loaded shared library C:\Users\shrav\AppData\Roaming\Code\User\globalStorage\redhat.java\1.54.0\config_win\org.eclipse.equinox.launcher\org.eclipse.equinox.launcher.win32.win32.x86_64_1.3.0.v20260203-2149\eclipse_11919.dll
Event: 9.629 Loaded shared library C:\Users\shrav\AppData\Local\Temp\jna-109415858\jna3653895757469590321.dll
Event: 12.435 Loaded shared library C:\Program Files\Java\jdk-22\bin\management.dll
Event: 12.446 Loaded shared library C:\Program Files\Java\jdk-22\bin\management_ext.dll

Deoptimization events (20 events):
Event: 18.855 Thread 0x00000273e17f4d10 DEOPT PACKING pc=0x0000027392376ec0 sp=0x0000007a2c7fd3d0
Event: 18.855 Thread 0x00000273e17f4d10 DEOPT UNPACKING pc=0x0000027391b03aa2 sp=0x0000007a2c7fd348 mode 2
Event: 18.878 Thread 0x00000273e17f3ff0 DEOPT PACKING pc=0x000002738b282a57 sp=0x0000007a2cbfe570
Event: 18.878 Thread 0x00000273e17f3ff0 DEOPT UNPACKING pc=0x0000027391b04242 sp=0x0000007a2cbfd9d8 mode 0
Event: 18.878 Thread 0x00000273e17f3ff0 DEOPT PACKING pc=0x000002738b28ca76 sp=0x0000007a2cbfe4c0
Event: 18.878 Thread 0x00000273e17f3ff0 DEOPT UNPACKING pc=0x0000027391b04242 sp=0x0000007a2cbfd9b8 mode 0
Event: 18.902 Thread 0x00000273e17f3ff0 DEOPT PACKING pc=0x000002738b1ebc02 sp=0x0000007a2cbfe840
Event: 18.902 Thread 0x00000273e17f3ff0 DEOPT UNPACKING pc=0x0000027391b04242 sp=0x0000007a2cbfdc90 mode 0
Event: 18.938 Thread 0x00000273e17f3ff0 DEOPT PACKING pc=0x000002738b0f5d74 sp=0x0000007a2cbfe810
Event: 18.938 Thread 0x00000273e17f3ff0 DEOPT UNPACKING pc=0x0000027391b04242 sp=0x0000007a2cbfdc88 mode 0
Event: 18.963 Thread 0x00000273e17f3ff0 DEOPT PACKING pc=0x000002738b23a614 sp=0x0000007a2cbfe720
Event: 18.963 Thread 0x00000273e17f3ff0 DEOPT UNPACKING pc=0x0000027391b04242 sp=0x0000007a2cbfdb78 mode 0
Event: 18.975 Thread 0x00000273e17f3ff0 DEOPT PACKING pc=0x000002738b0f5d74 sp=0x0000007a2cbfe6e0
Event: 18.975 Thread 0x00000273e17f3ff0 DEOPT UNPACKING pc=0x0000027391b04242 sp=0x0000007a2cbfdb58 mode 0
Event: 19.029 Thread 0x00000273e17f3ff0 DEOPT PACKING pc=0x000002738b0f5d74 sp=0x0000007a2cbfe6e0
Event: 19.029 Thread 0x00000273e17f3ff0 DEOPT UNPACKING pc=0x0000027391b04242 sp=0x0000007a2cbfdb58 mode 0
Event: 19.136 Thread 0x00000273e17f4d10 DEOPT PACKING pc=0x000002738afb0286 sp=0x0000007a2c7fd070
Event: 19.136 Thread 0x00000273e17f4d10 DEOPT UNPACKING pc=0x0000027391b04242 sp=0x0000007a2c7fc5f0 mode 0
Event: 19.266 Thread 0x00000273e17f4d10 DEOPT PACKING pc=0x000002738b4c9783 sp=0x0000007a2c7fcd70
Event: 19.266 Thread 0x00000273e17f4d10 DEOPT UNPACKING pc=0x0000027391b04242 sp=0x0000007a2c7fc2a8 mode 0

Classes loaded (20 events):
Event: 16.422 Loading class java/util/Vector$1
Event: 16.423 Loading class java/util/Vector$1 done
Event: 16.972 Loading class java/util/regex/Pattern$Caret
Event: 16.973 Loading class java/util/regex/Pattern$Caret done
Event: 17.318 Loading class java/util/stream/ReduceOps$4
Event: 17.318 Loading class java/util/WeakHashMap$KeyIterator
Event: 17.319 Loading class java/util/stream/ReduceOps$4 done
Event: 17.319 Loading class java/util/stream/ReduceOps$4ReducingSink
Event: 17.319 Loading class java/util/WeakHashMap$KeyIterator done
Event: 17.320 Loading class java/util/stream/ReduceOps$4ReducingSink done
Event: 17.322 Loading class java/nio/file/Files$2
Event: 17.322 Loading class java/nio/file/Files$2 done
Event: 17.465 Loading class java/util/concurrent/ArrayBlockingQueue
Event: 17.467 Loading class java/util/concurrent/ArrayBlockingQueue done
Event: 17.662 Loading class java/util/Hashtable$ValueCollection
Event: 17.662 Loading class java/util/Hashtable$ValueCollection done
Event: 17.667 Loading class java/util/concurrent/ConcurrentHashMap$KeySpliterator
Event: 17.667 Loading class java/util/concurrent/ConcurrentHashMap$KeySpliterator done
Event: 17.676 Loading class sun/nio/ch/ChannelOutputStream
Event: 17.676 Loading class sun/nio/ch/ChannelOutputStream done

Classes unloaded (7 events):
Event: 10.898 Thread 0x00000273822d4ba0 Unloading class 0x000002739f1ad400 'java/lang/invoke/LambdaForm$MH+0x000002739f1ad400'
Event: 10.898 Thread 0x00000273822d4ba0 Unloading class 0x000002739f1ad000 'java/lang/invoke/LambdaForm$MH+0x000002739f1ad000'
Event: 10.898 Thread 0x00000273822d4ba0 Unloading class 0x000002739f1acc00 'java/lang/invoke/LambdaForm$MH+0x000002739f1acc00'
Event: 10.898 Thread 0x00000273822d4ba0 Unloading class 0x000002739f1ac800 'java/lang/invoke/LambdaForm$MH+0x000002739f1ac800'
Event: 10.898 Thread 0x00000273822d4ba0 Unloading class 0x000002739f1ac400 'java/lang/invoke/LambdaForm$BMH+0x000002739f1ac400'
Event: 10.898 Thread 0x00000273822d4ba0 Unloading class 0x000002739f1ac000 'java/lang/invoke/LambdaForm$DMH+0x000002739f1ac000'
Event: 10.898 Thread 0x00000273822d4ba0 Unloading class 0x000002739f1aac00 'java/lang/invoke/LambdaForm$DMH+0x000002739f1aac00'

Classes redefined (0 events):
No events

Internal exceptions (20 events):
Event: 15.833 Thread 0x00000273e81b2540 Exception <a 'sun/nio/fs/WindowsException'{0x00000000d5ef6e60}> (0x00000000d5ef6e60) 
thrown [s\open\src\hotspot\share\prims\jni.cpp, line 520]
Event: 15.840 Thread 0x00000273e17f60c0 Exception <a 'java/lang/NoClassDefFoundError'{0x00000000d5f89a28}: com/google/inject/servlet/ServletModuleTargetVisitor> (0x00000000d5f89a28) 
thrown [s\open\src\hotspot\share\classfile\systemDictionary.cpp, line 302]
Event: 16.285 Thread 0x00000273e81af0c0 Exception <a 'java/lang/IncompatibleClassChangeError'{0x00000000d5fe9560}: Found class java.lang.Object, but interface was expected> (0x00000000d5fe9560) 
thrown [s\open\src\hotspot\share\interpreter\linkResolver.cpp, line 841]
Event: 16.410 Thread 0x00000273e17f3ff0 Implicit null exception at 0x00000273922fa0e9 to 0x00000273922fa2bc
Event: 17.313 Thread 0x00000273e6e1b430 Exception <a 'sun/nio/fs/WindowsException'{0x00000000d58d88b0}> (0x00000000d58d88b0) 
thrown [s\open\src\hotspot\share\prims\jni.cpp, line 520]
Event: 17.313 Thread 0x00000273e6e1b430 Exception <a 'sun/nio/fs/WindowsException'{0x00000000d596a198}> (0x00000000d596a198) 
thrown [s\open\src\hotspot\share\prims\jni.cpp, line 520]
Event: 17.322 Thread 0x00000273e6e1b430 Exception <a 'java/io/FileNotFoundException'{0x00000000d5aa32a8}> (0x00000000d5aa32a8) 
thrown [s\open\src\hotspot\share\prims\jni.cpp, line 520]
Event: 17.322 Thread 0x00000273e6e1b430 Exception <a 'java/io/FileNotFoundException'{0x00000000d5ad6460}> (0x00000000d5ad6460) 
thrown [s\open\src\hotspot\share\prims\jni.cpp, line 520]
Event: 17.323 Thread 0x00000273e6e1b430 Exception <a 'java/io/FileNotFoundException'{0x00000000d5ad71b8}> (0x00000000d5ad71b8) 
thrown [s\open\src\hotspot\share\prims\jni.cpp, line 520]
Event: 17.325 Thread 0x00000273e17f4d10 Exception <a 'java/lang/NoSuchMethodError'{0x00000000d5a9a940}: 'int java.lang.invoke.DirectMethodHandle$Holder.invokeSpecialIFC(java.lang.Object, java.lang.Object, java.lang.Object)'> (0x00000000d5a9a940) 
thrown [s\open\src\hotspot\share\interpreter\linkResolver.cpp, line 774]
Event: 17.606 Thread 0x00000273e81b3f80 Exception <a 'java/lang/NoSuchMethodError'{0x00000000d60b68b0}: 'void java.lang.invoke.DirectMethodHandle$Holder.invokeStatic(java.lang.Object, int, java.lang.Object)'> (0x00000000d60b68b0) 
thrown [s\open\src\hotspot\share\interpreter\linkResolver.cpp, line 774]
Event: 17.671 Thread 0x00000273e17f4d10 Exception <a 'java/lang/NoSuchMethodError'{0x00000000d577be70}: 'java.lang.Object java.lang.invoke.DirectMethodHandle$Holder.newInvokeSpecial(java.lang.Object, java.lang.Object, int, int, java.lang.Object)'> (0x00000000d577be70) 
thrown [s\open\src\hotspot\share\interpreter\linkResolver.cpp, line 774]
Event: 17.686 Thread 0x00000273e17f4d10 Exception <a 'sun/nio/fs/WindowsException'{0x00000000d58a7ba8}> (0x00000000d58a7ba8) 
thrown [s\open\src\hotspot\share\prims\jni.cpp, line 520]
Event: 17.688 Thread 0x00000273e81b2540 Exception <a 'sun/nio/fs/WindowsException'{0x00000000d5a40d38}> (0x00000000d5a40d38) 
thrown [s\open\src\hotspot\share\prims\jni.cpp, line 520]
Event: 17.689 Thread 0x00000273e81af750 Exception <a 'sun/nio/fs/WindowsException'{0x00000000d5a46a58}> (0x00000000d5a46a58) 
thrown [s\open\src\hotspot\share\prims\jni.cpp, line 520]
Event: 17.934 Thread 0x00000273e17f4d10 Exception <a 'sun/nio/fs/WindowsException'{0x00000000d57d9e20}> (0x00000000d57d9e20) 
thrown [s\open\src\hotspot\share\prims\jni.cpp, line 520]
Event: 17.934 Thread 0x00000273e17f4d10 Exception <a 'sun/nio/fs/WindowsException'{0x00000000d57da6c8}> (0x00000000d57da6c8) 
thrown [s\open\src\hotspot\share\prims\jni.cpp, line 520]
Event: 18.531 Thread 0x00000273e17f4d10 Exception <a 'java/lang/NoSuchMethodError'{0x00000000d5707c58}: 'void java.lang.invoke.DirectMethodHandle$Holder.invokeStatic(java.lang.Object, java.lang.Object, java.lang.Object, int)'> (0x00000000d5707c58) 
thrown [s\open\src\hotspot\share\interpreter\linkResolver.cpp, line 774]
Event: 18.546 Thread 0x00000273e17f4d10 Exception <a 'java/lang/NoSuchMethodError'{0x00000000d591fe90}: 'void java.lang.invoke.DirectMethodHandle$Holder.invokeVirtual(java.lang.Object, java.lang.Object, int)'> (0x00000000d591fe90) 
thrown [s\open\src\hotspot\share\interpreter\linkResolver.cpp, line 774]
Event: 18.546 Thread 0x00000273e17f4d10 Implicit null exception at 0x00000273922f8eff to 0x00000273922f9180

ZGC Phase Switch (0 events):
No events

VM Operations (20 events):
Event: 19.113 Executing VM operation: ParallelGCFailedAllocation (Allocation Failure) done
Event: 19.142 Executing VM operation: ParallelGCFailedAllocation (Allocation Failure)
Event: 19.144 Executing VM operation: ParallelGCFailedAllocation (Allocation Failure) done
Event: 19.174 Executing VM operation: ParallelGCFailedAllocation (Allocation Failure)
Event: 19.176 Executing VM operation: ParallelGCFailedAllocation (Allocation Failure) done
Event: 19.223 Executing VM operation: ParallelGCFailedAllocation (Allocation Failure)
Event: 19.227 Executing VM operation: ParallelGCFailedAllocation (Allocation Failure) done
Event: 19.252 Executing VM operation: ParallelGCFailedAllocation (Allocation Failure)
Event: 19.255 Executing VM operation: ParallelGCFailedAllocation (Allocation Failure) done
Event: 19.278 Executing VM operation: ParallelGCFailedAllocation (Allocation Failure)
Event: 19.280 Executing VM operation: ParallelGCFailedAllocation (Allocation Failure) done
Event: 19.312 Executing VM operation: ParallelGCFailedAllocation (Allocation Failure)
Event: 19.314 Executing VM operation: ParallelGCFailedAllocation (Allocation Failure) done
Event: 19.334 Executing VM operation: ParallelGCFailedAllocation (Allocation Failure)
Event: 19.336 Executing VM operation: ParallelGCFailedAllocation (Allocation Failure) done
Event: 19.364 Executing VM operation: ParallelGCFailedAllocation (Allocation Failure)
Event: 19.367 Executing VM operation: ParallelGCFailedAllocation (Allocation Failure) done
Event: 19.404 Executing VM operation: ParallelGCFailedAllocation (Allocation Failure)
Event: 19.407 Executing VM operation: ParallelGCFailedAllocation (Allocation Failure) done
Event: 19.434 Executing VM operation: ParallelGCFailedAllocation (Allocation Failure)

Memory protections (0 events):
No events

Nmethod flushes (20 events):
Event: 12.946 Thread 0x00000273822d4ba0 flushing  nmethod 0x000002738ac1ae10
Event: 12.946 Thread 0x00000273822d4ba0 flushing  nmethod 0x000002738ac1b210
Event: 12.946 Thread 0x00000273822d4ba0 flushing  nmethod 0x000002738ac1b690
Event: 12.946 Thread 0x00000273822d4ba0 flushing  nmethod 0x000002738ac1bb90
Event: 12.946 Thread 0x00000273822d4ba0 flushing  nmethod 0x000002738ac1d490
Event: 12.946 Thread 0x00000273822d4ba0 flushing  nmethod 0x000002738ac3df90
Event: 12.946 Thread 0x00000273822d4ba0 flushing  nmethod 0x000002738ac4b810
Event: 12.946 Thread 0x00000273822d4ba0 flushing  nmethod 0x000002738ac53f90
Event: 12.946 Thread 0x00000273822d4ba0 flushing  nmethod 0x000002738ac58790
Event: 12.946 Thread 0x00000273822d4ba0 flushing  nmethod 0x000002738ac5b610
Event: 12.946 Thread 0x00000273822d4ba0 flushing  nmethod 0x000002738aca8290
Event: 12.946 Thread 0x00000273822d4ba0 flushing  nmethod 0x000002738acae310
Event: 12.946 Thread 0x00000273822d4ba0 flushing  nmethod 0x000002738acc8b10
Event: 12.946 Thread 0x00000273822d4ba0 flushing  nmethod 0x000002738accb890
Event: 12.946 Thread 0x00000273822d4ba0 flushing  nmethod 0x000002738acf6b90
Event: 12.946 Thread 0x00000273822d4ba0 flushing  nmethod 0x000002738acf9010
Event: 12.946 Thread 0x00000273822d4ba0 flushing  nmethod 0x000002738acfa810
Event: 12.946 Thread 0x00000273822d4ba0 flushing  nmethod 0x000002738acfb210
Event: 12.946 Thread 0x00000273822d4ba0 flushing  nmethod 0x000002738acfc910
Event: 12.946 Thread 0x00000273822d4ba0 flushing  nmethod 0x000002738ad18c90

Events (20 events):
Event: 13.191 Thread 0x0000027382232680 Thread added: 0x00000273e6e1ce70
Event: 13.191 Thread 0x0000027382232680 Thread added: 0x00000273e6e1c150
Event: 13.191 Thread 0x0000027382232680 Thread added: 0x00000273e81afde0
Event: 13.192 Thread 0x0000027382232680 Thread added: 0x00000273e81b0470
Event: 13.193 Thread 0x0000027382232680 Thread added: 0x00000273e81ae3a0
Event: 13.193 Thread 0x0000027382232680 Thread added: 0x00000273e81b1190
Event: 13.193 Thread 0x0000027382232680 Thread added: 0x00000273e81b0b00
Event: 13.193 Thread 0x0000027382232680 Thread added: 0x00000273e81add10
Event: 13.193 Thread 0x0000027382232680 Thread added: 0x00000273e81b1820
Event: 13.279 Thread 0x0000027382232680 Thread added: 0x00000273e81b1eb0
Event: 14.115 Thread 0x0000027382232680 Thread added: 0x00000273e81aea30
Event: 14.116 Thread 0x0000027382232680 Thread added: 0x00000273e81af0c0
Event: 15.830 Thread 0x00000273e17f4d10 Thread added: 0x00000273e81b2540
Event: 15.832 Thread 0x00000273e81b2540 Thread added: 0x00000273e81b2bd0
Event: 15.834 Thread 0x00000273e81b2540 Thread added: 0x00000273e81af750
Event: 15.879 Thread 0x00000273e17f4d10 Thread added: 0x00000273e81b38f0
Event: 17.470 Thread 0x00000273e17f4d10 Thread added: 0x00000273e81b3f80
Event: 17.672 Thread 0x00000273e17f4d10 Thread added: 0x00000273e81b4610
Event: 17.702 Thread 0x00000273e17f4d10 Thread added: 0x00000273e81b4ca0
Event: 17.922 Thread 0x00000273e17f4d10 Thread added: 0x00000273e74c6c80


Dynamic libraries:
0x00007ff736810000 - 0x00007ff736820000 	C:\Program Files\Java\jdk-22\bin\java.exe
0x00007fff88fe0000 - 0x00007fff89247000 	C:\WINDOWS\SYSTEM32\ntdll.dll
0x00007fff875b0000 - 0x00007fff87679000 	C:\WINDOWS\System32\KERNEL32.DLL
0x00007fff86510000 - 0x00007fff86907000 	C:\WINDOWS\System32\KERNELBASE.dll
0x00007fff86280000 - 0x00007fff863cb000 	C:\WINDOWS\System32\ucrtbase.dll
0x00007fff78040000 - 0x00007fff78057000 	C:\Program Files\Java\jdk-22\bin\jli.dll
0x00007fff78170000 - 0x00007fff7818b000 	C:\Program Files\Java\jdk-22\bin\VCRUNTIME140.dll
0x00007fff88000000 - 0x00007fff881c6000 	C:\WINDOWS\System32\USER32.dll
0x00007fff6a770000 - 0x00007fff6aa02000 	C:\WINDOWS\WinSxS\amd64_microsoft.windows.common-controls_6595b64144ccf1df_6.0.26100.8457_none_3e0b2faee331e92d\COMCTL32.dll
0x00007fff86d30000 - 0x00007fff86d57000 	C:\WINDOWS\System32\win32u.dll
0x00007fff879e0000 - 0x00007fff87a89000 	C:\WINDOWS\System32\msvcrt.dll
0x00007fff879b0000 - 0x00007fff879db000 	C:\WINDOWS\System32\GDI32.dll
0x00007fff86b40000 - 0x00007fff86c6c000 	C:\WINDOWS\System32\gdi32full.dll
0x00007fff863d0000 - 0x00007fff86473000 	C:\WINDOWS\System32\msvcp_win.dll
0x00007fff87500000 - 0x00007fff87532000 	C:\WINDOWS\System32\IMM32.DLL
0x00007fff81220000 - 0x00007fff8122c000 	C:\Program Files\Java\jdk-22\bin\vcruntime140_1.dll
0x00007fff3ccf0000 - 0x00007fff3cd7e000 	C:\Program Files\Java\jdk-22\bin\msvcp140.dll
0x00007ffe96f70000 - 0x00007ffe97cb9000 	C:\Program Files\Java\jdk-22\bin\server\jvm.dll
0x00007fff88ee0000 - 0x00007fff88f96000 	C:\WINDOWS\System32\ADVAPI32.dll
0x00007fff88240000 - 0x00007fff882e7000 	C:\WINDOWS\System32\sechost.dll
0x00007fff88b90000 - 0x00007fff88ca8000 	C:\WINDOWS\System32\RPCRT4.dll
0x00007fff87680000 - 0x00007fff87700000 	C:\WINDOWS\System32\WS2_32.dll
0x00007fff85890000 - 0x00007fff858ee000 	C:\WINDOWS\SYSTEM32\POWRPROF.dll
0x00007fff7e700000 - 0x00007fff7e736000 	C:\WINDOWS\SYSTEM32\WINMM.dll
0x00007fff7e740000 - 0x00007fff7e74b000 	C:\WINDOWS\SYSTEM32\VERSION.dll
0x00007fff85850000 - 0x00007fff85864000 	C:\WINDOWS\SYSTEM32\UMPDC.dll
0x00007fff847a0000 - 0x00007fff847bb000 	C:\WINDOWS\SYSTEM32\kernel.appcore.dll
0x00007fff7e9d0000 - 0x00007fff7e9da000 	C:\Program Files\Java\jdk-22\bin\jimage.dll
0x00007fff79f60000 - 0x00007fff7a1a2000 	C:\WINDOWS\SYSTEM32\DBGHELP.DLL
0x00007fff87b70000 - 0x00007fff87ef3000 	C:\WINDOWS\System32\combase.dll
0x00007fff88aa0000 - 0x00007fff88b79000 	C:\WINDOWS\System32\OLEAUT32.dll
0x00007fff697f0000 - 0x00007fff6982b000 	C:\WINDOWS\SYSTEM32\dbgcore.DLL
0x00007fff86910000 - 0x00007fff869b8000 	C:\WINDOWS\System32\bcryptPrimitives.dll
0x00007fff79a10000 - 0x00007fff79a1f000 	C:\Program Files\Java\jdk-22\bin\instrument.dll
0x00007fff75380000 - 0x00007fff7539e000 	C:\Program Files\Java\jdk-22\bin\java.dll
0x00007fff88320000 - 0x00007fff88a8e000 	C:\WINDOWS\System32\SHELL32.dll
0x00007fff87710000 - 0x00007fff878a7000 	C:\WINDOWS\System32\ole32.dll
0x00007fff85a10000 - 0x00007fff8627c000 	C:\WINDOWS\System32\windows.storage.dll
0x00007fff87f00000 - 0x00007fff87ff6000 	C:\WINDOWS\System32\SHCORE.dll
0x00007fff87540000 - 0x00007fff875a6000 	C:\WINDOWS\System32\shlwapi.dll
0x00007fff85930000 - 0x00007fff85959000 	C:\WINDOWS\SYSTEM32\profapi.dll
0x00007fff33d00000 - 0x00007fff33dd7000 	C:\Program Files\Java\jdk-22\bin\jsvml.dll
0x00007fff752e0000 - 0x00007fff752f7000 	C:\Program Files\Java\jdk-22\bin\zip.dll
0x00007fff78140000 - 0x00007fff78150000 	C:\Program Files\Java\jdk-22\bin\net.dll
0x00007fff84d10000 - 0x00007fff84d7c000 	C:\WINDOWS\system32\mswsock.dll
0x00007fff6f0f0000 - 0x00007fff6f106000 	C:\Program Files\Java\jdk-22\bin\nio.dll
0x00007fff76d50000 - 0x00007fff76d60000 	C:\Program Files\Java\jdk-22\bin\verify.dll
0x00007fff54730000 - 0x00007fff54775000 	C:\Users\shrav\AppData\Roaming\Code\User\globalStorage\redhat.java\1.54.0\config_win\org.eclipse.equinox.launcher\org.eclipse.equinox.launcher.win32.win32.x86_64_1.3.0.v20260203-2149\eclipse_11919.dll
0x00007fff84ff0000 - 0x00007fff8500b000 	C:\WINDOWS\SYSTEM32\CRYPTSP.dll
0x00007fff84700000 - 0x00007fff84739000 	C:\WINDOWS\system32\rsaenh.dll
0x00007fff84dc0000 - 0x00007fff84df3000 	C:\WINDOWS\SYSTEM32\USERENV.dll
0x00007fff85900000 - 0x00007fff8592a000 	C:\WINDOWS\SYSTEM32\bcrypt.dll
0x00007fff85010000 - 0x00007fff8501c000 	C:\WINDOWS\SYSTEM32\CRYPTBASE.dll
0x00007fff841c0000 - 0x00007fff841f2000 	C:\WINDOWS\SYSTEM32\IPHLPAPI.DLL
0x00007fff88b80000 - 0x00007fff88b8a000 	C:\WINDOWS\System32\NSI.dll
0x00007fff0e520000 - 0x00007fff0e569000 	C:\Users\shrav\AppData\Local\Temp\jna-109415858\jna3653895757469590321.dll
0x00007fff882f0000 - 0x00007fff882f8000 	C:\WINDOWS\System32\PSAPI.DLL
0x00007fff5d470000 - 0x00007fff5d47a000 	C:\Program Files\Java\jdk-22\bin\management.dll
0x00007fff5caa0000 - 0x00007fff5caab000 	C:\Program Files\Java\jdk-22\bin\management_ext.dll
0x00007fff7ffc0000 - 0x00007fff800e9000 	C:\WINDOWS\SYSTEM32\winhttp.dll
0x00007fff80680000 - 0x00007fff8069d000 	C:\WINDOWS\SYSTEM32\dhcpcsvc6.DLL
0x00007fff80370000 - 0x00007fff80395000 	C:\WINDOWS\SYSTEM32\dhcpcsvc.DLL

dbghelp: loaded successfully - version: 4.0.5 - missing functions: none
symbol engine: initialized successfully - sym options: 0x614 - pdb path: .;C:\Program Files\Java\jdk-22\bin;C:\WINDOWS\SYSTEM32;C:\WINDOWS\WinSxS\amd64_microsoft.windows.common-controls_6595b64144ccf1df_6.0.26100.8457_none_3e0b2faee331e92d;C:\Program Files\Java\jdk-22\bin\server;C:\Users\shrav\AppData\Roaming\Code\User\globalStorage\redhat.java\1.54.0\config_win\org.eclipse.equinox.launcher\org.eclipse.equinox.launcher.win32.win32.x86_64_1.3.0.v20260203-2149;C:\Users\shrav\AppData\Local\Temp\jna-109415858

VM Arguments:
jvm_args: --add-modules=ALL-SYSTEM --add-opens=java.base/java.util=ALL-UNNAMED --add-opens=java.base/java.lang=ALL-UNNAMED --add-opens=java.base/sun.nio.fs=ALL-UNNAMED -Declipse.application=org.eclipse.jdt.ls.core.id1 -Dosgi.bundles.defaultStartLevel=4 -Declipse.product=org.eclipse.jdt.ls.core.product -Djava.import.generatesMetadataFilesAtProjectRoot=false -DDetectVMInstallationsJob.disabled=true -Dfile.encoding=utf8 -XX:+UseParallelGC -XX:GCTimeRatio=4 -XX:AdaptiveSizePolicyWeight=90 -Dsun.zip.disableMemoryMapping=true -Xmx2G -Xms100m -Xlog:disable -javaagent:c:\Users\shrav\.vscode\extensions\redhat.java-1.54.0-win32-x64\lombok\lombok-1.18.39-4050.jar -XX:+HeapDumpOnOutOfMemoryError -XX:HeapDumpPath=c:\Users\shrav\AppData\Roaming\Code\User\workspaceStorage\8c146ec206b80605d5f3eaebc9643368\redhat.java -Daether.dependencyCollector.impl=bf 
java_command: c:\Users\shrav\.vscode\extensions\redhat.java-1.54.0-win32-x64\server\plugins\org.eclipse.equinox.launcher_1.7.100.v20251111-0406.jar -configuration c:\Users\shrav\AppData\Roaming\Code\User\globalStorage\redhat.java\1.54.0\config_win -data c:\Users\shrav\AppData\Roaming\Code\User\workspaceStorage\8c146ec206b80605d5f3eaebc9643368\redhat.java\jdt_ws --pipe=\\.\pipe\lsp-d60803047863a8328b431b36f9cf7e20-sock
java_class_path (initial): c:\Users\shrav\.vscode\extensions\redhat.java-1.54.0-win32-x64\server\plugins\org.eclipse.equinox.launcher_1.7.100.v20251111-0406.jar
Launcher Type: SUN_STANDARD

[Global flags]
     uint AdaptiveSizePolicyWeight                 = 90                                        {product} {command line}
     intx CICompilerCount                          = 4                                         {product} {ergonomic}
     uint GCTimeRatio                              = 4                                         {product} {command line}
     bool HeapDumpOnOutOfMemoryError               = true                                   {manageable} {command line}
    ccstr HeapDumpPath                             = c:\Users\shrav\AppData\Roaming\Code\User\workspaceStorage\8c146ec206b80605d5f3eaebc9643368\redhat.java         {manageable} {command line}
   size_t InitialHeapSize                          = 104857600                                 {product} {command line}
   size_t MaxHeapSize                              = 2147483648                                {product} {command line}
   size_t MaxNewSize                               = 715653120                                 {product} {ergonomic}
   size_t MinHeapDeltaBytes                        = 524288                                    {product} {ergonomic}
   size_t MinHeapSize                              = 104857600                                 {product} {command line}
   size_t NewSize                                  = 34603008                                  {product} {ergonomic}
    uintx NonNMethodCodeHeapSize                   = 5839372                                {pd product} {ergonomic}
    uintx NonProfiledCodeHeapSize                  = 122909434                              {pd product} {ergonomic}
   size_t OldSize                                  = 70254592                                  {product} {ergonomic}
    uintx ProfiledCodeHeapSize                     = 122909434                              {pd product} {ergonomic}
    uintx ReservedCodeCacheSize                    = 251658240                              {pd product} {ergonomic}
     bool SegmentedCodeCache                       = true                                      {product} {ergonomic}
   size_t SoftMaxHeapSize                          = 2147483648                             {manageable} {ergonomic}
     bool UseCompressedOops                        = true                           {product lp64_product} {ergonomic}
     bool UseLargePagesIndividualAllocation        = false                                  {pd product} {ergonomic}
     bool UseParallelGC                            = true                                      {product} {command line}

Logging:
Log output configuration:
 #0: stdout all=off uptime,level,tags foldmultilines=false
 #1: stderr all=off uptime,level,tags foldmultilines=false

Environment Variables:
PATH=C:\oracle\product\21c\db_home1\bin;C:\Program Files\Common Files\Oracle\Java\javapath;C:\WINDOWS\system32;C:\WINDOWS;C:\WINDOWS\System32\Wbem;C:\WINDOWS\System32\WindowsPowerShell\v1.0\;C:\WINDOWS\System32\OpenSSH\;C:\MinGW\bin;C:\Program Files\Git\cmd;C:\Program Files\Git\mingw64\bin;C:\Program Files\Git\usr\bin;C:\Program Files\nodejs\;C:\Users\shrav\Downloads\mongodb-windows-x86_64-8.2.4-signed.msi;C:\Program Files\MongoDB\Server\8.2\bin;C:\Program Files\MySQL\MySQL Shell 8.0\bin\;C:\Users\shrav\AppData\Local\Programs\Python\Python310\Scripts\;C:\Users\shrav\AppData\Local\Programs\Python\Python310\;C:\Users\shrav\.local\bin;C:\Users\shrav\AppData\Local\Microsoft\WindowsApps;C:\Users\shrav\AppData\Local\Programs\Microsoft VS Code\bin;C:\Users\shrav\AppData\Local\GitHubDesktop\bin;C:\Users\shrav\AppData\Roaming\npm;C:\Program Files\mongosh\;C:\Users\shrav\AppData\Local\Python\bin;C:\Users\shrav\Downloads\python-3.10.8-amd64.exe
USERNAME=shrav
OS=Windows_NT
PROCESSOR_IDENTIFIER=AMD64 Family 25 Model 80 Stepping 0, AuthenticAMD
TMP=C:\Users\shrav\AppData\Local\Temp
TEMP=C:\Users\shrav\AppData\Local\Temp




Periodic native trim disabled

---------------  S Y S T E M  ---------------

OS:
 Windows 11 , 64 bit Build 26100 (10.0.26100.8328)
OS uptime: 0 days 12:29 hours
Hyper-V role detected

CPU: total 12 (initial active 12) (12 cores per cpu, 2 threads per core) family 25 model 80 stepping 0 microcode 0xa50000f, cx8, cmov, fxsr, ht, mmx, 3dnowpref, sse, sse2, sse3, ssse3, sse4a, sse4.1, sse4.2, popcnt, lzcnt, tsc, tscinvbit, avx, avx2, aes, erms, clmul, bmi1, bmi2, adx, sha, fma, vzeroupper, clflush, clflushopt, hv, rdtscp, rdpid, fsrm, f16c, cet_ss
Processor Information for all 12 processors :
  Max Mhz: 3301, Current Mhz: 1908, Mhz Limit: 3301

Memory: 4k page, system-wide physical 7518M (391M free)
TotalPageFile size 31070M (AvailPageFile size 58M)
current process WorkingSet (physical memory assigned to process): 345M, peak: 356M
current process commit charge ("private bytes"): 428M, peak: 429M

vm_info: Java HotSpot(TM) 64-Bit Server VM (22.0.2+9-70) for windows-amd64 JRE (22.0.2+9-70), built on 2024-06-04T16:52:23Z by "mach5one" with MS VC++ 17.6 (VS2022)

END.
